[2022-12-09 11:20:21,677] {taskinstance.py:1159} INFO - Dependencies all met for <TaskInstance: etl_solar.convert_to_csv.check_input_folder manual__2022-12-09T11:20:07.931997+00:00 [queued]>
[2022-12-09 11:20:21,730] {taskinstance.py:1159} INFO - Dependencies all met for <TaskInstance: etl_solar.convert_to_csv.check_input_folder manual__2022-12-09T11:20:07.931997+00:00 [queued]>
[2022-12-09 11:20:21,731] {taskinstance.py:1356} INFO - 
--------------------------------------------------------------------------------
[2022-12-09 11:20:21,732] {taskinstance.py:1357} INFO - Starting attempt 1 of 1
[2022-12-09 11:20:21,733] {taskinstance.py:1358} INFO - 
--------------------------------------------------------------------------------
[2022-12-09 11:20:21,823] {taskinstance.py:1377} INFO - Executing <Task(BashOperator): convert_to_csv.check_input_folder> on 2022-12-09 11:20:07.931997+00:00
[2022-12-09 11:20:21,839] {standard_task_runner.py:52} INFO - Started process 199 to run task
[2022-12-09 11:20:21,861] {standard_task_runner.py:79} INFO - Running: ['***', 'tasks', 'run', 'etl_solar', 'convert_to_csv.check_input_folder', 'manual__2022-12-09T11:20:07.931997+00:00', '--job-id', '41', '--raw', '--subdir', 'DAGS_FOLDER/dag_preprocess.py', '--cfg-path', '/tmp/tmp20ivw2ee', '--error-file', '/tmp/tmp33dvtobb']
[2022-12-09 11:20:21,868] {standard_task_runner.py:80} INFO - Job 41: Subtask convert_to_csv.check_input_folder
[2022-12-09 11:20:22,155] {task_command.py:369} INFO - Running <TaskInstance: etl_solar.convert_to_csv.check_input_folder manual__2022-12-09T11:20:07.931997+00:00 [running]> on host 4d9af2ba34e6
[2022-12-09 11:20:22,497] {taskinstance.py:1571} INFO - Exporting the following env vars:
AIRFLOW_CTX_DAG_OWNER=***
AIRFLOW_CTX_DAG_ID=etl_solar
AIRFLOW_CTX_TASK_ID=convert_to_csv.check_input_folder
AIRFLOW_CTX_EXECUTION_DATE=2022-12-09T11:20:07.931997+00:00
AIRFLOW_CTX_TRY_NUMBER=1
AIRFLOW_CTX_DAG_RUN_ID=manual__2022-12-09T11:20:07.931997+00:00
[2022-12-09 11:20:22,502] {subprocess.py:62} INFO - Tmp dir root location: 
 /tmp
[2022-12-09 11:20:22,505] {subprocess.py:74} INFO - Running command: ['bash', '-c', '/opt/***/utilities/make_folder.sh /opt/***/storage/input/2022-12-09']
[2022-12-09 11:20:22,538] {subprocess.py:85} INFO - Output:
[2022-12-09 11:20:22,598] {subprocess.py:96} INFO - Command exited with return code 0
[2022-12-09 11:20:22,726] {taskinstance.py:1400} INFO - Marking task as SUCCESS. dag_id=etl_solar, task_id=convert_to_csv.check_input_folder, execution_date=20221209T112007, start_date=20221209T112021, end_date=20221209T112022
[2022-12-09 11:20:22,794] {local_task_job.py:156} INFO - Task exited with return code 0
[2022-12-09 11:20:22,994] {local_task_job.py:273} INFO - 0 downstream tasks scheduled from follow-on schedule check
