[2022-12-09 11:20:25,377] {taskinstance.py:1159} INFO - Dependencies all met for <TaskInstance: etl_solar.convert_to_csv.extract_weather_info manual__2022-12-09T11:20:07.931997+00:00 [queued]>
[2022-12-09 11:20:25,426] {taskinstance.py:1159} INFO - Dependencies all met for <TaskInstance: etl_solar.convert_to_csv.extract_weather_info manual__2022-12-09T11:20:07.931997+00:00 [queued]>
[2022-12-09 11:20:25,428] {taskinstance.py:1356} INFO - 
--------------------------------------------------------------------------------
[2022-12-09 11:20:25,430] {taskinstance.py:1357} INFO - Starting attempt 1 of 1
[2022-12-09 11:20:25,431] {taskinstance.py:1358} INFO - 
--------------------------------------------------------------------------------
[2022-12-09 11:20:25,495] {taskinstance.py:1377} INFO - Executing <Task(PythonOperator): convert_to_csv.extract_weather_info> on 2022-12-09 11:20:07.931997+00:00
[2022-12-09 11:20:25,510] {standard_task_runner.py:52} INFO - Started process 207 to run task
[2022-12-09 11:20:25,523] {standard_task_runner.py:79} INFO - Running: ['***', 'tasks', 'run', 'etl_solar', 'convert_to_csv.extract_weather_info', 'manual__2022-12-09T11:20:07.931997+00:00', '--job-id', '42', '--raw', '--subdir', 'DAGS_FOLDER/dag_preprocess.py', '--cfg-path', '/tmp/tmp1tuzxzw_', '--error-file', '/tmp/tmpbd3_gwxx']
[2022-12-09 11:20:25,527] {standard_task_runner.py:80} INFO - Job 42: Subtask convert_to_csv.extract_weather_info
[2022-12-09 11:20:25,782] {task_command.py:369} INFO - Running <TaskInstance: etl_solar.convert_to_csv.extract_weather_info manual__2022-12-09T11:20:07.931997+00:00 [running]> on host 4d9af2ba34e6
[2022-12-09 11:20:26,146] {taskinstance.py:1571} INFO - Exporting the following env vars:
AIRFLOW_CTX_DAG_OWNER=***
AIRFLOW_CTX_DAG_ID=etl_solar
AIRFLOW_CTX_TASK_ID=convert_to_csv.extract_weather_info
AIRFLOW_CTX_EXECUTION_DATE=2022-12-09T11:20:07.931997+00:00
AIRFLOW_CTX_TRY_NUMBER=1
AIRFLOW_CTX_DAG_RUN_ID=manual__2022-12-09T11:20:07.931997+00:00
[2022-12-09 11:20:26,188] {base.py:68} INFO - Using connection ID 'mysql_solar' for task execution.
[2022-12-09 11:20:26,338] {python.py:173} INFO - Done. Returned value was: None
[2022-12-09 11:20:26,402] {taskinstance.py:1400} INFO - Marking task as SUCCESS. dag_id=etl_solar, task_id=convert_to_csv.extract_weather_info, execution_date=20221209T112007, start_date=20221209T112025, end_date=20221209T112026
[2022-12-09 11:20:26,506] {local_task_job.py:156} INFO - Task exited with return code 0
[2022-12-09 11:20:26,708] {local_task_job.py:273} INFO - 0 downstream tasks scheduled from follow-on schedule check
