[2022-12-11T08:10:56.408+0000] {taskinstance.py:1165} INFO - Dependencies all met for <TaskInstance: etl_solar.checkfiles.check_solar_table manual__2022-12-11T08:10:48.533274+00:00 [queued]>
[2022-12-11T08:10:56.486+0000] {taskinstance.py:1165} INFO - Dependencies all met for <TaskInstance: etl_solar.checkfiles.check_solar_table manual__2022-12-11T08:10:48.533274+00:00 [queued]>
[2022-12-11T08:10:56.489+0000] {taskinstance.py:1362} INFO - 
--------------------------------------------------------------------------------
[2022-12-11T08:10:56.491+0000] {taskinstance.py:1363} INFO - Starting attempt 1 of 1
[2022-12-11T08:10:56.492+0000] {taskinstance.py:1364} INFO - 
--------------------------------------------------------------------------------
[2022-12-11T08:10:56.589+0000] {taskinstance.py:1383} INFO - Executing <Task(MySqlOperator): checkfiles.check_solar_table> on 2022-12-11 08:10:48.533274+00:00
[2022-12-11T08:10:56.612+0000] {standard_task_runner.py:55} INFO - Started process 149 to run task
[2022-12-11T08:10:56.641+0000] {standard_task_runner.py:82} INFO - Running: ['***', 'tasks', 'run', 'etl_solar', 'checkfiles.check_solar_table', 'manual__2022-12-11T08:10:48.533274+00:00', '--job-id', '34', '--raw', '--subdir', 'DAGS_FOLDER/dag_preprocess.py', '--cfg-path', '/tmp/tmpl348hk4b']
[2022-12-11T08:10:56.653+0000] {standard_task_runner.py:83} INFO - Job 34: Subtask checkfiles.check_solar_table
[2022-12-11T08:10:57.352+0000] {task_command.py:376} INFO - Running <TaskInstance: etl_solar.checkfiles.check_solar_table manual__2022-12-11T08:10:48.533274+00:00 [running]> on host 01c108b234e9
[2022-12-11T08:10:58.291+0000] {taskinstance.py:1592} INFO - Exporting the following env vars:
AIRFLOW_CTX_DAG_OWNER=***
AIRFLOW_CTX_DAG_ID=etl_solar
AIRFLOW_CTX_TASK_ID=checkfiles.check_solar_table
AIRFLOW_CTX_EXECUTION_DATE=2022-12-11T08:10:48.533274+00:00
AIRFLOW_CTX_TRY_NUMBER=1
AIRFLOW_CTX_DAG_RUN_ID=manual__2022-12-11T08:10:48.533274+00:00
[2022-12-11T08:10:58.296+0000] {mysql.py:84} INFO - Executing: 


CREATE TABLE IF NOT EXISTS geography(
                locdate VARCHAR(40),
                location VARCHAR(40),
                updated_date CHAR(10),
                altitudeMeridian VARCHAR(13),
                altitude_09 VARCHAR(20),
                altitude_12 VARCHAR(20),
                altitude_15 VARCHAR(20),
                altitude_18 VARCHAR(20),
                azimuth_09 VARCHAR(20),
                azimuth_12 VARCHAR(20),
                azimuth_15 VARCHAR(20),
                azimuth_18 VARCHAR(20),
                primary key(locdate,location))
[2022-12-11T08:10:58.378+0000] {base.py:71} INFO - Using connection ID 'mysql_solar' for task execution.
[2022-12-11T08:10:58.506+0000] {sql.py:315} INFO - Running statement: 


CREATE TABLE IF NOT EXISTS geography(
                locdate VARCHAR(40),
                location VARCHAR(40),
                updated_date CHAR(10),
                altitudeMeridian VARCHAR(13),
                altitude_09 VARCHAR(20),
                altitude_12 VARCHAR(20),
                altitude_15 VARCHAR(20),
                altitude_18 VARCHAR(20),
                azimuth_09 VARCHAR(20),
                azimuth_12 VARCHAR(20),
                azimuth_15 VARCHAR(20),
                azimuth_18 VARCHAR(20),
                primary key(locdate,location)), parameters: None
[2022-12-11T08:10:58.535+0000] {sql.py:324} INFO - Rows affected: 0
[2022-12-11T08:10:58.620+0000] {taskinstance.py:1406} INFO - Marking task as SUCCESS. dag_id=etl_solar, task_id=checkfiles.check_solar_table, execution_date=20221211T081048, start_date=20221211T081056, end_date=20221211T081058
[2022-12-11T08:10:58.734+0000] {local_task_job.py:164} INFO - Task exited with return code 0
[2022-12-11T08:10:59.410+0000] {local_task_job.py:273} INFO - 0 downstream tasks scheduled from follow-on schedule check
