[2022-12-09 10:40:53,114] {taskinstance.py:1159} INFO - Dependencies all met for <TaskInstance: etl_solar.checkfiles.check_weather_table manual__2022-12-09T10:40:49.230234+00:00 [queued]>
[2022-12-09 10:40:53,163] {taskinstance.py:1159} INFO - Dependencies all met for <TaskInstance: etl_solar.checkfiles.check_weather_table manual__2022-12-09T10:40:49.230234+00:00 [queued]>
[2022-12-09 10:40:53,165] {taskinstance.py:1356} INFO - 
--------------------------------------------------------------------------------
[2022-12-09 10:40:53,167] {taskinstance.py:1357} INFO - Starting attempt 1 of 1
[2022-12-09 10:40:53,168] {taskinstance.py:1358} INFO - 
--------------------------------------------------------------------------------
[2022-12-09 10:40:53,235] {taskinstance.py:1377} INFO - Executing <Task(MySqlOperator): checkfiles.check_weather_table> on 2022-12-09 10:40:49.230234+00:00
[2022-12-09 10:40:53,253] {standard_task_runner.py:52} INFO - Started process 92 to run task
[2022-12-09 10:40:53,266] {standard_task_runner.py:79} INFO - Running: ['***', 'tasks', 'run', 'etl_solar', 'checkfiles.check_weather_table', 'manual__2022-12-09T10:40:49.230234+00:00', '--job-id', '12', '--raw', '--subdir', 'DAGS_FOLDER/dag_preprocess.py', '--cfg-path', '/tmp/tmpciqhcvof', '--error-file', '/tmp/tmpbk2xmol9']
[2022-12-09 10:40:53,270] {standard_task_runner.py:80} INFO - Job 12: Subtask checkfiles.check_weather_table
[2022-12-09 10:40:53,575] {task_command.py:369} INFO - Running <TaskInstance: etl_solar.checkfiles.check_weather_table manual__2022-12-09T10:40:49.230234+00:00 [running]> on host 4d9af2ba34e6
[2022-12-09 10:40:54,108] {taskinstance.py:1571} INFO - Exporting the following env vars:
AIRFLOW_CTX_DAG_OWNER=***
AIRFLOW_CTX_DAG_ID=etl_solar
AIRFLOW_CTX_TASK_ID=checkfiles.check_weather_table
AIRFLOW_CTX_EXECUTION_DATE=2022-12-09T10:40:49.230234+00:00
AIRFLOW_CTX_TRY_NUMBER=1
AIRFLOW_CTX_DAG_RUN_ID=manual__2022-12-09T10:40:49.230234+00:00
[2022-12-09 10:40:54,111] {mysql.py:82} INFO - Executing: CREATE TABLE IF NOT EXISTS weather_info(
                locdatetime VARCHAR(40),
                location VARCHAR(40),
                updated_date VARCHAR(13),
                temperature FLOAT,
                precipitation_form FLOAT,
                precipitation_prob FLOAT,
                humidity FLOAT,
                wind_speed FLOAT,
                wind_direction FLOAT,
                cloud FLOAT,
                primary key(locdatetime,location))
[2022-12-09 10:40:54,156] {base.py:68} INFO - Using connection ID 'mysql_solar' for task execution.
[2022-12-09 10:40:54,460] {dbapi.py:208} INFO - Running statement: CREATE TABLE IF NOT EXISTS weather_info(
                locdatetime VARCHAR(40),
                location VARCHAR(40),
                updated_date VARCHAR(13),
                temperature FLOAT,
                precipitation_form FLOAT,
                precipitation_prob FLOAT,
                humidity FLOAT,
                wind_speed FLOAT,
                wind_direction FLOAT,
                cloud FLOAT,
                primary key(locdatetime,location)), parameters: None
[2022-12-09 10:40:54,514] {dbapi.py:216} INFO - Rows affected: 0
[2022-12-09 10:40:54,603] {taskinstance.py:1400} INFO - Marking task as SUCCESS. dag_id=etl_solar, task_id=checkfiles.check_weather_table, execution_date=20221209T104049, start_date=20221209T104053, end_date=20221209T104054
[2022-12-09 10:40:54,700] {local_task_job.py:156} INFO - Task exited with return code 0
[2022-12-09 10:40:54,965] {local_task_job.py:273} INFO - 1 downstream tasks scheduled from follow-on schedule check
