[2022-12-09 11:20:29,852] {taskinstance.py:1159} INFO - Dependencies all met for <TaskInstance: etl_solar.check_load_status manual__2022-12-09T11:20:07.931997+00:00 [queued]>
[2022-12-09 11:20:29,906] {taskinstance.py:1159} INFO - Dependencies all met for <TaskInstance: etl_solar.check_load_status manual__2022-12-09T11:20:07.931997+00:00 [queued]>
[2022-12-09 11:20:29,908] {taskinstance.py:1356} INFO - 
--------------------------------------------------------------------------------
[2022-12-09 11:20:29,909] {taskinstance.py:1357} INFO - Starting attempt 1 of 1
[2022-12-09 11:20:29,910] {taskinstance.py:1358} INFO - 
--------------------------------------------------------------------------------
[2022-12-09 11:20:29,986] {taskinstance.py:1377} INFO - Executing <Task(BashOperator): check_load_status> on 2022-12-09 11:20:07.931997+00:00
[2022-12-09 11:20:30,006] {standard_task_runner.py:52} INFO - Started process 219 to run task
[2022-12-09 11:20:30,023] {standard_task_runner.py:79} INFO - Running: ['***', 'tasks', 'run', 'etl_solar', 'check_load_status', 'manual__2022-12-09T11:20:07.931997+00:00', '--job-id', '46', '--raw', '--subdir', 'DAGS_FOLDER/dag_preprocess.py', '--cfg-path', '/tmp/tmpy5w3kffz', '--error-file', '/tmp/tmp9kcw0rx6']
[2022-12-09 11:20:30,027] {standard_task_runner.py:80} INFO - Job 46: Subtask check_load_status
[2022-12-09 11:20:30,330] {task_command.py:369} INFO - Running <TaskInstance: etl_solar.check_load_status manual__2022-12-09T11:20:07.931997+00:00 [running]> on host 4d9af2ba34e6
[2022-12-09 11:20:31,190] {taskinstance.py:1571} INFO - Exporting the following env vars:
AIRFLOW_CTX_DAG_OWNER=***
AIRFLOW_CTX_DAG_ID=etl_solar
AIRFLOW_CTX_TASK_ID=check_load_status
AIRFLOW_CTX_EXECUTION_DATE=2022-12-09T11:20:07.931997+00:00
AIRFLOW_CTX_TRY_NUMBER=1
AIRFLOW_CTX_DAG_RUN_ID=manual__2022-12-09T11:20:07.931997+00:00
[2022-12-09 11:20:31,196] {subprocess.py:62} INFO - Tmp dir root location: 
 /tmp
[2022-12-09 11:20:31,199] {subprocess.py:74} INFO - Running command: ['bash', '-c', "echo 'success'"]
[2022-12-09 11:20:31,259] {subprocess.py:85} INFO - Output:
[2022-12-09 11:20:31,274] {subprocess.py:92} INFO - success
[2022-12-09 11:20:31,277] {subprocess.py:96} INFO - Command exited with return code 0
[2022-12-09 11:20:31,462] {taskinstance.py:1400} INFO - Marking task as SUCCESS. dag_id=etl_solar, task_id=check_load_status, execution_date=20221209T112007, start_date=20221209T112029, end_date=20221209T112031
[2022-12-09 11:20:31,590] {local_task_job.py:156} INFO - Task exited with return code 0
[2022-12-09 11:20:31,823] {local_task_job.py:273} INFO - 1 downstream tasks scheduled from follow-on schedule check
