[2022-12-11T07:42:48.730+0000] {taskinstance.py:1165} INFO - Dependencies all met for <TaskInstance: etl_solar.checkfiles.check_solar_table scheduled__2022-12-10T00:00:00+00:00 [queued]>
[2022-12-11T07:42:48.835+0000] {taskinstance.py:1165} INFO - Dependencies all met for <TaskInstance: etl_solar.checkfiles.check_solar_table scheduled__2022-12-10T00:00:00+00:00 [queued]>
[2022-12-11T07:42:48.845+0000] {taskinstance.py:1362} INFO - 
--------------------------------------------------------------------------------
[2022-12-11T07:42:48.847+0000] {taskinstance.py:1363} INFO - Starting attempt 1 of 1
[2022-12-11T07:42:48.848+0000] {taskinstance.py:1364} INFO - 
--------------------------------------------------------------------------------
[2022-12-11T07:42:49.056+0000] {taskinstance.py:1383} INFO - Executing <Task(MySqlOperator): checkfiles.check_solar_table> on 2022-12-10 00:00:00+00:00
[2022-12-11T07:42:49.095+0000] {standard_task_runner.py:55} INFO - Started process 70 to run task
[2022-12-11T07:42:49.140+0000] {standard_task_runner.py:82} INFO - Running: ['***', 'tasks', 'run', 'etl_solar', 'checkfiles.check_solar_table', 'scheduled__2022-12-10T00:00:00+00:00', '--job-id', '7', '--raw', '--subdir', 'DAGS_FOLDER/dag_preprocess.py', '--cfg-path', '/tmp/tmp8l3ip_jk']
[2022-12-11T07:42:49.179+0000] {standard_task_runner.py:83} INFO - Job 7: Subtask checkfiles.check_solar_table
[2022-12-11T07:42:49.306+0000] {warnings.py:110} WARNING - /home/***/.local/lib/python3.7/site-packages/***/configuration.py:545: DeprecationWarning: The sql_alchemy_conn option in [core] has been moved to the sql_alchemy_conn option in [database] - the old setting has been used, but please update your config.
  option = self._get_environment_variables(deprecated_key, deprecated_section, key, section)

[2022-12-11T07:42:50.048+0000] {task_command.py:376} INFO - Running <TaskInstance: etl_solar.checkfiles.check_solar_table scheduled__2022-12-10T00:00:00+00:00 [running]> on host 01c108b234e9
[2022-12-11T07:42:51.563+0000] {taskinstance.py:1592} INFO - Exporting the following env vars:
AIRFLOW_CTX_DAG_OWNER=***
AIRFLOW_CTX_DAG_ID=etl_solar
AIRFLOW_CTX_TASK_ID=checkfiles.check_solar_table
AIRFLOW_CTX_EXECUTION_DATE=2022-12-10T00:00:00+00:00
AIRFLOW_CTX_TRY_NUMBER=1
AIRFLOW_CTX_DAG_RUN_ID=scheduled__2022-12-10T00:00:00+00:00
[2022-12-11T07:42:51.566+0000] {mysql.py:84} INFO - Executing: 


CREATE TABLE IF NOT EXISTS geography(
                locdate VARCHAR(40),
                location VARCHAR(40),
                updated_date CHAR(10),
                altitudeMeridian VARCHAR(13),
                altitude_09 VARCHAR(20),
                altitude_12 VARCHAR(20),
                altitude_15 VARCHAR(20),
                altitude_18 VARCHAR(20),
                azimuth_09 VARCHAR(20),
                azimuth_12 VARCHAR(20),
                azimuth_15 VARCHAR(20),
                azimuth_18 VARCHAR(20),
                primary key(locdate,location))
[2022-12-11T07:42:51.938+0000] {taskinstance.py:1851} ERROR - Task failed with exception
Traceback (most recent call last):
  File "/home/airflow/.local/lib/python3.7/site-packages/airflow/providers/mysql/operators/mysql.py", line 86, in execute
    hook.run(self.sql, autocommit=self.autocommit, parameters=self.parameters)
  File "/home/airflow/.local/lib/python3.7/site-packages/airflow/providers/common/sql/hooks/sql.py", line 288, in run
    with closing(self.get_conn()) as conn:
  File "/home/airflow/.local/lib/python3.7/site-packages/airflow/providers/mysql/hooks/mysql.py", line 165, in get_conn
    conn = self.connection or self.get_connection(getattr(self, self.conn_name_attr))
  File "/home/airflow/.local/lib/python3.7/site-packages/airflow/hooks/base.py", line 70, in get_connection
    conn = Connection.get_connection_from_secrets(conn_id)
  File "/home/airflow/.local/lib/python3.7/site-packages/airflow/models/connection.py", line 432, in get_connection_from_secrets
    raise AirflowNotFoundException(f"The conn_id `{conn_id}` isn't defined")
airflow.exceptions.AirflowNotFoundException: The conn_id `mysql_solar` isn't defined
[2022-12-11T07:42:52.085+0000] {taskinstance.py:1406} INFO - Marking task as FAILED. dag_id=etl_solar, task_id=checkfiles.check_solar_table, execution_date=20221210T000000, start_date=20221211T074248, end_date=20221211T074252
[2022-12-11T07:42:52.429+0000] {standard_task_runner.py:105} ERROR - Failed to execute job 7 for task checkfiles.check_solar_table (The conn_id `mysql_solar` isn't defined; 70)
[2022-12-11T07:42:52.794+0000] {local_task_job.py:164} INFO - Task exited with return code 1
[2022-12-11T07:42:53.665+0000] {local_task_job.py:273} INFO - 0 downstream tasks scheduled from follow-on schedule check
[2022-12-11T07:44:45.953+0000] {taskinstance.py:1165} INFO - Dependencies all met for <TaskInstance: etl_solar.checkfiles.check_solar_table scheduled__2022-12-10T00:00:00+00:00 [queued]>
[2022-12-11T07:44:46.696+0000] {taskinstance.py:1165} INFO - Dependencies all met for <TaskInstance: etl_solar.checkfiles.check_solar_table scheduled__2022-12-10T00:00:00+00:00 [queued]>
[2022-12-11T07:44:46.714+0000] {taskinstance.py:1362} INFO - 
--------------------------------------------------------------------------------
[2022-12-11T07:44:46.716+0000] {taskinstance.py:1363} INFO - Starting attempt 1 of 1
[2022-12-11T07:44:46.717+0000] {taskinstance.py:1364} INFO - 
--------------------------------------------------------------------------------
[2022-12-11T07:44:47.401+0000] {taskinstance.py:1383} INFO - Executing <Task(MySqlOperator): checkfiles.check_solar_table> on 2022-12-10 00:00:00+00:00
[2022-12-11T07:44:47.461+0000] {standard_task_runner.py:55} INFO - Started process 95 to run task
[2022-12-11T07:44:47.554+0000] {standard_task_runner.py:82} INFO - Running: ['***', 'tasks', 'run', 'etl_solar', 'checkfiles.check_solar_table', 'scheduled__2022-12-10T00:00:00+00:00', '--job-id', '16', '--raw', '--subdir', 'DAGS_FOLDER/dag_preprocess.py', '--cfg-path', '/tmp/tmpqmcu6ehq']
[2022-12-11T07:44:47.604+0000] {standard_task_runner.py:83} INFO - Job 16: Subtask checkfiles.check_solar_table
[2022-12-11T07:44:47.983+0000] {warnings.py:110} WARNING - /home/***/.local/lib/python3.7/site-packages/***/configuration.py:545: DeprecationWarning: The sql_alchemy_conn option in [core] has been moved to the sql_alchemy_conn option in [database] - the old setting has been used, but please update your config.
  option = self._get_environment_variables(deprecated_key, deprecated_section, key, section)

[2022-12-11T07:44:48.723+0000] {task_command.py:376} INFO - Running <TaskInstance: etl_solar.checkfiles.check_solar_table scheduled__2022-12-10T00:00:00+00:00 [running]> on host 01c108b234e9
[2022-12-11T07:44:49.534+0000] {taskinstance.py:1592} INFO - Exporting the following env vars:
AIRFLOW_CTX_DAG_OWNER=***
AIRFLOW_CTX_DAG_ID=etl_solar
AIRFLOW_CTX_TASK_ID=checkfiles.check_solar_table
AIRFLOW_CTX_EXECUTION_DATE=2022-12-10T00:00:00+00:00
AIRFLOW_CTX_TRY_NUMBER=1
AIRFLOW_CTX_DAG_RUN_ID=scheduled__2022-12-10T00:00:00+00:00
[2022-12-11T07:44:49.537+0000] {mysql.py:84} INFO - Executing: 


CREATE TABLE IF NOT EXISTS geography(
                locdate VARCHAR(40),
                location VARCHAR(40),
                updated_date CHAR(10),
                altitudeMeridian VARCHAR(13),
                altitude_09 VARCHAR(20),
                altitude_12 VARCHAR(20),
                altitude_15 VARCHAR(20),
                altitude_18 VARCHAR(20),
                azimuth_09 VARCHAR(20),
                azimuth_12 VARCHAR(20),
                azimuth_15 VARCHAR(20),
                azimuth_18 VARCHAR(20),
                primary key(locdate,location))
[2022-12-11T07:44:49.654+0000] {taskinstance.py:1851} ERROR - Task failed with exception
Traceback (most recent call last):
  File "/home/airflow/.local/lib/python3.7/site-packages/airflow/providers/mysql/operators/mysql.py", line 86, in execute
    hook.run(self.sql, autocommit=self.autocommit, parameters=self.parameters)
  File "/home/airflow/.local/lib/python3.7/site-packages/airflow/providers/common/sql/hooks/sql.py", line 288, in run
    with closing(self.get_conn()) as conn:
  File "/home/airflow/.local/lib/python3.7/site-packages/airflow/providers/mysql/hooks/mysql.py", line 165, in get_conn
    conn = self.connection or self.get_connection(getattr(self, self.conn_name_attr))
  File "/home/airflow/.local/lib/python3.7/site-packages/airflow/hooks/base.py", line 70, in get_connection
    conn = Connection.get_connection_from_secrets(conn_id)
  File "/home/airflow/.local/lib/python3.7/site-packages/airflow/models/connection.py", line 432, in get_connection_from_secrets
    raise AirflowNotFoundException(f"The conn_id `{conn_id}` isn't defined")
airflow.exceptions.AirflowNotFoundException: The conn_id `mysql_solar` isn't defined
[2022-12-11T07:44:49.692+0000] {taskinstance.py:1406} INFO - Marking task as FAILED. dag_id=etl_solar, task_id=checkfiles.check_solar_table, execution_date=20221210T000000, start_date=20221211T074446, end_date=20221211T074449
[2022-12-11T07:44:49.826+0000] {standard_task_runner.py:105} ERROR - Failed to execute job 16 for task checkfiles.check_solar_table (The conn_id `mysql_solar` isn't defined; 95)
[2022-12-11T07:44:49.896+0000] {local_task_job.py:164} INFO - Task exited with return code 1
[2022-12-11T07:44:50.594+0000] {local_task_job.py:273} INFO - 0 downstream tasks scheduled from follow-on schedule check
[2022-12-11T08:08:57.740+0000] {taskinstance.py:1165} INFO - Dependencies all met for <TaskInstance: etl_solar.checkfiles.check_solar_table scheduled__2022-12-10T00:00:00+00:00 [queued]>
[2022-12-11T08:08:57.783+0000] {taskinstance.py:1165} INFO - Dependencies all met for <TaskInstance: etl_solar.checkfiles.check_solar_table scheduled__2022-12-10T00:00:00+00:00 [queued]>
[2022-12-11T08:08:57.785+0000] {taskinstance.py:1362} INFO - 
--------------------------------------------------------------------------------
[2022-12-11T08:08:57.786+0000] {taskinstance.py:1363} INFO - Starting attempt 1 of 1
[2022-12-11T08:08:57.788+0000] {taskinstance.py:1364} INFO - 
--------------------------------------------------------------------------------
[2022-12-11T08:08:57.858+0000] {taskinstance.py:1383} INFO - Executing <Task(MySqlOperator): checkfiles.check_solar_table> on 2022-12-10 00:00:00+00:00
[2022-12-11T08:08:57.872+0000] {standard_task_runner.py:55} INFO - Started process 132 to run task
[2022-12-11T08:08:57.885+0000] {standard_task_runner.py:82} INFO - Running: ['***', 'tasks', 'run', 'etl_solar', 'checkfiles.check_solar_table', 'scheduled__2022-12-10T00:00:00+00:00', '--job-id', '27', '--raw', '--subdir', 'DAGS_FOLDER/dag_preprocess.py', '--cfg-path', '/tmp/tmp3hylkg6w']
[2022-12-11T08:08:57.892+0000] {standard_task_runner.py:83} INFO - Job 27: Subtask checkfiles.check_solar_table
[2022-12-11T08:08:57.948+0000] {warnings.py:110} WARNING - /home/***/.local/lib/python3.7/site-packages/***/configuration.py:545: DeprecationWarning: The sql_alchemy_conn option in [core] has been moved to the sql_alchemy_conn option in [database] - the old setting has been used, but please update your config.
  option = self._get_environment_variables(deprecated_key, deprecated_section, key, section)

[2022-12-11T08:08:58.162+0000] {task_command.py:376} INFO - Running <TaskInstance: etl_solar.checkfiles.check_solar_table scheduled__2022-12-10T00:00:00+00:00 [running]> on host 01c108b234e9
[2022-12-11T08:08:58.505+0000] {taskinstance.py:1592} INFO - Exporting the following env vars:
AIRFLOW_CTX_DAG_OWNER=***
AIRFLOW_CTX_DAG_ID=etl_solar
AIRFLOW_CTX_TASK_ID=checkfiles.check_solar_table
AIRFLOW_CTX_EXECUTION_DATE=2022-12-10T00:00:00+00:00
AIRFLOW_CTX_TRY_NUMBER=1
AIRFLOW_CTX_DAG_RUN_ID=scheduled__2022-12-10T00:00:00+00:00
[2022-12-11T08:08:58.509+0000] {mysql.py:84} INFO - Executing: 


CREATE TABLE IF NOT EXISTS geography(
                locdate VARCHAR(40),
                location VARCHAR(40),
                updated_date CHAR(10),
                altitudeMeridian VARCHAR(13),
                altitude_09 VARCHAR(20),
                altitude_12 VARCHAR(20),
                altitude_15 VARCHAR(20),
                altitude_18 VARCHAR(20),
                azimuth_09 VARCHAR(20),
                azimuth_12 VARCHAR(20),
                azimuth_15 VARCHAR(20),
                azimuth_18 VARCHAR(20),
                primary key(locdate,location))
[2022-12-11T08:08:58.560+0000] {base.py:71} INFO - Using connection ID 'mysql_solar' for task execution.
[2022-12-11T08:08:58.596+0000] {taskinstance.py:1851} ERROR - Task failed with exception
Traceback (most recent call last):
  File "/home/airflow/.local/lib/python3.7/site-packages/airflow/providers/mysql/operators/mysql.py", line 86, in execute
    hook.run(self.sql, autocommit=self.autocommit, parameters=self.parameters)
  File "/home/airflow/.local/lib/python3.7/site-packages/airflow/providers/common/sql/hooks/sql.py", line 288, in run
    with closing(self.get_conn()) as conn:
  File "/home/airflow/.local/lib/python3.7/site-packages/airflow/providers/mysql/hooks/mysql.py", line 173, in get_conn
    return MySQLdb.connect(**conn_config)
  File "/home/airflow/.local/lib/python3.7/site-packages/MySQLdb/__init__.py", line 123, in Connect
    return Connection(*args, **kwargs)
  File "/home/airflow/.local/lib/python3.7/site-packages/MySQLdb/connections.py", line 185, in __init__
    super().__init__(*args, **kwargs2)
MySQLdb.OperationalError: (2003, "Can't connect to MySQL server on '127.0.0.1:3306' (111)")
[2022-12-11T08:08:58.631+0000] {taskinstance.py:1406} INFO - Marking task as FAILED. dag_id=etl_solar, task_id=checkfiles.check_solar_table, execution_date=20221210T000000, start_date=20221211T080857, end_date=20221211T080858
[2022-12-11T08:08:58.689+0000] {standard_task_runner.py:105} ERROR - Failed to execute job 27 for task checkfiles.check_solar_table ((2003, "Can't connect to MySQL server on '127.0.0.1:3306' (111)"); 132)
[2022-12-11T08:08:58.745+0000] {local_task_job.py:164} INFO - Task exited with return code 1
[2022-12-11T08:08:58.919+0000] {local_task_job.py:273} INFO - 0 downstream tasks scheduled from follow-on schedule check
