[2022-12-09 10:41:08,048] {taskinstance.py:1159} INFO - Dependencies all met for <TaskInstance: etl_solar.convert_to_csv.extract_weather_info manual__2022-12-09T10:40:49.230234+00:00 [queued]>
[2022-12-09 10:41:08,096] {taskinstance.py:1159} INFO - Dependencies all met for <TaskInstance: etl_solar.convert_to_csv.extract_weather_info manual__2022-12-09T10:40:49.230234+00:00 [queued]>
[2022-12-09 10:41:08,097] {taskinstance.py:1356} INFO - 
--------------------------------------------------------------------------------
[2022-12-09 10:41:08,099] {taskinstance.py:1357} INFO - Starting attempt 1 of 1
[2022-12-09 10:41:08,100] {taskinstance.py:1358} INFO - 
--------------------------------------------------------------------------------
[2022-12-09 10:41:08,168] {taskinstance.py:1377} INFO - Executing <Task(PythonOperator): convert_to_csv.extract_weather_info> on 2022-12-09 10:40:49.230234+00:00
[2022-12-09 10:41:08,181] {standard_task_runner.py:52} INFO - Started process 131 to run task
[2022-12-09 10:41:08,194] {standard_task_runner.py:79} INFO - Running: ['***', 'tasks', 'run', 'etl_solar', 'convert_to_csv.extract_weather_info', 'manual__2022-12-09T10:40:49.230234+00:00', '--job-id', '22', '--raw', '--subdir', 'DAGS_FOLDER/dag_preprocess.py', '--cfg-path', '/tmp/tmpe_ezvkcm', '--error-file', '/tmp/tmp_hc5snpl']
[2022-12-09 10:41:08,198] {standard_task_runner.py:80} INFO - Job 22: Subtask convert_to_csv.extract_weather_info
[2022-12-09 10:41:08,435] {task_command.py:369} INFO - Running <TaskInstance: etl_solar.convert_to_csv.extract_weather_info manual__2022-12-09T10:40:49.230234+00:00 [running]> on host 4d9af2ba34e6
[2022-12-09 10:41:08,791] {taskinstance.py:1571} INFO - Exporting the following env vars:
AIRFLOW_CTX_DAG_OWNER=***
AIRFLOW_CTX_DAG_ID=etl_solar
AIRFLOW_CTX_TASK_ID=convert_to_csv.extract_weather_info
AIRFLOW_CTX_EXECUTION_DATE=2022-12-09T10:40:49.230234+00:00
AIRFLOW_CTX_TRY_NUMBER=1
AIRFLOW_CTX_DAG_RUN_ID=manual__2022-12-09T10:40:49.230234+00:00
[2022-12-09 10:41:08,835] {base.py:68} INFO - Using connection ID 'mysql_solar' for task execution.
[2022-12-09 10:41:08,983] {python.py:173} INFO - Done. Returned value was: None
[2022-12-09 10:41:09,044] {taskinstance.py:1400} INFO - Marking task as SUCCESS. dag_id=etl_solar, task_id=convert_to_csv.extract_weather_info, execution_date=20221209T104049, start_date=20221209T104108, end_date=20221209T104109
[2022-12-09 10:41:09,132] {local_task_job.py:156} INFO - Task exited with return code 0
[2022-12-09 10:41:09,384] {local_task_job.py:273} INFO - 0 downstream tasks scheduled from follow-on schedule check
