[2022-11-22 05:29:36,790] {taskinstance.py:1159} INFO - Dependencies all met for <TaskInstance: etl_solar.weather_transform.check_output_folder manual__2022-11-22T05:29:06.698630+00:00 [queued]>
[2022-11-22 05:29:36,837] {taskinstance.py:1159} INFO - Dependencies all met for <TaskInstance: etl_solar.weather_transform.check_output_folder manual__2022-11-22T05:29:06.698630+00:00 [queued]>
[2022-11-22 05:29:36,839] {taskinstance.py:1356} INFO - 
--------------------------------------------------------------------------------
[2022-11-22 05:29:36,840] {taskinstance.py:1357} INFO - Starting attempt 1 of 1
[2022-11-22 05:29:36,841] {taskinstance.py:1358} INFO - 
--------------------------------------------------------------------------------
[2022-11-22 05:29:36,926] {taskinstance.py:1377} INFO - Executing <Task(BashOperator): weather_transform.check_output_folder> on 2022-11-22 05:29:06.698630+00:00
[2022-11-22 05:29:36,940] {standard_task_runner.py:52} INFO - Started process 563 to run task
[2022-11-22 05:29:36,953] {standard_task_runner.py:79} INFO - Running: ['***', 'tasks', 'run', 'etl_solar', 'weather_transform.check_output_folder', 'manual__2022-11-22T05:29:06.698630+00:00', '--job-id', '262', '--raw', '--subdir', 'DAGS_FOLDER/dag_preprocess.py', '--cfg-path', '/tmp/tmpuspyueqe', '--error-file', '/tmp/tmpxuflxtir']
[2022-11-22 05:29:36,958] {standard_task_runner.py:80} INFO - Job 262: Subtask weather_transform.check_output_folder
[2022-11-22 05:29:37,204] {task_command.py:369} INFO - Running <TaskInstance: etl_solar.weather_transform.check_output_folder manual__2022-11-22T05:29:06.698630+00:00 [running]> on host 8a647070b091
[2022-11-22 05:29:37,535] {taskinstance.py:1571} INFO - Exporting the following env vars:
AIRFLOW_CTX_DAG_OWNER=***
AIRFLOW_CTX_DAG_ID=etl_solar
AIRFLOW_CTX_TASK_ID=weather_transform.check_output_folder
AIRFLOW_CTX_EXECUTION_DATE=2022-11-22T05:29:06.698630+00:00
AIRFLOW_CTX_TRY_NUMBER=1
AIRFLOW_CTX_DAG_RUN_ID=manual__2022-11-22T05:29:06.698630+00:00
[2022-11-22 05:29:37,540] {subprocess.py:62} INFO - Tmp dir root location: 
 /tmp
[2022-11-22 05:29:37,543] {subprocess.py:74} INFO - Running command: ['bash', '-c', '/opt/***/utilities/make_folder.sh /opt/***/storage/output/2022-11-22']
[2022-11-22 05:29:37,575] {subprocess.py:85} INFO - Output:
[2022-11-22 05:29:37,630] {subprocess.py:96} INFO - Command exited with return code 0
[2022-11-22 05:29:37,773] {taskinstance.py:1400} INFO - Marking task as SUCCESS. dag_id=etl_solar, task_id=weather_transform.check_output_folder, execution_date=20221122T052906, start_date=20221122T052936, end_date=20221122T052937
[2022-11-22 05:29:37,892] {local_task_job.py:156} INFO - Task exited with return code 0
[2022-11-22 05:29:38,088] {local_task_job.py:273} INFO - 3 downstream tasks scheduled from follow-on schedule check
