[2022-11-22 05:11:42,247] {taskinstance.py:1159} INFO - Dependencies all met for <TaskInstance: etl_solar.checkfiles.check_energy_file_1 manual__2022-11-22T05:11:38.435826+00:00 [queued]>
[2022-11-22 05:11:42,292] {taskinstance.py:1159} INFO - Dependencies all met for <TaskInstance: etl_solar.checkfiles.check_energy_file_1 manual__2022-11-22T05:11:38.435826+00:00 [queued]>
[2022-11-22 05:11:42,293] {taskinstance.py:1356} INFO - 
--------------------------------------------------------------------------------
[2022-11-22 05:11:42,295] {taskinstance.py:1357} INFO - Starting attempt 1 of 1
[2022-11-22 05:11:42,296] {taskinstance.py:1358} INFO - 
--------------------------------------------------------------------------------
[2022-11-22 05:11:42,366] {taskinstance.py:1377} INFO - Executing <Task(BashOperator): checkfiles.check_energy_file_1> on 2022-11-22 05:11:38.435826+00:00
[2022-11-22 05:11:42,381] {standard_task_runner.py:52} INFO - Started process 497 to run task
[2022-11-22 05:11:42,396] {standard_task_runner.py:79} INFO - Running: ['***', 'tasks', 'run', 'etl_solar', 'checkfiles.check_energy_file_1', 'manual__2022-11-22T05:11:38.435826+00:00', '--job-id', '243', '--raw', '--subdir', 'DAGS_FOLDER/dag_preprocess.py', '--cfg-path', '/tmp/tmprfes96n1', '--error-file', '/tmp/tmp1fcean64']
[2022-11-22 05:11:42,401] {standard_task_runner.py:80} INFO - Job 243: Subtask checkfiles.check_energy_file_1
[2022-11-22 05:11:42,695] {task_command.py:369} INFO - Running <TaskInstance: etl_solar.checkfiles.check_energy_file_1 manual__2022-11-22T05:11:38.435826+00:00 [running]> on host 8a647070b091
[2022-11-22 05:11:43,171] {taskinstance.py:1571} INFO - Exporting the following env vars:
AIRFLOW_CTX_DAG_OWNER=***
AIRFLOW_CTX_DAG_ID=etl_solar
AIRFLOW_CTX_TASK_ID=checkfiles.check_energy_file_1
AIRFLOW_CTX_EXECUTION_DATE=2022-11-22T05:11:38.435826+00:00
AIRFLOW_CTX_TRY_NUMBER=1
AIRFLOW_CTX_DAG_RUN_ID=manual__2022-11-22T05:11:38.435826+00:00
[2022-11-22 05:11:43,176] {subprocess.py:62} INFO - Tmp dir root location: 
 /tmp
[2022-11-22 05:11:43,179] {subprocess.py:74} INFO - Running command: ['bash', '-c', '/opt/***/utilities/check_file.sh /opt/***/utilities/storage/energy_1.csv']
[2022-11-22 05:11:43,219] {subprocess.py:85} INFO - Output:
[2022-11-22 05:11:43,245] {subprocess.py:92} INFO - File /opt/***/utilities/storage/energy_1.csv does not exist
[2022-11-22 05:11:43,248] {subprocess.py:96} INFO - Command exited with return code 0
[2022-11-22 05:11:43,390] {taskinstance.py:1400} INFO - Marking task as SUCCESS. dag_id=etl_solar, task_id=checkfiles.check_energy_file_1, execution_date=20221122T051138, start_date=20221122T051142, end_date=20221122T051143
[2022-11-22 05:11:43,519] {local_task_job.py:156} INFO - Task exited with return code 0
[2022-11-22 05:11:43,902] {local_task_job.py:273} INFO - 0 downstream tasks scheduled from follow-on schedule check
