[2022-12-03 03:20:18,817] {taskinstance.py:1159} INFO - Dependencies all met for <TaskInstance: etl_solar.checkfiles.check_energy_file_1 scheduled__2022-12-02T00:00:00+00:00 [queued]>
[2022-12-03 03:20:19,117] {taskinstance.py:1159} INFO - Dependencies all met for <TaskInstance: etl_solar.checkfiles.check_energy_file_1 scheduled__2022-12-02T00:00:00+00:00 [queued]>
[2022-12-03 03:20:19,121] {taskinstance.py:1356} INFO - 
--------------------------------------------------------------------------------
[2022-12-03 03:20:19,126] {taskinstance.py:1357} INFO - Starting attempt 1 of 1
[2022-12-03 03:20:19,129] {taskinstance.py:1358} INFO - 
--------------------------------------------------------------------------------
[2022-12-03 03:20:19,645] {taskinstance.py:1377} INFO - Executing <Task(BashOperator): checkfiles.check_energy_file_1> on 2022-12-02 00:00:00+00:00
[2022-12-03 03:20:19,756] {standard_task_runner.py:52} INFO - Started process 75 to run task
[2022-12-03 03:20:19,759] {standard_task_runner.py:79} INFO - Running: ['***', 'tasks', 'run', 'etl_solar', 'checkfiles.check_energy_file_1', 'scheduled__2022-12-02T00:00:00+00:00', '--job-id', '291', '--raw', '--subdir', 'DAGS_FOLDER/dag_preprocess.py', '--cfg-path', '/tmp/tmpewjsp32d', '--error-file', '/tmp/tmppiui_510']
[2022-12-03 03:20:19,781] {standard_task_runner.py:80} INFO - Job 291: Subtask checkfiles.check_energy_file_1
[2022-12-03 03:20:19,962] {warnings.py:110} WARNING - /home/***/.local/lib/python3.7/site-packages/***/configuration.py:470: DeprecationWarning: The sql_alchemy_conn option in [core] has been moved to the sql_alchemy_conn option in [database] - the old setting has been used, but please update your config.
  option = self._get_environment_variables(deprecated_key, deprecated_section, key, section)

[2022-12-03 03:20:20,983] {task_command.py:369} INFO - Running <TaskInstance: etl_solar.checkfiles.check_energy_file_1 scheduled__2022-12-02T00:00:00+00:00 [running]> on host 8a647070b091
[2022-12-03 03:20:23,375] {taskinstance.py:1571} INFO - Exporting the following env vars:
AIRFLOW_CTX_DAG_OWNER=***
AIRFLOW_CTX_DAG_ID=etl_solar
AIRFLOW_CTX_TASK_ID=checkfiles.check_energy_file_1
AIRFLOW_CTX_EXECUTION_DATE=2022-12-02T00:00:00+00:00
AIRFLOW_CTX_TRY_NUMBER=1
AIRFLOW_CTX_DAG_RUN_ID=scheduled__2022-12-02T00:00:00+00:00
[2022-12-03 03:20:23,391] {subprocess.py:62} INFO - Tmp dir root location: 
 /tmp
[2022-12-03 03:20:23,406] {subprocess.py:74} INFO - Running command: ['bash', '-c', '/opt/***/utilities/check_file.sh /opt/***/utilities/storage/energy_1.csv']
[2022-12-03 03:20:23,665] {subprocess.py:85} INFO - Output:
[2022-12-03 03:20:23,774] {subprocess.py:92} INFO - File /opt/***/utilities/storage/energy_1.csv does not exist
[2022-12-03 03:20:23,804] {subprocess.py:96} INFO - Command exited with return code 0
[2022-12-03 03:20:25,799] {taskinstance.py:1400} INFO - Marking task as SUCCESS. dag_id=etl_solar, task_id=checkfiles.check_energy_file_1, execution_date=20221202T000000, start_date=20221203T032018, end_date=20221203T032025
[2022-12-03 03:20:26,074] {local_task_job.py:156} INFO - Task exited with return code 0
[2022-12-03 03:20:26,665] {local_task_job.py:273} INFO - 0 downstream tasks scheduled from follow-on schedule check
