[2022-11-22 05:06:22,427] {taskinstance.py:1159} INFO - Dependencies all met for <TaskInstance: etl_solar.check_input_status manual__2022-11-22T05:06:13.071295+00:00 [queued]>
[2022-11-22 05:06:22,472] {taskinstance.py:1159} INFO - Dependencies all met for <TaskInstance: etl_solar.check_input_status manual__2022-11-22T05:06:13.071295+00:00 [queued]>
[2022-11-22 05:06:22,473] {taskinstance.py:1356} INFO - 
--------------------------------------------------------------------------------
[2022-11-22 05:06:22,474] {taskinstance.py:1357} INFO - Starting attempt 1 of 1
[2022-11-22 05:06:22,475] {taskinstance.py:1358} INFO - 
--------------------------------------------------------------------------------
[2022-11-22 05:06:22,538] {taskinstance.py:1377} INFO - Executing <Task(BashOperator): check_input_status> on 2022-11-22 05:06:13.071295+00:00
[2022-11-22 05:06:22,556] {standard_task_runner.py:52} INFO - Started process 434 to run task
[2022-11-22 05:06:22,569] {standard_task_runner.py:79} INFO - Running: ['***', 'tasks', 'run', 'etl_solar', 'check_input_status', 'manual__2022-11-22T05:06:13.071295+00:00', '--job-id', '226', '--raw', '--subdir', 'DAGS_FOLDER/dag_preprocess.py', '--cfg-path', '/tmp/tmps5rr60k1', '--error-file', '/tmp/tmpfsy0o1_r']
[2022-11-22 05:06:22,573] {standard_task_runner.py:80} INFO - Job 226: Subtask check_input_status
[2022-11-22 05:06:22,804] {task_command.py:369} INFO - Running <TaskInstance: etl_solar.check_input_status manual__2022-11-22T05:06:13.071295+00:00 [running]> on host 8a647070b091
[2022-11-22 05:06:23,143] {taskinstance.py:1571} INFO - Exporting the following env vars:
AIRFLOW_CTX_DAG_OWNER=***
AIRFLOW_CTX_DAG_ID=etl_solar
AIRFLOW_CTX_TASK_ID=check_input_status
AIRFLOW_CTX_EXECUTION_DATE=2022-11-22T05:06:13.071295+00:00
AIRFLOW_CTX_TRY_NUMBER=1
AIRFLOW_CTX_DAG_RUN_ID=manual__2022-11-22T05:06:13.071295+00:00
[2022-11-22 05:06:23,147] {subprocess.py:62} INFO - Tmp dir root location: 
 /tmp
[2022-11-22 05:06:23,150] {subprocess.py:74} INFO - Running command: ['bash', '-c', "echo 'success'"]
[2022-11-22 05:06:23,182] {subprocess.py:85} INFO - Output:
[2022-11-22 05:06:23,188] {subprocess.py:92} INFO - success
[2022-11-22 05:06:23,190] {subprocess.py:96} INFO - Command exited with return code 0
[2022-11-22 05:06:23,322] {taskinstance.py:1400} INFO - Marking task as SUCCESS. dag_id=etl_solar, task_id=check_input_status, execution_date=20221122T050613, start_date=20221122T050622, end_date=20221122T050623
[2022-11-22 05:06:23,387] {local_task_job.py:156} INFO - Task exited with return code 0
[2022-11-22 05:06:23,601] {local_task_job.py:273} INFO - 0 downstream tasks scheduled from follow-on schedule check
