[2022-12-09 11:20:38,796] {taskinstance.py:1159} INFO - Dependencies all met for <TaskInstance: etl_solar.transform.preprocess_energy manual__2022-12-09T11:20:07.931997+00:00 [queued]>
[2022-12-09 11:20:38,846] {taskinstance.py:1159} INFO - Dependencies all met for <TaskInstance: etl_solar.transform.preprocess_energy manual__2022-12-09T11:20:07.931997+00:00 [queued]>
[2022-12-09 11:20:38,848] {taskinstance.py:1356} INFO - 
--------------------------------------------------------------------------------
[2022-12-09 11:20:38,849] {taskinstance.py:1357} INFO - Starting attempt 1 of 1
[2022-12-09 11:20:38,850] {taskinstance.py:1358} INFO - 
--------------------------------------------------------------------------------
[2022-12-09 11:20:38,922] {taskinstance.py:1377} INFO - Executing <Task(BashOperator): transform.preprocess_energy> on 2022-12-09 11:20:07.931997+00:00
[2022-12-09 11:20:38,937] {standard_task_runner.py:52} INFO - Started process 246 to run task
[2022-12-09 11:20:38,952] {standard_task_runner.py:79} INFO - Running: ['***', 'tasks', 'run', 'etl_solar', 'transform.preprocess_energy', 'manual__2022-12-09T11:20:07.931997+00:00', '--job-id', '53', '--raw', '--subdir', 'DAGS_FOLDER/dag_preprocess.py', '--cfg-path', '/tmp/tmpefnkqu2o', '--error-file', '/tmp/tmp6ydts79s']
[2022-12-09 11:20:38,956] {standard_task_runner.py:80} INFO - Job 53: Subtask transform.preprocess_energy
[2022-12-09 11:20:39,223] {task_command.py:369} INFO - Running <TaskInstance: etl_solar.transform.preprocess_energy manual__2022-12-09T11:20:07.931997+00:00 [running]> on host 4d9af2ba34e6
[2022-12-09 11:20:39,626] {taskinstance.py:1571} INFO - Exporting the following env vars:
AIRFLOW_CTX_DAG_OWNER=***
AIRFLOW_CTX_DAG_ID=etl_solar
AIRFLOW_CTX_TASK_ID=transform.preprocess_energy
AIRFLOW_CTX_EXECUTION_DATE=2022-12-09T11:20:07.931997+00:00
AIRFLOW_CTX_TRY_NUMBER=1
AIRFLOW_CTX_DAG_RUN_ID=manual__2022-12-09T11:20:07.931997+00:00
[2022-12-09 11:20:39,632] {subprocess.py:62} INFO - Tmp dir root location: 
 /tmp
[2022-12-09 11:20:39,636] {subprocess.py:74} INFO - Running command: ['bash', '-c', 'sleep 1 ']
[2022-12-09 11:20:39,692] {subprocess.py:85} INFO - Output:
[2022-12-09 11:20:40,699] {subprocess.py:96} INFO - Command exited with return code 0
[2022-12-09 11:20:40,859] {taskinstance.py:1400} INFO - Marking task as SUCCESS. dag_id=etl_solar, task_id=transform.preprocess_energy, execution_date=20221209T112007, start_date=20221209T112038, end_date=20221209T112040
[2022-12-09 11:20:40,944] {local_task_job.py:156} INFO - Task exited with return code 0
[2022-12-09 11:20:41,114] {local_task_job.py:273} INFO - 1 downstream tasks scheduled from follow-on schedule check
