[2022-12-09 11:20:43,795] {taskinstance.py:1159} INFO - Dependencies all met for <TaskInstance: etl_solar.check_transform_status manual__2022-12-09T11:20:07.931997+00:00 [queued]>
[2022-12-09 11:20:43,844] {taskinstance.py:1159} INFO - Dependencies all met for <TaskInstance: etl_solar.check_transform_status manual__2022-12-09T11:20:07.931997+00:00 [queued]>
[2022-12-09 11:20:43,845] {taskinstance.py:1356} INFO - 
--------------------------------------------------------------------------------
[2022-12-09 11:20:43,846] {taskinstance.py:1357} INFO - Starting attempt 1 of 1
[2022-12-09 11:20:43,847] {taskinstance.py:1358} INFO - 
--------------------------------------------------------------------------------
[2022-12-09 11:20:43,920] {taskinstance.py:1377} INFO - Executing <Task(BashOperator): check_transform_status> on 2022-12-09 11:20:07.931997+00:00
[2022-12-09 11:20:43,942] {standard_task_runner.py:52} INFO - Started process 258 to run task
[2022-12-09 11:20:43,955] {standard_task_runner.py:79} INFO - Running: ['***', 'tasks', 'run', 'etl_solar', 'check_transform_status', 'manual__2022-12-09T11:20:07.931997+00:00', '--job-id', '57', '--raw', '--subdir', 'DAGS_FOLDER/dag_preprocess.py', '--cfg-path', '/tmp/tmp59fijysv', '--error-file', '/tmp/tmps3t5ufa6']
[2022-12-09 11:20:43,959] {standard_task_runner.py:80} INFO - Job 57: Subtask check_transform_status
[2022-12-09 11:20:44,216] {task_command.py:369} INFO - Running <TaskInstance: etl_solar.check_transform_status manual__2022-12-09T11:20:07.931997+00:00 [running]> on host 4d9af2ba34e6
[2022-12-09 11:20:44,592] {taskinstance.py:1571} INFO - Exporting the following env vars:
AIRFLOW_CTX_DAG_OWNER=***
AIRFLOW_CTX_DAG_ID=etl_solar
AIRFLOW_CTX_TASK_ID=check_transform_status
AIRFLOW_CTX_EXECUTION_DATE=2022-12-09T11:20:07.931997+00:00
AIRFLOW_CTX_TRY_NUMBER=1
AIRFLOW_CTX_DAG_RUN_ID=manual__2022-12-09T11:20:07.931997+00:00
[2022-12-09 11:20:44,596] {subprocess.py:62} INFO - Tmp dir root location: 
 /tmp
[2022-12-09 11:20:44,599] {subprocess.py:74} INFO - Running command: ['bash', '-c', "echo 'success'"]
[2022-12-09 11:20:44,637] {subprocess.py:85} INFO - Output:
[2022-12-09 11:20:44,644] {subprocess.py:92} INFO - success
[2022-12-09 11:20:44,652] {subprocess.py:96} INFO - Command exited with return code 0
[2022-12-09 11:20:44,796] {taskinstance.py:1400} INFO - Marking task as SUCCESS. dag_id=etl_solar, task_id=check_transform_status, execution_date=20221209T112007, start_date=20221209T112043, end_date=20221209T112044
[2022-12-09 11:20:44,896] {local_task_job.py:156} INFO - Task exited with return code 0
[2022-12-09 11:20:45,037] {local_task_job.py:273} INFO - 0 downstream tasks scheduled from follow-on schedule check
