[2022-12-09 10:41:12,089] {taskinstance.py:1159} INFO - Dependencies all met for <TaskInstance: etl_solar.convert_to_csv.extract_geography_info scheduled__2022-12-08T00:00:00+00:00 [queued]>
[2022-12-09 10:41:12,139] {taskinstance.py:1159} INFO - Dependencies all met for <TaskInstance: etl_solar.convert_to_csv.extract_geography_info scheduled__2022-12-08T00:00:00+00:00 [queued]>
[2022-12-09 10:41:12,141] {taskinstance.py:1356} INFO - 
--------------------------------------------------------------------------------
[2022-12-09 10:41:12,142] {taskinstance.py:1357} INFO - Starting attempt 1 of 1
[2022-12-09 10:41:12,143] {taskinstance.py:1358} INFO - 
--------------------------------------------------------------------------------
[2022-12-09 10:41:12,238] {taskinstance.py:1377} INFO - Executing <Task(PythonOperator): convert_to_csv.extract_geography_info> on 2022-12-08 00:00:00+00:00
[2022-12-09 10:41:12,262] {standard_task_runner.py:52} INFO - Started process 142 to run task
[2022-12-09 10:41:12,278] {standard_task_runner.py:79} INFO - Running: ['***', 'tasks', 'run', 'etl_solar', 'convert_to_csv.extract_geography_info', 'scheduled__2022-12-08T00:00:00+00:00', '--job-id', '25', '--raw', '--subdir', 'DAGS_FOLDER/dag_preprocess.py', '--cfg-path', '/tmp/tmpzoyyfuc2', '--error-file', '/tmp/tmph9j7gv0d']
[2022-12-09 10:41:12,283] {standard_task_runner.py:80} INFO - Job 25: Subtask convert_to_csv.extract_geography_info
[2022-12-09 10:41:12,348] {warnings.py:110} WARNING - /home/***/.local/lib/python3.7/site-packages/***/configuration.py:470: DeprecationWarning: The sql_alchemy_conn option in [core] has been moved to the sql_alchemy_conn option in [database] - the old setting has been used, but please update your config.
  option = self._get_environment_variables(deprecated_key, deprecated_section, key, section)

[2022-12-09 10:41:12,563] {task_command.py:369} INFO - Running <TaskInstance: etl_solar.convert_to_csv.extract_geography_info scheduled__2022-12-08T00:00:00+00:00 [running]> on host 4d9af2ba34e6
[2022-12-09 10:41:12,961] {taskinstance.py:1571} INFO - Exporting the following env vars:
AIRFLOW_CTX_DAG_OWNER=***
AIRFLOW_CTX_DAG_ID=etl_solar
AIRFLOW_CTX_TASK_ID=convert_to_csv.extract_geography_info
AIRFLOW_CTX_EXECUTION_DATE=2022-12-08T00:00:00+00:00
AIRFLOW_CTX_TRY_NUMBER=1
AIRFLOW_CTX_DAG_RUN_ID=scheduled__2022-12-08T00:00:00+00:00
[2022-12-09 10:41:13,017] {base.py:68} INFO - Using connection ID 'mysql_solar' for task execution.
[2022-12-09 10:41:13,219] {python.py:173} INFO - Done. Returned value was: None
[2022-12-09 10:41:13,286] {taskinstance.py:1400} INFO - Marking task as SUCCESS. dag_id=etl_solar, task_id=convert_to_csv.extract_geography_info, execution_date=20221208T000000, start_date=20221209T104112, end_date=20221209T104113
[2022-12-09 10:41:13,361] {local_task_job.py:156} INFO - Task exited with return code 0
[2022-12-09 10:41:13,703] {local_task_job.py:273} INFO - 0 downstream tasks scheduled from follow-on schedule check
[2022-12-09 11:20:43,475] {taskinstance.py:1159} INFO - Dependencies all met for <TaskInstance: etl_solar.convert_to_csv.extract_geography_info scheduled__2022-12-08T00:00:00+00:00 [queued]>
[2022-12-09 11:20:43,519] {taskinstance.py:1159} INFO - Dependencies all met for <TaskInstance: etl_solar.convert_to_csv.extract_geography_info scheduled__2022-12-08T00:00:00+00:00 [queued]>
[2022-12-09 11:20:43,520] {taskinstance.py:1356} INFO - 
--------------------------------------------------------------------------------
[2022-12-09 11:20:43,522] {taskinstance.py:1357} INFO - Starting attempt 1 of 1
[2022-12-09 11:20:43,523] {taskinstance.py:1358} INFO - 
--------------------------------------------------------------------------------
[2022-12-09 11:20:43,586] {taskinstance.py:1377} INFO - Executing <Task(PythonOperator): convert_to_csv.extract_geography_info> on 2022-12-08 00:00:00+00:00
[2022-12-09 11:20:43,600] {standard_task_runner.py:52} INFO - Started process 257 to run task
[2022-12-09 11:20:43,616] {standard_task_runner.py:79} INFO - Running: ['***', 'tasks', 'run', 'etl_solar', 'convert_to_csv.extract_geography_info', 'scheduled__2022-12-08T00:00:00+00:00', '--job-id', '56', '--raw', '--subdir', 'DAGS_FOLDER/dag_preprocess.py', '--cfg-path', '/tmp/tmpjbmyjncq', '--error-file', '/tmp/tmpwiv15dnd']
[2022-12-09 11:20:43,622] {standard_task_runner.py:80} INFO - Job 56: Subtask convert_to_csv.extract_geography_info
[2022-12-09 11:20:43,682] {warnings.py:110} WARNING - /home/***/.local/lib/python3.7/site-packages/***/configuration.py:470: DeprecationWarning: The sql_alchemy_conn option in [core] has been moved to the sql_alchemy_conn option in [database] - the old setting has been used, but please update your config.
  option = self._get_environment_variables(deprecated_key, deprecated_section, key, section)

[2022-12-09 11:20:43,872] {task_command.py:369} INFO - Running <TaskInstance: etl_solar.convert_to_csv.extract_geography_info scheduled__2022-12-08T00:00:00+00:00 [running]> on host 4d9af2ba34e6
[2022-12-09 11:20:44,244] {taskinstance.py:1571} INFO - Exporting the following env vars:
AIRFLOW_CTX_DAG_OWNER=***
AIRFLOW_CTX_DAG_ID=etl_solar
AIRFLOW_CTX_TASK_ID=convert_to_csv.extract_geography_info
AIRFLOW_CTX_EXECUTION_DATE=2022-12-08T00:00:00+00:00
AIRFLOW_CTX_TRY_NUMBER=1
AIRFLOW_CTX_DAG_RUN_ID=scheduled__2022-12-08T00:00:00+00:00
[2022-12-09 11:20:44,288] {base.py:68} INFO - Using connection ID 'mysql_solar' for task execution.
[2022-12-09 11:20:44,446] {python.py:173} INFO - Done. Returned value was: None
[2022-12-09 11:20:44,669] {taskinstance.py:1400} INFO - Marking task as SUCCESS. dag_id=etl_solar, task_id=convert_to_csv.extract_geography_info, execution_date=20221208T000000, start_date=20221209T112043, end_date=20221209T112044
[2022-12-09 11:20:44,754] {local_task_job.py:156} INFO - Task exited with return code 0
[2022-12-09 11:20:44,965] {local_task_job.py:273} INFO - 1 downstream tasks scheduled from follow-on schedule check
