[2022-12-11T08:28:05.457+0000] {taskinstance.py:1165} INFO - Dependencies all met for <TaskInstance: etl_solar.transform.preprocess_energy manual__2022-12-11T08:27:12.513573+00:00 [queued]>
[2022-12-11T08:28:05.549+0000] {taskinstance.py:1165} INFO - Dependencies all met for <TaskInstance: etl_solar.transform.preprocess_energy manual__2022-12-11T08:27:12.513573+00:00 [queued]>
[2022-12-11T08:28:05.551+0000] {taskinstance.py:1362} INFO - 
--------------------------------------------------------------------------------
[2022-12-11T08:28:05.553+0000] {taskinstance.py:1363} INFO - Starting attempt 1 of 1
[2022-12-11T08:28:05.556+0000] {taskinstance.py:1364} INFO - 
--------------------------------------------------------------------------------
[2022-12-11T08:28:05.673+0000] {taskinstance.py:1383} INFO - Executing <Task(BashOperator): transform.preprocess_energy> on 2022-12-11 08:27:12.513573+00:00
[2022-12-11T08:28:05.698+0000] {standard_task_runner.py:55} INFO - Started process 514 to run task
[2022-12-11T08:28:05.718+0000] {standard_task_runner.py:82} INFO - Running: ['***', 'tasks', 'run', 'etl_solar', 'transform.preprocess_energy', 'manual__2022-12-11T08:27:12.513573+00:00', '--job-id', '132', '--raw', '--subdir', 'DAGS_FOLDER/dag_preprocess.py', '--cfg-path', '/tmp/tmpmfjedc01']
[2022-12-11T08:28:05.730+0000] {standard_task_runner.py:83} INFO - Job 132: Subtask transform.preprocess_energy
[2022-12-11T08:28:06.058+0000] {task_command.py:376} INFO - Running <TaskInstance: etl_solar.transform.preprocess_energy manual__2022-12-11T08:27:12.513573+00:00 [running]> on host 01c108b234e9
[2022-12-11T08:28:06.498+0000] {taskinstance.py:1592} INFO - Exporting the following env vars:
AIRFLOW_CTX_DAG_OWNER=***
AIRFLOW_CTX_DAG_ID=etl_solar
AIRFLOW_CTX_TASK_ID=transform.preprocess_energy
AIRFLOW_CTX_EXECUTION_DATE=2022-12-11T08:27:12.513573+00:00
AIRFLOW_CTX_TRY_NUMBER=1
AIRFLOW_CTX_DAG_RUN_ID=manual__2022-12-11T08:27:12.513573+00:00
[2022-12-11T08:28:06.506+0000] {subprocess.py:63} INFO - Tmp dir root location: 
 /tmp
[2022-12-11T08:28:06.509+0000] {subprocess.py:75} INFO - Running command: ['/bin/bash', '-c', 'sleep 1 ']
[2022-12-11T08:28:06.554+0000] {subprocess.py:86} INFO - Output:
[2022-12-11T08:28:07.572+0000] {subprocess.py:97} INFO - Command exited with return code 0
[2022-12-11T08:28:07.703+0000] {taskinstance.py:1406} INFO - Marking task as SUCCESS. dag_id=etl_solar, task_id=transform.preprocess_energy, execution_date=20221211T082712, start_date=20221211T082805, end_date=20221211T082807
[2022-12-11T08:28:07.799+0000] {local_task_job.py:164} INFO - Task exited with return code 0
[2022-12-11T08:28:07.965+0000] {local_task_job.py:273} INFO - 1 downstream tasks scheduled from follow-on schedule check
