[2022-11-22 05:11:59,917] {taskinstance.py:1159} INFO - Dependencies all met for <TaskInstance: etl_solar.weather_transform.check_output_folder manual__2022-11-22T05:11:38.435826+00:00 [queued]>
[2022-11-22 05:11:59,971] {taskinstance.py:1159} INFO - Dependencies all met for <TaskInstance: etl_solar.weather_transform.check_output_folder manual__2022-11-22T05:11:38.435826+00:00 [queued]>
[2022-11-22 05:11:59,972] {taskinstance.py:1356} INFO - 
--------------------------------------------------------------------------------
[2022-11-22 05:11:59,974] {taskinstance.py:1357} INFO - Starting attempt 1 of 1
[2022-11-22 05:11:59,975] {taskinstance.py:1358} INFO - 
--------------------------------------------------------------------------------
[2022-11-22 05:12:00,061] {taskinstance.py:1377} INFO - Executing <Task(BashOperator): weather_transform.check_output_folder> on 2022-11-22 05:11:38.435826+00:00
[2022-11-22 05:12:00,078] {standard_task_runner.py:52} INFO - Started process 519 to run task
[2022-11-22 05:12:00,096] {standard_task_runner.py:79} INFO - Running: ['***', 'tasks', 'run', 'etl_solar', 'weather_transform.check_output_folder', 'manual__2022-11-22T05:11:38.435826+00:00', '--job-id', '250', '--raw', '--subdir', 'DAGS_FOLDER/dag_preprocess.py', '--cfg-path', '/tmp/tmpas5ffjlt', '--error-file', '/tmp/tmpwrdhde3s']
[2022-11-22 05:12:00,101] {standard_task_runner.py:80} INFO - Job 250: Subtask weather_transform.check_output_folder
[2022-11-22 05:12:00,418] {task_command.py:369} INFO - Running <TaskInstance: etl_solar.weather_transform.check_output_folder manual__2022-11-22T05:11:38.435826+00:00 [running]> on host 8a647070b091
[2022-11-22 05:12:00,796] {taskinstance.py:1571} INFO - Exporting the following env vars:
AIRFLOW_CTX_DAG_OWNER=***
AIRFLOW_CTX_DAG_ID=etl_solar
AIRFLOW_CTX_TASK_ID=weather_transform.check_output_folder
AIRFLOW_CTX_EXECUTION_DATE=2022-11-22T05:11:38.435826+00:00
AIRFLOW_CTX_TRY_NUMBER=1
AIRFLOW_CTX_DAG_RUN_ID=manual__2022-11-22T05:11:38.435826+00:00
[2022-11-22 05:12:00,801] {subprocess.py:62} INFO - Tmp dir root location: 
 /tmp
[2022-11-22 05:12:00,803] {subprocess.py:74} INFO - Running command: ['bash', '-c', '/opt/***/utilities/make_folder.sh /opt/***/storage/output/2022-11-22']
[2022-11-22 05:12:00,835] {subprocess.py:85} INFO - Output:
[2022-11-22 05:12:00,888] {subprocess.py:96} INFO - Command exited with return code 0
[2022-11-22 05:12:01,013] {taskinstance.py:1400} INFO - Marking task as SUCCESS. dag_id=etl_solar, task_id=weather_transform.check_output_folder, execution_date=20221122T051138, start_date=20221122T051159, end_date=20221122T051201
[2022-11-22 05:12:01,109] {local_task_job.py:156} INFO - Task exited with return code 0
[2022-11-22 05:12:01,281] {local_task_job.py:273} INFO - 2 downstream tasks scheduled from follow-on schedule check
