[2022-11-22 04:59:51,147] {taskinstance.py:1159} INFO - Dependencies all met for <TaskInstance: etl_solar.weather_transform.preprocess_geography manual__2022-11-22T04:59:28.752525+00:00 [queued]>
[2022-11-22 04:59:51,205] {taskinstance.py:1159} INFO - Dependencies all met for <TaskInstance: etl_solar.weather_transform.preprocess_geography manual__2022-11-22T04:59:28.752525+00:00 [queued]>
[2022-11-22 04:59:51,207] {taskinstance.py:1356} INFO - 
--------------------------------------------------------------------------------
[2022-11-22 04:59:51,208] {taskinstance.py:1357} INFO - Starting attempt 1 of 1
[2022-11-22 04:59:51,209] {taskinstance.py:1358} INFO - 
--------------------------------------------------------------------------------
[2022-11-22 04:59:51,293] {taskinstance.py:1377} INFO - Executing <Task(PythonOperator): weather_transform.preprocess_geography> on 2022-11-22 04:59:28.752525+00:00
[2022-11-22 04:59:51,308] {standard_task_runner.py:52} INFO - Started process 347 to run task
[2022-11-22 04:59:51,325] {standard_task_runner.py:79} INFO - Running: ['***', 'tasks', 'run', 'etl_solar', 'weather_transform.preprocess_geography', 'manual__2022-11-22T04:59:28.752525+00:00', '--job-id', '201', '--raw', '--subdir', 'DAGS_FOLDER/dag_preprocess.py', '--cfg-path', '/tmp/tmpzph38bec', '--error-file', '/tmp/tmpgpqbj42v']
[2022-11-22 04:59:51,331] {standard_task_runner.py:80} INFO - Job 201: Subtask weather_transform.preprocess_geography
[2022-11-22 04:59:51,672] {task_command.py:369} INFO - Running <TaskInstance: etl_solar.weather_transform.preprocess_geography manual__2022-11-22T04:59:28.752525+00:00 [running]> on host 8a647070b091
[2022-11-22 04:59:52,105] {taskinstance.py:1571} INFO - Exporting the following env vars:
AIRFLOW_CTX_DAG_OWNER=***
AIRFLOW_CTX_DAG_ID=etl_solar
AIRFLOW_CTX_TASK_ID=weather_transform.preprocess_geography
AIRFLOW_CTX_EXECUTION_DATE=2022-11-22T04:59:28.752525+00:00
AIRFLOW_CTX_TRY_NUMBER=1
AIRFLOW_CTX_DAG_RUN_ID=manual__2022-11-22T04:59:28.752525+00:00
[2022-11-22 04:59:52,153] {taskinstance.py:1889} ERROR - Task failed with exception
Traceback (most recent call last):
  File "/home/airflow/.local/lib/python3.7/site-packages/airflow/operators/python.py", line 171, in execute
    return_value = self.execute_callable()
  File "/home/airflow/.local/lib/python3.7/site-packages/airflow/operators/python.py", line 189, in execute_callable
    return self.python_callable(*self.op_args, **self.op_kwargs)
  File "/opt/airflow/dags/preprocess/preprocess.py", line 75, in geography_preprocess
    df[col]=df[col].map(angle_to_float)
  File "/home/airflow/.local/lib/python3.7/site-packages/pandas/core/series.py", line 4161, in map
    new_values = super()._map_values(arg, na_action=na_action)
  File "/home/airflow/.local/lib/python3.7/site-packages/pandas/core/base.py", line 870, in _map_values
    new_values = map_f(values, mapper)
  File "pandas/_libs/lib.pyx", line 2859, in pandas._libs.lib.map_infer
  File "/opt/airflow/dags/preprocess/preprocess.py", line 62, in angle_to_float
    angle = angle.split('˚')
AttributeError: 'int' object has no attribute 'split'
[2022-11-22 04:59:52,215] {taskinstance.py:1400} INFO - Marking task as FAILED. dag_id=etl_solar, task_id=weather_transform.preprocess_geography, execution_date=20221122T045928, start_date=20221122T045951, end_date=20221122T045952
[2022-11-22 04:59:52,264] {standard_task_runner.py:97} ERROR - Failed to execute job 201 for task weather_transform.preprocess_geography ('int' object has no attribute 'split'; 347)
[2022-11-22 04:59:52,302] {local_task_job.py:156} INFO - Task exited with return code 1
[2022-11-22 04:59:52,452] {local_task_job.py:273} INFO - 0 downstream tasks scheduled from follow-on schedule check
