[2022-12-11T08:27:19.884+0000] {taskinstance.py:1165} INFO - Dependencies all met for <TaskInstance: etl_solar.checkfiles.check_weather_table manual__2022-12-11T08:27:12.513573+00:00 [queued]>
[2022-12-11T08:27:19.942+0000] {taskinstance.py:1165} INFO - Dependencies all met for <TaskInstance: etl_solar.checkfiles.check_weather_table manual__2022-12-11T08:27:12.513573+00:00 [queued]>
[2022-12-11T08:27:19.948+0000] {taskinstance.py:1362} INFO - 
--------------------------------------------------------------------------------
[2022-12-11T08:27:19.950+0000] {taskinstance.py:1363} INFO - Starting attempt 1 of 1
[2022-12-11T08:27:19.953+0000] {taskinstance.py:1364} INFO - 
--------------------------------------------------------------------------------
[2022-12-11T08:27:20.098+0000] {taskinstance.py:1383} INFO - Executing <Task(MySqlOperator): checkfiles.check_weather_table> on 2022-12-11 08:27:12.513573+00:00
[2022-12-11T08:27:20.136+0000] {standard_task_runner.py:55} INFO - Started process 443 to run task
[2022-12-11T08:27:20.167+0000] {standard_task_runner.py:82} INFO - Running: ['***', 'tasks', 'run', 'etl_solar', 'checkfiles.check_weather_table', 'manual__2022-12-11T08:27:12.513573+00:00', '--job-id', '112', '--raw', '--subdir', 'DAGS_FOLDER/dag_preprocess.py', '--cfg-path', '/tmp/tmpqu_hofbr']
[2022-12-11T08:27:20.177+0000] {standard_task_runner.py:83} INFO - Job 112: Subtask checkfiles.check_weather_table
[2022-12-11T08:27:20.528+0000] {task_command.py:376} INFO - Running <TaskInstance: etl_solar.checkfiles.check_weather_table manual__2022-12-11T08:27:12.513573+00:00 [running]> on host 01c108b234e9
[2022-12-11T08:27:21.009+0000] {taskinstance.py:1592} INFO - Exporting the following env vars:
AIRFLOW_CTX_DAG_OWNER=***
AIRFLOW_CTX_DAG_ID=etl_solar
AIRFLOW_CTX_TASK_ID=checkfiles.check_weather_table
AIRFLOW_CTX_EXECUTION_DATE=2022-12-11T08:27:12.513573+00:00
AIRFLOW_CTX_TRY_NUMBER=1
AIRFLOW_CTX_DAG_RUN_ID=manual__2022-12-11T08:27:12.513573+00:00
[2022-12-11T08:27:21.012+0000] {mysql.py:84} INFO - Executing: CREATE TABLE IF NOT EXISTS weather_info(
                locdatetime VARCHAR(40),
                location VARCHAR(40),
                updated_date VARCHAR(13),
                temperature FLOAT,
                precipitation_form FLOAT,
                precipitation_prob FLOAT,
                humidity FLOAT,
                wind_speed FLOAT,
                wind_direction FLOAT,
                cloud FLOAT,
                primary key(locdatetime,location))
[2022-12-11T08:27:21.053+0000] {base.py:71} INFO - Using connection ID 'mysql_solar' for task execution.
[2022-12-11T08:27:21.154+0000] {sql.py:315} INFO - Running statement: CREATE TABLE IF NOT EXISTS weather_info(
                locdatetime VARCHAR(40),
                location VARCHAR(40),
                updated_date VARCHAR(13),
                temperature FLOAT,
                precipitation_form FLOAT,
                precipitation_prob FLOAT,
                humidity FLOAT,
                wind_speed FLOAT,
                wind_direction FLOAT,
                cloud FLOAT,
                primary key(locdatetime,location)), parameters: None
[2022-12-11T08:27:21.172+0000] {sql.py:324} INFO - Rows affected: 0
[2022-12-11T08:27:21.240+0000] {taskinstance.py:1406} INFO - Marking task as SUCCESS. dag_id=etl_solar, task_id=checkfiles.check_weather_table, execution_date=20221211T082712, start_date=20221211T082719, end_date=20221211T082721
[2022-12-11T08:27:21.311+0000] {local_task_job.py:164} INFO - Task exited with return code 0
[2022-12-11T08:27:21.510+0000] {local_task_job.py:273} INFO - 1 downstream tasks scheduled from follow-on schedule check
