[2022-12-11T08:28:09.575+0000] {taskinstance.py:1165} INFO - Dependencies all met for <TaskInstance: etl_solar.check_storage_status manual__2022-12-11T08:26:43.312404+00:00 [queued]>
[2022-12-11T08:28:09.629+0000] {taskinstance.py:1165} INFO - Dependencies all met for <TaskInstance: etl_solar.check_storage_status manual__2022-12-11T08:26:43.312404+00:00 [queued]>
[2022-12-11T08:28:09.630+0000] {taskinstance.py:1362} INFO - 
--------------------------------------------------------------------------------
[2022-12-11T08:28:09.632+0000] {taskinstance.py:1363} INFO - Starting attempt 1 of 1
[2022-12-11T08:28:09.633+0000] {taskinstance.py:1364} INFO - 
--------------------------------------------------------------------------------
[2022-12-11T08:28:09.725+0000] {taskinstance.py:1383} INFO - Executing <Task(BashOperator): check_storage_status> on 2022-12-11 08:26:43.312404+00:00
[2022-12-11T08:28:09.740+0000] {standard_task_runner.py:55} INFO - Started process 520 to run task
[2022-12-11T08:28:09.753+0000] {standard_task_runner.py:82} INFO - Running: ['***', 'tasks', 'run', 'etl_solar', 'check_storage_status', 'manual__2022-12-11T08:26:43.312404+00:00', '--job-id', '134', '--raw', '--subdir', 'DAGS_FOLDER/dag_preprocess.py', '--cfg-path', '/tmp/tmpgl54gqbq']
[2022-12-11T08:28:09.761+0000] {standard_task_runner.py:83} INFO - Job 134: Subtask check_storage_status
[2022-12-11T08:28:10.042+0000] {task_command.py:376} INFO - Running <TaskInstance: etl_solar.check_storage_status manual__2022-12-11T08:26:43.312404+00:00 [running]> on host 01c108b234e9
[2022-12-11T08:28:10.399+0000] {taskinstance.py:1592} INFO - Exporting the following env vars:
AIRFLOW_CTX_DAG_OWNER=***
AIRFLOW_CTX_DAG_ID=etl_solar
AIRFLOW_CTX_TASK_ID=check_storage_status
AIRFLOW_CTX_EXECUTION_DATE=2022-12-11T08:26:43.312404+00:00
AIRFLOW_CTX_TRY_NUMBER=1
AIRFLOW_CTX_DAG_RUN_ID=manual__2022-12-11T08:26:43.312404+00:00
[2022-12-11T08:28:10.405+0000] {subprocess.py:63} INFO - Tmp dir root location: 
 /tmp
[2022-12-11T08:28:10.408+0000] {subprocess.py:75} INFO - Running command: ['/bin/bash', '-c', "echo 'success'"]
[2022-12-11T08:28:10.447+0000] {subprocess.py:86} INFO - Output:
[2022-12-11T08:28:10.455+0000] {subprocess.py:93} INFO - success
[2022-12-11T08:28:10.457+0000] {subprocess.py:97} INFO - Command exited with return code 0
[2022-12-11T08:28:10.601+0000] {taskinstance.py:1406} INFO - Marking task as SUCCESS. dag_id=etl_solar, task_id=check_storage_status, execution_date=20221211T082643, start_date=20221211T082809, end_date=20221211T082810
[2022-12-11T08:28:10.688+0000] {local_task_job.py:164} INFO - Task exited with return code 0
[2022-12-11T08:28:10.858+0000] {local_task_job.py:273} INFO - 0 downstream tasks scheduled from follow-on schedule check
