[2022-12-11T08:28:18.090+0000] {taskinstance.py:1165} INFO - Dependencies all met for <TaskInstance: etl_solar.storage.check_input_files manual__2022-12-11T08:27:12.513573+00:00 [queued]>
[2022-12-11T08:28:18.159+0000] {taskinstance.py:1165} INFO - Dependencies all met for <TaskInstance: etl_solar.storage.check_input_files manual__2022-12-11T08:27:12.513573+00:00 [queued]>
[2022-12-11T08:28:18.161+0000] {taskinstance.py:1362} INFO - 
--------------------------------------------------------------------------------
[2022-12-11T08:28:18.163+0000] {taskinstance.py:1363} INFO - Starting attempt 1 of 1
[2022-12-11T08:28:18.165+0000] {taskinstance.py:1364} INFO - 
--------------------------------------------------------------------------------
[2022-12-11T08:28:18.241+0000] {taskinstance.py:1383} INFO - Executing <Task(BashOperator): storage.check_input_files> on 2022-12-11 08:27:12.513573+00:00
[2022-12-11T08:28:18.258+0000] {standard_task_runner.py:55} INFO - Started process 526 to run task
[2022-12-11T08:28:18.272+0000] {standard_task_runner.py:82} INFO - Running: ['***', 'tasks', 'run', 'etl_solar', 'storage.check_input_files', 'manual__2022-12-11T08:27:12.513573+00:00', '--job-id', '136', '--raw', '--subdir', 'DAGS_FOLDER/dag_preprocess.py', '--cfg-path', '/tmp/tmpoic_56o2']
[2022-12-11T08:28:18.281+0000] {standard_task_runner.py:83} INFO - Job 136: Subtask storage.check_input_files
[2022-12-11T08:28:18.597+0000] {task_command.py:376} INFO - Running <TaskInstance: etl_solar.storage.check_input_files manual__2022-12-11T08:27:12.513573+00:00 [running]> on host 01c108b234e9
[2022-12-11T08:28:18.968+0000] {taskinstance.py:1592} INFO - Exporting the following env vars:
AIRFLOW_CTX_DAG_OWNER=***
AIRFLOW_CTX_DAG_ID=etl_solar
AIRFLOW_CTX_TASK_ID=storage.check_input_files
AIRFLOW_CTX_EXECUTION_DATE=2022-12-11T08:27:12.513573+00:00
AIRFLOW_CTX_TRY_NUMBER=1
AIRFLOW_CTX_DAG_RUN_ID=manual__2022-12-11T08:27:12.513573+00:00
[2022-12-11T08:28:18.975+0000] {subprocess.py:63} INFO - Tmp dir root location: 
 /tmp
[2022-12-11T08:28:18.978+0000] {subprocess.py:75} INFO - Running command: ['/bin/bash', '-c', '/opt/***/utilities/check_both_files.sh /opt/***/storage/output/2022-12-11/weather.csv /opt/***/storage/output/2022-12-11/geography.csv']
[2022-12-11T08:28:19.019+0000] {subprocess.py:86} INFO - Output:
[2022-12-11T08:28:19.065+0000] {subprocess.py:93} INFO - File /opt/***/storage/output/2022-12-11/weather.csv and /opt/***/storage/output/2022-12-11/geography.csv exists
[2022-12-11T08:28:19.068+0000] {subprocess.py:97} INFO - Command exited with return code 0
[2022-12-11T08:28:19.185+0000] {taskinstance.py:1406} INFO - Marking task as SUCCESS. dag_id=etl_solar, task_id=storage.check_input_files, execution_date=20221211T082712, start_date=20221211T082818, end_date=20221211T082819
[2022-12-11T08:28:19.251+0000] {local_task_job.py:164} INFO - Task exited with return code 0
[2022-12-11T08:28:19.393+0000] {local_task_job.py:273} INFO - 3 downstream tasks scheduled from follow-on schedule check
