[2022-12-11T08:20:30.658+0000] {taskinstance.py:1165} INFO - Dependencies all met for <TaskInstance: etl_solar.transform.check_output_folder manual__2022-12-11T08:19:50.358392+00:00 [queued]>
[2022-12-11T08:20:30.713+0000] {taskinstance.py:1165} INFO - Dependencies all met for <TaskInstance: etl_solar.transform.check_output_folder manual__2022-12-11T08:19:50.358392+00:00 [queued]>
[2022-12-11T08:20:30.715+0000] {taskinstance.py:1362} INFO - 
--------------------------------------------------------------------------------
[2022-12-11T08:20:30.717+0000] {taskinstance.py:1363} INFO - Starting attempt 1 of 1
[2022-12-11T08:20:30.718+0000] {taskinstance.py:1364} INFO - 
--------------------------------------------------------------------------------
[2022-12-11T08:20:30.795+0000] {taskinstance.py:1383} INFO - Executing <Task(BashOperator): transform.check_output_folder> on 2022-12-11 08:19:50.358392+00:00
[2022-12-11T08:20:30.809+0000] {standard_task_runner.py:55} INFO - Started process 305 to run task
[2022-12-11T08:20:30.823+0000] {standard_task_runner.py:82} INFO - Running: ['***', 'tasks', 'run', 'etl_solar', 'transform.check_output_folder', 'manual__2022-12-11T08:19:50.358392+00:00', '--job-id', '76', '--raw', '--subdir', 'DAGS_FOLDER/dag_preprocess.py', '--cfg-path', '/tmp/tmpjmisu7i7']
[2022-12-11T08:20:30.831+0000] {standard_task_runner.py:83} INFO - Job 76: Subtask transform.check_output_folder
[2022-12-11T08:20:31.147+0000] {task_command.py:376} INFO - Running <TaskInstance: etl_solar.transform.check_output_folder manual__2022-12-11T08:19:50.358392+00:00 [running]> on host 01c108b234e9
[2022-12-11T08:20:31.497+0000] {taskinstance.py:1592} INFO - Exporting the following env vars:
AIRFLOW_CTX_DAG_OWNER=***
AIRFLOW_CTX_DAG_ID=etl_solar
AIRFLOW_CTX_TASK_ID=transform.check_output_folder
AIRFLOW_CTX_EXECUTION_DATE=2022-12-11T08:19:50.358392+00:00
AIRFLOW_CTX_TRY_NUMBER=1
AIRFLOW_CTX_DAG_RUN_ID=manual__2022-12-11T08:19:50.358392+00:00
[2022-12-11T08:20:31.501+0000] {subprocess.py:63} INFO - Tmp dir root location: 
 /tmp
[2022-12-11T08:20:31.504+0000] {subprocess.py:75} INFO - Running command: ['/bin/bash', '-c', '/opt/***/utilities/make_folder.sh /opt/***/storage/output/2022-12-11']
[2022-12-11T08:20:31.538+0000] {subprocess.py:86} INFO - Output:
[2022-12-11T08:20:31.596+0000] {subprocess.py:97} INFO - Command exited with return code 0
[2022-12-11T08:20:31.737+0000] {taskinstance.py:1406} INFO - Marking task as SUCCESS. dag_id=etl_solar, task_id=transform.check_output_folder, execution_date=20221211T081950, start_date=20221211T082030, end_date=20221211T082031
[2022-12-11T08:20:31.839+0000] {local_task_job.py:164} INFO - Task exited with return code 0
[2022-12-11T08:20:32.023+0000] {local_task_job.py:273} INFO - 3 downstream tasks scheduled from follow-on schedule check
