[2022-12-09 10:41:16,845] {taskinstance.py:1159} INFO - Dependencies all met for <TaskInstance: etl_solar.check_load_status scheduled__2022-12-08T00:00:00+00:00 [queued]>
[2022-12-09 10:41:16,889] {taskinstance.py:1159} INFO - Dependencies all met for <TaskInstance: etl_solar.check_load_status scheduled__2022-12-08T00:00:00+00:00 [queued]>
[2022-12-09 10:41:16,891] {taskinstance.py:1356} INFO - 
--------------------------------------------------------------------------------
[2022-12-09 10:41:16,892] {taskinstance.py:1357} INFO - Starting attempt 1 of 1
[2022-12-09 10:41:16,894] {taskinstance.py:1358} INFO - 
--------------------------------------------------------------------------------
[2022-12-09 10:41:16,956] {taskinstance.py:1377} INFO - Executing <Task(BashOperator): check_load_status> on 2022-12-08 00:00:00+00:00
[2022-12-09 10:41:16,971] {standard_task_runner.py:52} INFO - Started process 152 to run task
[2022-12-09 10:41:16,983] {standard_task_runner.py:79} INFO - Running: ['***', 'tasks', 'run', 'etl_solar', 'check_load_status', 'scheduled__2022-12-08T00:00:00+00:00', '--job-id', '28', '--raw', '--subdir', 'DAGS_FOLDER/dag_preprocess.py', '--cfg-path', '/tmp/tmpqe2is053', '--error-file', '/tmp/tmpmdusp3he']
[2022-12-09 10:41:16,987] {standard_task_runner.py:80} INFO - Job 28: Subtask check_load_status
[2022-12-09 10:41:17,040] {warnings.py:110} WARNING - /home/***/.local/lib/python3.7/site-packages/***/configuration.py:470: DeprecationWarning: The sql_alchemy_conn option in [core] has been moved to the sql_alchemy_conn option in [database] - the old setting has been used, but please update your config.
  option = self._get_environment_variables(deprecated_key, deprecated_section, key, section)

[2022-12-09 10:41:17,211] {task_command.py:369} INFO - Running <TaskInstance: etl_solar.check_load_status scheduled__2022-12-08T00:00:00+00:00 [running]> on host 4d9af2ba34e6
[2022-12-09 10:41:17,579] {taskinstance.py:1571} INFO - Exporting the following env vars:
AIRFLOW_CTX_DAG_OWNER=***
AIRFLOW_CTX_DAG_ID=etl_solar
AIRFLOW_CTX_TASK_ID=check_load_status
AIRFLOW_CTX_EXECUTION_DATE=2022-12-08T00:00:00+00:00
AIRFLOW_CTX_TRY_NUMBER=1
AIRFLOW_CTX_DAG_RUN_ID=scheduled__2022-12-08T00:00:00+00:00
[2022-12-09 10:41:17,584] {subprocess.py:62} INFO - Tmp dir root location: 
 /tmp
[2022-12-09 10:41:17,589] {subprocess.py:74} INFO - Running command: ['bash', '-c', "echo 'success'"]
[2022-12-09 10:41:17,650] {subprocess.py:85} INFO - Output:
[2022-12-09 10:41:17,658] {subprocess.py:92} INFO - success
[2022-12-09 10:41:17,660] {subprocess.py:96} INFO - Command exited with return code 0
[2022-12-09 10:41:17,808] {taskinstance.py:1400} INFO - Marking task as SUCCESS. dag_id=etl_solar, task_id=check_load_status, execution_date=20221208T000000, start_date=20221209T104116, end_date=20221209T104117
[2022-12-09 10:41:17,884] {local_task_job.py:156} INFO - Task exited with return code 0
[2022-12-09 10:41:18,121] {local_task_job.py:273} INFO - 1 downstream tasks scheduled from follow-on schedule check
[2022-12-09 11:20:47,920] {taskinstance.py:1159} INFO - Dependencies all met for <TaskInstance: etl_solar.check_load_status scheduled__2022-12-08T00:00:00+00:00 [queued]>
[2022-12-09 11:20:47,967] {taskinstance.py:1159} INFO - Dependencies all met for <TaskInstance: etl_solar.check_load_status scheduled__2022-12-08T00:00:00+00:00 [queued]>
[2022-12-09 11:20:47,969] {taskinstance.py:1356} INFO - 
--------------------------------------------------------------------------------
[2022-12-09 11:20:47,970] {taskinstance.py:1357} INFO - Starting attempt 1 of 1
[2022-12-09 11:20:47,971] {taskinstance.py:1358} INFO - 
--------------------------------------------------------------------------------
[2022-12-09 11:20:48,035] {taskinstance.py:1377} INFO - Executing <Task(BashOperator): check_load_status> on 2022-12-08 00:00:00+00:00
[2022-12-09 11:20:48,049] {standard_task_runner.py:52} INFO - Started process 262 to run task
[2022-12-09 11:20:48,061] {standard_task_runner.py:79} INFO - Running: ['***', 'tasks', 'run', 'etl_solar', 'check_load_status', 'scheduled__2022-12-08T00:00:00+00:00', '--job-id', '58', '--raw', '--subdir', 'DAGS_FOLDER/dag_preprocess.py', '--cfg-path', '/tmp/tmphy27c2k3', '--error-file', '/tmp/tmp477u0wr9']
[2022-12-09 11:20:48,066] {standard_task_runner.py:80} INFO - Job 58: Subtask check_load_status
[2022-12-09 11:20:48,125] {warnings.py:110} WARNING - /home/***/.local/lib/python3.7/site-packages/***/configuration.py:470: DeprecationWarning: The sql_alchemy_conn option in [core] has been moved to the sql_alchemy_conn option in [database] - the old setting has been used, but please update your config.
  option = self._get_environment_variables(deprecated_key, deprecated_section, key, section)

[2022-12-09 11:20:48,339] {task_command.py:369} INFO - Running <TaskInstance: etl_solar.check_load_status scheduled__2022-12-08T00:00:00+00:00 [running]> on host 4d9af2ba34e6
[2022-12-09 11:20:48,686] {taskinstance.py:1571} INFO - Exporting the following env vars:
AIRFLOW_CTX_DAG_OWNER=***
AIRFLOW_CTX_DAG_ID=etl_solar
AIRFLOW_CTX_TASK_ID=check_load_status
AIRFLOW_CTX_EXECUTION_DATE=2022-12-08T00:00:00+00:00
AIRFLOW_CTX_TRY_NUMBER=1
AIRFLOW_CTX_DAG_RUN_ID=scheduled__2022-12-08T00:00:00+00:00
[2022-12-09 11:20:48,691] {subprocess.py:62} INFO - Tmp dir root location: 
 /tmp
[2022-12-09 11:20:48,693] {subprocess.py:74} INFO - Running command: ['bash', '-c', "echo 'success'"]
[2022-12-09 11:20:48,726] {subprocess.py:85} INFO - Output:
[2022-12-09 11:20:48,732] {subprocess.py:92} INFO - success
[2022-12-09 11:20:48,734] {subprocess.py:96} INFO - Command exited with return code 0
[2022-12-09 11:20:48,867] {taskinstance.py:1400} INFO - Marking task as SUCCESS. dag_id=etl_solar, task_id=check_load_status, execution_date=20221208T000000, start_date=20221209T112047, end_date=20221209T112048
[2022-12-09 11:20:48,961] {local_task_job.py:156} INFO - Task exited with return code 0
[2022-12-09 11:20:49,178] {local_task_job.py:273} INFO - 1 downstream tasks scheduled from follow-on schedule check
