[2022-12-03 03:20:19,179] {taskinstance.py:1159} INFO - Dependencies all met for <TaskInstance: etl_solar.checkfiles.check_energy_file_2 scheduled__2022-11-26T00:00:00+00:00 [queued]>
[2022-12-03 03:20:19,594] {taskinstance.py:1159} INFO - Dependencies all met for <TaskInstance: etl_solar.checkfiles.check_energy_file_2 scheduled__2022-11-26T00:00:00+00:00 [queued]>
[2022-12-03 03:20:19,598] {taskinstance.py:1356} INFO - 
--------------------------------------------------------------------------------
[2022-12-03 03:20:19,605] {taskinstance.py:1357} INFO - Starting attempt 1 of 1
[2022-12-03 03:20:19,624] {taskinstance.py:1358} INFO - 
--------------------------------------------------------------------------------
[2022-12-03 03:20:19,944] {taskinstance.py:1377} INFO - Executing <Task(BashOperator): checkfiles.check_energy_file_2> on 2022-11-26 00:00:00+00:00
[2022-12-03 03:20:20,041] {standard_task_runner.py:52} INFO - Started process 76 to run task
[2022-12-03 03:20:20,083] {standard_task_runner.py:79} INFO - Running: ['***', 'tasks', 'run', 'etl_solar', 'checkfiles.check_energy_file_2', 'scheduled__2022-11-26T00:00:00+00:00', '--job-id', '290', '--raw', '--subdir', 'DAGS_FOLDER/dag_preprocess.py', '--cfg-path', '/tmp/tmpvxf4ue92', '--error-file', '/tmp/tmpyc7hj73f']
[2022-12-03 03:20:20,129] {standard_task_runner.py:80} INFO - Job 290: Subtask checkfiles.check_energy_file_2
[2022-12-03 03:20:20,498] {warnings.py:110} WARNING - /home/***/.local/lib/python3.7/site-packages/***/configuration.py:470: DeprecationWarning: The sql_alchemy_conn option in [core] has been moved to the sql_alchemy_conn option in [database] - the old setting has been used, but please update your config.
  option = self._get_environment_variables(deprecated_key, deprecated_section, key, section)

[2022-12-03 03:20:22,017] {task_command.py:369} INFO - Running <TaskInstance: etl_solar.checkfiles.check_energy_file_2 scheduled__2022-11-26T00:00:00+00:00 [running]> on host 8a647070b091
[2022-12-03 03:20:25,072] {taskinstance.py:1571} INFO - Exporting the following env vars:
AIRFLOW_CTX_DAG_OWNER=***
AIRFLOW_CTX_DAG_ID=etl_solar
AIRFLOW_CTX_TASK_ID=checkfiles.check_energy_file_2
AIRFLOW_CTX_EXECUTION_DATE=2022-11-26T00:00:00+00:00
AIRFLOW_CTX_TRY_NUMBER=1
AIRFLOW_CTX_DAG_RUN_ID=scheduled__2022-11-26T00:00:00+00:00
[2022-12-03 03:20:25,091] {subprocess.py:62} INFO - Tmp dir root location: 
 /tmp
[2022-12-03 03:20:25,102] {subprocess.py:74} INFO - Running command: ['bash', '-c', '/opt/***/utilities/check_file.sh /opt/***/utilities/storage/energy_2.csv']
[2022-12-03 03:20:25,324] {subprocess.py:85} INFO - Output:
[2022-12-03 03:20:25,554] {subprocess.py:92} INFO - File /opt/***/utilities/storage/energy_2.csv does not exist
[2022-12-03 03:20:25,566] {subprocess.py:96} INFO - Command exited with return code 0
[2022-12-03 03:20:26,570] {taskinstance.py:1400} INFO - Marking task as SUCCESS. dag_id=etl_solar, task_id=checkfiles.check_energy_file_2, execution_date=20221126T000000, start_date=20221203T032019, end_date=20221203T032026
[2022-12-03 03:20:26,768] {local_task_job.py:156} INFO - Task exited with return code 0
[2022-12-03 03:20:27,115] {local_task_job.py:273} INFO - 0 downstream tasks scheduled from follow-on schedule check
