[2022-12-11T08:11:52.065+0000] {taskinstance.py:1165} INFO - Dependencies all met for <TaskInstance: etl_solar.storage.save_energy manual__2022-12-11T08:10:48.533274+00:00 [queued]>
[2022-12-11T08:11:52.119+0000] {taskinstance.py:1165} INFO - Dependencies all met for <TaskInstance: etl_solar.storage.save_energy manual__2022-12-11T08:10:48.533274+00:00 [queued]>
[2022-12-11T08:11:52.121+0000] {taskinstance.py:1362} INFO - 
--------------------------------------------------------------------------------
[2022-12-11T08:11:52.122+0000] {taskinstance.py:1363} INFO - Starting attempt 1 of 1
[2022-12-11T08:11:52.123+0000] {taskinstance.py:1364} INFO - 
--------------------------------------------------------------------------------
[2022-12-11T08:11:52.208+0000] {taskinstance.py:1383} INFO - Executing <Task(BashOperator): storage.save_energy> on 2022-12-11 08:10:48.533274+00:00
[2022-12-11T08:11:52.224+0000] {standard_task_runner.py:55} INFO - Started process 200 to run task
[2022-12-11T08:11:52.237+0000] {standard_task_runner.py:82} INFO - Running: ['***', 'tasks', 'run', 'etl_solar', 'storage.save_energy', 'manual__2022-12-11T08:10:48.533274+00:00', '--job-id', '47', '--raw', '--subdir', 'DAGS_FOLDER/dag_preprocess.py', '--cfg-path', '/tmp/tmpbnhpdnhs']
[2022-12-11T08:11:52.246+0000] {standard_task_runner.py:83} INFO - Job 47: Subtask storage.save_energy
[2022-12-11T08:11:52.508+0000] {task_command.py:376} INFO - Running <TaskInstance: etl_solar.storage.save_energy manual__2022-12-11T08:10:48.533274+00:00 [running]> on host 01c108b234e9
[2022-12-11T08:11:52.835+0000] {taskinstance.py:1592} INFO - Exporting the following env vars:
AIRFLOW_CTX_DAG_OWNER=***
AIRFLOW_CTX_DAG_ID=etl_solar
AIRFLOW_CTX_TASK_ID=storage.save_energy
AIRFLOW_CTX_EXECUTION_DATE=2022-12-11T08:10:48.533274+00:00
AIRFLOW_CTX_TRY_NUMBER=1
AIRFLOW_CTX_DAG_RUN_ID=manual__2022-12-11T08:10:48.533274+00:00
[2022-12-11T08:11:52.840+0000] {subprocess.py:63} INFO - Tmp dir root location: 
 /tmp
[2022-12-11T08:11:52.843+0000] {subprocess.py:75} INFO - Running command: ['/bin/bash', '-c', 'sleep 1 ']
[2022-12-11T08:11:52.880+0000] {subprocess.py:86} INFO - Output:
[2022-12-11T08:11:53.894+0000] {subprocess.py:97} INFO - Command exited with return code 0
[2022-12-11T08:11:54.003+0000] {taskinstance.py:1406} INFO - Marking task as SUCCESS. dag_id=etl_solar, task_id=storage.save_energy, execution_date=20221211T081048, start_date=20221211T081152, end_date=20221211T081154
[2022-12-11T08:11:54.099+0000] {local_task_job.py:164} INFO - Task exited with return code 0
[2022-12-11T08:11:54.193+0000] {local_task_job.py:273} INFO - 0 downstream tasks scheduled from follow-on schedule check
