[2022-11-20 11:31:14,443] {taskinstance.py:1159} INFO - Dependencies all met for <TaskInstance: etl_solar.checkfiles.check_energy_file_1 scheduled__2022-11-19T00:00:00+00:00 [queued]>
[2022-11-20 11:31:14,524] {taskinstance.py:1159} INFO - Dependencies all met for <TaskInstance: etl_solar.checkfiles.check_energy_file_1 scheduled__2022-11-19T00:00:00+00:00 [queued]>
[2022-11-20 11:31:14,525] {taskinstance.py:1356} INFO - 
--------------------------------------------------------------------------------
[2022-11-20 11:31:14,526] {taskinstance.py:1357} INFO - Starting attempt 1 of 1
[2022-11-20 11:31:14,530] {taskinstance.py:1358} INFO - 
--------------------------------------------------------------------------------
[2022-11-20 11:31:14,680] {taskinstance.py:1377} INFO - Executing <Task(BashOperator): checkfiles.check_energy_file_1> on 2022-11-19 00:00:00+00:00
[2022-11-20 11:31:14,697] {standard_task_runner.py:52} INFO - Started process 73 to run task
[2022-11-20 11:31:14,719] {standard_task_runner.py:79} INFO - Running: ['***', 'tasks', 'run', 'etl_solar', 'checkfiles.check_energy_file_1', 'scheduled__2022-11-19T00:00:00+00:00', '--job-id', '4', '--raw', '--subdir', 'DAGS_FOLDER/dag_preprocess.py', '--cfg-path', '/tmp/tmpulgva441', '--error-file', '/tmp/tmpczzwltm1']
[2022-11-20 11:31:14,726] {standard_task_runner.py:80} INFO - Job 4: Subtask checkfiles.check_energy_file_1
[2022-11-20 11:31:14,822] {warnings.py:110} WARNING - /home/***/.local/lib/python3.7/site-packages/***/configuration.py:470: DeprecationWarning: The sql_alchemy_conn option in [core] has been moved to the sql_alchemy_conn option in [database] - the old setting has been used, but please update your config.
  option = self._get_environment_variables(deprecated_key, deprecated_section, key, section)

[2022-11-20 11:31:15,252] {task_command.py:369} INFO - Running <TaskInstance: etl_solar.checkfiles.check_energy_file_1 scheduled__2022-11-19T00:00:00+00:00 [running]> on host 82103fd5e777
[2022-11-20 11:31:16,025] {taskinstance.py:1571} INFO - Exporting the following env vars:
AIRFLOW_CTX_DAG_OWNER=***
AIRFLOW_CTX_DAG_ID=etl_solar
AIRFLOW_CTX_TASK_ID=checkfiles.check_energy_file_1
AIRFLOW_CTX_EXECUTION_DATE=2022-11-19T00:00:00+00:00
AIRFLOW_CTX_TRY_NUMBER=1
AIRFLOW_CTX_DAG_RUN_ID=scheduled__2022-11-19T00:00:00+00:00
[2022-11-20 11:31:16,039] {subprocess.py:62} INFO - Tmp dir root location: 
 /tmp
[2022-11-20 11:31:16,044] {subprocess.py:74} INFO - Running command: ['bash', '-c', '/opt/***/bash_command/check_file.sh /opt/***/storage/***.csv']
[2022-11-20 11:31:16,111] {subprocess.py:85} INFO - Output:
[2022-11-20 11:31:16,187] {subprocess.py:92} INFO - File /opt/***/storage/***.csv exists
[2022-11-20 11:31:16,197] {subprocess.py:96} INFO - Command exited with return code 0
[2022-11-20 11:31:16,693] {taskinstance.py:1400} INFO - Marking task as SUCCESS. dag_id=etl_solar, task_id=checkfiles.check_energy_file_1, execution_date=20221119T000000, start_date=20221120T113114, end_date=20221120T113116
[2022-11-20 11:31:16,908] {local_task_job.py:156} INFO - Task exited with return code 0
[2022-11-20 11:31:17,527] {local_task_job.py:273} INFO - 0 downstream tasks scheduled from follow-on schedule check
[2022-11-20 11:39:06,118] {taskinstance.py:1159} INFO - Dependencies all met for <TaskInstance: etl_solar.checkfiles.check_energy_file_1 scheduled__2022-11-19T00:00:00+00:00 [queued]>
[2022-11-20 11:39:06,133] {taskinstance.py:1159} INFO - Dependencies all met for <TaskInstance: etl_solar.checkfiles.check_energy_file_1 scheduled__2022-11-19T00:00:00+00:00 [queued]>
[2022-11-20 11:39:06,133] {taskinstance.py:1356} INFO - 
--------------------------------------------------------------------------------
[2022-11-20 11:39:06,134] {taskinstance.py:1357} INFO - Starting attempt 1 of 1
[2022-11-20 11:39:06,134] {taskinstance.py:1358} INFO - 
--------------------------------------------------------------------------------
[2022-11-20 11:39:06,154] {taskinstance.py:1377} INFO - Executing <Task(BashOperator): checkfiles.check_energy_file_1> on 2022-11-19 00:00:00+00:00
[2022-11-20 11:39:06,159] {standard_task_runner.py:52} INFO - Started process 106 to run task
[2022-11-20 11:39:06,164] {standard_task_runner.py:79} INFO - Running: ['***', 'tasks', 'run', 'etl_solar', 'checkfiles.check_energy_file_1', 'scheduled__2022-11-19T00:00:00+00:00', '--job-id', '18', '--raw', '--subdir', 'DAGS_FOLDER/dag_preprocess.py', '--cfg-path', '/tmp/tmpxbdp5f98', '--error-file', '/tmp/tmp5ejb97hj']
[2022-11-20 11:39:06,165] {standard_task_runner.py:80} INFO - Job 18: Subtask checkfiles.check_energy_file_1
[2022-11-20 11:39:06,182] {warnings.py:110} WARNING - /home/***/.local/lib/python3.7/site-packages/***/configuration.py:470: DeprecationWarning: The sql_alchemy_conn option in [core] has been moved to the sql_alchemy_conn option in [database] - the old setting has been used, but please update your config.
  option = self._get_environment_variables(deprecated_key, deprecated_section, key, section)

[2022-11-20 11:39:06,243] {task_command.py:369} INFO - Running <TaskInstance: etl_solar.checkfiles.check_energy_file_1 scheduled__2022-11-19T00:00:00+00:00 [running]> on host 82103fd5e777
[2022-11-20 11:39:06,409] {taskinstance.py:1571} INFO - Exporting the following env vars:
AIRFLOW_CTX_DAG_OWNER=***
AIRFLOW_CTX_DAG_ID=etl_solar
AIRFLOW_CTX_TASK_ID=checkfiles.check_energy_file_1
AIRFLOW_CTX_EXECUTION_DATE=2022-11-19T00:00:00+00:00
AIRFLOW_CTX_TRY_NUMBER=1
AIRFLOW_CTX_DAG_RUN_ID=scheduled__2022-11-19T00:00:00+00:00
[2022-11-20 11:39:06,412] {subprocess.py:62} INFO - Tmp dir root location: 
 /tmp
[2022-11-20 11:39:06,415] {subprocess.py:74} INFO - Running command: ['bash', '-c', '/opt/***/bash_command/check_file.sh /opt/***/storage/***.csv']
[2022-11-20 11:39:06,441] {subprocess.py:85} INFO - Output:
[2022-11-20 11:39:06,466] {subprocess.py:92} INFO - File /opt/***/storage/***.csv exists
[2022-11-20 11:39:06,467] {subprocess.py:96} INFO - Command exited with return code 0
[2022-11-20 11:39:06,509] {taskinstance.py:1400} INFO - Marking task as SUCCESS. dag_id=etl_solar, task_id=checkfiles.check_energy_file_1, execution_date=20221119T000000, start_date=20221120T113906, end_date=20221120T113906
[2022-11-20 11:39:06,546] {local_task_job.py:156} INFO - Task exited with return code 0
[2022-11-20 11:39:06,596] {local_task_job.py:273} INFO - 0 downstream tasks scheduled from follow-on schedule check
[2022-11-20 11:44:43,555] {taskinstance.py:1159} INFO - Dependencies all met for <TaskInstance: etl_solar.checkfiles.check_energy_file_1 scheduled__2022-11-19T00:00:00+00:00 [queued]>
[2022-11-20 11:44:43,569] {taskinstance.py:1159} INFO - Dependencies all met for <TaskInstance: etl_solar.checkfiles.check_energy_file_1 scheduled__2022-11-19T00:00:00+00:00 [queued]>
[2022-11-20 11:44:43,570] {taskinstance.py:1356} INFO - 
--------------------------------------------------------------------------------
[2022-11-20 11:44:43,570] {taskinstance.py:1357} INFO - Starting attempt 1 of 1
[2022-11-20 11:44:43,571] {taskinstance.py:1358} INFO - 
--------------------------------------------------------------------------------
[2022-11-20 11:44:43,594] {taskinstance.py:1377} INFO - Executing <Task(BashOperator): checkfiles.check_energy_file_1> on 2022-11-19 00:00:00+00:00
[2022-11-20 11:44:43,599] {standard_task_runner.py:52} INFO - Started process 170 to run task
[2022-11-20 11:44:43,606] {standard_task_runner.py:79} INFO - Running: ['***', 'tasks', 'run', 'etl_solar', 'checkfiles.check_energy_file_1', 'scheduled__2022-11-19T00:00:00+00:00', '--job-id', '36', '--raw', '--subdir', 'DAGS_FOLDER/dag_preprocess.py', '--cfg-path', '/tmp/tmp7c478v7h', '--error-file', '/tmp/tmpttlhilax']
[2022-11-20 11:44:43,607] {standard_task_runner.py:80} INFO - Job 36: Subtask checkfiles.check_energy_file_1
[2022-11-20 11:44:43,628] {warnings.py:110} WARNING - /home/***/.local/lib/python3.7/site-packages/***/configuration.py:470: DeprecationWarning: The sql_alchemy_conn option in [core] has been moved to the sql_alchemy_conn option in [database] - the old setting has been used, but please update your config.
  option = self._get_environment_variables(deprecated_key, deprecated_section, key, section)

[2022-11-20 11:44:43,696] {task_command.py:369} INFO - Running <TaskInstance: etl_solar.checkfiles.check_energy_file_1 scheduled__2022-11-19T00:00:00+00:00 [running]> on host 82103fd5e777
[2022-11-20 11:44:43,814] {taskinstance.py:1571} INFO - Exporting the following env vars:
AIRFLOW_CTX_DAG_OWNER=***
AIRFLOW_CTX_DAG_ID=etl_solar
AIRFLOW_CTX_TASK_ID=checkfiles.check_energy_file_1
AIRFLOW_CTX_EXECUTION_DATE=2022-11-19T00:00:00+00:00
AIRFLOW_CTX_TRY_NUMBER=1
AIRFLOW_CTX_DAG_RUN_ID=scheduled__2022-11-19T00:00:00+00:00
[2022-11-20 11:44:43,815] {subprocess.py:62} INFO - Tmp dir root location: 
 /tmp
[2022-11-20 11:44:43,816] {subprocess.py:74} INFO - Running command: ['bash', '-c', '/opt/***/bash_command/check_file.sh /opt/***/storage/***.csv']
[2022-11-20 11:44:43,826] {subprocess.py:85} INFO - Output:
[2022-11-20 11:44:43,835] {subprocess.py:92} INFO - File /opt/***/storage/***.csv exists
[2022-11-20 11:44:43,835] {subprocess.py:96} INFO - Command exited with return code 0
[2022-11-20 11:44:43,883] {taskinstance.py:1400} INFO - Marking task as SUCCESS. dag_id=etl_solar, task_id=checkfiles.check_energy_file_1, execution_date=20221119T000000, start_date=20221120T114443, end_date=20221120T114443
[2022-11-20 11:44:43,940] {local_task_job.py:156} INFO - Task exited with return code 0
[2022-11-20 11:44:44,031] {local_task_job.py:273} INFO - 0 downstream tasks scheduled from follow-on schedule check
[2022-11-20 11:49:23,535] {taskinstance.py:1159} INFO - Dependencies all met for <TaskInstance: etl_solar.checkfiles.check_energy_file_1 scheduled__2022-11-19T00:00:00+00:00 [queued]>
[2022-11-20 11:49:23,547] {taskinstance.py:1159} INFO - Dependencies all met for <TaskInstance: etl_solar.checkfiles.check_energy_file_1 scheduled__2022-11-19T00:00:00+00:00 [queued]>
[2022-11-20 11:49:23,547] {taskinstance.py:1356} INFO - 
--------------------------------------------------------------------------------
[2022-11-20 11:49:23,548] {taskinstance.py:1357} INFO - Starting attempt 1 of 1
[2022-11-20 11:49:23,548] {taskinstance.py:1358} INFO - 
--------------------------------------------------------------------------------
[2022-11-20 11:49:23,567] {taskinstance.py:1377} INFO - Executing <Task(BashOperator): checkfiles.check_energy_file_1> on 2022-11-19 00:00:00+00:00
[2022-11-20 11:49:23,573] {standard_task_runner.py:52} INFO - Started process 210 to run task
[2022-11-20 11:49:23,577] {standard_task_runner.py:79} INFO - Running: ['***', 'tasks', 'run', 'etl_solar', 'checkfiles.check_energy_file_1', 'scheduled__2022-11-19T00:00:00+00:00', '--job-id', '46', '--raw', '--subdir', 'DAGS_FOLDER/dag_preprocess.py', '--cfg-path', '/tmp/tmpevmbvjcr', '--error-file', '/tmp/tmp5hwmvci1']
[2022-11-20 11:49:23,579] {standard_task_runner.py:80} INFO - Job 46: Subtask checkfiles.check_energy_file_1
[2022-11-20 11:49:23,607] {warnings.py:110} WARNING - /home/***/.local/lib/python3.7/site-packages/***/configuration.py:470: DeprecationWarning: The sql_alchemy_conn option in [core] has been moved to the sql_alchemy_conn option in [database] - the old setting has been used, but please update your config.
  option = self._get_environment_variables(deprecated_key, deprecated_section, key, section)

[2022-11-20 11:49:23,687] {task_command.py:369} INFO - Running <TaskInstance: etl_solar.checkfiles.check_energy_file_1 scheduled__2022-11-19T00:00:00+00:00 [running]> on host 82103fd5e777
[2022-11-20 11:49:23,806] {taskinstance.py:1571} INFO - Exporting the following env vars:
AIRFLOW_CTX_DAG_OWNER=***
AIRFLOW_CTX_DAG_ID=etl_solar
AIRFLOW_CTX_TASK_ID=checkfiles.check_energy_file_1
AIRFLOW_CTX_EXECUTION_DATE=2022-11-19T00:00:00+00:00
AIRFLOW_CTX_TRY_NUMBER=1
AIRFLOW_CTX_DAG_RUN_ID=scheduled__2022-11-19T00:00:00+00:00
[2022-11-20 11:49:23,808] {subprocess.py:62} INFO - Tmp dir root location: 
 /tmp
[2022-11-20 11:49:23,809] {subprocess.py:74} INFO - Running command: ['bash', '-c', '/opt/***/bash_command/check_file.sh /opt/***/storage/***.csv']
[2022-11-20 11:49:23,822] {subprocess.py:85} INFO - Output:
[2022-11-20 11:49:23,833] {subprocess.py:92} INFO - File /opt/***/storage/***.csv exists
[2022-11-20 11:49:23,834] {subprocess.py:96} INFO - Command exited with return code 0
[2022-11-20 11:49:23,883] {taskinstance.py:1400} INFO - Marking task as SUCCESS. dag_id=etl_solar, task_id=checkfiles.check_energy_file_1, execution_date=20221119T000000, start_date=20221120T114923, end_date=20221120T114923
[2022-11-20 11:49:23,910] {local_task_job.py:156} INFO - Task exited with return code 0
[2022-11-20 11:49:24,031] {local_task_job.py:273} INFO - 0 downstream tasks scheduled from follow-on schedule check
[2022-11-20 11:50:55,326] {taskinstance.py:1159} INFO - Dependencies all met for <TaskInstance: etl_solar.checkfiles.check_energy_file_1 scheduled__2022-11-19T00:00:00+00:00 [queued]>
[2022-11-20 11:50:55,339] {taskinstance.py:1159} INFO - Dependencies all met for <TaskInstance: etl_solar.checkfiles.check_energy_file_1 scheduled__2022-11-19T00:00:00+00:00 [queued]>
[2022-11-20 11:50:55,340] {taskinstance.py:1356} INFO - 
--------------------------------------------------------------------------------
[2022-11-20 11:50:55,340] {taskinstance.py:1357} INFO - Starting attempt 1 of 1
[2022-11-20 11:50:55,340] {taskinstance.py:1358} INFO - 
--------------------------------------------------------------------------------
[2022-11-20 11:50:55,356] {taskinstance.py:1377} INFO - Executing <Task(BashOperator): checkfiles.check_energy_file_1> on 2022-11-19 00:00:00+00:00
[2022-11-20 11:50:55,361] {standard_task_runner.py:52} INFO - Started process 251 to run task
[2022-11-20 11:50:55,366] {standard_task_runner.py:79} INFO - Running: ['***', 'tasks', 'run', 'etl_solar', 'checkfiles.check_energy_file_1', 'scheduled__2022-11-19T00:00:00+00:00', '--job-id', '57', '--raw', '--subdir', 'DAGS_FOLDER/dag_preprocess.py', '--cfg-path', '/tmp/tmp67_xio9t', '--error-file', '/tmp/tmp68aw9mxf']
[2022-11-20 11:50:55,367] {standard_task_runner.py:80} INFO - Job 57: Subtask checkfiles.check_energy_file_1
[2022-11-20 11:50:55,385] {warnings.py:110} WARNING - /home/***/.local/lib/python3.7/site-packages/***/configuration.py:470: DeprecationWarning: The sql_alchemy_conn option in [core] has been moved to the sql_alchemy_conn option in [database] - the old setting has been used, but please update your config.
  option = self._get_environment_variables(deprecated_key, deprecated_section, key, section)

[2022-11-20 11:50:55,441] {task_command.py:369} INFO - Running <TaskInstance: etl_solar.checkfiles.check_energy_file_1 scheduled__2022-11-19T00:00:00+00:00 [running]> on host 82103fd5e777
[2022-11-20 11:50:55,552] {taskinstance.py:1571} INFO - Exporting the following env vars:
AIRFLOW_CTX_DAG_OWNER=***
AIRFLOW_CTX_DAG_ID=etl_solar
AIRFLOW_CTX_TASK_ID=checkfiles.check_energy_file_1
AIRFLOW_CTX_EXECUTION_DATE=2022-11-19T00:00:00+00:00
AIRFLOW_CTX_TRY_NUMBER=1
AIRFLOW_CTX_DAG_RUN_ID=scheduled__2022-11-19T00:00:00+00:00
[2022-11-20 11:50:55,553] {subprocess.py:62} INFO - Tmp dir root location: 
 /tmp
[2022-11-20 11:50:55,555] {subprocess.py:74} INFO - Running command: ['bash', '-c', '/opt/***/bash_command/check_file.sh /opt/***/storage/***.csv']
[2022-11-20 11:50:55,566] {subprocess.py:85} INFO - Output:
[2022-11-20 11:50:55,577] {subprocess.py:92} INFO - File /opt/***/storage/***.csv exists
[2022-11-20 11:50:55,578] {subprocess.py:96} INFO - Command exited with return code 0
[2022-11-20 11:50:55,622] {taskinstance.py:1400} INFO - Marking task as SUCCESS. dag_id=etl_solar, task_id=checkfiles.check_energy_file_1, execution_date=20221119T000000, start_date=20221120T115055, end_date=20221120T115055
[2022-11-20 11:50:55,658] {local_task_job.py:156} INFO - Task exited with return code 0
[2022-11-20 11:50:55,738] {local_task_job.py:273} INFO - 0 downstream tasks scheduled from follow-on schedule check
