[2022-12-11T08:20:19.919+0000] {taskinstance.py:1165} INFO - Dependencies all met for <TaskInstance: etl_solar.convert_to_csv.extract_geography_info manual__2022-12-11T08:19:50.358392+00:00 [queued]>
[2022-12-11T08:20:19.972+0000] {taskinstance.py:1165} INFO - Dependencies all met for <TaskInstance: etl_solar.convert_to_csv.extract_geography_info manual__2022-12-11T08:19:50.358392+00:00 [queued]>
[2022-12-11T08:20:19.974+0000] {taskinstance.py:1362} INFO - 
--------------------------------------------------------------------------------
[2022-12-11T08:20:19.976+0000] {taskinstance.py:1363} INFO - Starting attempt 1 of 1
[2022-12-11T08:20:19.978+0000] {taskinstance.py:1364} INFO - 
--------------------------------------------------------------------------------
[2022-12-11T08:20:20.101+0000] {taskinstance.py:1383} INFO - Executing <Task(PythonOperator): convert_to_csv.extract_geography_info> on 2022-12-11 08:19:50.358392+00:00
[2022-12-11T08:20:20.116+0000] {standard_task_runner.py:55} INFO - Started process 298 to run task
[2022-12-11T08:20:20.135+0000] {standard_task_runner.py:82} INFO - Running: ['***', 'tasks', 'run', 'etl_solar', 'convert_to_csv.extract_geography_info', 'manual__2022-12-11T08:19:50.358392+00:00', '--job-id', '74', '--raw', '--subdir', 'DAGS_FOLDER/dag_preprocess.py', '--cfg-path', '/tmp/tmpci8h3mww']
[2022-12-11T08:20:20.146+0000] {standard_task_runner.py:83} INFO - Job 74: Subtask convert_to_csv.extract_geography_info
[2022-12-11T08:20:20.528+0000] {task_command.py:376} INFO - Running <TaskInstance: etl_solar.convert_to_csv.extract_geography_info manual__2022-12-11T08:19:50.358392+00:00 [running]> on host 01c108b234e9
[2022-12-11T08:20:20.904+0000] {taskinstance.py:1592} INFO - Exporting the following env vars:
AIRFLOW_CTX_DAG_OWNER=***
AIRFLOW_CTX_DAG_ID=etl_solar
AIRFLOW_CTX_TASK_ID=convert_to_csv.extract_geography_info
AIRFLOW_CTX_EXECUTION_DATE=2022-12-11T08:19:50.358392+00:00
AIRFLOW_CTX_TRY_NUMBER=1
AIRFLOW_CTX_DAG_RUN_ID=manual__2022-12-11T08:19:50.358392+00:00
[2022-12-11T08:20:20.949+0000] {base.py:71} INFO - Using connection ID 'mysql_solar' for task execution.
[2022-12-11T08:20:21.105+0000] {python.py:177} INFO - Done. Returned value was: None
[2022-12-11T08:20:21.147+0000] {taskinstance.py:1406} INFO - Marking task as SUCCESS. dag_id=etl_solar, task_id=convert_to_csv.extract_geography_info, execution_date=20221211T081950, start_date=20221211T082019, end_date=20221211T082021
[2022-12-11T08:20:21.229+0000] {local_task_job.py:164} INFO - Task exited with return code 0
[2022-12-11T08:20:21.529+0000] {local_task_job.py:273} INFO - 0 downstream tasks scheduled from follow-on schedule check
