[2022-12-11T08:23:09.121+0000] {taskinstance.py:1165} INFO - Dependencies all met for <TaskInstance: etl_solar.transform.preprocess_energy manual__2022-12-11T08:22:24.302438+00:00 [queued]>
[2022-12-11T08:23:09.170+0000] {taskinstance.py:1165} INFO - Dependencies all met for <TaskInstance: etl_solar.transform.preprocess_energy manual__2022-12-11T08:22:24.302438+00:00 [queued]>
[2022-12-11T08:23:09.172+0000] {taskinstance.py:1362} INFO - 
--------------------------------------------------------------------------------
[2022-12-11T08:23:09.174+0000] {taskinstance.py:1363} INFO - Starting attempt 1 of 1
[2022-12-11T08:23:09.176+0000] {taskinstance.py:1364} INFO - 
--------------------------------------------------------------------------------
[2022-12-11T08:23:09.252+0000] {taskinstance.py:1383} INFO - Executing <Task(BashOperator): transform.preprocess_energy> on 2022-12-11 08:22:24.302438+00:00
[2022-12-11T08:23:09.266+0000] {standard_task_runner.py:55} INFO - Started process 380 to run task
[2022-12-11T08:23:09.280+0000] {standard_task_runner.py:82} INFO - Running: ['***', 'tasks', 'run', 'etl_solar', 'transform.preprocess_energy', 'manual__2022-12-11T08:22:24.302438+00:00', '--job-id', '97', '--raw', '--subdir', 'DAGS_FOLDER/dag_preprocess.py', '--cfg-path', '/tmp/tmprd5uy9au']
[2022-12-11T08:23:09.288+0000] {standard_task_runner.py:83} INFO - Job 97: Subtask transform.preprocess_energy
[2022-12-11T08:23:09.557+0000] {task_command.py:376} INFO - Running <TaskInstance: etl_solar.transform.preprocess_energy manual__2022-12-11T08:22:24.302438+00:00 [running]> on host 01c108b234e9
[2022-12-11T08:23:09.901+0000] {taskinstance.py:1592} INFO - Exporting the following env vars:
AIRFLOW_CTX_DAG_OWNER=***
AIRFLOW_CTX_DAG_ID=etl_solar
AIRFLOW_CTX_TASK_ID=transform.preprocess_energy
AIRFLOW_CTX_EXECUTION_DATE=2022-12-11T08:22:24.302438+00:00
AIRFLOW_CTX_TRY_NUMBER=1
AIRFLOW_CTX_DAG_RUN_ID=manual__2022-12-11T08:22:24.302438+00:00
[2022-12-11T08:23:09.906+0000] {subprocess.py:63} INFO - Tmp dir root location: 
 /tmp
[2022-12-11T08:23:09.910+0000] {subprocess.py:75} INFO - Running command: ['/bin/bash', '-c', 'sleep 1 ']
[2022-12-11T08:23:09.956+0000] {subprocess.py:86} INFO - Output:
[2022-12-11T08:23:10.975+0000] {subprocess.py:97} INFO - Command exited with return code 0
[2022-12-11T08:23:11.085+0000] {taskinstance.py:1406} INFO - Marking task as SUCCESS. dag_id=etl_solar, task_id=transform.preprocess_energy, execution_date=20221211T082224, start_date=20221211T082309, end_date=20221211T082311
[2022-12-11T08:23:11.184+0000] {local_task_job.py:164} INFO - Task exited with return code 0
[2022-12-11T08:23:11.339+0000] {local_task_job.py:273} INFO - 1 downstream tasks scheduled from follow-on schedule check
