[2022-11-22 05:02:38,461] {taskinstance.py:1159} INFO - Dependencies all met for <TaskInstance: etl_solar.weather_transform.preprocess_geography manual__2022-11-22T05:02:17.023684+00:00 [queued]>
[2022-11-22 05:02:38,503] {taskinstance.py:1159} INFO - Dependencies all met for <TaskInstance: etl_solar.weather_transform.preprocess_geography manual__2022-11-22T05:02:17.023684+00:00 [queued]>
[2022-11-22 05:02:38,505] {taskinstance.py:1356} INFO - 
--------------------------------------------------------------------------------
[2022-11-22 05:02:38,506] {taskinstance.py:1357} INFO - Starting attempt 1 of 1
[2022-11-22 05:02:38,508] {taskinstance.py:1358} INFO - 
--------------------------------------------------------------------------------
[2022-11-22 05:02:38,571] {taskinstance.py:1377} INFO - Executing <Task(PythonOperator): weather_transform.preprocess_geography> on 2022-11-22 05:02:17.023684+00:00
[2022-11-22 05:02:38,586] {standard_task_runner.py:52} INFO - Started process 381 to run task
[2022-11-22 05:02:38,603] {standard_task_runner.py:79} INFO - Running: ['***', 'tasks', 'run', 'etl_solar', 'weather_transform.preprocess_geography', 'manual__2022-11-22T05:02:17.023684+00:00', '--job-id', '210', '--raw', '--subdir', 'DAGS_FOLDER/dag_preprocess.py', '--cfg-path', '/tmp/tmpbk0ortan', '--error-file', '/tmp/tmpe71n1xzw']
[2022-11-22 05:02:38,607] {standard_task_runner.py:80} INFO - Job 210: Subtask weather_transform.preprocess_geography
[2022-11-22 05:02:38,856] {task_command.py:369} INFO - Running <TaskInstance: etl_solar.weather_transform.preprocess_geography manual__2022-11-22T05:02:17.023684+00:00 [running]> on host 8a647070b091
[2022-11-22 05:02:39,180] {taskinstance.py:1571} INFO - Exporting the following env vars:
AIRFLOW_CTX_DAG_OWNER=***
AIRFLOW_CTX_DAG_ID=etl_solar
AIRFLOW_CTX_TASK_ID=weather_transform.preprocess_geography
AIRFLOW_CTX_EXECUTION_DATE=2022-11-22T05:02:17.023684+00:00
AIRFLOW_CTX_TRY_NUMBER=1
AIRFLOW_CTX_DAG_RUN_ID=manual__2022-11-22T05:02:17.023684+00:00
[2022-11-22 05:02:39,223] {logging_mixin.py:115} INFO - ['Unnamed: 0', 'altitudeMeridian', 'altitude_09', 'altitude_12', 'altitude_15', 'altitude_18', 'azimuth_09', 'azimuth_12', 'azimuth_15', 'azimuth_18']
[2022-11-22 05:02:39,228] {taskinstance.py:1889} ERROR - Task failed with exception
Traceback (most recent call last):
  File "/home/airflow/.local/lib/python3.7/site-packages/airflow/operators/python.py", line 171, in execute
    return_value = self.execute_callable()
  File "/home/airflow/.local/lib/python3.7/site-packages/airflow/operators/python.py", line 189, in execute_callable
    return self.python_callable(*self.op_args, **self.op_kwargs)
  File "/opt/airflow/dags/preprocess/preprocess.py", line 76, in geography_preprocess
    df[col]=df[col].map(angle_to_float)
  File "/home/airflow/.local/lib/python3.7/site-packages/pandas/core/series.py", line 4161, in map
    new_values = super()._map_values(arg, na_action=na_action)
  File "/home/airflow/.local/lib/python3.7/site-packages/pandas/core/base.py", line 870, in _map_values
    new_values = map_f(values, mapper)
  File "pandas/_libs/lib.pyx", line 2859, in pandas._libs.lib.map_infer
  File "/opt/airflow/dags/preprocess/preprocess.py", line 62, in angle_to_float
    angle = angle.split('˚')
AttributeError: 'int' object has no attribute 'split'
[2022-11-22 05:02:39,284] {taskinstance.py:1400} INFO - Marking task as FAILED. dag_id=etl_solar, task_id=weather_transform.preprocess_geography, execution_date=20221122T050217, start_date=20221122T050238, end_date=20221122T050239
[2022-11-22 05:02:39,330] {standard_task_runner.py:97} ERROR - Failed to execute job 210 for task weather_transform.preprocess_geography ('int' object has no attribute 'split'; 381)
[2022-11-22 05:02:39,380] {local_task_job.py:156} INFO - Task exited with return code 1
[2022-11-22 05:02:39,522] {local_task_job.py:273} INFO - 0 downstream tasks scheduled from follow-on schedule check
