[2022-11-20 11:31:25,634] {taskinstance.py:1159} INFO - Dependencies all met for <TaskInstance: etl_solar.load_files.save_weather_info manual__2022-11-20T11:31:08.231907+00:00 [queued]>
[2022-11-20 11:31:25,676] {taskinstance.py:1159} INFO - Dependencies all met for <TaskInstance: etl_solar.load_files.save_weather_info manual__2022-11-20T11:31:08.231907+00:00 [queued]>
[2022-11-20 11:31:25,678] {taskinstance.py:1356} INFO - 
--------------------------------------------------------------------------------
[2022-11-20 11:31:25,679] {taskinstance.py:1357} INFO - Starting attempt 1 of 1
[2022-11-20 11:31:25,681] {taskinstance.py:1358} INFO - 
--------------------------------------------------------------------------------
[2022-11-20 11:31:25,741] {taskinstance.py:1377} INFO - Executing <Task(_PythonDecoratedOperator): load_files.save_weather_info> on 2022-11-20 11:31:08.231907+00:00
[2022-11-20 11:31:25,754] {standard_task_runner.py:52} INFO - Started process 95 to run task
[2022-11-20 11:31:25,765] {standard_task_runner.py:79} INFO - Running: ['***', 'tasks', 'run', 'etl_solar', 'load_files.save_weather_info', 'manual__2022-11-20T11:31:08.231907+00:00', '--job-id', '14', '--raw', '--subdir', 'DAGS_FOLDER/dag_preprocess.py', '--cfg-path', '/tmp/tmp3ukpgytb', '--error-file', '/tmp/tmp446x1qre']
[2022-11-20 11:31:25,770] {standard_task_runner.py:80} INFO - Job 14: Subtask load_files.save_weather_info
[2022-11-20 11:31:25,971] {task_command.py:369} INFO - Running <TaskInstance: etl_solar.load_files.save_weather_info manual__2022-11-20T11:31:08.231907+00:00 [running]> on host 82103fd5e777
[2022-11-20 11:31:26,297] {taskinstance.py:1571} INFO - Exporting the following env vars:
AIRFLOW_CTX_DAG_OWNER=***
AIRFLOW_CTX_DAG_ID=etl_solar
AIRFLOW_CTX_TASK_ID=load_files.save_weather_info
AIRFLOW_CTX_EXECUTION_DATE=2022-11-20T11:31:08.231907+00:00
AIRFLOW_CTX_TRY_NUMBER=1
AIRFLOW_CTX_DAG_RUN_ID=manual__2022-11-20T11:31:08.231907+00:00
[2022-11-20 11:31:26,342] {base.py:68} INFO - Using connection ID 'mysql_solar' for task execution.
[2022-11-20 11:31:26,467] {taskinstance.py:1889} ERROR - Task failed with exception
Traceback (most recent call last):
  File "/home/airflow/.local/lib/python3.7/site-packages/airflow/decorators/base.py", line 179, in execute
    return_value = super().execute(context)
  File "/home/airflow/.local/lib/python3.7/site-packages/airflow/operators/python.py", line 171, in execute
    return_value = self.execute_callable()
  File "/home/airflow/.local/lib/python3.7/site-packages/airflow/operators/python.py", line 189, in execute_callable
    return self.python_callable(*self.op_args, **self.op_kwargs)
  File "/opt/airflow/dags/preprocess/connection.py", line 13, in inner_function
    return function(conn,cursor,**kwargs)
TypeError: save_data() got an unexpected keyword argument 'conf'
[2022-11-20 11:31:26,521] {taskinstance.py:1400} INFO - Marking task as FAILED. dag_id=etl_solar, task_id=load_files.save_weather_info, execution_date=20221120T113108, start_date=20221120T113125, end_date=20221120T113126
[2022-11-20 11:31:26,569] {standard_task_runner.py:97} ERROR - Failed to execute job 14 for task load_files.save_weather_info (save_data() got an unexpected keyword argument 'conf'; 95)
[2022-11-20 11:31:26,624] {local_task_job.py:156} INFO - Task exited with return code 1
[2022-11-20 11:31:26,757] {local_task_job.py:273} INFO - 0 downstream tasks scheduled from follow-on schedule check
