[2022-11-22 05:04:47,356] {taskinstance.py:1159} INFO - Dependencies all met for <TaskInstance: etl_solar.checkfiles.check_energy_file_1 manual__2022-11-22T05:04:43.707828+00:00 [queued]>
[2022-11-22 05:04:47,396] {taskinstance.py:1159} INFO - Dependencies all met for <TaskInstance: etl_solar.checkfiles.check_energy_file_1 manual__2022-11-22T05:04:43.707828+00:00 [queued]>
[2022-11-22 05:04:47,397] {taskinstance.py:1356} INFO - 
--------------------------------------------------------------------------------
[2022-11-22 05:04:47,399] {taskinstance.py:1357} INFO - Starting attempt 1 of 1
[2022-11-22 05:04:47,400] {taskinstance.py:1358} INFO - 
--------------------------------------------------------------------------------
[2022-11-22 05:04:47,466] {taskinstance.py:1377} INFO - Executing <Task(BashOperator): checkfiles.check_energy_file_1> on 2022-11-22 05:04:43.707828+00:00
[2022-11-22 05:04:47,480] {standard_task_runner.py:52} INFO - Started process 391 to run task
[2022-11-22 05:04:47,493] {standard_task_runner.py:79} INFO - Running: ['***', 'tasks', 'run', 'etl_solar', 'checkfiles.check_energy_file_1', 'manual__2022-11-22T05:04:43.707828+00:00', '--job-id', '212', '--raw', '--subdir', 'DAGS_FOLDER/dag_preprocess.py', '--cfg-path', '/tmp/tmp_6im165k', '--error-file', '/tmp/tmpci1ccd31']
[2022-11-22 05:04:47,497] {standard_task_runner.py:80} INFO - Job 212: Subtask checkfiles.check_energy_file_1
[2022-11-22 05:04:47,797] {task_command.py:369} INFO - Running <TaskInstance: etl_solar.checkfiles.check_energy_file_1 manual__2022-11-22T05:04:43.707828+00:00 [running]> on host 8a647070b091
[2022-11-22 05:04:48,235] {taskinstance.py:1571} INFO - Exporting the following env vars:
AIRFLOW_CTX_DAG_OWNER=***
AIRFLOW_CTX_DAG_ID=etl_solar
AIRFLOW_CTX_TASK_ID=checkfiles.check_energy_file_1
AIRFLOW_CTX_EXECUTION_DATE=2022-11-22T05:04:43.707828+00:00
AIRFLOW_CTX_TRY_NUMBER=1
AIRFLOW_CTX_DAG_RUN_ID=manual__2022-11-22T05:04:43.707828+00:00
[2022-11-22 05:04:48,243] {subprocess.py:62} INFO - Tmp dir root location: 
 /tmp
[2022-11-22 05:04:48,246] {subprocess.py:74} INFO - Running command: ['bash', '-c', '/opt/***/utilities/check_file.sh /opt/***/utilities/storage/energy_1.csv']
[2022-11-22 05:04:48,283] {subprocess.py:85} INFO - Output:
[2022-11-22 05:04:48,313] {subprocess.py:92} INFO - File /opt/***/utilities/storage/energy_1.csv does not exist
[2022-11-22 05:04:48,317] {subprocess.py:96} INFO - Command exited with return code 0
[2022-11-22 05:04:48,501] {taskinstance.py:1400} INFO - Marking task as SUCCESS. dag_id=etl_solar, task_id=checkfiles.check_energy_file_1, execution_date=20221122T050443, start_date=20221122T050447, end_date=20221122T050448
[2022-11-22 05:04:48,614] {local_task_job.py:156} INFO - Task exited with return code 0
[2022-11-22 05:04:48,877] {local_task_job.py:273} INFO - 0 downstream tasks scheduled from follow-on schedule check
