[2022-12-11T08:17:37.580+0000] {taskinstance.py:1165} INFO - Dependencies all met for <TaskInstance: etl_solar.transform.check_output_folder manual__2022-12-11T08:17:00.192133+00:00 [queued]>
[2022-12-11T08:17:37.630+0000] {taskinstance.py:1165} INFO - Dependencies all met for <TaskInstance: etl_solar.transform.check_output_folder manual__2022-12-11T08:17:00.192133+00:00 [queued]>
[2022-12-11T08:17:37.632+0000] {taskinstance.py:1362} INFO - 
--------------------------------------------------------------------------------
[2022-12-11T08:17:37.634+0000] {taskinstance.py:1363} INFO - Starting attempt 1 of 1
[2022-12-11T08:17:37.635+0000] {taskinstance.py:1364} INFO - 
--------------------------------------------------------------------------------
[2022-12-11T08:17:37.717+0000] {taskinstance.py:1383} INFO - Executing <Task(BashOperator): transform.check_output_folder> on 2022-12-11 08:17:00.192133+00:00
[2022-12-11T08:17:37.732+0000] {standard_task_runner.py:55} INFO - Started process 239 to run task
[2022-12-11T08:17:37.745+0000] {standard_task_runner.py:82} INFO - Running: ['***', 'tasks', 'run', 'etl_solar', 'transform.check_output_folder', 'manual__2022-12-11T08:17:00.192133+00:00', '--job-id', '58', '--raw', '--subdir', 'DAGS_FOLDER/dag_preprocess.py', '--cfg-path', '/tmp/tmpjv24lm25']
[2022-12-11T08:17:37.752+0000] {standard_task_runner.py:83} INFO - Job 58: Subtask transform.check_output_folder
[2022-12-11T08:17:38.019+0000] {task_command.py:376} INFO - Running <TaskInstance: etl_solar.transform.check_output_folder manual__2022-12-11T08:17:00.192133+00:00 [running]> on host 01c108b234e9
[2022-12-11T08:17:38.409+0000] {taskinstance.py:1592} INFO - Exporting the following env vars:
AIRFLOW_CTX_DAG_OWNER=***
AIRFLOW_CTX_DAG_ID=etl_solar
AIRFLOW_CTX_TASK_ID=transform.check_output_folder
AIRFLOW_CTX_EXECUTION_DATE=2022-12-11T08:17:00.192133+00:00
AIRFLOW_CTX_TRY_NUMBER=1
AIRFLOW_CTX_DAG_RUN_ID=manual__2022-12-11T08:17:00.192133+00:00
[2022-12-11T08:17:38.413+0000] {subprocess.py:63} INFO - Tmp dir root location: 
 /tmp
[2022-12-11T08:17:38.416+0000] {subprocess.py:75} INFO - Running command: ['/bin/bash', '-c', '/opt/***/utilities/make_folder.sh /opt/***/storage/output/2022-12-11']
[2022-12-11T08:17:38.449+0000] {subprocess.py:86} INFO - Output:
[2022-12-11T08:17:38.506+0000] {subprocess.py:97} INFO - Command exited with return code 0
[2022-12-11T08:17:38.617+0000] {taskinstance.py:1406} INFO - Marking task as SUCCESS. dag_id=etl_solar, task_id=transform.check_output_folder, execution_date=20221211T081700, start_date=20221211T081737, end_date=20221211T081738
[2022-12-11T08:17:38.681+0000] {local_task_job.py:164} INFO - Task exited with return code 0
[2022-12-11T08:17:38.837+0000] {local_task_job.py:273} INFO - 3 downstream tasks scheduled from follow-on schedule check
