[2022-12-11T08:27:10.093+0000] {taskinstance.py:1165} INFO - Dependencies all met for <TaskInstance: etl_solar.convert_to_csv.extract_weather_info manual__2022-12-11T08:26:43.312404+00:00 [queued]>
[2022-12-11T08:27:10.145+0000] {taskinstance.py:1165} INFO - Dependencies all met for <TaskInstance: etl_solar.convert_to_csv.extract_weather_info manual__2022-12-11T08:26:43.312404+00:00 [queued]>
[2022-12-11T08:27:10.146+0000] {taskinstance.py:1362} INFO - 
--------------------------------------------------------------------------------
[2022-12-11T08:27:10.148+0000] {taskinstance.py:1363} INFO - Starting attempt 1 of 1
[2022-12-11T08:27:10.149+0000] {taskinstance.py:1364} INFO - 
--------------------------------------------------------------------------------
[2022-12-11T08:27:10.238+0000] {taskinstance.py:1383} INFO - Executing <Task(PythonOperator): convert_to_csv.extract_weather_info> on 2022-12-11 08:26:43.312404+00:00
[2022-12-11T08:27:10.256+0000] {standard_task_runner.py:55} INFO - Started process 429 to run task
[2022-12-11T08:27:10.271+0000] {standard_task_runner.py:82} INFO - Running: ['***', 'tasks', 'run', 'etl_solar', 'convert_to_csv.extract_weather_info', 'manual__2022-12-11T08:26:43.312404+00:00', '--job-id', '109', '--raw', '--subdir', 'DAGS_FOLDER/dag_preprocess.py', '--cfg-path', '/tmp/tmp_og7hz7r']
[2022-12-11T08:27:10.280+0000] {standard_task_runner.py:83} INFO - Job 109: Subtask convert_to_csv.extract_weather_info
[2022-12-11T08:27:10.614+0000] {task_command.py:376} INFO - Running <TaskInstance: etl_solar.convert_to_csv.extract_weather_info manual__2022-12-11T08:26:43.312404+00:00 [running]> on host 01c108b234e9
[2022-12-11T08:27:10.977+0000] {taskinstance.py:1592} INFO - Exporting the following env vars:
AIRFLOW_CTX_DAG_OWNER=***
AIRFLOW_CTX_DAG_ID=etl_solar
AIRFLOW_CTX_TASK_ID=convert_to_csv.extract_weather_info
AIRFLOW_CTX_EXECUTION_DATE=2022-12-11T08:26:43.312404+00:00
AIRFLOW_CTX_TRY_NUMBER=1
AIRFLOW_CTX_DAG_RUN_ID=manual__2022-12-11T08:26:43.312404+00:00
[2022-12-11T08:27:11.018+0000] {base.py:71} INFO - Using connection ID 'mysql_solar' for task execution.
[2022-12-11T08:27:11.159+0000] {python.py:177} INFO - Done. Returned value was: None
[2022-12-11T08:27:11.210+0000] {taskinstance.py:1406} INFO - Marking task as SUCCESS. dag_id=etl_solar, task_id=convert_to_csv.extract_weather_info, execution_date=20221211T082643, start_date=20221211T082710, end_date=20221211T082711
[2022-12-11T08:27:11.289+0000] {local_task_job.py:164} INFO - Task exited with return code 0
[2022-12-11T08:27:11.503+0000] {local_task_job.py:273} INFO - 0 downstream tasks scheduled from follow-on schedule check
