[2022-11-22 05:12:04,394] {taskinstance.py:1159} INFO - Dependencies all met for <TaskInstance: etl_solar.weather_transform.preprocess_weather manual__2022-11-22T05:11:38.435826+00:00 [queued]>
[2022-11-22 05:12:04,444] {taskinstance.py:1159} INFO - Dependencies all met for <TaskInstance: etl_solar.weather_transform.preprocess_weather manual__2022-11-22T05:11:38.435826+00:00 [queued]>
[2022-11-22 05:12:04,445] {taskinstance.py:1356} INFO - 
--------------------------------------------------------------------------------
[2022-11-22 05:12:04,446] {taskinstance.py:1357} INFO - Starting attempt 1 of 1
[2022-11-22 05:12:04,447] {taskinstance.py:1358} INFO - 
--------------------------------------------------------------------------------
[2022-11-22 05:12:04,524] {taskinstance.py:1377} INFO - Executing <Task(PythonOperator): weather_transform.preprocess_weather> on 2022-11-22 05:11:38.435826+00:00
[2022-11-22 05:12:04,538] {standard_task_runner.py:52} INFO - Started process 526 to run task
[2022-11-22 05:12:04,553] {standard_task_runner.py:79} INFO - Running: ['***', 'tasks', 'run', 'etl_solar', 'weather_transform.preprocess_weather', 'manual__2022-11-22T05:11:38.435826+00:00', '--job-id', '251', '--raw', '--subdir', 'DAGS_FOLDER/dag_preprocess.py', '--cfg-path', '/tmp/tmpvlfikpqr', '--error-file', '/tmp/tmpowp27h47']
[2022-11-22 05:12:04,558] {standard_task_runner.py:80} INFO - Job 251: Subtask weather_transform.preprocess_weather
[2022-11-22 05:12:04,836] {task_command.py:369} INFO - Running <TaskInstance: etl_solar.weather_transform.preprocess_weather manual__2022-11-22T05:11:38.435826+00:00 [running]> on host 8a647070b091
[2022-11-22 05:12:05,227] {taskinstance.py:1571} INFO - Exporting the following env vars:
AIRFLOW_CTX_DAG_OWNER=***
AIRFLOW_CTX_DAG_ID=etl_solar
AIRFLOW_CTX_TASK_ID=weather_transform.preprocess_weather
AIRFLOW_CTX_EXECUTION_DATE=2022-11-22T05:11:38.435826+00:00
AIRFLOW_CTX_TRY_NUMBER=1
AIRFLOW_CTX_DAG_RUN_ID=manual__2022-11-22T05:11:38.435826+00:00
[2022-11-22 05:12:05,328] {python.py:173} INFO - Done. Returned value was: None
[2022-11-22 05:12:05,384] {taskinstance.py:1400} INFO - Marking task as SUCCESS. dag_id=etl_solar, task_id=weather_transform.preprocess_weather, execution_date=20221122T051138, start_date=20221122T051204, end_date=20221122T051205
[2022-11-22 05:12:05,450] {local_task_job.py:156} INFO - Task exited with return code 0
[2022-11-22 05:12:05,673] {local_task_job.py:273} INFO - 0 downstream tasks scheduled from follow-on schedule check
