[2022-12-11T04:44:58.999+0000] {taskinstance.py:1165} INFO - Dependencies all met for <TaskInstance: save_to_storage.load_data manual__2022-12-11T04:44:54.917955+00:00 [queued]>
[2022-12-11T04:44:59.047+0000] {taskinstance.py:1165} INFO - Dependencies all met for <TaskInstance: save_to_storage.load_data manual__2022-12-11T04:44:54.917955+00:00 [queued]>
[2022-12-11T04:44:59.048+0000] {taskinstance.py:1362} INFO - 
--------------------------------------------------------------------------------
[2022-12-11T04:44:59.050+0000] {taskinstance.py:1363} INFO - Starting attempt 1 of 1
[2022-12-11T04:44:59.051+0000] {taskinstance.py:1364} INFO - 
--------------------------------------------------------------------------------
[2022-12-11T04:44:59.129+0000] {taskinstance.py:1383} INFO - Executing <Task(PythonOperator): load_data> on 2022-12-11 04:44:54.917955+00:00
[2022-12-11T04:44:59.142+0000] {standard_task_runner.py:55} INFO - Started process 59 to run task
[2022-12-11T04:44:59.158+0000] {standard_task_runner.py:82} INFO - Running: ['***', 'tasks', 'run', 'save_to_storage', 'load_data', 'manual__2022-12-11T04:44:54.917955+00:00', '--job-id', '4', '--raw', '--subdir', 'DAGS_FOLDER/test.py', '--cfg-path', '/tmp/tmpvxd10979']
[2022-12-11T04:44:59.166+0000] {standard_task_runner.py:83} INFO - Job 4: Subtask load_data
[2022-12-11T04:44:59.444+0000] {task_command.py:376} INFO - Running <TaskInstance: save_to_storage.load_data manual__2022-12-11T04:44:54.917955+00:00 [running]> on host 01c108b234e9
[2022-12-11T04:44:59.751+0000] {taskinstance.py:1592} INFO - Exporting the following env vars:
AIRFLOW_CTX_DAG_OWNER=***
AIRFLOW_CTX_DAG_ID=save_to_storage
AIRFLOW_CTX_TASK_ID=load_data
AIRFLOW_CTX_EXECUTION_DATE=2022-12-11T04:44:54.917955+00:00
AIRFLOW_CTX_TRY_NUMBER=1
AIRFLOW_CTX_DAG_RUN_ID=manual__2022-12-11T04:44:54.917955+00:00
[2022-12-11T04:45:00.796+0000] {python.py:177} INFO - Done. Returned value was: None
[2022-12-11T04:45:00.846+0000] {taskinstance.py:1406} INFO - Marking task as SUCCESS. dag_id=save_to_storage, task_id=load_data, execution_date=20221211T044454, start_date=20221211T044459, end_date=20221211T044500
[2022-12-11T04:45:00.938+0000] {local_task_job.py:164} INFO - Task exited with return code 0
[2022-12-11T04:45:01.056+0000] {local_task_job.py:273} INFO - 0 downstream tasks scheduled from follow-on schedule check
