[2022-11-22 05:05:03,466] {taskinstance.py:1159} INFO - Dependencies all met for <TaskInstance: etl_solar.weather_transform.preprocess_geography manual__2022-11-22T05:04:43.707828+00:00 [queued]>
[2022-11-22 05:05:03,517] {taskinstance.py:1159} INFO - Dependencies all met for <TaskInstance: etl_solar.weather_transform.preprocess_geography manual__2022-11-22T05:04:43.707828+00:00 [queued]>
[2022-11-22 05:05:03,518] {taskinstance.py:1356} INFO - 
--------------------------------------------------------------------------------
[2022-11-22 05:05:03,519] {taskinstance.py:1357} INFO - Starting attempt 1 of 1
[2022-11-22 05:05:03,521] {taskinstance.py:1358} INFO - 
--------------------------------------------------------------------------------
[2022-11-22 05:05:03,589] {taskinstance.py:1377} INFO - Executing <Task(PythonOperator): weather_transform.preprocess_geography> on 2022-11-22 05:04:43.707828+00:00
[2022-11-22 05:05:03,603] {standard_task_runner.py:52} INFO - Started process 416 to run task
[2022-11-22 05:05:03,619] {standard_task_runner.py:79} INFO - Running: ['***', 'tasks', 'run', 'etl_solar', 'weather_transform.preprocess_geography', 'manual__2022-11-22T05:04:43.707828+00:00', '--job-id', '221', '--raw', '--subdir', 'DAGS_FOLDER/dag_preprocess.py', '--cfg-path', '/tmp/tmpprznfi23', '--error-file', '/tmp/tmpf8cao15l']
[2022-11-22 05:05:03,623] {standard_task_runner.py:80} INFO - Job 221: Subtask weather_transform.preprocess_geography
[2022-11-22 05:05:03,896] {task_command.py:369} INFO - Running <TaskInstance: etl_solar.weather_transform.preprocess_geography manual__2022-11-22T05:04:43.707828+00:00 [running]> on host 8a647070b091
[2022-11-22 05:05:04,305] {taskinstance.py:1571} INFO - Exporting the following env vars:
AIRFLOW_CTX_DAG_OWNER=***
AIRFLOW_CTX_DAG_ID=etl_solar
AIRFLOW_CTX_TASK_ID=weather_transform.preprocess_geography
AIRFLOW_CTX_EXECUTION_DATE=2022-11-22T05:04:43.707828+00:00
AIRFLOW_CTX_TRY_NUMBER=1
AIRFLOW_CTX_DAG_RUN_ID=manual__2022-11-22T05:04:43.707828+00:00
[2022-11-22 05:05:04,369] {logging_mixin.py:115} INFO - ['altitudeMeridian', 'altitude_09', 'altitude_12', 'altitude_15', 'altitude_18', 'azimuth_09', 'azimuth_12', 'azimuth_15', 'azimuth_18']
[2022-11-22 05:05:04,394] {taskinstance.py:1889} ERROR - Task failed with exception
Traceback (most recent call last):
  File "/home/airflow/.local/lib/python3.7/site-packages/airflow/operators/python.py", line 171, in execute
    return_value = self.execute_callable()
  File "/home/airflow/.local/lib/python3.7/site-packages/airflow/operators/python.py", line 189, in execute_callable
    return self.python_callable(*self.op_args, **self.op_kwargs)
  File "/opt/airflow/dags/preprocess/preprocess.py", line 79, in geography_preprocess
    df.to_csv(context['params']['dest_path'])
  File "/home/airflow/.local/lib/python3.7/site-packages/pandas/core/generic.py", line 3482, in to_csv
    storage_options=storage_options,
  File "/home/airflow/.local/lib/python3.7/site-packages/pandas/io/formats/format.py", line 1105, in to_csv
    csv_formatter.save()
  File "/home/airflow/.local/lib/python3.7/site-packages/pandas/io/formats/csvs.py", line 243, in save
    storage_options=self.storage_options,
  File "/home/airflow/.local/lib/python3.7/site-packages/pandas/io/common.py", line 707, in get_handle
    newline="",
FileNotFoundError: [Errno 2] No such file or directory: './storage/output/2022-11-22/geography.csv'
[2022-11-22 05:05:04,452] {taskinstance.py:1400} INFO - Marking task as FAILED. dag_id=etl_solar, task_id=weather_transform.preprocess_geography, execution_date=20221122T050443, start_date=20221122T050503, end_date=20221122T050504
[2022-11-22 05:05:04,504] {standard_task_runner.py:97} ERROR - Failed to execute job 221 for task weather_transform.preprocess_geography ([Errno 2] No such file or directory: './storage/output/2022-11-22/geography.csv'; 416)
[2022-11-22 05:05:04,559] {local_task_job.py:156} INFO - Task exited with return code 1
[2022-11-22 05:05:04,706] {local_task_job.py:273} INFO - 0 downstream tasks scheduled from follow-on schedule check
