[2022-12-11T08:11:28.774+0000] {taskinstance.py:1165} INFO - Dependencies all met for <TaskInstance: etl_solar.transform.check_output_folder manual__2022-12-11T08:10:48.533274+00:00 [queued]>
[2022-12-11T08:11:28.822+0000] {taskinstance.py:1165} INFO - Dependencies all met for <TaskInstance: etl_solar.transform.check_output_folder manual__2022-12-11T08:10:48.533274+00:00 [queued]>
[2022-12-11T08:11:28.823+0000] {taskinstance.py:1362} INFO - 
--------------------------------------------------------------------------------
[2022-12-11T08:11:28.825+0000] {taskinstance.py:1363} INFO - Starting attempt 1 of 1
[2022-12-11T08:11:28.827+0000] {taskinstance.py:1364} INFO - 
--------------------------------------------------------------------------------
[2022-12-11T08:11:28.901+0000] {taskinstance.py:1383} INFO - Executing <Task(BashOperator): transform.check_output_folder> on 2022-12-11 08:10:48.533274+00:00
[2022-12-11T08:11:28.915+0000] {standard_task_runner.py:55} INFO - Started process 173 to run task
[2022-12-11T08:11:28.930+0000] {standard_task_runner.py:82} INFO - Running: ['***', 'tasks', 'run', 'etl_solar', 'transform.check_output_folder', 'manual__2022-12-11T08:10:48.533274+00:00', '--job-id', '40', '--raw', '--subdir', 'DAGS_FOLDER/dag_preprocess.py', '--cfg-path', '/tmp/tmp6fw3j85l']
[2022-12-11T08:11:28.939+0000] {standard_task_runner.py:83} INFO - Job 40: Subtask transform.check_output_folder
[2022-12-11T08:11:29.266+0000] {task_command.py:376} INFO - Running <TaskInstance: etl_solar.transform.check_output_folder manual__2022-12-11T08:10:48.533274+00:00 [running]> on host 01c108b234e9
[2022-12-11T08:11:29.617+0000] {taskinstance.py:1592} INFO - Exporting the following env vars:
AIRFLOW_CTX_DAG_OWNER=***
AIRFLOW_CTX_DAG_ID=etl_solar
AIRFLOW_CTX_TASK_ID=transform.check_output_folder
AIRFLOW_CTX_EXECUTION_DATE=2022-12-11T08:10:48.533274+00:00
AIRFLOW_CTX_TRY_NUMBER=1
AIRFLOW_CTX_DAG_RUN_ID=manual__2022-12-11T08:10:48.533274+00:00
[2022-12-11T08:11:29.622+0000] {subprocess.py:63} INFO - Tmp dir root location: 
 /tmp
[2022-12-11T08:11:29.625+0000] {subprocess.py:75} INFO - Running command: ['/bin/bash', '-c', '/opt/***/utilities/make_folder.sh /opt/***/storage/output/2022-12-11']
[2022-12-11T08:11:29.660+0000] {subprocess.py:86} INFO - Output:
[2022-12-11T08:11:29.710+0000] {subprocess.py:97} INFO - Command exited with return code 0
[2022-12-11T08:11:29.820+0000] {taskinstance.py:1406} INFO - Marking task as SUCCESS. dag_id=etl_solar, task_id=transform.check_output_folder, execution_date=20221211T081048, start_date=20221211T081128, end_date=20221211T081129
[2022-12-11T08:11:29.906+0000] {local_task_job.py:164} INFO - Task exited with return code 0
[2022-12-11T08:11:30.081+0000] {local_task_job.py:273} INFO - 3 downstream tasks scheduled from follow-on schedule check
