[2022-11-22 05:06:34,142] {taskinstance.py:1159} INFO - Dependencies all met for <TaskInstance: etl_solar.weather_transform.preprocess_weather manual__2022-11-22T05:06:13.071295+00:00 [queued]>
[2022-11-22 05:06:34,195] {taskinstance.py:1159} INFO - Dependencies all met for <TaskInstance: etl_solar.weather_transform.preprocess_weather manual__2022-11-22T05:06:13.071295+00:00 [queued]>
[2022-11-22 05:06:34,196] {taskinstance.py:1356} INFO - 
--------------------------------------------------------------------------------
[2022-11-22 05:06:34,198] {taskinstance.py:1357} INFO - Starting attempt 1 of 1
[2022-11-22 05:06:34,199] {taskinstance.py:1358} INFO - 
--------------------------------------------------------------------------------
[2022-11-22 05:06:34,286] {taskinstance.py:1377} INFO - Executing <Task(PythonOperator): weather_transform.preprocess_weather> on 2022-11-22 05:06:13.071295+00:00
[2022-11-22 05:06:34,306] {standard_task_runner.py:52} INFO - Started process 451 to run task
[2022-11-22 05:06:34,321] {standard_task_runner.py:79} INFO - Running: ['***', 'tasks', 'run', 'etl_solar', 'weather_transform.preprocess_weather', 'manual__2022-11-22T05:06:13.071295+00:00', '--job-id', '230', '--raw', '--subdir', 'DAGS_FOLDER/dag_preprocess.py', '--cfg-path', '/tmp/tmp1xzgl1s0', '--error-file', '/tmp/tmp30i7jwmi']
[2022-11-22 05:06:34,325] {standard_task_runner.py:80} INFO - Job 230: Subtask weather_transform.preprocess_weather
[2022-11-22 05:06:34,639] {task_command.py:369} INFO - Running <TaskInstance: etl_solar.weather_transform.preprocess_weather manual__2022-11-22T05:06:13.071295+00:00 [running]> on host 8a647070b091
[2022-11-22 05:06:35,129] {taskinstance.py:1571} INFO - Exporting the following env vars:
AIRFLOW_CTX_DAG_OWNER=***
AIRFLOW_CTX_DAG_ID=etl_solar
AIRFLOW_CTX_TASK_ID=weather_transform.preprocess_weather
AIRFLOW_CTX_EXECUTION_DATE=2022-11-22T05:06:13.071295+00:00
AIRFLOW_CTX_TRY_NUMBER=1
AIRFLOW_CTX_DAG_RUN_ID=manual__2022-11-22T05:06:13.071295+00:00
[2022-11-22 05:06:35,222] {taskinstance.py:1889} ERROR - Task failed with exception
Traceback (most recent call last):
  File "/home/airflow/.local/lib/python3.7/site-packages/airflow/operators/python.py", line 171, in execute
    return_value = self.execute_callable()
  File "/home/airflow/.local/lib/python3.7/site-packages/airflow/operators/python.py", line 189, in execute_callable
    return self.python_callable(*self.op_args, **self.op_kwargs)
  File "/opt/airflow/dags/preprocess/preprocess.py", line 56, in weather_preprocess
    df=interpolation(df=df,col="Forecast_Time")
  File "/opt/airflow/dags/preprocess/preprocess.py", line 40, in interpolation
    new_df=pd.merge(new_df,df,on=col,how='outer')
  File "/home/airflow/.local/lib/python3.7/site-packages/pandas/core/reshape/merge.py", line 119, in merge
    validate=validate,
  File "/home/airflow/.local/lib/python3.7/site-packages/pandas/core/reshape/merge.py", line 703, in __init__
    self._maybe_coerce_merge_keys()
  File "/home/airflow/.local/lib/python3.7/site-packages/pandas/core/reshape/merge.py", line 1260, in _maybe_coerce_merge_keys
    raise ValueError(msg)
ValueError: You are trying to merge on datetime64[ns] and object columns. If you wish to proceed you should use pd.concat
[2022-11-22 05:06:35,280] {taskinstance.py:1400} INFO - Marking task as FAILED. dag_id=etl_solar, task_id=weather_transform.preprocess_weather, execution_date=20221122T050613, start_date=20221122T050634, end_date=20221122T050635
[2022-11-22 05:06:35,343] {standard_task_runner.py:97} ERROR - Failed to execute job 230 for task weather_transform.preprocess_weather (You are trying to merge on datetime64[ns] and object columns. If you wish to proceed you should use pd.concat; 451)
[2022-11-22 05:06:35,385] {local_task_job.py:156} INFO - Task exited with return code 1
[2022-11-22 05:06:35,542] {local_task_job.py:273} INFO - 0 downstream tasks scheduled from follow-on schedule check
