[2022-12-11T08:28:05.590+0000] {taskinstance.py:1165} INFO - Dependencies all met for <TaskInstance: etl_solar.transform.preprocess_geography manual__2022-12-11T08:27:12.513573+00:00 [queued]>
[2022-12-11T08:28:05.662+0000] {taskinstance.py:1165} INFO - Dependencies all met for <TaskInstance: etl_solar.transform.preprocess_geography manual__2022-12-11T08:27:12.513573+00:00 [queued]>
[2022-12-11T08:28:05.665+0000] {taskinstance.py:1362} INFO - 
--------------------------------------------------------------------------------
[2022-12-11T08:28:05.666+0000] {taskinstance.py:1363} INFO - Starting attempt 1 of 1
[2022-12-11T08:28:05.668+0000] {taskinstance.py:1364} INFO - 
--------------------------------------------------------------------------------
[2022-12-11T08:28:05.780+0000] {taskinstance.py:1383} INFO - Executing <Task(PythonOperator): transform.preprocess_geography> on 2022-12-11 08:27:12.513573+00:00
[2022-12-11T08:28:05.801+0000] {standard_task_runner.py:55} INFO - Started process 515 to run task
[2022-12-11T08:28:05.824+0000] {standard_task_runner.py:82} INFO - Running: ['***', 'tasks', 'run', 'etl_solar', 'transform.preprocess_geography', 'manual__2022-12-11T08:27:12.513573+00:00', '--job-id', '133', '--raw', '--subdir', 'DAGS_FOLDER/dag_preprocess.py', '--cfg-path', '/tmp/tmp4gjanb6c']
[2022-12-11T08:28:05.835+0000] {standard_task_runner.py:83} INFO - Job 133: Subtask transform.preprocess_geography
[2022-12-11T08:28:06.167+0000] {task_command.py:376} INFO - Running <TaskInstance: etl_solar.transform.preprocess_geography manual__2022-12-11T08:27:12.513573+00:00 [running]> on host 01c108b234e9
[2022-12-11T08:28:06.626+0000] {taskinstance.py:1592} INFO - Exporting the following env vars:
AIRFLOW_CTX_DAG_OWNER=***
AIRFLOW_CTX_DAG_ID=etl_solar
AIRFLOW_CTX_TASK_ID=transform.preprocess_geography
AIRFLOW_CTX_EXECUTION_DATE=2022-12-11T08:27:12.513573+00:00
AIRFLOW_CTX_TRY_NUMBER=1
AIRFLOW_CTX_DAG_RUN_ID=manual__2022-12-11T08:27:12.513573+00:00
[2022-12-11T08:28:06.666+0000] {logging_mixin.py:120} INFO - ['altitudeMeridian', 'altitude_09', 'altitude_12', 'altitude_15', 'altitude_18', 'azimuth_09', 'azimuth_12', 'azimuth_15', 'azimuth_18']
[2022-12-11T08:28:06.711+0000] {python.py:177} INFO - Done. Returned value was: None
[2022-12-11T08:28:06.763+0000] {taskinstance.py:1406} INFO - Marking task as SUCCESS. dag_id=etl_solar, task_id=transform.preprocess_geography, execution_date=20221211T082712, start_date=20221211T082805, end_date=20221211T082806
[2022-12-11T08:28:06.858+0000] {local_task_job.py:164} INFO - Task exited with return code 0
[2022-12-11T08:28:07.136+0000] {local_task_job.py:273} INFO - 0 downstream tasks scheduled from follow-on schedule check
