[2022-11-22 05:06:30,017] {taskinstance.py:1159} INFO - Dependencies all met for <TaskInstance: etl_solar.load_files.extract_weather_info manual__2022-11-22T05:06:13.071295+00:00 [queued]>
[2022-11-22 05:06:30,076] {taskinstance.py:1159} INFO - Dependencies all met for <TaskInstance: etl_solar.load_files.extract_weather_info manual__2022-11-22T05:06:13.071295+00:00 [queued]>
[2022-11-22 05:06:30,078] {taskinstance.py:1356} INFO - 
--------------------------------------------------------------------------------
[2022-11-22 05:06:30,079] {taskinstance.py:1357} INFO - Starting attempt 1 of 1
[2022-11-22 05:06:30,080] {taskinstance.py:1358} INFO - 
--------------------------------------------------------------------------------
[2022-11-22 05:06:30,168] {taskinstance.py:1377} INFO - Executing <Task(PythonOperator): load_files.extract_weather_info> on 2022-11-22 05:06:13.071295+00:00
[2022-11-22 05:06:30,190] {standard_task_runner.py:52} INFO - Started process 446 to run task
[2022-11-22 05:06:30,209] {standard_task_runner.py:79} INFO - Running: ['***', 'tasks', 'run', 'etl_solar', 'load_files.extract_weather_info', 'manual__2022-11-22T05:06:13.071295+00:00', '--job-id', '229', '--raw', '--subdir', 'DAGS_FOLDER/dag_preprocess.py', '--cfg-path', '/tmp/tmp793h6opx', '--error-file', '/tmp/tmpqc_0pg55']
[2022-11-22 05:06:30,216] {standard_task_runner.py:80} INFO - Job 229: Subtask load_files.extract_weather_info
[2022-11-22 05:06:30,545] {task_command.py:369} INFO - Running <TaskInstance: etl_solar.load_files.extract_weather_info manual__2022-11-22T05:06:13.071295+00:00 [running]> on host 8a647070b091
[2022-11-22 05:06:31,045] {taskinstance.py:1571} INFO - Exporting the following env vars:
AIRFLOW_CTX_DAG_OWNER=***
AIRFLOW_CTX_DAG_ID=etl_solar
AIRFLOW_CTX_TASK_ID=load_files.extract_weather_info
AIRFLOW_CTX_EXECUTION_DATE=2022-11-22T05:06:13.071295+00:00
AIRFLOW_CTX_TRY_NUMBER=1
AIRFLOW_CTX_DAG_RUN_ID=manual__2022-11-22T05:06:13.071295+00:00
[2022-11-22 05:06:31,086] {base.py:68} INFO - Using connection ID 'mysql_solar' for task execution.
[2022-11-22 05:06:31,251] {python.py:173} INFO - Done. Returned value was: None
[2022-11-22 05:06:31,451] {taskinstance.py:1400} INFO - Marking task as SUCCESS. dag_id=etl_solar, task_id=load_files.extract_weather_info, execution_date=20221122T050613, start_date=20221122T050630, end_date=20221122T050631
[2022-11-22 05:06:31,557] {local_task_job.py:156} INFO - Task exited with return code 0
[2022-11-22 05:06:31,796] {local_task_job.py:273} INFO - 0 downstream tasks scheduled from follow-on schedule check
