[2022-12-11T08:11:09.637+0000] {taskinstance.py:1165} INFO - Dependencies all met for <TaskInstance: etl_solar.convert_to_csv.check_input_folder manual__2022-12-11T08:10:48.533274+00:00 [queued]>
[2022-12-11T08:11:09.685+0000] {taskinstance.py:1165} INFO - Dependencies all met for <TaskInstance: etl_solar.convert_to_csv.check_input_folder manual__2022-12-11T08:10:48.533274+00:00 [queued]>
[2022-12-11T08:11:09.686+0000] {taskinstance.py:1362} INFO - 
--------------------------------------------------------------------------------
[2022-12-11T08:11:09.688+0000] {taskinstance.py:1363} INFO - Starting attempt 1 of 1
[2022-12-11T08:11:09.689+0000] {taskinstance.py:1364} INFO - 
--------------------------------------------------------------------------------
[2022-12-11T08:11:09.763+0000] {taskinstance.py:1383} INFO - Executing <Task(BashOperator): convert_to_csv.check_input_folder> on 2022-12-11 08:10:48.533274+00:00
[2022-12-11T08:11:09.778+0000] {standard_task_runner.py:55} INFO - Started process 158 to run task
[2022-12-11T08:11:09.789+0000] {standard_task_runner.py:82} INFO - Running: ['***', 'tasks', 'run', 'etl_solar', 'convert_to_csv.check_input_folder', 'manual__2022-12-11T08:10:48.533274+00:00', '--job-id', '36', '--raw', '--subdir', 'DAGS_FOLDER/dag_preprocess.py', '--cfg-path', '/tmp/tmp6z68quwn']
[2022-12-11T08:11:09.797+0000] {standard_task_runner.py:83} INFO - Job 36: Subtask convert_to_csv.check_input_folder
[2022-12-11T08:11:10.090+0000] {task_command.py:376} INFO - Running <TaskInstance: etl_solar.convert_to_csv.check_input_folder manual__2022-12-11T08:10:48.533274+00:00 [running]> on host 01c108b234e9
[2022-12-11T08:11:10.461+0000] {taskinstance.py:1592} INFO - Exporting the following env vars:
AIRFLOW_CTX_DAG_OWNER=***
AIRFLOW_CTX_DAG_ID=etl_solar
AIRFLOW_CTX_TASK_ID=convert_to_csv.check_input_folder
AIRFLOW_CTX_EXECUTION_DATE=2022-12-11T08:10:48.533274+00:00
AIRFLOW_CTX_TRY_NUMBER=1
AIRFLOW_CTX_DAG_RUN_ID=manual__2022-12-11T08:10:48.533274+00:00
[2022-12-11T08:11:10.467+0000] {subprocess.py:63} INFO - Tmp dir root location: 
 /tmp
[2022-12-11T08:11:10.470+0000] {subprocess.py:75} INFO - Running command: ['/bin/bash', '-c', '/opt/***/utilities/make_folder.sh /opt/***/storage/input/2022-12-11']
[2022-12-11T08:11:10.511+0000] {subprocess.py:86} INFO - Output:
[2022-12-11T08:11:10.588+0000] {subprocess.py:97} INFO - Command exited with return code 0
[2022-12-11T08:11:10.717+0000] {taskinstance.py:1406} INFO - Marking task as SUCCESS. dag_id=etl_solar, task_id=convert_to_csv.check_input_folder, execution_date=20221211T081048, start_date=20221211T081109, end_date=20221211T081110
[2022-12-11T08:11:10.808+0000] {local_task_job.py:164} INFO - Task exited with return code 0
[2022-12-11T08:11:10.992+0000] {local_task_job.py:273} INFO - 2 downstream tasks scheduled from follow-on schedule check
