[2022-11-25 03:52:15,905] {taskinstance.py:1159} INFO - Dependencies all met for <TaskInstance: etl_solar.checkfiles.check_solar_table scheduled__2022-11-22T00:00:00+00:00 [queued]>
[2022-11-25 03:52:15,932] {taskinstance.py:1159} INFO - Dependencies all met for <TaskInstance: etl_solar.checkfiles.check_solar_table scheduled__2022-11-22T00:00:00+00:00 [queued]>
[2022-11-25 03:52:15,934] {taskinstance.py:1356} INFO - 
--------------------------------------------------------------------------------
[2022-11-25 03:52:15,936] {taskinstance.py:1357} INFO - Starting attempt 1 of 1
[2022-11-25 03:52:15,938] {taskinstance.py:1358} INFO - 
--------------------------------------------------------------------------------
[2022-11-25 03:52:15,987] {taskinstance.py:1377} INFO - Executing <Task(MySqlOperator): checkfiles.check_solar_table> on 2022-11-22 00:00:00+00:00
[2022-11-25 03:52:16,003] {standard_task_runner.py:52} INFO - Started process 72 to run task
[2022-11-25 03:52:16,031] {standard_task_runner.py:79} INFO - Running: ['***', 'tasks', 'run', 'etl_solar', 'checkfiles.check_solar_table', 'scheduled__2022-11-22T00:00:00+00:00', '--job-id', '271', '--raw', '--subdir', 'DAGS_FOLDER/dag_preprocess.py', '--cfg-path', '/tmp/tmpmgtr61l8', '--error-file', '/tmp/tmpcu5qbkxb']
[2022-11-25 03:52:16,038] {standard_task_runner.py:80} INFO - Job 271: Subtask checkfiles.check_solar_table
[2022-11-25 03:52:16,163] {warnings.py:110} WARNING - /home/***/.local/lib/python3.7/site-packages/***/configuration.py:470: DeprecationWarning: The sql_alchemy_conn option in [core] has been moved to the sql_alchemy_conn option in [database] - the old setting has been used, but please update your config.
  option = self._get_environment_variables(deprecated_key, deprecated_section, key, section)

[2022-11-25 03:52:16,422] {task_command.py:369} INFO - Running <TaskInstance: etl_solar.checkfiles.check_solar_table scheduled__2022-11-22T00:00:00+00:00 [running]> on host 8a647070b091
[2022-11-25 03:52:16,777] {taskinstance.py:1571} INFO - Exporting the following env vars:
AIRFLOW_CTX_DAG_OWNER=***
AIRFLOW_CTX_DAG_ID=etl_solar
AIRFLOW_CTX_TASK_ID=checkfiles.check_solar_table
AIRFLOW_CTX_EXECUTION_DATE=2022-11-22T00:00:00+00:00
AIRFLOW_CTX_TRY_NUMBER=1
AIRFLOW_CTX_DAG_RUN_ID=scheduled__2022-11-22T00:00:00+00:00
[2022-11-25 03:52:16,782] {mysql.py:82} INFO - Executing: 


CREATE TABLE IF NOT EXISTS geography(
                locdate VARCHAR(40),
                location VARCHAR(40),
                updated_date CHAR(10),
                altitudeMeridian VARCHAR(13),
                altitude_09 VARCHAR(20),
                altitude_12 VARCHAR(20),
                altitude_15 VARCHAR(20),
                altitude_18 VARCHAR(20),
                azimuth_09 VARCHAR(20),
                azimuth_12 VARCHAR(20),
                azimuth_15 VARCHAR(20),
                azimuth_18 VARCHAR(20),
                primary key(locdate,location))
[2022-11-25 03:52:16,867] {base.py:68} INFO - Using connection ID 'mysql_solar' for task execution.
[2022-11-25 03:52:17,075] {local_task_job.py:84} ERROR - Received SIGTERM. Terminating subprocesses
[2022-11-25 03:52:17,112] {process_utils.py:129} INFO - Sending Signals.SIGTERM to group 72. PIDs of all processes in the group: [72]
[2022-11-25 03:52:17,113] {process_utils.py:80} INFO - Sending the signal Signals.SIGTERM to group 72
[2022-11-25 03:52:18,996] {taskinstance.py:1541} ERROR - Received SIGTERM. Terminating subprocesses.
