[2022-12-11T08:11:15.746+0000] {taskinstance.py:1165} INFO - Dependencies all met for <TaskInstance: etl_solar.convert_to_csv.extract_geography_info manual__2022-12-11T08:10:48.533274+00:00 [queued]>
[2022-12-11T08:11:15.793+0000] {taskinstance.py:1165} INFO - Dependencies all met for <TaskInstance: etl_solar.convert_to_csv.extract_geography_info manual__2022-12-11T08:10:48.533274+00:00 [queued]>
[2022-12-11T08:11:15.795+0000] {taskinstance.py:1362} INFO - 
--------------------------------------------------------------------------------
[2022-12-11T08:11:15.797+0000] {taskinstance.py:1363} INFO - Starting attempt 1 of 1
[2022-12-11T08:11:15.799+0000] {taskinstance.py:1364} INFO - 
--------------------------------------------------------------------------------
[2022-12-11T08:11:15.866+0000] {taskinstance.py:1383} INFO - Executing <Task(PythonOperator): convert_to_csv.extract_geography_info> on 2022-12-11 08:10:48.533274+00:00
[2022-12-11T08:11:15.881+0000] {standard_task_runner.py:55} INFO - Started process 166 to run task
[2022-12-11T08:11:15.893+0000] {standard_task_runner.py:82} INFO - Running: ['***', 'tasks', 'run', 'etl_solar', 'convert_to_csv.extract_geography_info', 'manual__2022-12-11T08:10:48.533274+00:00', '--job-id', '38', '--raw', '--subdir', 'DAGS_FOLDER/dag_preprocess.py', '--cfg-path', '/tmp/tmpw0mkmk5h']
[2022-12-11T08:11:15.901+0000] {standard_task_runner.py:83} INFO - Job 38: Subtask convert_to_csv.extract_geography_info
[2022-12-11T08:11:16.161+0000] {task_command.py:376} INFO - Running <TaskInstance: etl_solar.convert_to_csv.extract_geography_info manual__2022-12-11T08:10:48.533274+00:00 [running]> on host 01c108b234e9
[2022-12-11T08:11:16.507+0000] {taskinstance.py:1592} INFO - Exporting the following env vars:
AIRFLOW_CTX_DAG_OWNER=***
AIRFLOW_CTX_DAG_ID=etl_solar
AIRFLOW_CTX_TASK_ID=convert_to_csv.extract_geography_info
AIRFLOW_CTX_EXECUTION_DATE=2022-12-11T08:10:48.533274+00:00
AIRFLOW_CTX_TRY_NUMBER=1
AIRFLOW_CTX_DAG_RUN_ID=manual__2022-12-11T08:10:48.533274+00:00
[2022-12-11T08:11:16.546+0000] {base.py:71} INFO - Using connection ID 'mysql_solar' for task execution.
[2022-12-11T08:11:16.702+0000] {python.py:177} INFO - Done. Returned value was: None
[2022-12-11T08:11:16.748+0000] {taskinstance.py:1406} INFO - Marking task as SUCCESS. dag_id=etl_solar, task_id=convert_to_csv.extract_geography_info, execution_date=20221211T081048, start_date=20221211T081115, end_date=20221211T081116
[2022-12-11T08:11:16.829+0000] {local_task_job.py:164} INFO - Task exited with return code 0
[2022-12-11T08:11:17.083+0000] {local_task_job.py:273} INFO - 1 downstream tasks scheduled from follow-on schedule check
