[2022-11-20 06:04:58,344] {taskinstance.py:877} INFO - Dependencies all met for <TaskInstance: etl_solar.checkfiles.check_energy_1 2022-11-20T06:04:52.816288+00:00 [queued]>
[2022-11-20 06:04:58,439] {taskinstance.py:877} INFO - Dependencies all met for <TaskInstance: etl_solar.checkfiles.check_energy_1 2022-11-20T06:04:52.816288+00:00 [queued]>
[2022-11-20 06:04:58,443] {taskinstance.py:1068} INFO - 
--------------------------------------------------------------------------------
[2022-11-20 06:04:58,446] {taskinstance.py:1069} INFO - Starting attempt 1 of 1
[2022-11-20 06:04:58,448] {taskinstance.py:1070} INFO - 
--------------------------------------------------------------------------------
[2022-11-20 06:04:58,538] {taskinstance.py:1089} INFO - Executing <Task(BashOperator): checkfiles.check_energy_1> on 2022-11-20T06:04:52.816288+00:00
[2022-11-20 06:04:58,560] {standard_task_runner.py:52} INFO - Started process 69 to run task
[2022-11-20 06:04:58,592] {standard_task_runner.py:76} INFO - Running: ['airflow', 'tasks', 'run', 'etl_solar', 'checkfiles.check_energy_1', '2022-11-20T06:04:52.816288+00:00', '--job-id', '20', '--pool', 'default_pool', '--raw', '--subdir', 'DAGS_FOLDER/dag_preprocess.py', '--cfg-path', '/tmp/tmpkrzmxzek', '--error-file', '/tmp/tmpucv9zbo3']
[2022-11-20 06:04:58,594] {standard_task_runner.py:77} INFO - Job 20: Subtask checkfiles.check_energy_1
[2022-11-20 06:04:58,823] {logging_mixin.py:104} INFO - Running <TaskInstance: etl_solar.checkfiles.check_energy_1 2022-11-20T06:04:52.816288+00:00 [running]> on host cc7a6235a592
[2022-11-20 06:04:59,049] {taskinstance.py:1283} INFO - Exporting the following env vars:
AIRFLOW_CTX_DAG_OWNER=airflow
AIRFLOW_CTX_DAG_ID=etl_solar
AIRFLOW_CTX_TASK_ID=checkfiles.check_energy_1
AIRFLOW_CTX_EXECUTION_DATE=2022-11-20T06:04:52.816288+00:00
AIRFLOW_CTX_DAG_RUN_ID=manual__2022-11-20T06:04:52.816288+00:00
[2022-11-20 06:04:59,057] {bash.py:135} INFO - Tmp dir root location: 
 /tmp
[2022-11-20 06:04:59,062] {bash.py:158} INFO - Running command: sleep 10
[2022-11-20 06:04:59,117] {bash.py:169} INFO - Output:
[2022-11-20 06:05:09,132] {bash.py:177} INFO - Command exited with return code 0
[2022-11-20 06:05:09,305] {taskinstance.py:1192} INFO - Marking task as SUCCESS. dag_id=etl_solar, task_id=checkfiles.check_energy_1, execution_date=20221120T060452, start_date=20221120T060458, end_date=20221120T060509
[2022-11-20 06:05:09,454] {taskinstance.py:1246} INFO - 1 downstream tasks scheduled from follow-on schedule check
[2022-11-20 06:05:09,490] {local_task_job.py:146} INFO - Task exited with return code 0
