[2022-11-25 03:52:10,751] {processor.py:153} INFO - Started process (PID=52) to work on /opt/airflow/dags/groups/group_check.py
[2022-11-25 03:52:10,752] {processor.py:641} INFO - Processing file /opt/airflow/dags/groups/group_check.py for tasks to queue
[2022-11-25 03:52:10,753] {logging_mixin.py:115} INFO - [2022-11-25 03:52:10,753] {dagbag.py:507} INFO - Filling up the DagBag from /opt/airflow/dags/groups/group_check.py
[2022-11-25 03:52:10,800] {processor.py:653} WARNING - No viable dags retrieved from /opt/airflow/dags/groups/group_check.py
[2022-11-25 03:52:10,856] {processor.py:161} INFO - Processing /opt/airflow/dags/groups/group_check.py took 0.109 seconds
[2022-11-25 07:49:20,234] {processor.py:153} INFO - Started process (PID=40) to work on /opt/airflow/dags/groups/group_check.py
[2022-11-25 07:49:20,237] {processor.py:641} INFO - Processing file /opt/airflow/dags/groups/group_check.py for tasks to queue
[2022-11-25 07:49:20,237] {logging_mixin.py:115} INFO - [2022-11-25 07:49:20,237] {dagbag.py:507} INFO - Filling up the DagBag from /opt/airflow/dags/groups/group_check.py
[2022-11-25 07:49:20,275] {processor.py:653} WARNING - No viable dags retrieved from /opt/airflow/dags/groups/group_check.py
[2022-11-25 07:49:20,295] {processor.py:161} INFO - Processing /opt/airflow/dags/groups/group_check.py took 0.065 seconds
[2022-11-25 07:49:50,402] {processor.py:153} INFO - Started process (PID=47) to work on /opt/airflow/dags/groups/group_check.py
[2022-11-25 07:49:50,403] {processor.py:641} INFO - Processing file /opt/airflow/dags/groups/group_check.py for tasks to queue
[2022-11-25 07:49:50,404] {logging_mixin.py:115} INFO - [2022-11-25 07:49:50,404] {dagbag.py:507} INFO - Filling up the DagBag from /opt/airflow/dags/groups/group_check.py
[2022-11-25 07:49:50,447] {processor.py:653} WARNING - No viable dags retrieved from /opt/airflow/dags/groups/group_check.py
[2022-11-25 07:49:50,465] {processor.py:161} INFO - Processing /opt/airflow/dags/groups/group_check.py took 0.068 seconds
[2022-11-25 07:50:21,006] {processor.py:153} INFO - Started process (PID=54) to work on /opt/airflow/dags/groups/group_check.py
[2022-11-25 07:50:21,007] {processor.py:641} INFO - Processing file /opt/airflow/dags/groups/group_check.py for tasks to queue
[2022-11-25 07:50:21,008] {logging_mixin.py:115} INFO - [2022-11-25 07:50:21,008] {dagbag.py:507} INFO - Filling up the DagBag from /opt/airflow/dags/groups/group_check.py
[2022-11-25 07:50:21,054] {processor.py:653} WARNING - No viable dags retrieved from /opt/airflow/dags/groups/group_check.py
[2022-11-25 07:50:21,072] {processor.py:161} INFO - Processing /opt/airflow/dags/groups/group_check.py took 0.070 seconds
[2022-11-25 07:50:51,280] {processor.py:153} INFO - Started process (PID=60) to work on /opt/airflow/dags/groups/group_check.py
[2022-11-25 07:50:51,282] {processor.py:641} INFO - Processing file /opt/airflow/dags/groups/group_check.py for tasks to queue
[2022-11-25 07:50:51,283] {logging_mixin.py:115} INFO - [2022-11-25 07:50:51,283] {dagbag.py:507} INFO - Filling up the DagBag from /opt/airflow/dags/groups/group_check.py
[2022-11-25 07:50:51,321] {processor.py:653} WARNING - No viable dags retrieved from /opt/airflow/dags/groups/group_check.py
[2022-11-25 07:50:51,338] {processor.py:161} INFO - Processing /opt/airflow/dags/groups/group_check.py took 0.061 seconds
[2022-11-25 07:51:21,896] {processor.py:153} INFO - Started process (PID=67) to work on /opt/airflow/dags/groups/group_check.py
[2022-11-25 07:51:21,898] {processor.py:641} INFO - Processing file /opt/airflow/dags/groups/group_check.py for tasks to queue
[2022-11-25 07:51:21,899] {logging_mixin.py:115} INFO - [2022-11-25 07:51:21,899] {dagbag.py:507} INFO - Filling up the DagBag from /opt/airflow/dags/groups/group_check.py
[2022-11-25 07:51:21,950] {processor.py:653} WARNING - No viable dags retrieved from /opt/airflow/dags/groups/group_check.py
[2022-11-25 07:51:21,974] {processor.py:161} INFO - Processing /opt/airflow/dags/groups/group_check.py took 0.087 seconds
[2022-11-25 07:51:52,104] {processor.py:153} INFO - Started process (PID=74) to work on /opt/airflow/dags/groups/group_check.py
[2022-11-25 07:51:52,105] {processor.py:641} INFO - Processing file /opt/airflow/dags/groups/group_check.py for tasks to queue
[2022-11-25 07:51:52,107] {logging_mixin.py:115} INFO - [2022-11-25 07:51:52,107] {dagbag.py:507} INFO - Filling up the DagBag from /opt/airflow/dags/groups/group_check.py
[2022-11-25 07:51:52,153] {processor.py:653} WARNING - No viable dags retrieved from /opt/airflow/dags/groups/group_check.py
[2022-11-25 07:51:52,175] {processor.py:161} INFO - Processing /opt/airflow/dags/groups/group_check.py took 0.078 seconds
[2022-11-25 07:52:22,943] {processor.py:153} INFO - Started process (PID=81) to work on /opt/airflow/dags/groups/group_check.py
[2022-11-25 07:52:22,943] {processor.py:641} INFO - Processing file /opt/airflow/dags/groups/group_check.py for tasks to queue
[2022-11-25 07:52:22,944] {logging_mixin.py:115} INFO - [2022-11-25 07:52:22,944] {dagbag.py:507} INFO - Filling up the DagBag from /opt/airflow/dags/groups/group_check.py
[2022-11-25 07:52:22,986] {processor.py:653} WARNING - No viable dags retrieved from /opt/airflow/dags/groups/group_check.py
[2022-11-25 07:52:23,011] {processor.py:161} INFO - Processing /opt/airflow/dags/groups/group_check.py took 0.073 seconds
[2022-11-25 07:52:53,055] {processor.py:153} INFO - Started process (PID=88) to work on /opt/airflow/dags/groups/group_check.py
[2022-11-25 07:52:53,056] {processor.py:641} INFO - Processing file /opt/airflow/dags/groups/group_check.py for tasks to queue
[2022-11-25 07:52:53,057] {logging_mixin.py:115} INFO - [2022-11-25 07:52:53,057] {dagbag.py:507} INFO - Filling up the DagBag from /opt/airflow/dags/groups/group_check.py
[2022-11-25 07:52:53,102] {processor.py:653} WARNING - No viable dags retrieved from /opt/airflow/dags/groups/group_check.py
[2022-11-25 07:52:53,133] {processor.py:161} INFO - Processing /opt/airflow/dags/groups/group_check.py took 0.082 seconds
[2022-11-25 07:53:23,681] {processor.py:153} INFO - Started process (PID=95) to work on /opt/airflow/dags/groups/group_check.py
[2022-11-25 07:53:23,683] {processor.py:641} INFO - Processing file /opt/airflow/dags/groups/group_check.py for tasks to queue
[2022-11-25 07:53:23,684] {logging_mixin.py:115} INFO - [2022-11-25 07:53:23,684] {dagbag.py:507} INFO - Filling up the DagBag from /opt/airflow/dags/groups/group_check.py
[2022-11-25 07:53:23,730] {processor.py:653} WARNING - No viable dags retrieved from /opt/airflow/dags/groups/group_check.py
[2022-11-25 07:53:23,747] {processor.py:161} INFO - Processing /opt/airflow/dags/groups/group_check.py took 0.072 seconds
[2022-11-25 07:53:54,360] {processor.py:153} INFO - Started process (PID=102) to work on /opt/airflow/dags/groups/group_check.py
[2022-11-25 07:53:54,361] {processor.py:641} INFO - Processing file /opt/airflow/dags/groups/group_check.py for tasks to queue
[2022-11-25 07:53:54,362] {logging_mixin.py:115} INFO - [2022-11-25 07:53:54,362] {dagbag.py:507} INFO - Filling up the DagBag from /opt/airflow/dags/groups/group_check.py
[2022-11-25 07:53:54,392] {processor.py:653} WARNING - No viable dags retrieved from /opt/airflow/dags/groups/group_check.py
[2022-11-25 07:53:54,408] {processor.py:161} INFO - Processing /opt/airflow/dags/groups/group_check.py took 0.052 seconds
[2022-11-25 07:54:25,029] {processor.py:153} INFO - Started process (PID=109) to work on /opt/airflow/dags/groups/group_check.py
[2022-11-25 07:54:25,030] {processor.py:641} INFO - Processing file /opt/airflow/dags/groups/group_check.py for tasks to queue
[2022-11-25 07:54:25,031] {logging_mixin.py:115} INFO - [2022-11-25 07:54:25,031] {dagbag.py:507} INFO - Filling up the DagBag from /opt/airflow/dags/groups/group_check.py
[2022-11-25 07:54:25,088] {processor.py:653} WARNING - No viable dags retrieved from /opt/airflow/dags/groups/group_check.py
[2022-11-25 07:54:25,105] {processor.py:161} INFO - Processing /opt/airflow/dags/groups/group_check.py took 0.081 seconds
[2022-11-25 07:54:55,689] {processor.py:153} INFO - Started process (PID=116) to work on /opt/airflow/dags/groups/group_check.py
[2022-11-25 07:54:55,692] {processor.py:641} INFO - Processing file /opt/airflow/dags/groups/group_check.py for tasks to queue
[2022-11-25 07:54:55,694] {logging_mixin.py:115} INFO - [2022-11-25 07:54:55,694] {dagbag.py:507} INFO - Filling up the DagBag from /opt/airflow/dags/groups/group_check.py
[2022-11-25 07:54:55,755] {processor.py:653} WARNING - No viable dags retrieved from /opt/airflow/dags/groups/group_check.py
[2022-11-25 07:54:55,776] {processor.py:161} INFO - Processing /opt/airflow/dags/groups/group_check.py took 0.095 seconds
[2022-11-25 07:55:25,946] {processor.py:153} INFO - Started process (PID=123) to work on /opt/airflow/dags/groups/group_check.py
[2022-11-25 07:55:25,948] {processor.py:641} INFO - Processing file /opt/airflow/dags/groups/group_check.py for tasks to queue
[2022-11-25 07:55:25,950] {logging_mixin.py:115} INFO - [2022-11-25 07:55:25,950] {dagbag.py:507} INFO - Filling up the DagBag from /opt/airflow/dags/groups/group_check.py
[2022-11-25 07:55:26,027] {processor.py:653} WARNING - No viable dags retrieved from /opt/airflow/dags/groups/group_check.py
[2022-11-25 07:55:26,051] {processor.py:161} INFO - Processing /opt/airflow/dags/groups/group_check.py took 0.117 seconds
[2022-11-25 07:55:56,668] {processor.py:153} INFO - Started process (PID=130) to work on /opt/airflow/dags/groups/group_check.py
[2022-11-25 07:55:56,669] {processor.py:641} INFO - Processing file /opt/airflow/dags/groups/group_check.py for tasks to queue
[2022-11-25 07:55:56,670] {logging_mixin.py:115} INFO - [2022-11-25 07:55:56,670] {dagbag.py:507} INFO - Filling up the DagBag from /opt/airflow/dags/groups/group_check.py
[2022-11-25 07:55:56,701] {processor.py:653} WARNING - No viable dags retrieved from /opt/airflow/dags/groups/group_check.py
[2022-11-25 07:55:56,720] {processor.py:161} INFO - Processing /opt/airflow/dags/groups/group_check.py took 0.056 seconds
[2022-11-25 07:56:26,877] {processor.py:153} INFO - Started process (PID=137) to work on /opt/airflow/dags/groups/group_check.py
[2022-11-25 07:56:26,879] {processor.py:641} INFO - Processing file /opt/airflow/dags/groups/group_check.py for tasks to queue
[2022-11-25 07:56:26,880] {logging_mixin.py:115} INFO - [2022-11-25 07:56:26,880] {dagbag.py:507} INFO - Filling up the DagBag from /opt/airflow/dags/groups/group_check.py
[2022-11-25 07:56:26,950] {processor.py:653} WARNING - No viable dags retrieved from /opt/airflow/dags/groups/group_check.py
[2022-11-25 07:56:26,989] {processor.py:161} INFO - Processing /opt/airflow/dags/groups/group_check.py took 0.118 seconds
[2022-11-25 07:56:57,362] {processor.py:153} INFO - Started process (PID=144) to work on /opt/airflow/dags/groups/group_check.py
[2022-11-25 07:56:57,364] {processor.py:641} INFO - Processing file /opt/airflow/dags/groups/group_check.py for tasks to queue
[2022-11-25 07:56:57,366] {logging_mixin.py:115} INFO - [2022-11-25 07:56:57,366] {dagbag.py:507} INFO - Filling up the DagBag from /opt/airflow/dags/groups/group_check.py
[2022-11-25 07:56:57,437] {processor.py:653} WARNING - No viable dags retrieved from /opt/airflow/dags/groups/group_check.py
[2022-11-25 07:56:57,458] {processor.py:161} INFO - Processing /opt/airflow/dags/groups/group_check.py took 0.103 seconds
[2022-11-25 07:57:27,582] {processor.py:153} INFO - Started process (PID=151) to work on /opt/airflow/dags/groups/group_check.py
[2022-11-25 07:57:27,583] {processor.py:641} INFO - Processing file /opt/airflow/dags/groups/group_check.py for tasks to queue
[2022-11-25 07:57:27,586] {logging_mixin.py:115} INFO - [2022-11-25 07:57:27,585] {dagbag.py:507} INFO - Filling up the DagBag from /opt/airflow/dags/groups/group_check.py
[2022-11-25 07:57:27,671] {processor.py:653} WARNING - No viable dags retrieved from /opt/airflow/dags/groups/group_check.py
[2022-11-25 07:57:27,702] {processor.py:161} INFO - Processing /opt/airflow/dags/groups/group_check.py took 0.128 seconds
[2022-11-25 07:57:58,224] {processor.py:153} INFO - Started process (PID=158) to work on /opt/airflow/dags/groups/group_check.py
[2022-11-25 07:57:58,225] {processor.py:641} INFO - Processing file /opt/airflow/dags/groups/group_check.py for tasks to queue
[2022-11-25 07:57:58,226] {logging_mixin.py:115} INFO - [2022-11-25 07:57:58,226] {dagbag.py:507} INFO - Filling up the DagBag from /opt/airflow/dags/groups/group_check.py
[2022-11-25 07:57:58,264] {processor.py:653} WARNING - No viable dags retrieved from /opt/airflow/dags/groups/group_check.py
[2022-11-25 07:57:58,281] {processor.py:161} INFO - Processing /opt/airflow/dags/groups/group_check.py took 0.061 seconds
[2022-11-25 07:58:28,413] {processor.py:153} INFO - Started process (PID=164) to work on /opt/airflow/dags/groups/group_check.py
[2022-11-25 07:58:28,414] {processor.py:641} INFO - Processing file /opt/airflow/dags/groups/group_check.py for tasks to queue
[2022-11-25 07:58:28,416] {logging_mixin.py:115} INFO - [2022-11-25 07:58:28,416] {dagbag.py:507} INFO - Filling up the DagBag from /opt/airflow/dags/groups/group_check.py
[2022-11-25 07:58:28,487] {processor.py:653} WARNING - No viable dags retrieved from /opt/airflow/dags/groups/group_check.py
[2022-11-25 07:58:28,506] {processor.py:161} INFO - Processing /opt/airflow/dags/groups/group_check.py took 0.100 seconds
[2022-11-25 07:58:59,069] {processor.py:153} INFO - Started process (PID=170) to work on /opt/airflow/dags/groups/group_check.py
[2022-11-25 07:58:59,071] {processor.py:641} INFO - Processing file /opt/airflow/dags/groups/group_check.py for tasks to queue
[2022-11-25 07:58:59,072] {logging_mixin.py:115} INFO - [2022-11-25 07:58:59,072] {dagbag.py:507} INFO - Filling up the DagBag from /opt/airflow/dags/groups/group_check.py
[2022-11-25 07:58:59,125] {processor.py:653} WARNING - No viable dags retrieved from /opt/airflow/dags/groups/group_check.py
[2022-11-25 07:58:59,147] {processor.py:161} INFO - Processing /opt/airflow/dags/groups/group_check.py took 0.085 seconds
[2022-11-25 07:59:29,396] {processor.py:153} INFO - Started process (PID=177) to work on /opt/airflow/dags/groups/group_check.py
[2022-11-25 07:59:29,397] {processor.py:641} INFO - Processing file /opt/airflow/dags/groups/group_check.py for tasks to queue
[2022-11-25 07:59:29,398] {logging_mixin.py:115} INFO - [2022-11-25 07:59:29,398] {dagbag.py:507} INFO - Filling up the DagBag from /opt/airflow/dags/groups/group_check.py
[2022-11-25 07:59:29,431] {processor.py:653} WARNING - No viable dags retrieved from /opt/airflow/dags/groups/group_check.py
[2022-11-25 07:59:29,446] {processor.py:161} INFO - Processing /opt/airflow/dags/groups/group_check.py took 0.054 seconds
[2022-11-25 07:59:59,987] {processor.py:153} INFO - Started process (PID=184) to work on /opt/airflow/dags/groups/group_check.py
[2022-11-25 07:59:59,989] {processor.py:641} INFO - Processing file /opt/airflow/dags/groups/group_check.py for tasks to queue
[2022-11-25 07:59:59,991] {logging_mixin.py:115} INFO - [2022-11-25 07:59:59,990] {dagbag.py:507} INFO - Filling up the DagBag from /opt/airflow/dags/groups/group_check.py
[2022-11-25 08:00:00,050] {processor.py:653} WARNING - No viable dags retrieved from /opt/airflow/dags/groups/group_check.py
[2022-11-25 08:00:00,068] {processor.py:161} INFO - Processing /opt/airflow/dags/groups/group_check.py took 0.088 seconds
[2022-11-25 08:00:30,707] {processor.py:153} INFO - Started process (PID=191) to work on /opt/airflow/dags/groups/group_check.py
[2022-11-25 08:00:30,709] {processor.py:641} INFO - Processing file /opt/airflow/dags/groups/group_check.py for tasks to queue
[2022-11-25 08:00:30,711] {logging_mixin.py:115} INFO - [2022-11-25 08:00:30,711] {dagbag.py:507} INFO - Filling up the DagBag from /opt/airflow/dags/groups/group_check.py
[2022-11-25 08:00:30,779] {processor.py:653} WARNING - No viable dags retrieved from /opt/airflow/dags/groups/group_check.py
[2022-11-25 08:00:30,796] {processor.py:161} INFO - Processing /opt/airflow/dags/groups/group_check.py took 0.097 seconds
[2022-11-25 08:01:01,657] {processor.py:153} INFO - Started process (PID=198) to work on /opt/airflow/dags/groups/group_check.py
[2022-11-25 08:01:01,659] {processor.py:641} INFO - Processing file /opt/airflow/dags/groups/group_check.py for tasks to queue
[2022-11-25 08:01:01,660] {logging_mixin.py:115} INFO - [2022-11-25 08:01:01,660] {dagbag.py:507} INFO - Filling up the DagBag from /opt/airflow/dags/groups/group_check.py
[2022-11-25 08:01:01,712] {processor.py:653} WARNING - No viable dags retrieved from /opt/airflow/dags/groups/group_check.py
[2022-11-25 08:01:01,737] {processor.py:161} INFO - Processing /opt/airflow/dags/groups/group_check.py took 0.086 seconds
[2022-11-25 08:01:32,323] {processor.py:153} INFO - Started process (PID=205) to work on /opt/airflow/dags/groups/group_check.py
[2022-11-25 08:01:32,325] {processor.py:641} INFO - Processing file /opt/airflow/dags/groups/group_check.py for tasks to queue
[2022-11-25 08:01:32,327] {logging_mixin.py:115} INFO - [2022-11-25 08:01:32,327] {dagbag.py:507} INFO - Filling up the DagBag from /opt/airflow/dags/groups/group_check.py
[2022-11-25 08:01:32,378] {processor.py:653} WARNING - No viable dags retrieved from /opt/airflow/dags/groups/group_check.py
[2022-11-25 08:01:32,406] {processor.py:161} INFO - Processing /opt/airflow/dags/groups/group_check.py took 0.094 seconds
[2022-11-25 08:02:03,053] {processor.py:153} INFO - Started process (PID=212) to work on /opt/airflow/dags/groups/group_check.py
[2022-11-25 08:02:03,054] {processor.py:641} INFO - Processing file /opt/airflow/dags/groups/group_check.py for tasks to queue
[2022-11-25 08:02:03,055] {logging_mixin.py:115} INFO - [2022-11-25 08:02:03,055] {dagbag.py:507} INFO - Filling up the DagBag from /opt/airflow/dags/groups/group_check.py
[2022-11-25 08:02:03,088] {processor.py:653} WARNING - No viable dags retrieved from /opt/airflow/dags/groups/group_check.py
[2022-11-25 08:02:03,104] {processor.py:161} INFO - Processing /opt/airflow/dags/groups/group_check.py took 0.055 seconds
[2022-11-25 08:02:34,136] {processor.py:153} INFO - Started process (PID=219) to work on /opt/airflow/dags/groups/group_check.py
[2022-11-25 08:02:34,137] {processor.py:641} INFO - Processing file /opt/airflow/dags/groups/group_check.py for tasks to queue
[2022-11-25 08:02:34,138] {logging_mixin.py:115} INFO - [2022-11-25 08:02:34,138] {dagbag.py:507} INFO - Filling up the DagBag from /opt/airflow/dags/groups/group_check.py
[2022-11-25 08:02:34,175] {processor.py:653} WARNING - No viable dags retrieved from /opt/airflow/dags/groups/group_check.py
[2022-11-25 08:02:34,192] {processor.py:161} INFO - Processing /opt/airflow/dags/groups/group_check.py took 0.060 seconds
[2022-11-25 08:03:04,730] {processor.py:153} INFO - Started process (PID=226) to work on /opt/airflow/dags/groups/group_check.py
[2022-11-25 08:03:04,732] {processor.py:641} INFO - Processing file /opt/airflow/dags/groups/group_check.py for tasks to queue
[2022-11-25 08:03:04,734] {logging_mixin.py:115} INFO - [2022-11-25 08:03:04,734] {dagbag.py:507} INFO - Filling up the DagBag from /opt/airflow/dags/groups/group_check.py
[2022-11-25 08:03:04,806] {processor.py:653} WARNING - No viable dags retrieved from /opt/airflow/dags/groups/group_check.py
[2022-11-25 08:03:04,836] {processor.py:161} INFO - Processing /opt/airflow/dags/groups/group_check.py took 0.115 seconds
[2022-11-25 08:03:35,424] {processor.py:153} INFO - Started process (PID=233) to work on /opt/airflow/dags/groups/group_check.py
[2022-11-25 08:03:35,425] {processor.py:641} INFO - Processing file /opt/airflow/dags/groups/group_check.py for tasks to queue
[2022-11-25 08:03:35,426] {logging_mixin.py:115} INFO - [2022-11-25 08:03:35,426] {dagbag.py:507} INFO - Filling up the DagBag from /opt/airflow/dags/groups/group_check.py
[2022-11-25 08:03:35,464] {processor.py:653} WARNING - No viable dags retrieved from /opt/airflow/dags/groups/group_check.py
[2022-11-25 08:03:35,485] {processor.py:161} INFO - Processing /opt/airflow/dags/groups/group_check.py took 0.067 seconds
[2022-11-25 08:04:06,053] {processor.py:153} INFO - Started process (PID=240) to work on /opt/airflow/dags/groups/group_check.py
[2022-11-25 08:04:06,054] {processor.py:641} INFO - Processing file /opt/airflow/dags/groups/group_check.py for tasks to queue
[2022-11-25 08:04:06,056] {logging_mixin.py:115} INFO - [2022-11-25 08:04:06,056] {dagbag.py:507} INFO - Filling up the DagBag from /opt/airflow/dags/groups/group_check.py
[2022-11-25 08:04:06,123] {processor.py:653} WARNING - No viable dags retrieved from /opt/airflow/dags/groups/group_check.py
[2022-11-25 08:04:06,148] {processor.py:161} INFO - Processing /opt/airflow/dags/groups/group_check.py took 0.100 seconds
[2022-11-25 08:04:36,233] {processor.py:153} INFO - Started process (PID=247) to work on /opt/airflow/dags/groups/group_check.py
[2022-11-25 08:04:36,234] {processor.py:641} INFO - Processing file /opt/airflow/dags/groups/group_check.py for tasks to queue
[2022-11-25 08:04:36,236] {logging_mixin.py:115} INFO - [2022-11-25 08:04:36,235] {dagbag.py:507} INFO - Filling up the DagBag from /opt/airflow/dags/groups/group_check.py
[2022-11-25 08:04:36,287] {processor.py:653} WARNING - No viable dags retrieved from /opt/airflow/dags/groups/group_check.py
[2022-11-25 08:04:36,304] {processor.py:161} INFO - Processing /opt/airflow/dags/groups/group_check.py took 0.078 seconds
[2022-11-25 08:05:06,886] {processor.py:153} INFO - Started process (PID=254) to work on /opt/airflow/dags/groups/group_check.py
[2022-11-25 08:05:06,887] {processor.py:641} INFO - Processing file /opt/airflow/dags/groups/group_check.py for tasks to queue
[2022-11-25 08:05:06,888] {logging_mixin.py:115} INFO - [2022-11-25 08:05:06,888] {dagbag.py:507} INFO - Filling up the DagBag from /opt/airflow/dags/groups/group_check.py
[2022-11-25 08:05:06,930] {processor.py:653} WARNING - No viable dags retrieved from /opt/airflow/dags/groups/group_check.py
[2022-11-25 08:05:06,996] {processor.py:161} INFO - Processing /opt/airflow/dags/groups/group_check.py took 0.114 seconds
[2022-11-25 08:05:37,824] {processor.py:153} INFO - Started process (PID=261) to work on /opt/airflow/dags/groups/group_check.py
[2022-11-25 08:05:37,824] {processor.py:641} INFO - Processing file /opt/airflow/dags/groups/group_check.py for tasks to queue
[2022-11-25 08:05:37,825] {logging_mixin.py:115} INFO - [2022-11-25 08:05:37,825] {dagbag.py:507} INFO - Filling up the DagBag from /opt/airflow/dags/groups/group_check.py
[2022-11-25 08:05:37,861] {processor.py:653} WARNING - No viable dags retrieved from /opt/airflow/dags/groups/group_check.py
[2022-11-25 08:05:37,880] {processor.py:161} INFO - Processing /opt/airflow/dags/groups/group_check.py took 0.061 seconds
[2022-11-25 08:06:08,680] {processor.py:153} INFO - Started process (PID=268) to work on /opt/airflow/dags/groups/group_check.py
[2022-11-25 08:06:08,681] {processor.py:641} INFO - Processing file /opt/airflow/dags/groups/group_check.py for tasks to queue
[2022-11-25 08:06:08,682] {logging_mixin.py:115} INFO - [2022-11-25 08:06:08,682] {dagbag.py:507} INFO - Filling up the DagBag from /opt/airflow/dags/groups/group_check.py
[2022-11-25 08:06:08,718] {processor.py:653} WARNING - No viable dags retrieved from /opt/airflow/dags/groups/group_check.py
[2022-11-25 08:06:08,737] {processor.py:161} INFO - Processing /opt/airflow/dags/groups/group_check.py took 0.061 seconds
[2022-11-25 08:06:39,287] {processor.py:153} INFO - Started process (PID=275) to work on /opt/airflow/dags/groups/group_check.py
[2022-11-25 08:06:39,287] {processor.py:641} INFO - Processing file /opt/airflow/dags/groups/group_check.py for tasks to queue
[2022-11-25 08:06:39,288] {logging_mixin.py:115} INFO - [2022-11-25 08:06:39,288] {dagbag.py:507} INFO - Filling up the DagBag from /opt/airflow/dags/groups/group_check.py
[2022-11-25 08:06:39,319] {processor.py:653} WARNING - No viable dags retrieved from /opt/airflow/dags/groups/group_check.py
[2022-11-25 08:06:39,337] {processor.py:161} INFO - Processing /opt/airflow/dags/groups/group_check.py took 0.054 seconds
[2022-11-25 08:07:09,512] {processor.py:153} INFO - Started process (PID=282) to work on /opt/airflow/dags/groups/group_check.py
[2022-11-25 08:07:09,513] {processor.py:641} INFO - Processing file /opt/airflow/dags/groups/group_check.py for tasks to queue
[2022-11-25 08:07:09,515] {logging_mixin.py:115} INFO - [2022-11-25 08:07:09,515] {dagbag.py:507} INFO - Filling up the DagBag from /opt/airflow/dags/groups/group_check.py
[2022-11-25 08:07:09,559] {processor.py:653} WARNING - No viable dags retrieved from /opt/airflow/dags/groups/group_check.py
[2022-11-25 08:07:09,580] {processor.py:161} INFO - Processing /opt/airflow/dags/groups/group_check.py took 0.075 seconds
[2022-11-25 12:21:25,906] {processor.py:153} INFO - Started process (PID=39) to work on /opt/airflow/dags/groups/group_check.py
[2022-11-25 12:21:25,909] {processor.py:641} INFO - Processing file /opt/airflow/dags/groups/group_check.py for tasks to queue
[2022-11-25 12:21:25,915] {logging_mixin.py:115} INFO - [2022-11-25 12:21:25,913] {dagbag.py:507} INFO - Filling up the DagBag from /opt/airflow/dags/groups/group_check.py
[2022-11-25 12:21:26,118] {processor.py:653} WARNING - No viable dags retrieved from /opt/airflow/dags/groups/group_check.py
[2022-11-25 12:21:26,215] {processor.py:161} INFO - Processing /opt/airflow/dags/groups/group_check.py took 0.333 seconds
[2022-11-25 12:21:57,510] {processor.py:153} INFO - Started process (PID=44) to work on /opt/airflow/dags/groups/group_check.py
[2022-11-25 12:21:57,514] {processor.py:641} INFO - Processing file /opt/airflow/dags/groups/group_check.py for tasks to queue
[2022-11-25 12:21:57,518] {logging_mixin.py:115} INFO - [2022-11-25 12:21:57,518] {dagbag.py:507} INFO - Filling up the DagBag from /opt/airflow/dags/groups/group_check.py
[2022-11-25 12:21:57,621] {processor.py:653} WARNING - No viable dags retrieved from /opt/airflow/dags/groups/group_check.py
[2022-11-25 12:21:57,680] {processor.py:161} INFO - Processing /opt/airflow/dags/groups/group_check.py took 0.187 seconds
[2022-11-25 12:22:28,327] {processor.py:153} INFO - Started process (PID=49) to work on /opt/airflow/dags/groups/group_check.py
[2022-11-25 12:22:28,330] {processor.py:641} INFO - Processing file /opt/airflow/dags/groups/group_check.py for tasks to queue
[2022-11-25 12:22:28,334] {logging_mixin.py:115} INFO - [2022-11-25 12:22:28,333] {dagbag.py:507} INFO - Filling up the DagBag from /opt/airflow/dags/groups/group_check.py
[2022-11-25 12:22:28,468] {processor.py:653} WARNING - No viable dags retrieved from /opt/airflow/dags/groups/group_check.py
[2022-11-25 12:22:28,528] {processor.py:161} INFO - Processing /opt/airflow/dags/groups/group_check.py took 0.215 seconds
[2022-11-25 12:22:59,413] {processor.py:153} INFO - Started process (PID=55) to work on /opt/airflow/dags/groups/group_check.py
[2022-11-25 12:22:59,415] {processor.py:641} INFO - Processing file /opt/airflow/dags/groups/group_check.py for tasks to queue
[2022-11-25 12:22:59,418] {logging_mixin.py:115} INFO - [2022-11-25 12:22:59,418] {dagbag.py:507} INFO - Filling up the DagBag from /opt/airflow/dags/groups/group_check.py
[2022-11-25 12:22:59,545] {processor.py:653} WARNING - No viable dags retrieved from /opt/airflow/dags/groups/group_check.py
[2022-11-25 12:22:59,597] {processor.py:161} INFO - Processing /opt/airflow/dags/groups/group_check.py took 0.195 seconds
[2022-11-25 12:23:30,015] {processor.py:153} INFO - Started process (PID=62) to work on /opt/airflow/dags/groups/group_check.py
[2022-11-25 12:23:30,017] {processor.py:641} INFO - Processing file /opt/airflow/dags/groups/group_check.py for tasks to queue
[2022-11-25 12:23:30,021] {logging_mixin.py:115} INFO - [2022-11-25 12:23:30,020] {dagbag.py:507} INFO - Filling up the DagBag from /opt/airflow/dags/groups/group_check.py
[2022-11-25 12:23:30,139] {processor.py:653} WARNING - No viable dags retrieved from /opt/airflow/dags/groups/group_check.py
[2022-11-25 12:23:30,193] {processor.py:161} INFO - Processing /opt/airflow/dags/groups/group_check.py took 0.191 seconds
[2022-11-25 12:24:00,747] {processor.py:153} INFO - Started process (PID=69) to work on /opt/airflow/dags/groups/group_check.py
[2022-11-25 12:24:00,750] {processor.py:641} INFO - Processing file /opt/airflow/dags/groups/group_check.py for tasks to queue
[2022-11-25 12:24:00,753] {logging_mixin.py:115} INFO - [2022-11-25 12:24:00,752] {dagbag.py:507} INFO - Filling up the DagBag from /opt/airflow/dags/groups/group_check.py
[2022-11-25 12:24:00,868] {processor.py:653} WARNING - No viable dags retrieved from /opt/airflow/dags/groups/group_check.py
[2022-11-25 12:24:00,920] {processor.py:161} INFO - Processing /opt/airflow/dags/groups/group_check.py took 0.186 seconds
[2022-11-25 12:24:31,274] {processor.py:153} INFO - Started process (PID=76) to work on /opt/airflow/dags/groups/group_check.py
[2022-11-25 12:24:31,277] {processor.py:641} INFO - Processing file /opt/airflow/dags/groups/group_check.py for tasks to queue
[2022-11-25 12:24:31,280] {logging_mixin.py:115} INFO - [2022-11-25 12:24:31,280] {dagbag.py:507} INFO - Filling up the DagBag from /opt/airflow/dags/groups/group_check.py
[2022-11-25 12:24:31,407] {processor.py:653} WARNING - No viable dags retrieved from /opt/airflow/dags/groups/group_check.py
[2022-11-25 12:24:31,479] {processor.py:161} INFO - Processing /opt/airflow/dags/groups/group_check.py took 0.218 seconds
[2022-11-25 12:25:01,866] {processor.py:153} INFO - Started process (PID=83) to work on /opt/airflow/dags/groups/group_check.py
[2022-11-25 12:25:01,869] {processor.py:641} INFO - Processing file /opt/airflow/dags/groups/group_check.py for tasks to queue
[2022-11-25 12:25:01,873] {logging_mixin.py:115} INFO - [2022-11-25 12:25:01,872] {dagbag.py:507} INFO - Filling up the DagBag from /opt/airflow/dags/groups/group_check.py
[2022-11-25 12:25:01,970] {processor.py:653} WARNING - No viable dags retrieved from /opt/airflow/dags/groups/group_check.py
[2022-11-25 12:25:02,024] {processor.py:161} INFO - Processing /opt/airflow/dags/groups/group_check.py took 0.176 seconds
[2022-11-25 12:25:32,461] {processor.py:153} INFO - Started process (PID=90) to work on /opt/airflow/dags/groups/group_check.py
[2022-11-25 12:25:32,463] {processor.py:641} INFO - Processing file /opt/airflow/dags/groups/group_check.py for tasks to queue
[2022-11-25 12:25:32,467] {logging_mixin.py:115} INFO - [2022-11-25 12:25:32,466] {dagbag.py:507} INFO - Filling up the DagBag from /opt/airflow/dags/groups/group_check.py
[2022-11-25 12:25:32,582] {processor.py:653} WARNING - No viable dags retrieved from /opt/airflow/dags/groups/group_check.py
[2022-11-25 12:25:32,647] {processor.py:161} INFO - Processing /opt/airflow/dags/groups/group_check.py took 0.201 seconds
[2022-11-25 12:26:03,309] {processor.py:153} INFO - Started process (PID=97) to work on /opt/airflow/dags/groups/group_check.py
[2022-11-25 12:26:03,313] {processor.py:641} INFO - Processing file /opt/airflow/dags/groups/group_check.py for tasks to queue
[2022-11-25 12:26:03,316] {logging_mixin.py:115} INFO - [2022-11-25 12:26:03,316] {dagbag.py:507} INFO - Filling up the DagBag from /opt/airflow/dags/groups/group_check.py
[2022-11-25 12:26:03,437] {processor.py:653} WARNING - No viable dags retrieved from /opt/airflow/dags/groups/group_check.py
[2022-11-25 12:26:03,489] {processor.py:161} INFO - Processing /opt/airflow/dags/groups/group_check.py took 0.199 seconds
[2022-11-25 12:26:33,784] {processor.py:153} INFO - Started process (PID=104) to work on /opt/airflow/dags/groups/group_check.py
[2022-11-25 12:26:33,787] {processor.py:641} INFO - Processing file /opt/airflow/dags/groups/group_check.py for tasks to queue
[2022-11-25 12:26:33,792] {logging_mixin.py:115} INFO - [2022-11-25 12:26:33,791] {dagbag.py:507} INFO - Filling up the DagBag from /opt/airflow/dags/groups/group_check.py
[2022-11-25 12:26:33,932] {processor.py:653} WARNING - No viable dags retrieved from /opt/airflow/dags/groups/group_check.py
[2022-11-25 12:26:33,997] {processor.py:161} INFO - Processing /opt/airflow/dags/groups/group_check.py took 0.229 seconds
[2022-11-25 12:27:04,547] {processor.py:153} INFO - Started process (PID=111) to work on /opt/airflow/dags/groups/group_check.py
[2022-11-25 12:27:04,550] {processor.py:641} INFO - Processing file /opt/airflow/dags/groups/group_check.py for tasks to queue
[2022-11-25 12:27:04,553] {logging_mixin.py:115} INFO - [2022-11-25 12:27:04,553] {dagbag.py:507} INFO - Filling up the DagBag from /opt/airflow/dags/groups/group_check.py
[2022-11-25 12:27:04,665] {processor.py:653} WARNING - No viable dags retrieved from /opt/airflow/dags/groups/group_check.py
[2022-11-25 12:27:04,719] {processor.py:161} INFO - Processing /opt/airflow/dags/groups/group_check.py took 0.184 seconds
[2022-11-25 12:27:35,277] {processor.py:153} INFO - Started process (PID=118) to work on /opt/airflow/dags/groups/group_check.py
[2022-11-25 12:27:35,280] {processor.py:641} INFO - Processing file /opt/airflow/dags/groups/group_check.py for tasks to queue
[2022-11-25 12:27:35,284] {logging_mixin.py:115} INFO - [2022-11-25 12:27:35,283] {dagbag.py:507} INFO - Filling up the DagBag from /opt/airflow/dags/groups/group_check.py
[2022-11-25 12:27:35,401] {processor.py:653} WARNING - No viable dags retrieved from /opt/airflow/dags/groups/group_check.py
[2022-11-25 12:27:35,456] {processor.py:161} INFO - Processing /opt/airflow/dags/groups/group_check.py took 0.196 seconds
[2022-11-25 12:28:05,787] {processor.py:153} INFO - Started process (PID=125) to work on /opt/airflow/dags/groups/group_check.py
[2022-11-25 12:28:05,790] {processor.py:641} INFO - Processing file /opt/airflow/dags/groups/group_check.py for tasks to queue
[2022-11-25 12:28:05,793] {logging_mixin.py:115} INFO - [2022-11-25 12:28:05,792] {dagbag.py:507} INFO - Filling up the DagBag from /opt/airflow/dags/groups/group_check.py
[2022-11-25 12:28:05,914] {processor.py:653} WARNING - No viable dags retrieved from /opt/airflow/dags/groups/group_check.py
[2022-11-25 12:28:05,975] {processor.py:161} INFO - Processing /opt/airflow/dags/groups/group_check.py took 0.204 seconds
[2022-11-25 12:28:36,519] {processor.py:153} INFO - Started process (PID=132) to work on /opt/airflow/dags/groups/group_check.py
[2022-11-25 12:28:36,522] {processor.py:641} INFO - Processing file /opt/airflow/dags/groups/group_check.py for tasks to queue
[2022-11-25 12:28:36,525] {logging_mixin.py:115} INFO - [2022-11-25 12:28:36,524] {dagbag.py:507} INFO - Filling up the DagBag from /opt/airflow/dags/groups/group_check.py
[2022-11-25 12:28:36,641] {processor.py:653} WARNING - No viable dags retrieved from /opt/airflow/dags/groups/group_check.py
[2022-11-25 12:28:36,695] {processor.py:161} INFO - Processing /opt/airflow/dags/groups/group_check.py took 0.188 seconds
[2022-11-25 12:29:06,871] {processor.py:153} INFO - Started process (PID=139) to work on /opt/airflow/dags/groups/group_check.py
[2022-11-25 12:29:06,874] {processor.py:641} INFO - Processing file /opt/airflow/dags/groups/group_check.py for tasks to queue
[2022-11-25 12:29:06,877] {logging_mixin.py:115} INFO - [2022-11-25 12:29:06,876] {dagbag.py:507} INFO - Filling up the DagBag from /opt/airflow/dags/groups/group_check.py
[2022-11-25 12:29:06,988] {processor.py:653} WARNING - No viable dags retrieved from /opt/airflow/dags/groups/group_check.py
[2022-11-25 12:29:07,047] {processor.py:161} INFO - Processing /opt/airflow/dags/groups/group_check.py took 0.190 seconds
[2022-11-25 12:29:37,792] {processor.py:153} INFO - Started process (PID=146) to work on /opt/airflow/dags/groups/group_check.py
[2022-11-25 12:29:37,796] {processor.py:641} INFO - Processing file /opt/airflow/dags/groups/group_check.py for tasks to queue
[2022-11-25 12:29:37,802] {logging_mixin.py:115} INFO - [2022-11-25 12:29:37,801] {dagbag.py:507} INFO - Filling up the DagBag from /opt/airflow/dags/groups/group_check.py
[2022-11-25 12:29:37,908] {processor.py:653} WARNING - No viable dags retrieved from /opt/airflow/dags/groups/group_check.py
[2022-11-25 12:29:37,964] {processor.py:161} INFO - Processing /opt/airflow/dags/groups/group_check.py took 0.188 seconds
[2022-11-25 12:30:08,471] {processor.py:153} INFO - Started process (PID=153) to work on /opt/airflow/dags/groups/group_check.py
[2022-11-25 12:30:08,473] {processor.py:641} INFO - Processing file /opt/airflow/dags/groups/group_check.py for tasks to queue
[2022-11-25 12:30:08,476] {logging_mixin.py:115} INFO - [2022-11-25 12:30:08,476] {dagbag.py:507} INFO - Filling up the DagBag from /opt/airflow/dags/groups/group_check.py
[2022-11-25 12:30:08,593] {processor.py:653} WARNING - No viable dags retrieved from /opt/airflow/dags/groups/group_check.py
[2022-11-25 12:30:08,648] {processor.py:161} INFO - Processing /opt/airflow/dags/groups/group_check.py took 0.189 seconds
[2022-11-25 12:30:39,143] {processor.py:153} INFO - Started process (PID=158) to work on /opt/airflow/dags/groups/group_check.py
[2022-11-25 12:30:39,145] {processor.py:641} INFO - Processing file /opt/airflow/dags/groups/group_check.py for tasks to queue
[2022-11-25 12:30:39,148] {logging_mixin.py:115} INFO - [2022-11-25 12:30:39,148] {dagbag.py:507} INFO - Filling up the DagBag from /opt/airflow/dags/groups/group_check.py
[2022-11-25 12:30:39,269] {processor.py:653} WARNING - No viable dags retrieved from /opt/airflow/dags/groups/group_check.py
[2022-11-25 12:30:39,324] {processor.py:161} INFO - Processing /opt/airflow/dags/groups/group_check.py took 0.195 seconds
[2022-11-25 12:31:09,828] {processor.py:153} INFO - Started process (PID=165) to work on /opt/airflow/dags/groups/group_check.py
[2022-11-25 12:31:09,830] {processor.py:641} INFO - Processing file /opt/airflow/dags/groups/group_check.py for tasks to queue
[2022-11-25 12:31:09,833] {logging_mixin.py:115} INFO - [2022-11-25 12:31:09,833] {dagbag.py:507} INFO - Filling up the DagBag from /opt/airflow/dags/groups/group_check.py
[2022-11-25 12:31:09,950] {processor.py:653} WARNING - No viable dags retrieved from /opt/airflow/dags/groups/group_check.py
[2022-11-25 12:31:10,007] {processor.py:161} INFO - Processing /opt/airflow/dags/groups/group_check.py took 0.191 seconds
[2022-11-25 12:31:42,404] {processor.py:153} INFO - Started process (PID=172) to work on /opt/airflow/dags/groups/group_check.py
[2022-11-25 12:31:42,407] {processor.py:641} INFO - Processing file /opt/airflow/dags/groups/group_check.py for tasks to queue
[2022-11-25 12:31:42,411] {logging_mixin.py:115} INFO - [2022-11-25 12:31:42,411] {dagbag.py:507} INFO - Filling up the DagBag from /opt/airflow/dags/groups/group_check.py
[2022-11-25 12:31:42,495] {processor.py:653} WARNING - No viable dags retrieved from /opt/airflow/dags/groups/group_check.py
[2022-11-25 12:31:42,548] {processor.py:161} INFO - Processing /opt/airflow/dags/groups/group_check.py took 0.158 seconds
