[2022-11-25 03:52:10,510] {processor.py:153} INFO - Started process (PID=51) to work on /opt/airflow/dags/groups/group_transform.py
[2022-11-25 03:52:10,511] {processor.py:641} INFO - Processing file /opt/airflow/dags/groups/group_transform.py for tasks to queue
[2022-11-25 03:52:10,512] {logging_mixin.py:115} INFO - [2022-11-25 03:52:10,512] {dagbag.py:507} INFO - Filling up the DagBag from /opt/airflow/dags/groups/group_transform.py
[2022-11-25 03:52:11,169] {processor.py:653} WARNING - No viable dags retrieved from /opt/airflow/dags/groups/group_transform.py
[2022-11-25 03:52:11,187] {processor.py:161} INFO - Processing /opt/airflow/dags/groups/group_transform.py took 0.681 seconds
[2022-11-25 07:49:20,127] {processor.py:153} INFO - Started process (PID=39) to work on /opt/airflow/dags/groups/group_transform.py
[2022-11-25 07:49:20,132] {processor.py:641} INFO - Processing file /opt/airflow/dags/groups/group_transform.py for tasks to queue
[2022-11-25 07:49:20,133] {logging_mixin.py:115} INFO - [2022-11-25 07:49:20,133] {dagbag.py:507} INFO - Filling up the DagBag from /opt/airflow/dags/groups/group_transform.py
[2022-11-25 07:49:20,716] {processor.py:653} WARNING - No viable dags retrieved from /opt/airflow/dags/groups/group_transform.py
[2022-11-25 07:49:20,731] {processor.py:161} INFO - Processing /opt/airflow/dags/groups/group_transform.py took 0.609 seconds
[2022-11-25 07:49:50,888] {processor.py:153} INFO - Started process (PID=49) to work on /opt/airflow/dags/groups/group_transform.py
[2022-11-25 07:49:50,890] {processor.py:641} INFO - Processing file /opt/airflow/dags/groups/group_transform.py for tasks to queue
[2022-11-25 07:49:50,892] {logging_mixin.py:115} INFO - [2022-11-25 07:49:50,891] {dagbag.py:507} INFO - Filling up the DagBag from /opt/airflow/dags/groups/group_transform.py
[2022-11-25 07:49:51,440] {processor.py:653} WARNING - No viable dags retrieved from /opt/airflow/dags/groups/group_transform.py
[2022-11-25 07:49:51,455] {processor.py:161} INFO - Processing /opt/airflow/dags/groups/group_transform.py took 0.574 seconds
[2022-11-25 07:50:21,597] {processor.py:153} INFO - Started process (PID=56) to work on /opt/airflow/dags/groups/group_transform.py
[2022-11-25 07:50:21,598] {processor.py:641} INFO - Processing file /opt/airflow/dags/groups/group_transform.py for tasks to queue
[2022-11-25 07:50:21,600] {logging_mixin.py:115} INFO - [2022-11-25 07:50:21,600] {dagbag.py:507} INFO - Filling up the DagBag from /opt/airflow/dags/groups/group_transform.py
[2022-11-25 07:50:22,155] {processor.py:653} WARNING - No viable dags retrieved from /opt/airflow/dags/groups/group_transform.py
[2022-11-25 07:50:22,171] {processor.py:161} INFO - Processing /opt/airflow/dags/groups/group_transform.py took 0.581 seconds
[2022-11-25 07:50:52,309] {processor.py:153} INFO - Started process (PID=62) to work on /opt/airflow/dags/groups/group_transform.py
[2022-11-25 07:50:52,311] {processor.py:641} INFO - Processing file /opt/airflow/dags/groups/group_transform.py for tasks to queue
[2022-11-25 07:50:52,312] {logging_mixin.py:115} INFO - [2022-11-25 07:50:52,312] {dagbag.py:507} INFO - Filling up the DagBag from /opt/airflow/dags/groups/group_transform.py
[2022-11-25 07:50:52,882] {processor.py:653} WARNING - No viable dags retrieved from /opt/airflow/dags/groups/group_transform.py
[2022-11-25 07:50:52,900] {processor.py:161} INFO - Processing /opt/airflow/dags/groups/group_transform.py took 0.595 seconds
[2022-11-25 07:51:23,021] {processor.py:153} INFO - Started process (PID=69) to work on /opt/airflow/dags/groups/group_transform.py
[2022-11-25 07:51:23,023] {processor.py:641} INFO - Processing file /opt/airflow/dags/groups/group_transform.py for tasks to queue
[2022-11-25 07:51:23,024] {logging_mixin.py:115} INFO - [2022-11-25 07:51:23,024] {dagbag.py:507} INFO - Filling up the DagBag from /opt/airflow/dags/groups/group_transform.py
[2022-11-25 07:51:23,552] {processor.py:653} WARNING - No viable dags retrieved from /opt/airflow/dags/groups/group_transform.py
[2022-11-25 07:51:23,567] {processor.py:161} INFO - Processing /opt/airflow/dags/groups/group_transform.py took 0.549 seconds
[2022-11-25 07:51:54,126] {processor.py:153} INFO - Started process (PID=76) to work on /opt/airflow/dags/groups/group_transform.py
[2022-11-25 07:51:54,127] {processor.py:641} INFO - Processing file /opt/airflow/dags/groups/group_transform.py for tasks to queue
[2022-11-25 07:51:54,128] {logging_mixin.py:115} INFO - [2022-11-25 07:51:54,128] {dagbag.py:507} INFO - Filling up the DagBag from /opt/airflow/dags/groups/group_transform.py
[2022-11-25 07:51:54,664] {processor.py:653} WARNING - No viable dags retrieved from /opt/airflow/dags/groups/group_transform.py
[2022-11-25 07:51:54,683] {processor.py:161} INFO - Processing /opt/airflow/dags/groups/group_transform.py took 0.560 seconds
[2022-11-25 07:52:24,999] {processor.py:153} INFO - Started process (PID=83) to work on /opt/airflow/dags/groups/group_transform.py
[2022-11-25 07:52:25,001] {processor.py:641} INFO - Processing file /opt/airflow/dags/groups/group_transform.py for tasks to queue
[2022-11-25 07:52:25,002] {logging_mixin.py:115} INFO - [2022-11-25 07:52:25,002] {dagbag.py:507} INFO - Filling up the DagBag from /opt/airflow/dags/groups/group_transform.py
[2022-11-25 07:52:25,534] {processor.py:653} WARNING - No viable dags retrieved from /opt/airflow/dags/groups/group_transform.py
[2022-11-25 07:52:25,550] {processor.py:161} INFO - Processing /opt/airflow/dags/groups/group_transform.py took 0.558 seconds
[2022-11-25 07:52:56,125] {processor.py:153} INFO - Started process (PID=90) to work on /opt/airflow/dags/groups/group_transform.py
[2022-11-25 07:52:56,126] {processor.py:641} INFO - Processing file /opt/airflow/dags/groups/group_transform.py for tasks to queue
[2022-11-25 07:52:56,128] {logging_mixin.py:115} INFO - [2022-11-25 07:52:56,128] {dagbag.py:507} INFO - Filling up the DagBag from /opt/airflow/dags/groups/group_transform.py
[2022-11-25 07:52:56,659] {processor.py:653} WARNING - No viable dags retrieved from /opt/airflow/dags/groups/group_transform.py
[2022-11-25 07:52:56,674] {processor.py:161} INFO - Processing /opt/airflow/dags/groups/group_transform.py took 0.557 seconds
[2022-11-25 07:53:26,855] {processor.py:153} INFO - Started process (PID=97) to work on /opt/airflow/dags/groups/group_transform.py
[2022-11-25 07:53:26,856] {processor.py:641} INFO - Processing file /opt/airflow/dags/groups/group_transform.py for tasks to queue
[2022-11-25 07:53:26,858] {logging_mixin.py:115} INFO - [2022-11-25 07:53:26,858] {dagbag.py:507} INFO - Filling up the DagBag from /opt/airflow/dags/groups/group_transform.py
[2022-11-25 07:53:27,385] {processor.py:653} WARNING - No viable dags retrieved from /opt/airflow/dags/groups/group_transform.py
[2022-11-25 07:53:27,401] {processor.py:161} INFO - Processing /opt/airflow/dags/groups/group_transform.py took 0.549 seconds
[2022-11-25 07:53:57,546] {processor.py:153} INFO - Started process (PID=104) to work on /opt/airflow/dags/groups/group_transform.py
[2022-11-25 07:53:57,549] {processor.py:641} INFO - Processing file /opt/airflow/dags/groups/group_transform.py for tasks to queue
[2022-11-25 07:53:57,553] {logging_mixin.py:115} INFO - [2022-11-25 07:53:57,552] {dagbag.py:507} INFO - Filling up the DagBag from /opt/airflow/dags/groups/group_transform.py
[2022-11-25 07:53:58,091] {processor.py:653} WARNING - No viable dags retrieved from /opt/airflow/dags/groups/group_transform.py
[2022-11-25 07:53:58,104] {processor.py:161} INFO - Processing /opt/airflow/dags/groups/group_transform.py took 0.570 seconds
[2022-11-25 07:54:28,211] {processor.py:153} INFO - Started process (PID=111) to work on /opt/airflow/dags/groups/group_transform.py
[2022-11-25 07:54:28,213] {processor.py:641} INFO - Processing file /opt/airflow/dags/groups/group_transform.py for tasks to queue
[2022-11-25 07:54:28,215] {logging_mixin.py:115} INFO - [2022-11-25 07:54:28,215] {dagbag.py:507} INFO - Filling up the DagBag from /opt/airflow/dags/groups/group_transform.py
[2022-11-25 07:54:28,714] {processor.py:653} WARNING - No viable dags retrieved from /opt/airflow/dags/groups/group_transform.py
[2022-11-25 07:54:28,728] {processor.py:161} INFO - Processing /opt/airflow/dags/groups/group_transform.py took 0.521 seconds
[2022-11-25 07:54:58,884] {processor.py:153} INFO - Started process (PID=118) to work on /opt/airflow/dags/groups/group_transform.py
[2022-11-25 07:54:58,886] {processor.py:641} INFO - Processing file /opt/airflow/dags/groups/group_transform.py for tasks to queue
[2022-11-25 07:54:58,887] {logging_mixin.py:115} INFO - [2022-11-25 07:54:58,887] {dagbag.py:507} INFO - Filling up the DagBag from /opt/airflow/dags/groups/group_transform.py
[2022-11-25 07:54:59,466] {processor.py:653} WARNING - No viable dags retrieved from /opt/airflow/dags/groups/group_transform.py
[2022-11-25 07:54:59,482] {processor.py:161} INFO - Processing /opt/airflow/dags/groups/group_transform.py took 0.605 seconds
[2022-11-25 07:55:29,985] {processor.py:153} INFO - Started process (PID=125) to work on /opt/airflow/dags/groups/group_transform.py
[2022-11-25 07:55:29,986] {processor.py:641} INFO - Processing file /opt/airflow/dags/groups/group_transform.py for tasks to queue
[2022-11-25 07:55:29,987] {logging_mixin.py:115} INFO - [2022-11-25 07:55:29,987] {dagbag.py:507} INFO - Filling up the DagBag from /opt/airflow/dags/groups/group_transform.py
[2022-11-25 07:55:30,468] {processor.py:653} WARNING - No viable dags retrieved from /opt/airflow/dags/groups/group_transform.py
[2022-11-25 07:55:30,582] {processor.py:161} INFO - Processing /opt/airflow/dags/groups/group_transform.py took 0.603 seconds
[2022-11-25 07:56:00,757] {processor.py:153} INFO - Started process (PID=132) to work on /opt/airflow/dags/groups/group_transform.py
[2022-11-25 07:56:00,758] {processor.py:641} INFO - Processing file /opt/airflow/dags/groups/group_transform.py for tasks to queue
[2022-11-25 07:56:00,760] {logging_mixin.py:115} INFO - [2022-11-25 07:56:00,759] {dagbag.py:507} INFO - Filling up the DagBag from /opt/airflow/dags/groups/group_transform.py
[2022-11-25 07:56:01,254] {processor.py:653} WARNING - No viable dags retrieved from /opt/airflow/dags/groups/group_transform.py
[2022-11-25 07:56:01,268] {processor.py:161} INFO - Processing /opt/airflow/dags/groups/group_transform.py took 0.516 seconds
[2022-11-25 07:56:31,973] {processor.py:153} INFO - Started process (PID=139) to work on /opt/airflow/dags/groups/group_transform.py
[2022-11-25 07:56:31,974] {processor.py:641} INFO - Processing file /opt/airflow/dags/groups/group_transform.py for tasks to queue
[2022-11-25 07:56:31,975] {logging_mixin.py:115} INFO - [2022-11-25 07:56:31,975] {dagbag.py:507} INFO - Filling up the DagBag from /opt/airflow/dags/groups/group_transform.py
[2022-11-25 07:56:32,464] {processor.py:653} WARNING - No viable dags retrieved from /opt/airflow/dags/groups/group_transform.py
[2022-11-25 07:56:32,477] {processor.py:161} INFO - Processing /opt/airflow/dags/groups/group_transform.py took 0.509 seconds
[2022-11-25 07:57:02,611] {processor.py:153} INFO - Started process (PID=146) to work on /opt/airflow/dags/groups/group_transform.py
[2022-11-25 07:57:02,613] {processor.py:641} INFO - Processing file /opt/airflow/dags/groups/group_transform.py for tasks to queue
[2022-11-25 07:57:02,615] {logging_mixin.py:115} INFO - [2022-11-25 07:57:02,614] {dagbag.py:507} INFO - Filling up the DagBag from /opt/airflow/dags/groups/group_transform.py
[2022-11-25 07:57:03,161] {processor.py:653} WARNING - No viable dags retrieved from /opt/airflow/dags/groups/group_transform.py
[2022-11-25 07:57:03,176] {processor.py:161} INFO - Processing /opt/airflow/dags/groups/group_transform.py took 0.572 seconds
[2022-11-25 07:57:33,681] {processor.py:153} INFO - Started process (PID=153) to work on /opt/airflow/dags/groups/group_transform.py
[2022-11-25 07:57:33,682] {processor.py:641} INFO - Processing file /opt/airflow/dags/groups/group_transform.py for tasks to queue
[2022-11-25 07:57:33,684] {logging_mixin.py:115} INFO - [2022-11-25 07:57:33,684] {dagbag.py:507} INFO - Filling up the DagBag from /opt/airflow/dags/groups/group_transform.py
[2022-11-25 07:57:34,197] {processor.py:653} WARNING - No viable dags retrieved from /opt/airflow/dags/groups/group_transform.py
[2022-11-25 07:57:34,214] {processor.py:161} INFO - Processing /opt/airflow/dags/groups/group_transform.py took 0.537 seconds
[2022-11-25 07:58:04,419] {processor.py:153} INFO - Started process (PID=160) to work on /opt/airflow/dags/groups/group_transform.py
[2022-11-25 07:58:04,421] {processor.py:641} INFO - Processing file /opt/airflow/dags/groups/group_transform.py for tasks to queue
[2022-11-25 07:58:04,423] {logging_mixin.py:115} INFO - [2022-11-25 07:58:04,423] {dagbag.py:507} INFO - Filling up the DagBag from /opt/airflow/dags/groups/group_transform.py
[2022-11-25 07:58:04,937] {processor.py:653} WARNING - No viable dags retrieved from /opt/airflow/dags/groups/group_transform.py
[2022-11-25 07:58:04,984] {processor.py:161} INFO - Processing /opt/airflow/dags/groups/group_transform.py took 0.572 seconds
[2022-11-25 07:58:35,252] {processor.py:153} INFO - Started process (PID=167) to work on /opt/airflow/dags/groups/group_transform.py
[2022-11-25 07:58:35,253] {processor.py:641} INFO - Processing file /opt/airflow/dags/groups/group_transform.py for tasks to queue
[2022-11-25 07:58:35,254] {logging_mixin.py:115} INFO - [2022-11-25 07:58:35,254] {dagbag.py:507} INFO - Filling up the DagBag from /opt/airflow/dags/groups/group_transform.py
[2022-11-25 07:58:35,768] {processor.py:653} WARNING - No viable dags retrieved from /opt/airflow/dags/groups/group_transform.py
[2022-11-25 07:58:35,783] {processor.py:161} INFO - Processing /opt/airflow/dags/groups/group_transform.py took 0.536 seconds
[2022-11-25 07:59:06,013] {processor.py:153} INFO - Started process (PID=174) to work on /opt/airflow/dags/groups/group_transform.py
[2022-11-25 07:59:06,014] {processor.py:641} INFO - Processing file /opt/airflow/dags/groups/group_transform.py for tasks to queue
[2022-11-25 07:59:06,016] {logging_mixin.py:115} INFO - [2022-11-25 07:59:06,015] {dagbag.py:507} INFO - Filling up the DagBag from /opt/airflow/dags/groups/group_transform.py
[2022-11-25 07:59:06,547] {processor.py:653} WARNING - No viable dags retrieved from /opt/airflow/dags/groups/group_transform.py
[2022-11-25 07:59:06,571] {processor.py:161} INFO - Processing /opt/airflow/dags/groups/group_transform.py took 0.561 seconds
[2022-11-25 07:59:37,235] {processor.py:153} INFO - Started process (PID=181) to work on /opt/airflow/dags/groups/group_transform.py
[2022-11-25 07:59:37,236] {processor.py:641} INFO - Processing file /opt/airflow/dags/groups/group_transform.py for tasks to queue
[2022-11-25 07:59:37,237] {logging_mixin.py:115} INFO - [2022-11-25 07:59:37,237] {dagbag.py:507} INFO - Filling up the DagBag from /opt/airflow/dags/groups/group_transform.py
[2022-11-25 07:59:37,733] {processor.py:653} WARNING - No viable dags retrieved from /opt/airflow/dags/groups/group_transform.py
[2022-11-25 07:59:37,753] {processor.py:161} INFO - Processing /opt/airflow/dags/groups/group_transform.py took 0.522 seconds
[2022-11-25 08:00:07,940] {processor.py:153} INFO - Started process (PID=188) to work on /opt/airflow/dags/groups/group_transform.py
[2022-11-25 08:00:07,941] {processor.py:641} INFO - Processing file /opt/airflow/dags/groups/group_transform.py for tasks to queue
[2022-11-25 08:00:07,942] {logging_mixin.py:115} INFO - [2022-11-25 08:00:07,942] {dagbag.py:507} INFO - Filling up the DagBag from /opt/airflow/dags/groups/group_transform.py
[2022-11-25 08:00:08,458] {processor.py:653} WARNING - No viable dags retrieved from /opt/airflow/dags/groups/group_transform.py
[2022-11-25 08:00:08,473] {processor.py:161} INFO - Processing /opt/airflow/dags/groups/group_transform.py took 0.537 seconds
[2022-11-25 08:00:38,665] {processor.py:153} INFO - Started process (PID=195) to work on /opt/airflow/dags/groups/group_transform.py
[2022-11-25 08:00:38,667] {processor.py:641} INFO - Processing file /opt/airflow/dags/groups/group_transform.py for tasks to queue
[2022-11-25 08:00:38,668] {logging_mixin.py:115} INFO - [2022-11-25 08:00:38,668] {dagbag.py:507} INFO - Filling up the DagBag from /opt/airflow/dags/groups/group_transform.py
[2022-11-25 08:00:39,226] {processor.py:653} WARNING - No viable dags retrieved from /opt/airflow/dags/groups/group_transform.py
[2022-11-25 08:00:39,245] {processor.py:161} INFO - Processing /opt/airflow/dags/groups/group_transform.py took 0.587 seconds
[2022-11-25 08:01:09,514] {processor.py:153} INFO - Started process (PID=202) to work on /opt/airflow/dags/groups/group_transform.py
[2022-11-25 08:01:09,515] {processor.py:641} INFO - Processing file /opt/airflow/dags/groups/group_transform.py for tasks to queue
[2022-11-25 08:01:09,516] {logging_mixin.py:115} INFO - [2022-11-25 08:01:09,516] {dagbag.py:507} INFO - Filling up the DagBag from /opt/airflow/dags/groups/group_transform.py
[2022-11-25 08:01:10,043] {processor.py:653} WARNING - No viable dags retrieved from /opt/airflow/dags/groups/group_transform.py
[2022-11-25 08:01:10,058] {processor.py:161} INFO - Processing /opt/airflow/dags/groups/group_transform.py took 0.548 seconds
[2022-11-25 08:01:40,408] {processor.py:153} INFO - Started process (PID=209) to work on /opt/airflow/dags/groups/group_transform.py
[2022-11-25 08:01:40,409] {processor.py:641} INFO - Processing file /opt/airflow/dags/groups/group_transform.py for tasks to queue
[2022-11-25 08:01:40,410] {logging_mixin.py:115} INFO - [2022-11-25 08:01:40,410] {dagbag.py:507} INFO - Filling up the DagBag from /opt/airflow/dags/groups/group_transform.py
[2022-11-25 08:01:40,902] {processor.py:653} WARNING - No viable dags retrieved from /opt/airflow/dags/groups/group_transform.py
[2022-11-25 08:01:40,916] {processor.py:161} INFO - Processing /opt/airflow/dags/groups/group_transform.py took 0.512 seconds
[2022-11-25 08:02:11,246] {processor.py:153} INFO - Started process (PID=216) to work on /opt/airflow/dags/groups/group_transform.py
[2022-11-25 08:02:11,247] {processor.py:641} INFO - Processing file /opt/airflow/dags/groups/group_transform.py for tasks to queue
[2022-11-25 08:02:11,249] {logging_mixin.py:115} INFO - [2022-11-25 08:02:11,249] {dagbag.py:507} INFO - Filling up the DagBag from /opt/airflow/dags/groups/group_transform.py
[2022-11-25 08:02:11,800] {processor.py:653} WARNING - No viable dags retrieved from /opt/airflow/dags/groups/group_transform.py
[2022-11-25 08:02:11,816] {processor.py:161} INFO - Processing /opt/airflow/dags/groups/group_transform.py took 0.577 seconds
[2022-11-25 08:02:41,885] {processor.py:153} INFO - Started process (PID=223) to work on /opt/airflow/dags/groups/group_transform.py
[2022-11-25 08:02:41,886] {processor.py:641} INFO - Processing file /opt/airflow/dags/groups/group_transform.py for tasks to queue
[2022-11-25 08:02:41,888] {logging_mixin.py:115} INFO - [2022-11-25 08:02:41,888] {dagbag.py:507} INFO - Filling up the DagBag from /opt/airflow/dags/groups/group_transform.py
[2022-11-25 08:02:42,448] {processor.py:653} WARNING - No viable dags retrieved from /opt/airflow/dags/groups/group_transform.py
[2022-11-25 08:02:42,461] {processor.py:161} INFO - Processing /opt/airflow/dags/groups/group_transform.py took 0.581 seconds
[2022-11-25 08:03:12,681] {processor.py:153} INFO - Started process (PID=230) to work on /opt/airflow/dags/groups/group_transform.py
[2022-11-25 08:03:12,683] {processor.py:641} INFO - Processing file /opt/airflow/dags/groups/group_transform.py for tasks to queue
[2022-11-25 08:03:12,684] {logging_mixin.py:115} INFO - [2022-11-25 08:03:12,684] {dagbag.py:507} INFO - Filling up the DagBag from /opt/airflow/dags/groups/group_transform.py
[2022-11-25 08:03:13,226] {processor.py:653} WARNING - No viable dags retrieved from /opt/airflow/dags/groups/group_transform.py
[2022-11-25 08:03:13,242] {processor.py:161} INFO - Processing /opt/airflow/dags/groups/group_transform.py took 0.568 seconds
[2022-11-25 08:03:43,334] {processor.py:153} INFO - Started process (PID=237) to work on /opt/airflow/dags/groups/group_transform.py
[2022-11-25 08:03:43,335] {processor.py:641} INFO - Processing file /opt/airflow/dags/groups/group_transform.py for tasks to queue
[2022-11-25 08:03:43,337] {logging_mixin.py:115} INFO - [2022-11-25 08:03:43,337] {dagbag.py:507} INFO - Filling up the DagBag from /opt/airflow/dags/groups/group_transform.py
[2022-11-25 08:03:43,911] {processor.py:653} WARNING - No viable dags retrieved from /opt/airflow/dags/groups/group_transform.py
[2022-11-25 08:03:43,926] {processor.py:161} INFO - Processing /opt/airflow/dags/groups/group_transform.py took 0.599 seconds
[2022-11-25 08:04:14,025] {processor.py:153} INFO - Started process (PID=244) to work on /opt/airflow/dags/groups/group_transform.py
[2022-11-25 08:04:14,026] {processor.py:641} INFO - Processing file /opt/airflow/dags/groups/group_transform.py for tasks to queue
[2022-11-25 08:04:14,027] {logging_mixin.py:115} INFO - [2022-11-25 08:04:14,027] {dagbag.py:507} INFO - Filling up the DagBag from /opt/airflow/dags/groups/group_transform.py
[2022-11-25 08:04:14,558] {processor.py:653} WARNING - No viable dags retrieved from /opt/airflow/dags/groups/group_transform.py
[2022-11-25 08:04:14,572] {processor.py:161} INFO - Processing /opt/airflow/dags/groups/group_transform.py took 0.551 seconds
[2022-11-25 08:04:45,144] {processor.py:153} INFO - Started process (PID=251) to work on /opt/airflow/dags/groups/group_transform.py
[2022-11-25 08:04:45,146] {processor.py:641} INFO - Processing file /opt/airflow/dags/groups/group_transform.py for tasks to queue
[2022-11-25 08:04:45,148] {logging_mixin.py:115} INFO - [2022-11-25 08:04:45,147] {dagbag.py:507} INFO - Filling up the DagBag from /opt/airflow/dags/groups/group_transform.py
[2022-11-25 08:04:45,651] {processor.py:653} WARNING - No viable dags retrieved from /opt/airflow/dags/groups/group_transform.py
[2022-11-25 08:04:45,665] {processor.py:161} INFO - Processing /opt/airflow/dags/groups/group_transform.py took 0.528 seconds
[2022-11-25 08:05:15,921] {processor.py:153} INFO - Started process (PID=258) to work on /opt/airflow/dags/groups/group_transform.py
[2022-11-25 08:05:15,922] {processor.py:641} INFO - Processing file /opt/airflow/dags/groups/group_transform.py for tasks to queue
[2022-11-25 08:05:15,923] {logging_mixin.py:115} INFO - [2022-11-25 08:05:15,923] {dagbag.py:507} INFO - Filling up the DagBag from /opt/airflow/dags/groups/group_transform.py
[2022-11-25 08:05:16,416] {processor.py:653} WARNING - No viable dags retrieved from /opt/airflow/dags/groups/group_transform.py
[2022-11-25 08:05:16,431] {processor.py:161} INFO - Processing /opt/airflow/dags/groups/group_transform.py took 0.516 seconds
[2022-11-25 08:05:46,639] {processor.py:153} INFO - Started process (PID=265) to work on /opt/airflow/dags/groups/group_transform.py
[2022-11-25 08:05:46,640] {processor.py:641} INFO - Processing file /opt/airflow/dags/groups/group_transform.py for tasks to queue
[2022-11-25 08:05:46,641] {logging_mixin.py:115} INFO - [2022-11-25 08:05:46,641] {dagbag.py:507} INFO - Filling up the DagBag from /opt/airflow/dags/groups/group_transform.py
[2022-11-25 08:05:47,188] {processor.py:653} WARNING - No viable dags retrieved from /opt/airflow/dags/groups/group_transform.py
[2022-11-25 08:05:47,204] {processor.py:161} INFO - Processing /opt/airflow/dags/groups/group_transform.py took 0.570 seconds
[2022-11-25 08:06:17,570] {processor.py:153} INFO - Started process (PID=272) to work on /opt/airflow/dags/groups/group_transform.py
[2022-11-25 08:06:17,571] {processor.py:641} INFO - Processing file /opt/airflow/dags/groups/group_transform.py for tasks to queue
[2022-11-25 08:06:17,573] {logging_mixin.py:115} INFO - [2022-11-25 08:06:17,573] {dagbag.py:507} INFO - Filling up the DagBag from /opt/airflow/dags/groups/group_transform.py
[2022-11-25 08:06:18,129] {processor.py:653} WARNING - No viable dags retrieved from /opt/airflow/dags/groups/group_transform.py
[2022-11-25 08:06:18,145] {processor.py:161} INFO - Processing /opt/airflow/dags/groups/group_transform.py took 0.583 seconds
[2022-11-25 08:06:48,536] {processor.py:153} INFO - Started process (PID=279) to work on /opt/airflow/dags/groups/group_transform.py
[2022-11-25 08:06:48,537] {processor.py:641} INFO - Processing file /opt/airflow/dags/groups/group_transform.py for tasks to queue
[2022-11-25 08:06:48,538] {logging_mixin.py:115} INFO - [2022-11-25 08:06:48,538] {dagbag.py:507} INFO - Filling up the DagBag from /opt/airflow/dags/groups/group_transform.py
[2022-11-25 08:06:49,083] {processor.py:653} WARNING - No viable dags retrieved from /opt/airflow/dags/groups/group_transform.py
[2022-11-25 08:06:49,097] {processor.py:161} INFO - Processing /opt/airflow/dags/groups/group_transform.py took 0.564 seconds
[2022-11-25 08:07:19,516] {processor.py:153} INFO - Started process (PID=286) to work on /opt/airflow/dags/groups/group_transform.py
[2022-11-25 08:07:19,519] {processor.py:641} INFO - Processing file /opt/airflow/dags/groups/group_transform.py for tasks to queue
[2022-11-25 08:07:19,522] {logging_mixin.py:115} INFO - [2022-11-25 08:07:19,521] {dagbag.py:507} INFO - Filling up the DagBag from /opt/airflow/dags/groups/group_transform.py
[2022-11-25 08:07:20,090] {processor.py:653} WARNING - No viable dags retrieved from /opt/airflow/dags/groups/group_transform.py
[2022-11-25 08:07:20,104] {processor.py:161} INFO - Processing /opt/airflow/dags/groups/group_transform.py took 0.600 seconds
[2022-11-25 12:21:24,922] {processor.py:153} INFO - Started process (PID=38) to work on /opt/airflow/dags/groups/group_transform.py
[2022-11-25 12:21:24,952] {processor.py:641} INFO - Processing file /opt/airflow/dags/groups/group_transform.py for tasks to queue
[2022-11-25 12:21:24,959] {logging_mixin.py:115} INFO - [2022-11-25 12:21:24,959] {dagbag.py:507} INFO - Filling up the DagBag from /opt/airflow/dags/groups/group_transform.py
[2022-11-25 12:21:27,931] {processor.py:653} WARNING - No viable dags retrieved from /opt/airflow/dags/groups/group_transform.py
[2022-11-25 12:21:27,999] {processor.py:161} INFO - Processing /opt/airflow/dags/groups/group_transform.py took 3.117 seconds
[2022-11-25 12:21:58,738] {processor.py:153} INFO - Started process (PID=46) to work on /opt/airflow/dags/groups/group_transform.py
[2022-11-25 12:21:58,741] {processor.py:641} INFO - Processing file /opt/airflow/dags/groups/group_transform.py for tasks to queue
[2022-11-25 12:21:58,745] {logging_mixin.py:115} INFO - [2022-11-25 12:21:58,744] {dagbag.py:507} INFO - Filling up the DagBag from /opt/airflow/dags/groups/group_transform.py
[2022-11-25 12:22:00,498] {processor.py:653} WARNING - No viable dags retrieved from /opt/airflow/dags/groups/group_transform.py
[2022-11-25 12:22:00,545] {processor.py:161} INFO - Processing /opt/airflow/dags/groups/group_transform.py took 1.824 seconds
[2022-11-25 12:22:30,686] {processor.py:153} INFO - Started process (PID=53) to work on /opt/airflow/dags/groups/group_transform.py
[2022-11-25 12:22:30,690] {processor.py:641} INFO - Processing file /opt/airflow/dags/groups/group_transform.py for tasks to queue
[2022-11-25 12:22:30,693] {logging_mixin.py:115} INFO - [2022-11-25 12:22:30,692] {dagbag.py:507} INFO - Filling up the DagBag from /opt/airflow/dags/groups/group_transform.py
[2022-11-25 12:22:32,613] {processor.py:653} WARNING - No viable dags retrieved from /opt/airflow/dags/groups/group_transform.py
[2022-11-25 12:22:32,676] {processor.py:161} INFO - Processing /opt/airflow/dags/groups/group_transform.py took 2.006 seconds
[2022-11-25 12:23:03,471] {processor.py:153} INFO - Started process (PID=60) to work on /opt/airflow/dags/groups/group_transform.py
[2022-11-25 12:23:03,473] {processor.py:641} INFO - Processing file /opt/airflow/dags/groups/group_transform.py for tasks to queue
[2022-11-25 12:23:03,476] {logging_mixin.py:115} INFO - [2022-11-25 12:23:03,476] {dagbag.py:507} INFO - Filling up the DagBag from /opt/airflow/dags/groups/group_transform.py
[2022-11-25 12:23:05,221] {processor.py:653} WARNING - No viable dags retrieved from /opt/airflow/dags/groups/group_transform.py
[2022-11-25 12:23:05,266] {processor.py:161} INFO - Processing /opt/airflow/dags/groups/group_transform.py took 1.809 seconds
[2022-11-25 12:23:35,407] {processor.py:153} INFO - Started process (PID=66) to work on /opt/airflow/dags/groups/group_transform.py
[2022-11-25 12:23:35,410] {processor.py:641} INFO - Processing file /opt/airflow/dags/groups/group_transform.py for tasks to queue
[2022-11-25 12:23:35,413] {logging_mixin.py:115} INFO - [2022-11-25 12:23:35,413] {dagbag.py:507} INFO - Filling up the DagBag from /opt/airflow/dags/groups/group_transform.py
[2022-11-25 12:23:37,158] {processor.py:653} WARNING - No viable dags retrieved from /opt/airflow/dags/groups/group_transform.py
[2022-11-25 12:23:37,203] {processor.py:161} INFO - Processing /opt/airflow/dags/groups/group_transform.py took 1.809 seconds
[2022-11-25 12:24:07,792] {processor.py:153} INFO - Started process (PID=73) to work on /opt/airflow/dags/groups/group_transform.py
[2022-11-25 12:24:07,795] {processor.py:641} INFO - Processing file /opt/airflow/dags/groups/group_transform.py for tasks to queue
[2022-11-25 12:24:07,798] {logging_mixin.py:115} INFO - [2022-11-25 12:24:07,798] {dagbag.py:507} INFO - Filling up the DagBag from /opt/airflow/dags/groups/group_transform.py
[2022-11-25 12:24:09,545] {processor.py:653} WARNING - No viable dags retrieved from /opt/airflow/dags/groups/group_transform.py
[2022-11-25 12:24:09,595] {processor.py:161} INFO - Processing /opt/airflow/dags/groups/group_transform.py took 1.815 seconds
[2022-11-25 12:24:39,790] {processor.py:153} INFO - Started process (PID=79) to work on /opt/airflow/dags/groups/group_transform.py
[2022-11-25 12:24:39,793] {processor.py:641} INFO - Processing file /opt/airflow/dags/groups/group_transform.py for tasks to queue
[2022-11-25 12:24:39,796] {logging_mixin.py:115} INFO - [2022-11-25 12:24:39,796] {dagbag.py:507} INFO - Filling up the DagBag from /opt/airflow/dags/groups/group_transform.py
[2022-11-25 12:24:41,458] {processor.py:653} WARNING - No viable dags retrieved from /opt/airflow/dags/groups/group_transform.py
[2022-11-25 12:24:41,507] {processor.py:161} INFO - Processing /opt/airflow/dags/groups/group_transform.py took 1.729 seconds
[2022-11-25 12:25:12,113] {processor.py:153} INFO - Started process (PID=86) to work on /opt/airflow/dags/groups/group_transform.py
[2022-11-25 12:25:12,116] {processor.py:641} INFO - Processing file /opt/airflow/dags/groups/group_transform.py for tasks to queue
[2022-11-25 12:25:12,119] {logging_mixin.py:115} INFO - [2022-11-25 12:25:12,118] {dagbag.py:507} INFO - Filling up the DagBag from /opt/airflow/dags/groups/group_transform.py
[2022-11-25 12:25:13,830] {processor.py:653} WARNING - No viable dags retrieved from /opt/airflow/dags/groups/group_transform.py
[2022-11-25 12:25:13,880] {processor.py:161} INFO - Processing /opt/airflow/dags/groups/group_transform.py took 1.780 seconds
[2022-11-25 12:25:44,014] {processor.py:153} INFO - Started process (PID=93) to work on /opt/airflow/dags/groups/group_transform.py
[2022-11-25 12:25:44,017] {processor.py:641} INFO - Processing file /opt/airflow/dags/groups/group_transform.py for tasks to queue
[2022-11-25 12:25:44,020] {logging_mixin.py:115} INFO - [2022-11-25 12:25:44,020] {dagbag.py:507} INFO - Filling up the DagBag from /opt/airflow/dags/groups/group_transform.py
[2022-11-25 12:25:45,692] {processor.py:653} WARNING - No viable dags retrieved from /opt/airflow/dags/groups/group_transform.py
[2022-11-25 12:25:45,736] {processor.py:161} INFO - Processing /opt/airflow/dags/groups/group_transform.py took 1.728 seconds
[2022-11-25 12:26:15,866] {processor.py:153} INFO - Started process (PID=99) to work on /opt/airflow/dags/groups/group_transform.py
[2022-11-25 12:26:15,868] {processor.py:641} INFO - Processing file /opt/airflow/dags/groups/group_transform.py for tasks to queue
[2022-11-25 12:26:15,872] {logging_mixin.py:115} INFO - [2022-11-25 12:26:15,871] {dagbag.py:507} INFO - Filling up the DagBag from /opt/airflow/dags/groups/group_transform.py
[2022-11-25 12:26:18,147] {processor.py:653} WARNING - No viable dags retrieved from /opt/airflow/dags/groups/group_transform.py
[2022-11-25 12:26:18,196] {processor.py:161} INFO - Processing /opt/airflow/dags/groups/group_transform.py took 2.345 seconds
[2022-11-25 12:26:48,445] {processor.py:153} INFO - Started process (PID=106) to work on /opt/airflow/dags/groups/group_transform.py
[2022-11-25 12:26:48,450] {processor.py:641} INFO - Processing file /opt/airflow/dags/groups/group_transform.py for tasks to queue
[2022-11-25 12:26:48,453] {logging_mixin.py:115} INFO - [2022-11-25 12:26:48,453] {dagbag.py:507} INFO - Filling up the DagBag from /opt/airflow/dags/groups/group_transform.py
[2022-11-25 12:26:50,142] {processor.py:653} WARNING - No viable dags retrieved from /opt/airflow/dags/groups/group_transform.py
[2022-11-25 12:26:50,190] {processor.py:161} INFO - Processing /opt/airflow/dags/groups/group_transform.py took 1.758 seconds
[2022-11-25 12:27:21,022] {processor.py:153} INFO - Started process (PID=113) to work on /opt/airflow/dags/groups/group_transform.py
[2022-11-25 12:27:21,025] {processor.py:641} INFO - Processing file /opt/airflow/dags/groups/group_transform.py for tasks to queue
[2022-11-25 12:27:21,028] {logging_mixin.py:115} INFO - [2022-11-25 12:27:21,027] {dagbag.py:507} INFO - Filling up the DagBag from /opt/airflow/dags/groups/group_transform.py
[2022-11-25 12:27:22,743] {processor.py:653} WARNING - No viable dags retrieved from /opt/airflow/dags/groups/group_transform.py
[2022-11-25 12:27:22,791] {processor.py:161} INFO - Processing /opt/airflow/dags/groups/group_transform.py took 1.780 seconds
[2022-11-25 12:27:52,992] {processor.py:153} INFO - Started process (PID=120) to work on /opt/airflow/dags/groups/group_transform.py
[2022-11-25 12:27:52,995] {processor.py:641} INFO - Processing file /opt/airflow/dags/groups/group_transform.py for tasks to queue
[2022-11-25 12:27:52,998] {logging_mixin.py:115} INFO - [2022-11-25 12:27:52,997] {dagbag.py:507} INFO - Filling up the DagBag from /opt/airflow/dags/groups/group_transform.py
[2022-11-25 12:27:54,956] {processor.py:653} WARNING - No viable dags retrieved from /opt/airflow/dags/groups/group_transform.py
[2022-11-25 12:27:55,006] {processor.py:161} INFO - Processing /opt/airflow/dags/groups/group_transform.py took 2.027 seconds
[2022-11-25 12:28:25,250] {processor.py:153} INFO - Started process (PID=127) to work on /opt/airflow/dags/groups/group_transform.py
[2022-11-25 12:28:25,253] {processor.py:641} INFO - Processing file /opt/airflow/dags/groups/group_transform.py for tasks to queue
[2022-11-25 12:28:25,257] {logging_mixin.py:115} INFO - [2022-11-25 12:28:25,256] {dagbag.py:507} INFO - Filling up the DagBag from /opt/airflow/dags/groups/group_transform.py
[2022-11-25 12:28:27,093] {processor.py:653} WARNING - No viable dags retrieved from /opt/airflow/dags/groups/group_transform.py
[2022-11-25 12:28:27,154] {processor.py:161} INFO - Processing /opt/airflow/dags/groups/group_transform.py took 1.917 seconds
[2022-11-25 12:28:57,290] {processor.py:153} INFO - Started process (PID=134) to work on /opt/airflow/dags/groups/group_transform.py
[2022-11-25 12:28:57,293] {processor.py:641} INFO - Processing file /opt/airflow/dags/groups/group_transform.py for tasks to queue
[2022-11-25 12:28:57,296] {logging_mixin.py:115} INFO - [2022-11-25 12:28:57,296] {dagbag.py:507} INFO - Filling up the DagBag from /opt/airflow/dags/groups/group_transform.py
[2022-11-25 12:28:59,178] {processor.py:653} WARNING - No viable dags retrieved from /opt/airflow/dags/groups/group_transform.py
[2022-11-25 12:28:59,226] {processor.py:161} INFO - Processing /opt/airflow/dags/groups/group_transform.py took 1.948 seconds
[2022-11-25 12:29:29,385] {processor.py:153} INFO - Started process (PID=140) to work on /opt/airflow/dags/groups/group_transform.py
[2022-11-25 12:29:29,388] {processor.py:641} INFO - Processing file /opt/airflow/dags/groups/group_transform.py for tasks to queue
[2022-11-25 12:29:29,391] {logging_mixin.py:115} INFO - [2022-11-25 12:29:29,390] {dagbag.py:507} INFO - Filling up the DagBag from /opt/airflow/dags/groups/group_transform.py
[2022-11-25 12:29:31,449] {processor.py:653} WARNING - No viable dags retrieved from /opt/airflow/dags/groups/group_transform.py
[2022-11-25 12:29:31,527] {processor.py:161} INFO - Processing /opt/airflow/dags/groups/group_transform.py took 2.157 seconds
[2022-11-25 12:30:02,373] {processor.py:153} INFO - Started process (PID=148) to work on /opt/airflow/dags/groups/group_transform.py
[2022-11-25 12:30:02,376] {processor.py:641} INFO - Processing file /opt/airflow/dags/groups/group_transform.py for tasks to queue
[2022-11-25 12:30:02,380] {logging_mixin.py:115} INFO - [2022-11-25 12:30:02,379] {dagbag.py:507} INFO - Filling up the DagBag from /opt/airflow/dags/groups/group_transform.py
[2022-11-25 12:30:04,167] {processor.py:653} WARNING - No viable dags retrieved from /opt/airflow/dags/groups/group_transform.py
[2022-11-25 12:30:04,266] {processor.py:161} INFO - Processing /opt/airflow/dags/groups/group_transform.py took 1.907 seconds
[2022-11-25 12:30:35,183] {processor.py:153} INFO - Started process (PID=155) to work on /opt/airflow/dags/groups/group_transform.py
[2022-11-25 12:30:35,185] {processor.py:641} INFO - Processing file /opt/airflow/dags/groups/group_transform.py for tasks to queue
[2022-11-25 12:30:35,188] {logging_mixin.py:115} INFO - [2022-11-25 12:30:35,188] {dagbag.py:507} INFO - Filling up the DagBag from /opt/airflow/dags/groups/group_transform.py
[2022-11-25 12:30:36,919] {processor.py:653} WARNING - No viable dags retrieved from /opt/airflow/dags/groups/group_transform.py
[2022-11-25 12:30:36,979] {processor.py:161} INFO - Processing /opt/airflow/dags/groups/group_transform.py took 1.808 seconds
[2022-11-25 12:31:07,887] {processor.py:153} INFO - Started process (PID=162) to work on /opt/airflow/dags/groups/group_transform.py
[2022-11-25 12:31:07,890] {processor.py:641} INFO - Processing file /opt/airflow/dags/groups/group_transform.py for tasks to queue
[2022-11-25 12:31:07,893] {logging_mixin.py:115} INFO - [2022-11-25 12:31:07,892] {dagbag.py:507} INFO - Filling up the DagBag from /opt/airflow/dags/groups/group_transform.py
[2022-11-25 12:31:09,679] {processor.py:653} WARNING - No viable dags retrieved from /opt/airflow/dags/groups/group_transform.py
[2022-11-25 12:31:09,727] {processor.py:161} INFO - Processing /opt/airflow/dags/groups/group_transform.py took 1.853 seconds
[2022-11-25 12:31:40,519] {processor.py:153} INFO - Started process (PID=169) to work on /opt/airflow/dags/groups/group_transform.py
[2022-11-25 12:31:40,522] {processor.py:641} INFO - Processing file /opt/airflow/dags/groups/group_transform.py for tasks to queue
[2022-11-25 12:31:40,525] {logging_mixin.py:115} INFO - [2022-11-25 12:31:40,525] {dagbag.py:507} INFO - Filling up the DagBag from /opt/airflow/dags/groups/group_transform.py
[2022-11-25 12:31:42,264] {processor.py:653} WARNING - No viable dags retrieved from /opt/airflow/dags/groups/group_transform.py
[2022-11-25 12:31:42,316] {processor.py:161} INFO - Processing /opt/airflow/dags/groups/group_transform.py took 1.809 seconds
