[2022-12-09 10:35:58,067] {taskinstance.py:1159} INFO - Dependencies all met for <TaskInstance: etl_solar.checkfiles.check_energy_file_1 manual__2022-12-09T10:35:53.700875+00:00 [queued]>
[2022-12-09 10:35:58,110] {taskinstance.py:1159} INFO - Dependencies all met for <TaskInstance: etl_solar.checkfiles.check_energy_file_1 manual__2022-12-09T10:35:53.700875+00:00 [queued]>
[2022-12-09 10:35:58,111] {taskinstance.py:1356} INFO - 
--------------------------------------------------------------------------------
[2022-12-09 10:35:58,113] {taskinstance.py:1357} INFO - Starting attempt 1 of 1
[2022-12-09 10:35:58,114] {taskinstance.py:1358} INFO - 
--------------------------------------------------------------------------------
[2022-12-09 10:35:58,179] {taskinstance.py:1377} INFO - Executing <Task(BashOperator): checkfiles.check_energy_file_1> on 2022-12-09 10:35:53.700875+00:00
[2022-12-09 10:35:58,192] {standard_task_runner.py:52} INFO - Started process 78 to run task
[2022-12-09 10:35:58,206] {standard_task_runner.py:79} INFO - Running: ['***', 'tasks', 'run', 'etl_solar', 'checkfiles.check_energy_file_1', 'manual__2022-12-09T10:35:53.700875+00:00', '--job-id', '7', '--raw', '--subdir', 'DAGS_FOLDER/dag_preprocess.py', '--cfg-path', '/tmp/tmpec2r4pqw', '--error-file', '/tmp/tmpf1es_mkz']
[2022-12-09 10:35:58,210] {standard_task_runner.py:80} INFO - Job 7: Subtask checkfiles.check_energy_file_1
[2022-12-09 10:35:58,546] {task_command.py:369} INFO - Running <TaskInstance: etl_solar.checkfiles.check_energy_file_1 manual__2022-12-09T10:35:53.700875+00:00 [running]> on host 4d9af2ba34e6
[2022-12-09 10:35:58,946] {taskinstance.py:1571} INFO - Exporting the following env vars:
AIRFLOW_CTX_DAG_OWNER=***
AIRFLOW_CTX_DAG_ID=etl_solar
AIRFLOW_CTX_TASK_ID=checkfiles.check_energy_file_1
AIRFLOW_CTX_EXECUTION_DATE=2022-12-09T10:35:53.700875+00:00
AIRFLOW_CTX_TRY_NUMBER=1
AIRFLOW_CTX_DAG_RUN_ID=manual__2022-12-09T10:35:53.700875+00:00
[2022-12-09 10:35:58,955] {subprocess.py:62} INFO - Tmp dir root location: 
 /tmp
[2022-12-09 10:35:58,958] {subprocess.py:74} INFO - Running command: ['bash', '-c', '/opt/***/utilities/check_file.sh /opt/***/utilities/storage/energy_1.csv']
[2022-12-09 10:35:59,008] {subprocess.py:85} INFO - Output:
[2022-12-09 10:35:59,038] {subprocess.py:92} INFO - File /opt/***/utilities/storage/energy_1.csv does not exist
[2022-12-09 10:35:59,043] {subprocess.py:96} INFO - Command exited with return code 0
[2022-12-09 10:35:59,280] {taskinstance.py:1400} INFO - Marking task as SUCCESS. dag_id=etl_solar, task_id=checkfiles.check_energy_file_1, execution_date=20221209T103553, start_date=20221209T103558, end_date=20221209T103559
[2022-12-09 10:35:59,363] {local_task_job.py:156} INFO - Task exited with return code 0
[2022-12-09 10:35:59,643] {local_task_job.py:273} INFO - 0 downstream tasks scheduled from follow-on schedule check
