[2022-12-11T08:17:56.730+0000] {taskinstance.py:1165} INFO - Dependencies all met for <TaskInstance: etl_solar.storage.check_input_files manual__2022-12-11T08:17:00.192133+00:00 [queued]>
[2022-12-11T08:17:56.789+0000] {taskinstance.py:1165} INFO - Dependencies all met for <TaskInstance: etl_solar.storage.check_input_files manual__2022-12-11T08:17:00.192133+00:00 [queued]>
[2022-12-11T08:17:56.791+0000] {taskinstance.py:1362} INFO - 
--------------------------------------------------------------------------------
[2022-12-11T08:17:56.792+0000] {taskinstance.py:1363} INFO - Starting attempt 1 of 1
[2022-12-11T08:17:56.794+0000] {taskinstance.py:1364} INFO - 
--------------------------------------------------------------------------------
[2022-12-11T08:17:56.871+0000] {taskinstance.py:1383} INFO - Executing <Task(BashOperator): storage.check_input_files> on 2022-12-11 08:17:00.192133+00:00
[2022-12-11T08:17:56.887+0000] {standard_task_runner.py:55} INFO - Started process 258 to run task
[2022-12-11T08:17:56.900+0000] {standard_task_runner.py:82} INFO - Running: ['***', 'tasks', 'run', 'etl_solar', 'storage.check_input_files', 'manual__2022-12-11T08:17:00.192133+00:00', '--job-id', '63', '--raw', '--subdir', 'DAGS_FOLDER/dag_preprocess.py', '--cfg-path', '/tmp/tmpnsb0ukze']
[2022-12-11T08:17:56.908+0000] {standard_task_runner.py:83} INFO - Job 63: Subtask storage.check_input_files
[2022-12-11T08:17:57.237+0000] {task_command.py:376} INFO - Running <TaskInstance: etl_solar.storage.check_input_files manual__2022-12-11T08:17:00.192133+00:00 [running]> on host 01c108b234e9
[2022-12-11T08:17:57.652+0000] {taskinstance.py:1592} INFO - Exporting the following env vars:
AIRFLOW_CTX_DAG_OWNER=***
AIRFLOW_CTX_DAG_ID=etl_solar
AIRFLOW_CTX_TASK_ID=storage.check_input_files
AIRFLOW_CTX_EXECUTION_DATE=2022-12-11T08:17:00.192133+00:00
AIRFLOW_CTX_TRY_NUMBER=1
AIRFLOW_CTX_DAG_RUN_ID=manual__2022-12-11T08:17:00.192133+00:00
[2022-12-11T08:17:57.660+0000] {subprocess.py:63} INFO - Tmp dir root location: 
 /tmp
[2022-12-11T08:17:57.664+0000] {subprocess.py:75} INFO - Running command: ['/bin/bash', '-c', '/opt/***/utilities/check_both_files.sh /opt/***/storage/output/2022-12-11/weather.csv /opt/***/storage/output/2022-12-11/geography.csv']
[2022-12-11T08:17:57.706+0000] {subprocess.py:86} INFO - Output:
[2022-12-11T08:17:57.748+0000] {subprocess.py:93} INFO - File /opt/***/storage/output/2022-12-11/weather.csv and /opt/***/storage/output/2022-12-11/geography.csv exists
[2022-12-11T08:17:57.751+0000] {subprocess.py:97} INFO - Command exited with return code 0
[2022-12-11T08:17:57.881+0000] {taskinstance.py:1406} INFO - Marking task as SUCCESS. dag_id=etl_solar, task_id=storage.check_input_files, execution_date=20221211T081700, start_date=20221211T081756, end_date=20221211T081757
[2022-12-11T08:17:57.956+0000] {local_task_job.py:164} INFO - Task exited with return code 0
[2022-12-11T08:17:58.127+0000] {local_task_job.py:273} INFO - 3 downstream tasks scheduled from follow-on schedule check
