[2022-11-22 05:04:55,646] {taskinstance.py:1159} INFO - Dependencies all met for <TaskInstance: etl_solar.load_files.check_input_folder manual__2022-11-22T05:04:43.707828+00:00 [queued]>
[2022-11-22 05:04:55,691] {taskinstance.py:1159} INFO - Dependencies all met for <TaskInstance: etl_solar.load_files.check_input_folder manual__2022-11-22T05:04:43.707828+00:00 [queued]>
[2022-11-22 05:04:55,692] {taskinstance.py:1356} INFO - 
--------------------------------------------------------------------------------
[2022-11-22 05:04:55,694] {taskinstance.py:1357} INFO - Starting attempt 1 of 1
[2022-11-22 05:04:55,695] {taskinstance.py:1358} INFO - 
--------------------------------------------------------------------------------
[2022-11-22 05:04:55,762] {taskinstance.py:1377} INFO - Executing <Task(BashOperator): load_files.check_input_folder> on 2022-11-22 05:04:43.707828+00:00
[2022-11-22 05:04:55,776] {standard_task_runner.py:52} INFO - Started process 403 to run task
[2022-11-22 05:04:55,789] {standard_task_runner.py:79} INFO - Running: ['***', 'tasks', 'run', 'etl_solar', 'load_files.check_input_folder', 'manual__2022-11-22T05:04:43.707828+00:00', '--job-id', '217', '--raw', '--subdir', 'DAGS_FOLDER/dag_preprocess.py', '--cfg-path', '/tmp/tmpdfbfyegs', '--error-file', '/tmp/tmp7zq9fbq2']
[2022-11-22 05:04:55,794] {standard_task_runner.py:80} INFO - Job 217: Subtask load_files.check_input_folder
[2022-11-22 05:04:56,051] {task_command.py:369} INFO - Running <TaskInstance: etl_solar.load_files.check_input_folder manual__2022-11-22T05:04:43.707828+00:00 [running]> on host 8a647070b091
[2022-11-22 05:04:56,406] {taskinstance.py:1571} INFO - Exporting the following env vars:
AIRFLOW_CTX_DAG_OWNER=***
AIRFLOW_CTX_DAG_ID=etl_solar
AIRFLOW_CTX_TASK_ID=load_files.check_input_folder
AIRFLOW_CTX_EXECUTION_DATE=2022-11-22T05:04:43.707828+00:00
AIRFLOW_CTX_TRY_NUMBER=1
AIRFLOW_CTX_DAG_RUN_ID=manual__2022-11-22T05:04:43.707828+00:00
[2022-11-22 05:04:56,410] {subprocess.py:62} INFO - Tmp dir root location: 
 /tmp
[2022-11-22 05:04:56,413] {subprocess.py:74} INFO - Running command: ['bash', '-c', '/opt/***/utilities/make_folder.sh /opt/***/storage/input/2022-11-22']
[2022-11-22 05:04:56,445] {subprocess.py:85} INFO - Output:
[2022-11-22 05:04:56,505] {subprocess.py:96} INFO - Command exited with return code 0
[2022-11-22 05:04:56,641] {taskinstance.py:1400} INFO - Marking task as SUCCESS. dag_id=etl_solar, task_id=load_files.check_input_folder, execution_date=20221122T050443, start_date=20221122T050455, end_date=20221122T050456
[2022-11-22 05:04:56,728] {local_task_job.py:156} INFO - Task exited with return code 0
[2022-11-22 05:04:56,932] {local_task_job.py:273} INFO - 2 downstream tasks scheduled from follow-on schedule check
