[2022-11-20 06:07:58,320] {taskinstance.py:877} INFO - Dependencies all met for <TaskInstance: etl_solar.check_table_status 2022-11-20T06:07:47.701845+00:00 [queued]>
[2022-11-20 06:07:58,372] {taskinstance.py:877} INFO - Dependencies all met for <TaskInstance: etl_solar.check_table_status 2022-11-20T06:07:47.701845+00:00 [queued]>
[2022-11-20 06:07:58,373] {taskinstance.py:1068} INFO - 
--------------------------------------------------------------------------------
[2022-11-20 06:07:58,375] {taskinstance.py:1069} INFO - Starting attempt 1 of 1
[2022-11-20 06:07:58,376] {taskinstance.py:1070} INFO - 
--------------------------------------------------------------------------------
[2022-11-20 06:07:58,434] {taskinstance.py:1089} INFO - Executing <Task(BashOperator): check_table_status> on 2022-11-20T06:07:47.701845+00:00
[2022-11-20 06:07:58,448] {standard_task_runner.py:52} INFO - Started process 92 to run task
[2022-11-20 06:07:58,466] {standard_task_runner.py:76} INFO - Running: ['airflow', 'tasks', 'run', 'etl_solar', 'check_table_status', '2022-11-20T06:07:47.701845+00:00', '--job-id', '30', '--pool', 'default_pool', '--raw', '--subdir', 'DAGS_FOLDER/dag_preprocess.py', '--cfg-path', '/tmp/tmpkrhpvy8e', '--error-file', '/tmp/tmpgaxyrsl9']
[2022-11-20 06:07:58,469] {standard_task_runner.py:77} INFO - Job 30: Subtask check_table_status
[2022-11-20 06:07:58,635] {logging_mixin.py:104} INFO - Running <TaskInstance: etl_solar.check_table_status 2022-11-20T06:07:47.701845+00:00 [running]> on host cc7a6235a592
[2022-11-20 06:07:58,777] {taskinstance.py:1283} INFO - Exporting the following env vars:
AIRFLOW_CTX_DAG_OWNER=airflow
AIRFLOW_CTX_DAG_ID=etl_solar
AIRFLOW_CTX_TASK_ID=check_table_status
AIRFLOW_CTX_EXECUTION_DATE=2022-11-20T06:07:47.701845+00:00
AIRFLOW_CTX_DAG_RUN_ID=manual__2022-11-20T06:07:47.701845+00:00
[2022-11-20 06:07:58,779] {bash.py:135} INFO - Tmp dir root location: 
 /tmp
[2022-11-20 06:07:58,783] {bash.py:158} INFO - Running command: echo 'success'
[2022-11-20 06:07:58,807] {bash.py:169} INFO - Output:
[2022-11-20 06:07:58,811] {bash.py:173} INFO - success
[2022-11-20 06:07:58,813] {bash.py:177} INFO - Command exited with return code 0
[2022-11-20 06:07:58,901] {taskinstance.py:1192} INFO - Marking task as SUCCESS. dag_id=etl_solar, task_id=check_table_status, execution_date=20221120T060747, start_date=20221120T060758, end_date=20221120T060758
[2022-11-20 06:07:58,987] {taskinstance.py:1246} INFO - 0 downstream tasks scheduled from follow-on schedule check
[2022-11-20 06:07:59,034] {local_task_job.py:146} INFO - Task exited with return code 0
