[2022-11-25 03:52:09,406] {processor.py:153} INFO - Started process (PID=35) to work on /opt/airflow/dags/dag_preprocess.py
[2022-11-25 03:52:09,407] {processor.py:641} INFO - Processing file /opt/airflow/dags/dag_preprocess.py for tasks to queue
[2022-11-25 03:52:09,408] {logging_mixin.py:115} INFO - [2022-11-25 03:52:09,408] {dagbag.py:507} INFO - Filling up the DagBag from /opt/airflow/dags/dag_preprocess.py
[2022-11-25 03:52:10,485] {processor.py:651} INFO - DAG(s) dict_keys(['etl_solar']) retrieved from /opt/airflow/dags/dag_preprocess.py
[2022-11-25 03:52:10,630] {logging_mixin.py:115} INFO - [2022-11-25 03:52:10,630] {dag.py:2371} INFO - Sync 1 DAGs
[2022-11-25 03:52:10,680] {logging_mixin.py:115} INFO - [2022-11-25 03:52:10,679] {dag.py:2919} INFO - Setting next_dagrun for etl_solar to 2022-11-25T00:00:00+00:00, run_after=2022-11-26T00:00:00+00:00
[2022-11-25 03:52:10,718] {processor.py:161} INFO - Processing /opt/airflow/dags/dag_preprocess.py took 1.317 seconds
[2022-11-25 07:49:19,333] {processor.py:153} INFO - Started process (PID=35) to work on /opt/airflow/dags/dag_preprocess.py
[2022-11-25 07:49:19,334] {processor.py:641} INFO - Processing file /opt/airflow/dags/dag_preprocess.py for tasks to queue
[2022-11-25 07:49:19,335] {logging_mixin.py:115} INFO - [2022-11-25 07:49:19,335] {dagbag.py:507} INFO - Filling up the DagBag from /opt/airflow/dags/dag_preprocess.py
[2022-11-25 07:49:20,106] {processor.py:651} INFO - DAG(s) dict_keys(['etl_solar']) retrieved from /opt/airflow/dags/dag_preprocess.py
[2022-11-25 07:49:20,140] {logging_mixin.py:115} INFO - [2022-11-25 07:49:20,139] {dag.py:2371} INFO - Sync 1 DAGs
[2022-11-25 07:49:20,172] {logging_mixin.py:115} INFO - [2022-11-25 07:49:20,171] {dag.py:2919} INFO - Setting next_dagrun for etl_solar to 2022-11-25T00:00:00+00:00, run_after=2022-11-26T00:00:00+00:00
[2022-11-25 07:49:20,189] {processor.py:161} INFO - Processing /opt/airflow/dags/dag_preprocess.py took 0.862 seconds
[2022-11-25 07:49:29,174] {processor.py:153} INFO - Started process (PID=42) to work on /opt/airflow/dags/dag_preprocess.py
[2022-11-25 07:49:29,175] {processor.py:641} INFO - Processing file /opt/airflow/dags/dag_preprocess.py for tasks to queue
[2022-11-25 07:49:29,176] {logging_mixin.py:115} INFO - [2022-11-25 07:49:29,176] {dagbag.py:507} INFO - Filling up the DagBag from /opt/airflow/dags/dag_preprocess.py
[2022-11-25 07:49:29,751] {processor.py:651} INFO - DAG(s) dict_keys(['etl_solar']) retrieved from /opt/airflow/dags/dag_preprocess.py
[2022-11-25 07:49:29,786] {logging_mixin.py:115} WARNING - /home/airflow/.local/lib/python3.7/site-packages/airflow/configuration.py:470 DeprecationWarning: The sql_alchemy_conn option in [core] has been moved to the sql_alchemy_conn option in [database] - the old setting has been used, but please update your config.
[2022-11-25 07:49:29,850] {processor.py:611} INFO - Executed failure callback for <TaskInstance: etl_solar.checkfiles.check_solar_table scheduled__2022-11-22T00:00:00+00:00 [failed]> in state failed
[2022-11-25 07:49:29,878] {logging_mixin.py:115} INFO - [2022-11-25 07:49:29,878] {dag.py:2371} INFO - Sync 1 DAGs
[2022-11-25 07:49:29,905] {logging_mixin.py:115} INFO - [2022-11-25 07:49:29,905] {dag.py:2919} INFO - Setting next_dagrun for etl_solar to 2022-11-25T00:00:00+00:00, run_after=2022-11-26T00:00:00+00:00
[2022-11-25 07:49:29,921] {processor.py:161} INFO - Processing /opt/airflow/dags/dag_preprocess.py took 0.752 seconds
[2022-11-25 07:49:39,232] {processor.py:153} INFO - Started process (PID=44) to work on /opt/airflow/dags/dag_preprocess.py
[2022-11-25 07:49:39,233] {processor.py:641} INFO - Processing file /opt/airflow/dags/dag_preprocess.py for tasks to queue
[2022-11-25 07:49:39,234] {logging_mixin.py:115} INFO - [2022-11-25 07:49:39,234] {dagbag.py:507} INFO - Filling up the DagBag from /opt/airflow/dags/dag_preprocess.py
[2022-11-25 07:49:39,804] {processor.py:651} INFO - DAG(s) dict_keys(['etl_solar']) retrieved from /opt/airflow/dags/dag_preprocess.py
[2022-11-25 07:49:39,833] {logging_mixin.py:115} WARNING - /home/airflow/.local/lib/python3.7/site-packages/airflow/configuration.py:470 DeprecationWarning: The sql_alchemy_conn option in [core] has been moved to the sql_alchemy_conn option in [database] - the old setting has been used, but please update your config.
[2022-11-25 07:49:39,880] {processor.py:611} INFO - Executed failure callback for <TaskInstance: etl_solar.checkfiles.check_weather_table scheduled__2022-11-24T00:00:00+00:00 [failed]> in state failed
[2022-11-25 07:49:39,903] {processor.py:611} INFO - Executed failure callback for <TaskInstance: etl_solar.checkfiles.check_weather_table scheduled__2022-11-24T00:00:00+00:00 [failed]> in state failed
[2022-11-25 07:49:39,930] {logging_mixin.py:115} INFO - [2022-11-25 07:49:39,930] {dag.py:2371} INFO - Sync 1 DAGs
[2022-11-25 07:49:39,960] {logging_mixin.py:115} INFO - [2022-11-25 07:49:39,960] {dag.py:2919} INFO - Setting next_dagrun for etl_solar to 2022-11-25T00:00:00+00:00, run_after=2022-11-26T00:00:00+00:00
[2022-11-25 07:49:39,983] {processor.py:161} INFO - Processing /opt/airflow/dags/dag_preprocess.py took 0.754 seconds
[2022-11-25 07:50:10,207] {processor.py:153} INFO - Started process (PID=51) to work on /opt/airflow/dags/dag_preprocess.py
[2022-11-25 07:50:10,209] {processor.py:641} INFO - Processing file /opt/airflow/dags/dag_preprocess.py for tasks to queue
[2022-11-25 07:50:10,212] {logging_mixin.py:115} INFO - [2022-11-25 07:50:10,211] {dagbag.py:507} INFO - Filling up the DagBag from /opt/airflow/dags/dag_preprocess.py
[2022-11-25 07:50:10,801] {processor.py:651} INFO - DAG(s) dict_keys(['etl_solar']) retrieved from /opt/airflow/dags/dag_preprocess.py
[2022-11-25 07:50:10,835] {logging_mixin.py:115} INFO - [2022-11-25 07:50:10,834] {dag.py:2371} INFO - Sync 1 DAGs
[2022-11-25 07:50:10,889] {logging_mixin.py:115} INFO - [2022-11-25 07:50:10,889] {dag.py:2919} INFO - Setting next_dagrun for etl_solar to 2022-11-25T00:00:00+00:00, run_after=2022-11-26T00:00:00+00:00
[2022-11-25 07:50:10,913] {processor.py:161} INFO - Processing /opt/airflow/dags/dag_preprocess.py took 0.714 seconds
[2022-11-25 07:50:41,367] {processor.py:153} INFO - Started process (PID=58) to work on /opt/airflow/dags/dag_preprocess.py
[2022-11-25 07:50:41,368] {processor.py:641} INFO - Processing file /opt/airflow/dags/dag_preprocess.py for tasks to queue
[2022-11-25 07:50:41,369] {logging_mixin.py:115} INFO - [2022-11-25 07:50:41,369] {dagbag.py:507} INFO - Filling up the DagBag from /opt/airflow/dags/dag_preprocess.py
[2022-11-25 07:50:41,990] {processor.py:651} INFO - DAG(s) dict_keys(['etl_solar']) retrieved from /opt/airflow/dags/dag_preprocess.py
[2022-11-25 07:50:42,030] {logging_mixin.py:115} INFO - [2022-11-25 07:50:42,029] {dag.py:2371} INFO - Sync 1 DAGs
[2022-11-25 07:50:42,061] {logging_mixin.py:115} INFO - [2022-11-25 07:50:42,061] {dag.py:2919} INFO - Setting next_dagrun for etl_solar to 2022-11-25T00:00:00+00:00, run_after=2022-11-26T00:00:00+00:00
[2022-11-25 07:50:42,082] {processor.py:161} INFO - Processing /opt/airflow/dags/dag_preprocess.py took 0.719 seconds
[2022-11-25 07:51:12,253] {processor.py:153} INFO - Started process (PID=65) to work on /opt/airflow/dags/dag_preprocess.py
[2022-11-25 07:51:12,254] {processor.py:641} INFO - Processing file /opt/airflow/dags/dag_preprocess.py for tasks to queue
[2022-11-25 07:51:12,255] {logging_mixin.py:115} INFO - [2022-11-25 07:51:12,254] {dagbag.py:507} INFO - Filling up the DagBag from /opt/airflow/dags/dag_preprocess.py
[2022-11-25 07:51:12,832] {processor.py:651} INFO - DAG(s) dict_keys(['etl_solar']) retrieved from /opt/airflow/dags/dag_preprocess.py
[2022-11-25 07:51:12,863] {logging_mixin.py:115} INFO - [2022-11-25 07:51:12,863] {dag.py:2371} INFO - Sync 1 DAGs
[2022-11-25 07:51:12,901] {logging_mixin.py:115} INFO - [2022-11-25 07:51:12,900] {dag.py:2919} INFO - Setting next_dagrun for etl_solar to 2022-11-25T00:00:00+00:00, run_after=2022-11-26T00:00:00+00:00
[2022-11-25 07:51:12,920] {processor.py:161} INFO - Processing /opt/airflow/dags/dag_preprocess.py took 0.671 seconds
[2022-11-25 07:51:43,951] {processor.py:153} INFO - Started process (PID=72) to work on /opt/airflow/dags/dag_preprocess.py
[2022-11-25 07:51:43,952] {processor.py:641} INFO - Processing file /opt/airflow/dags/dag_preprocess.py for tasks to queue
[2022-11-25 07:51:43,953] {logging_mixin.py:115} INFO - [2022-11-25 07:51:43,953] {dagbag.py:507} INFO - Filling up the DagBag from /opt/airflow/dags/dag_preprocess.py
[2022-11-25 07:51:44,539] {processor.py:651} INFO - DAG(s) dict_keys(['etl_solar']) retrieved from /opt/airflow/dags/dag_preprocess.py
[2022-11-25 07:51:44,568] {logging_mixin.py:115} INFO - [2022-11-25 07:51:44,568] {dag.py:2371} INFO - Sync 1 DAGs
[2022-11-25 07:51:44,599] {logging_mixin.py:115} INFO - [2022-11-25 07:51:44,599] {dag.py:2919} INFO - Setting next_dagrun for etl_solar to 2022-11-25T00:00:00+00:00, run_after=2022-11-26T00:00:00+00:00
[2022-11-25 07:51:44,624] {processor.py:161} INFO - Processing /opt/airflow/dags/dag_preprocess.py took 0.677 seconds
[2022-11-25 07:52:15,068] {processor.py:153} INFO - Started process (PID=79) to work on /opt/airflow/dags/dag_preprocess.py
[2022-11-25 07:52:15,070] {processor.py:641} INFO - Processing file /opt/airflow/dags/dag_preprocess.py for tasks to queue
[2022-11-25 07:52:15,072] {logging_mixin.py:115} INFO - [2022-11-25 07:52:15,072] {dagbag.py:507} INFO - Filling up the DagBag from /opt/airflow/dags/dag_preprocess.py
[2022-11-25 07:52:15,713] {processor.py:651} INFO - DAG(s) dict_keys(['etl_solar']) retrieved from /opt/airflow/dags/dag_preprocess.py
[2022-11-25 07:52:15,741] {logging_mixin.py:115} INFO - [2022-11-25 07:52:15,741] {dag.py:2371} INFO - Sync 1 DAGs
[2022-11-25 07:52:15,769] {logging_mixin.py:115} INFO - [2022-11-25 07:52:15,769] {dag.py:2919} INFO - Setting next_dagrun for etl_solar to 2022-11-25T00:00:00+00:00, run_after=2022-11-26T00:00:00+00:00
[2022-11-25 07:52:15,786] {processor.py:161} INFO - Processing /opt/airflow/dags/dag_preprocess.py took 0.725 seconds
[2022-11-25 07:52:45,937] {processor.py:153} INFO - Started process (PID=86) to work on /opt/airflow/dags/dag_preprocess.py
[2022-11-25 07:52:45,938] {processor.py:641} INFO - Processing file /opt/airflow/dags/dag_preprocess.py for tasks to queue
[2022-11-25 07:52:45,940] {logging_mixin.py:115} INFO - [2022-11-25 07:52:45,940] {dagbag.py:507} INFO - Filling up the DagBag from /opt/airflow/dags/dag_preprocess.py
[2022-11-25 07:52:46,592] {processor.py:651} INFO - DAG(s) dict_keys(['etl_solar']) retrieved from /opt/airflow/dags/dag_preprocess.py
[2022-11-25 07:52:46,625] {logging_mixin.py:115} INFO - [2022-11-25 07:52:46,624] {dag.py:2371} INFO - Sync 1 DAGs
[2022-11-25 07:52:46,657] {logging_mixin.py:115} INFO - [2022-11-25 07:52:46,656] {dag.py:2919} INFO - Setting next_dagrun for etl_solar to 2022-11-25T00:00:00+00:00, run_after=2022-11-26T00:00:00+00:00
[2022-11-25 07:52:46,672] {processor.py:161} INFO - Processing /opt/airflow/dags/dag_preprocess.py took 0.742 seconds
[2022-11-25 07:53:17,021] {processor.py:153} INFO - Started process (PID=93) to work on /opt/airflow/dags/dag_preprocess.py
[2022-11-25 07:53:17,023] {processor.py:641} INFO - Processing file /opt/airflow/dags/dag_preprocess.py for tasks to queue
[2022-11-25 07:53:17,025] {logging_mixin.py:115} INFO - [2022-11-25 07:53:17,024] {dagbag.py:507} INFO - Filling up the DagBag from /opt/airflow/dags/dag_preprocess.py
[2022-11-25 07:53:17,615] {processor.py:651} INFO - DAG(s) dict_keys(['etl_solar']) retrieved from /opt/airflow/dags/dag_preprocess.py
[2022-11-25 07:53:17,653] {logging_mixin.py:115} INFO - [2022-11-25 07:53:17,652] {dag.py:2371} INFO - Sync 1 DAGs
[2022-11-25 07:53:17,688] {logging_mixin.py:115} INFO - [2022-11-25 07:53:17,688] {dag.py:2919} INFO - Setting next_dagrun for etl_solar to 2022-11-25T00:00:00+00:00, run_after=2022-11-26T00:00:00+00:00
[2022-11-25 07:53:17,705] {processor.py:161} INFO - Processing /opt/airflow/dags/dag_preprocess.py took 0.691 seconds
[2022-11-25 07:53:47,886] {processor.py:153} INFO - Started process (PID=100) to work on /opt/airflow/dags/dag_preprocess.py
[2022-11-25 07:53:47,887] {processor.py:641} INFO - Processing file /opt/airflow/dags/dag_preprocess.py for tasks to queue
[2022-11-25 07:53:47,888] {logging_mixin.py:115} INFO - [2022-11-25 07:53:47,888] {dagbag.py:507} INFO - Filling up the DagBag from /opt/airflow/dags/dag_preprocess.py
[2022-11-25 07:53:48,445] {processor.py:651} INFO - DAG(s) dict_keys(['etl_solar']) retrieved from /opt/airflow/dags/dag_preprocess.py
[2022-11-25 07:53:48,483] {logging_mixin.py:115} INFO - [2022-11-25 07:53:48,483] {dag.py:2371} INFO - Sync 1 DAGs
[2022-11-25 07:53:48,512] {logging_mixin.py:115} INFO - [2022-11-25 07:53:48,512] {dag.py:2919} INFO - Setting next_dagrun for etl_solar to 2022-11-25T00:00:00+00:00, run_after=2022-11-26T00:00:00+00:00
[2022-11-25 07:53:48,532] {processor.py:161} INFO - Processing /opt/airflow/dags/dag_preprocess.py took 0.650 seconds
[2022-11-25 07:54:18,925] {processor.py:153} INFO - Started process (PID=107) to work on /opt/airflow/dags/dag_preprocess.py
[2022-11-25 07:54:18,927] {processor.py:641} INFO - Processing file /opt/airflow/dags/dag_preprocess.py for tasks to queue
[2022-11-25 07:54:18,932] {logging_mixin.py:115} INFO - [2022-11-25 07:54:18,932] {dagbag.py:507} INFO - Filling up the DagBag from /opt/airflow/dags/dag_preprocess.py
[2022-11-25 07:54:19,554] {processor.py:651} INFO - DAG(s) dict_keys(['etl_solar']) retrieved from /opt/airflow/dags/dag_preprocess.py
[2022-11-25 07:54:19,584] {logging_mixin.py:115} INFO - [2022-11-25 07:54:19,584] {dag.py:2371} INFO - Sync 1 DAGs
[2022-11-25 07:54:19,615] {logging_mixin.py:115} INFO - [2022-11-25 07:54:19,615] {dag.py:2919} INFO - Setting next_dagrun for etl_solar to 2022-11-25T00:00:00+00:00, run_after=2022-11-26T00:00:00+00:00
[2022-11-25 07:54:19,631] {processor.py:161} INFO - Processing /opt/airflow/dags/dag_preprocess.py took 0.712 seconds
[2022-11-25 07:54:50,111] {processor.py:153} INFO - Started process (PID=114) to work on /opt/airflow/dags/dag_preprocess.py
[2022-11-25 07:54:50,112] {processor.py:641} INFO - Processing file /opt/airflow/dags/dag_preprocess.py for tasks to queue
[2022-11-25 07:54:50,113] {logging_mixin.py:115} INFO - [2022-11-25 07:54:50,113] {dagbag.py:507} INFO - Filling up the DagBag from /opt/airflow/dags/dag_preprocess.py
[2022-11-25 07:54:50,681] {processor.py:651} INFO - DAG(s) dict_keys(['etl_solar']) retrieved from /opt/airflow/dags/dag_preprocess.py
[2022-11-25 07:54:50,709] {logging_mixin.py:115} INFO - [2022-11-25 07:54:50,708] {dag.py:2371} INFO - Sync 1 DAGs
[2022-11-25 07:54:50,737] {logging_mixin.py:115} INFO - [2022-11-25 07:54:50,737] {dag.py:2919} INFO - Setting next_dagrun for etl_solar to 2022-11-25T00:00:00+00:00, run_after=2022-11-26T00:00:00+00:00
[2022-11-25 07:54:50,756] {processor.py:161} INFO - Processing /opt/airflow/dags/dag_preprocess.py took 0.650 seconds
[2022-11-25 07:55:21,819] {processor.py:153} INFO - Started process (PID=121) to work on /opt/airflow/dags/dag_preprocess.py
[2022-11-25 07:55:21,820] {processor.py:641} INFO - Processing file /opt/airflow/dags/dag_preprocess.py for tasks to queue
[2022-11-25 07:55:21,822] {logging_mixin.py:115} INFO - [2022-11-25 07:55:21,822] {dagbag.py:507} INFO - Filling up the DagBag from /opt/airflow/dags/dag_preprocess.py
[2022-11-25 07:55:22,407] {processor.py:651} INFO - DAG(s) dict_keys(['etl_solar']) retrieved from /opt/airflow/dags/dag_preprocess.py
[2022-11-25 07:55:22,440] {logging_mixin.py:115} INFO - [2022-11-25 07:55:22,440] {dag.py:2371} INFO - Sync 1 DAGs
[2022-11-25 07:55:22,482] {logging_mixin.py:115} INFO - [2022-11-25 07:55:22,482] {dag.py:2919} INFO - Setting next_dagrun for etl_solar to 2022-11-25T00:00:00+00:00, run_after=2022-11-26T00:00:00+00:00
[2022-11-25 07:55:22,497] {processor.py:161} INFO - Processing /opt/airflow/dags/dag_preprocess.py took 0.685 seconds
[2022-11-25 07:55:53,051] {processor.py:153} INFO - Started process (PID=128) to work on /opt/airflow/dags/dag_preprocess.py
[2022-11-25 07:55:53,052] {processor.py:641} INFO - Processing file /opt/airflow/dags/dag_preprocess.py for tasks to queue
[2022-11-25 07:55:53,053] {logging_mixin.py:115} INFO - [2022-11-25 07:55:53,053] {dagbag.py:507} INFO - Filling up the DagBag from /opt/airflow/dags/dag_preprocess.py
[2022-11-25 07:55:53,665] {processor.py:651} INFO - DAG(s) dict_keys(['etl_solar']) retrieved from /opt/airflow/dags/dag_preprocess.py
[2022-11-25 07:55:53,707] {logging_mixin.py:115} INFO - [2022-11-25 07:55:53,707] {dag.py:2371} INFO - Sync 1 DAGs
[2022-11-25 07:55:53,733] {logging_mixin.py:115} INFO - [2022-11-25 07:55:53,733] {dag.py:2919} INFO - Setting next_dagrun for etl_solar to 2022-11-25T00:00:00+00:00, run_after=2022-11-26T00:00:00+00:00
[2022-11-25 07:55:53,748] {processor.py:161} INFO - Processing /opt/airflow/dags/dag_preprocess.py took 0.700 seconds
[2022-11-25 07:56:24,818] {processor.py:153} INFO - Started process (PID=135) to work on /opt/airflow/dags/dag_preprocess.py
[2022-11-25 07:56:24,820] {processor.py:641} INFO - Processing file /opt/airflow/dags/dag_preprocess.py for tasks to queue
[2022-11-25 07:56:24,823] {logging_mixin.py:115} INFO - [2022-11-25 07:56:24,823] {dagbag.py:507} INFO - Filling up the DagBag from /opt/airflow/dags/dag_preprocess.py
[2022-11-25 07:56:25,356] {processor.py:651} INFO - DAG(s) dict_keys(['etl_solar']) retrieved from /opt/airflow/dags/dag_preprocess.py
[2022-11-25 07:56:25,387] {logging_mixin.py:115} INFO - [2022-11-25 07:56:25,387] {dag.py:2371} INFO - Sync 1 DAGs
[2022-11-25 07:56:25,420] {logging_mixin.py:115} INFO - [2022-11-25 07:56:25,420] {dag.py:2919} INFO - Setting next_dagrun for etl_solar to 2022-11-25T00:00:00+00:00, run_after=2022-11-26T00:00:00+00:00
[2022-11-25 07:56:25,437] {processor.py:161} INFO - Processing /opt/airflow/dags/dag_preprocess.py took 0.630 seconds
[2022-11-25 07:56:55,548] {processor.py:153} INFO - Started process (PID=142) to work on /opt/airflow/dags/dag_preprocess.py
[2022-11-25 07:56:55,551] {processor.py:641} INFO - Processing file /opt/airflow/dags/dag_preprocess.py for tasks to queue
[2022-11-25 07:56:55,554] {logging_mixin.py:115} INFO - [2022-11-25 07:56:55,553] {dagbag.py:507} INFO - Filling up the DagBag from /opt/airflow/dags/dag_preprocess.py
[2022-11-25 07:56:56,148] {processor.py:651} INFO - DAG(s) dict_keys(['etl_solar']) retrieved from /opt/airflow/dags/dag_preprocess.py
[2022-11-25 07:56:56,193] {logging_mixin.py:115} INFO - [2022-11-25 07:56:56,193] {dag.py:2371} INFO - Sync 1 DAGs
[2022-11-25 07:56:56,245] {logging_mixin.py:115} INFO - [2022-11-25 07:56:56,245] {dag.py:2919} INFO - Setting next_dagrun for etl_solar to 2022-11-25T00:00:00+00:00, run_after=2022-11-26T00:00:00+00:00
[2022-11-25 07:56:56,273] {processor.py:161} INFO - Processing /opt/airflow/dags/dag_preprocess.py took 0.738 seconds
[2022-11-25 07:57:26,704] {processor.py:153} INFO - Started process (PID=149) to work on /opt/airflow/dags/dag_preprocess.py
[2022-11-25 07:57:26,707] {processor.py:641} INFO - Processing file /opt/airflow/dags/dag_preprocess.py for tasks to queue
[2022-11-25 07:57:26,710] {logging_mixin.py:115} INFO - [2022-11-25 07:57:26,710] {dagbag.py:507} INFO - Filling up the DagBag from /opt/airflow/dags/dag_preprocess.py
[2022-11-25 07:57:27,386] {processor.py:651} INFO - DAG(s) dict_keys(['etl_solar']) retrieved from /opt/airflow/dags/dag_preprocess.py
[2022-11-25 07:57:27,431] {logging_mixin.py:115} INFO - [2022-11-25 07:57:27,431] {dag.py:2371} INFO - Sync 1 DAGs
[2022-11-25 07:57:27,475] {logging_mixin.py:115} INFO - [2022-11-25 07:57:27,475] {dag.py:2919} INFO - Setting next_dagrun for etl_solar to 2022-11-25T00:00:00+00:00, run_after=2022-11-26T00:00:00+00:00
[2022-11-25 07:57:27,495] {processor.py:161} INFO - Processing /opt/airflow/dags/dag_preprocess.py took 0.806 seconds
[2022-11-25 07:57:57,662] {processor.py:153} INFO - Started process (PID=156) to work on /opt/airflow/dags/dag_preprocess.py
[2022-11-25 07:57:57,663] {processor.py:641} INFO - Processing file /opt/airflow/dags/dag_preprocess.py for tasks to queue
[2022-11-25 07:57:57,664] {logging_mixin.py:115} INFO - [2022-11-25 07:57:57,664] {dagbag.py:507} INFO - Filling up the DagBag from /opt/airflow/dags/dag_preprocess.py
[2022-11-25 07:57:58,263] {processor.py:651} INFO - DAG(s) dict_keys(['etl_solar']) retrieved from /opt/airflow/dags/dag_preprocess.py
[2022-11-25 07:57:58,295] {logging_mixin.py:115} INFO - [2022-11-25 07:57:58,294] {dag.py:2371} INFO - Sync 1 DAGs
[2022-11-25 07:57:58,325] {logging_mixin.py:115} INFO - [2022-11-25 07:57:58,325] {dag.py:2919} INFO - Setting next_dagrun for etl_solar to 2022-11-25T00:00:00+00:00, run_after=2022-11-26T00:00:00+00:00
[2022-11-25 07:57:58,343] {processor.py:161} INFO - Processing /opt/airflow/dags/dag_preprocess.py took 0.686 seconds
[2022-11-25 07:58:28,409] {processor.py:153} INFO - Started process (PID=163) to work on /opt/airflow/dags/dag_preprocess.py
[2022-11-25 07:58:28,411] {processor.py:641} INFO - Processing file /opt/airflow/dags/dag_preprocess.py for tasks to queue
[2022-11-25 07:58:28,412] {logging_mixin.py:115} INFO - [2022-11-25 07:58:28,412] {dagbag.py:507} INFO - Filling up the DagBag from /opt/airflow/dags/dag_preprocess.py
[2022-11-25 07:58:29,037] {processor.py:651} INFO - DAG(s) dict_keys(['etl_solar']) retrieved from /opt/airflow/dags/dag_preprocess.py
[2022-11-25 07:58:29,067] {logging_mixin.py:115} INFO - [2022-11-25 07:58:29,066] {dag.py:2371} INFO - Sync 1 DAGs
[2022-11-25 07:58:29,102] {logging_mixin.py:115} INFO - [2022-11-25 07:58:29,102] {dag.py:2919} INFO - Setting next_dagrun for etl_solar to 2022-11-25T00:00:00+00:00, run_after=2022-11-26T00:00:00+00:00
[2022-11-25 07:58:29,119] {processor.py:161} INFO - Processing /opt/airflow/dags/dag_preprocess.py took 0.717 seconds
[2022-11-25 07:58:59,176] {processor.py:153} INFO - Started process (PID=171) to work on /opt/airflow/dags/dag_preprocess.py
[2022-11-25 07:58:59,177] {processor.py:641} INFO - Processing file /opt/airflow/dags/dag_preprocess.py for tasks to queue
[2022-11-25 07:58:59,178] {logging_mixin.py:115} INFO - [2022-11-25 07:58:59,178] {dagbag.py:507} INFO - Filling up the DagBag from /opt/airflow/dags/dag_preprocess.py
[2022-11-25 07:58:59,735] {processor.py:651} INFO - DAG(s) dict_keys(['etl_solar']) retrieved from /opt/airflow/dags/dag_preprocess.py
[2022-11-25 07:58:59,784] {logging_mixin.py:115} INFO - [2022-11-25 07:58:59,784] {dag.py:2371} INFO - Sync 1 DAGs
[2022-11-25 07:58:59,815] {logging_mixin.py:115} INFO - [2022-11-25 07:58:59,815] {dag.py:2919} INFO - Setting next_dagrun for etl_solar to 2022-11-25T00:00:00+00:00, run_after=2022-11-26T00:00:00+00:00
[2022-11-25 07:58:59,833] {processor.py:161} INFO - Processing /opt/airflow/dags/dag_preprocess.py took 0.661 seconds
[2022-11-25 07:59:30,439] {processor.py:153} INFO - Started process (PID=178) to work on /opt/airflow/dags/dag_preprocess.py
[2022-11-25 07:59:30,441] {processor.py:641} INFO - Processing file /opt/airflow/dags/dag_preprocess.py for tasks to queue
[2022-11-25 07:59:30,442] {logging_mixin.py:115} INFO - [2022-11-25 07:59:30,442] {dagbag.py:507} INFO - Filling up the DagBag from /opt/airflow/dags/dag_preprocess.py
[2022-11-25 07:59:31,019] {processor.py:651} INFO - DAG(s) dict_keys(['etl_solar']) retrieved from /opt/airflow/dags/dag_preprocess.py
[2022-11-25 07:59:31,049] {logging_mixin.py:115} INFO - [2022-11-25 07:59:31,048] {dag.py:2371} INFO - Sync 1 DAGs
[2022-11-25 07:59:31,079] {logging_mixin.py:115} INFO - [2022-11-25 07:59:31,078] {dag.py:2919} INFO - Setting next_dagrun for etl_solar to 2022-11-25T00:00:00+00:00, run_after=2022-11-26T00:00:00+00:00
[2022-11-25 07:59:31,097] {processor.py:161} INFO - Processing /opt/airflow/dags/dag_preprocess.py took 0.664 seconds
[2022-11-25 08:00:02,018] {processor.py:153} INFO - Started process (PID=185) to work on /opt/airflow/dags/dag_preprocess.py
[2022-11-25 08:00:02,020] {processor.py:641} INFO - Processing file /opt/airflow/dags/dag_preprocess.py for tasks to queue
[2022-11-25 08:00:02,021] {logging_mixin.py:115} INFO - [2022-11-25 08:00:02,021] {dagbag.py:507} INFO - Filling up the DagBag from /opt/airflow/dags/dag_preprocess.py
[2022-11-25 08:00:02,676] {processor.py:651} INFO - DAG(s) dict_keys(['etl_solar']) retrieved from /opt/airflow/dags/dag_preprocess.py
[2022-11-25 08:00:02,734] {logging_mixin.py:115} INFO - [2022-11-25 08:00:02,733] {dag.py:2371} INFO - Sync 1 DAGs
[2022-11-25 08:00:02,771] {logging_mixin.py:115} INFO - [2022-11-25 08:00:02,771] {dag.py:2919} INFO - Setting next_dagrun for etl_solar to 2022-11-25T00:00:00+00:00, run_after=2022-11-26T00:00:00+00:00
[2022-11-25 08:00:02,788] {processor.py:161} INFO - Processing /opt/airflow/dags/dag_preprocess.py took 0.778 seconds
[2022-11-25 08:00:32,860] {processor.py:153} INFO - Started process (PID=192) to work on /opt/airflow/dags/dag_preprocess.py
[2022-11-25 08:00:32,861] {processor.py:641} INFO - Processing file /opt/airflow/dags/dag_preprocess.py for tasks to queue
[2022-11-25 08:00:32,862] {logging_mixin.py:115} INFO - [2022-11-25 08:00:32,862] {dagbag.py:507} INFO - Filling up the DagBag from /opt/airflow/dags/dag_preprocess.py
[2022-11-25 08:00:33,417] {processor.py:651} INFO - DAG(s) dict_keys(['etl_solar']) retrieved from /opt/airflow/dags/dag_preprocess.py
[2022-11-25 08:00:33,449] {logging_mixin.py:115} INFO - [2022-11-25 08:00:33,449] {dag.py:2371} INFO - Sync 1 DAGs
[2022-11-25 08:00:33,492] {logging_mixin.py:115} INFO - [2022-11-25 08:00:33,491] {dag.py:2919} INFO - Setting next_dagrun for etl_solar to 2022-11-25T00:00:00+00:00, run_after=2022-11-26T00:00:00+00:00
[2022-11-25 08:00:33,514] {processor.py:161} INFO - Processing /opt/airflow/dags/dag_preprocess.py took 0.658 seconds
[2022-11-25 08:01:03,692] {processor.py:153} INFO - Started process (PID=199) to work on /opt/airflow/dags/dag_preprocess.py
[2022-11-25 08:01:03,694] {processor.py:641} INFO - Processing file /opt/airflow/dags/dag_preprocess.py for tasks to queue
[2022-11-25 08:01:03,696] {logging_mixin.py:115} INFO - [2022-11-25 08:01:03,695] {dagbag.py:507} INFO - Filling up the DagBag from /opt/airflow/dags/dag_preprocess.py
[2022-11-25 08:01:04,294] {processor.py:651} INFO - DAG(s) dict_keys(['etl_solar']) retrieved from /opt/airflow/dags/dag_preprocess.py
[2022-11-25 08:01:04,324] {logging_mixin.py:115} INFO - [2022-11-25 08:01:04,324] {dag.py:2371} INFO - Sync 1 DAGs
[2022-11-25 08:01:04,352] {logging_mixin.py:115} INFO - [2022-11-25 08:01:04,352] {dag.py:2919} INFO - Setting next_dagrun for etl_solar to 2022-11-25T00:00:00+00:00, run_after=2022-11-26T00:00:00+00:00
[2022-11-25 08:01:04,371] {processor.py:161} INFO - Processing /opt/airflow/dags/dag_preprocess.py took 0.686 seconds
[2022-11-25 08:01:34,541] {processor.py:153} INFO - Started process (PID=206) to work on /opt/airflow/dags/dag_preprocess.py
[2022-11-25 08:01:34,544] {processor.py:641} INFO - Processing file /opt/airflow/dags/dag_preprocess.py for tasks to queue
[2022-11-25 08:01:34,546] {logging_mixin.py:115} INFO - [2022-11-25 08:01:34,546] {dagbag.py:507} INFO - Filling up the DagBag from /opt/airflow/dags/dag_preprocess.py
[2022-11-25 08:01:35,155] {processor.py:651} INFO - DAG(s) dict_keys(['etl_solar']) retrieved from /opt/airflow/dags/dag_preprocess.py
[2022-11-25 08:01:35,183] {logging_mixin.py:115} INFO - [2022-11-25 08:01:35,183] {dag.py:2371} INFO - Sync 1 DAGs
[2022-11-25 08:01:35,224] {logging_mixin.py:115} INFO - [2022-11-25 08:01:35,224] {dag.py:2919} INFO - Setting next_dagrun for etl_solar to 2022-11-25T00:00:00+00:00, run_after=2022-11-26T00:00:00+00:00
[2022-11-25 08:01:35,250] {processor.py:161} INFO - Processing /opt/airflow/dags/dag_preprocess.py took 0.720 seconds
[2022-11-25 08:02:06,125] {processor.py:153} INFO - Started process (PID=213) to work on /opt/airflow/dags/dag_preprocess.py
[2022-11-25 08:02:06,126] {processor.py:641} INFO - Processing file /opt/airflow/dags/dag_preprocess.py for tasks to queue
[2022-11-25 08:02:06,127] {logging_mixin.py:115} INFO - [2022-11-25 08:02:06,127] {dagbag.py:507} INFO - Filling up the DagBag from /opt/airflow/dags/dag_preprocess.py
[2022-11-25 08:02:06,743] {processor.py:651} INFO - DAG(s) dict_keys(['etl_solar']) retrieved from /opt/airflow/dags/dag_preprocess.py
[2022-11-25 08:02:06,773] {logging_mixin.py:115} INFO - [2022-11-25 08:02:06,773] {dag.py:2371} INFO - Sync 1 DAGs
[2022-11-25 08:02:06,810] {logging_mixin.py:115} INFO - [2022-11-25 08:02:06,810] {dag.py:2919} INFO - Setting next_dagrun for etl_solar to 2022-11-25T00:00:00+00:00, run_after=2022-11-26T00:00:00+00:00
[2022-11-25 08:02:06,829] {processor.py:161} INFO - Processing /opt/airflow/dags/dag_preprocess.py took 0.708 seconds
[2022-11-25 08:02:37,194] {processor.py:153} INFO - Started process (PID=220) to work on /opt/airflow/dags/dag_preprocess.py
[2022-11-25 08:02:37,195] {processor.py:641} INFO - Processing file /opt/airflow/dags/dag_preprocess.py for tasks to queue
[2022-11-25 08:02:37,196] {logging_mixin.py:115} INFO - [2022-11-25 08:02:37,196] {dagbag.py:507} INFO - Filling up the DagBag from /opt/airflow/dags/dag_preprocess.py
[2022-11-25 08:02:37,695] {processor.py:651} INFO - DAG(s) dict_keys(['etl_solar']) retrieved from /opt/airflow/dags/dag_preprocess.py
[2022-11-25 08:02:37,725] {logging_mixin.py:115} INFO - [2022-11-25 08:02:37,725] {dag.py:2371} INFO - Sync 1 DAGs
[2022-11-25 08:02:37,760] {logging_mixin.py:115} INFO - [2022-11-25 08:02:37,759] {dag.py:2919} INFO - Setting next_dagrun for etl_solar to 2022-11-25T00:00:00+00:00, run_after=2022-11-26T00:00:00+00:00
[2022-11-25 08:02:37,777] {processor.py:161} INFO - Processing /opt/airflow/dags/dag_preprocess.py took 0.587 seconds
[2022-11-25 08:03:07,907] {processor.py:153} INFO - Started process (PID=227) to work on /opt/airflow/dags/dag_preprocess.py
[2022-11-25 08:03:07,908] {processor.py:641} INFO - Processing file /opt/airflow/dags/dag_preprocess.py for tasks to queue
[2022-11-25 08:03:07,910] {logging_mixin.py:115} INFO - [2022-11-25 08:03:07,909] {dagbag.py:507} INFO - Filling up the DagBag from /opt/airflow/dags/dag_preprocess.py
[2022-11-25 08:03:08,456] {processor.py:651} INFO - DAG(s) dict_keys(['etl_solar']) retrieved from /opt/airflow/dags/dag_preprocess.py
[2022-11-25 08:03:08,487] {logging_mixin.py:115} INFO - [2022-11-25 08:03:08,486] {dag.py:2371} INFO - Sync 1 DAGs
[2022-11-25 08:03:08,515] {logging_mixin.py:115} INFO - [2022-11-25 08:03:08,515] {dag.py:2919} INFO - Setting next_dagrun for etl_solar to 2022-11-25T00:00:00+00:00, run_after=2022-11-26T00:00:00+00:00
[2022-11-25 08:03:08,541] {processor.py:161} INFO - Processing /opt/airflow/dags/dag_preprocess.py took 0.638 seconds
[2022-11-25 08:03:39,514] {processor.py:153} INFO - Started process (PID=234) to work on /opt/airflow/dags/dag_preprocess.py
[2022-11-25 08:03:39,516] {processor.py:641} INFO - Processing file /opt/airflow/dags/dag_preprocess.py for tasks to queue
[2022-11-25 08:03:39,517] {logging_mixin.py:115} INFO - [2022-11-25 08:03:39,517] {dagbag.py:507} INFO - Filling up the DagBag from /opt/airflow/dags/dag_preprocess.py
[2022-11-25 08:03:40,119] {processor.py:651} INFO - DAG(s) dict_keys(['etl_solar']) retrieved from /opt/airflow/dags/dag_preprocess.py
[2022-11-25 08:03:40,148] {logging_mixin.py:115} INFO - [2022-11-25 08:03:40,147] {dag.py:2371} INFO - Sync 1 DAGs
[2022-11-25 08:03:40,184] {logging_mixin.py:115} INFO - [2022-11-25 08:03:40,184] {dag.py:2919} INFO - Setting next_dagrun for etl_solar to 2022-11-25T00:00:00+00:00, run_after=2022-11-26T00:00:00+00:00
[2022-11-25 08:03:40,200] {processor.py:161} INFO - Processing /opt/airflow/dags/dag_preprocess.py took 0.693 seconds
[2022-11-25 08:04:11,187] {processor.py:153} INFO - Started process (PID=241) to work on /opt/airflow/dags/dag_preprocess.py
[2022-11-25 08:04:11,189] {processor.py:641} INFO - Processing file /opt/airflow/dags/dag_preprocess.py for tasks to queue
[2022-11-25 08:04:11,192] {logging_mixin.py:115} INFO - [2022-11-25 08:04:11,191] {dagbag.py:507} INFO - Filling up the DagBag from /opt/airflow/dags/dag_preprocess.py
[2022-11-25 08:04:11,830] {processor.py:651} INFO - DAG(s) dict_keys(['etl_solar']) retrieved from /opt/airflow/dags/dag_preprocess.py
[2022-11-25 08:04:11,870] {logging_mixin.py:115} INFO - [2022-11-25 08:04:11,869] {dag.py:2371} INFO - Sync 1 DAGs
[2022-11-25 08:04:11,902] {logging_mixin.py:115} INFO - [2022-11-25 08:04:11,901] {dag.py:2919} INFO - Setting next_dagrun for etl_solar to 2022-11-25T00:00:00+00:00, run_after=2022-11-26T00:00:00+00:00
[2022-11-25 08:04:11,919] {processor.py:161} INFO - Processing /opt/airflow/dags/dag_preprocess.py took 0.743 seconds
[2022-11-25 08:04:42,332] {processor.py:153} INFO - Started process (PID=248) to work on /opt/airflow/dags/dag_preprocess.py
[2022-11-25 08:04:42,333] {processor.py:641} INFO - Processing file /opt/airflow/dags/dag_preprocess.py for tasks to queue
[2022-11-25 08:04:42,335] {logging_mixin.py:115} INFO - [2022-11-25 08:04:42,335] {dagbag.py:507} INFO - Filling up the DagBag from /opt/airflow/dags/dag_preprocess.py
[2022-11-25 08:04:42,975] {processor.py:651} INFO - DAG(s) dict_keys(['etl_solar']) retrieved from /opt/airflow/dags/dag_preprocess.py
[2022-11-25 08:04:43,011] {logging_mixin.py:115} INFO - [2022-11-25 08:04:43,010] {dag.py:2371} INFO - Sync 1 DAGs
[2022-11-25 08:04:43,040] {logging_mixin.py:115} INFO - [2022-11-25 08:04:43,040] {dag.py:2919} INFO - Setting next_dagrun for etl_solar to 2022-11-25T00:00:00+00:00, run_after=2022-11-26T00:00:00+00:00
[2022-11-25 08:04:43,057] {processor.py:161} INFO - Processing /opt/airflow/dags/dag_preprocess.py took 0.730 seconds
[2022-11-25 08:05:13,121] {processor.py:153} INFO - Started process (PID=255) to work on /opt/airflow/dags/dag_preprocess.py
[2022-11-25 08:05:13,122] {processor.py:641} INFO - Processing file /opt/airflow/dags/dag_preprocess.py for tasks to queue
[2022-11-25 08:05:13,123] {logging_mixin.py:115} INFO - [2022-11-25 08:05:13,122] {dagbag.py:507} INFO - Filling up the DagBag from /opt/airflow/dags/dag_preprocess.py
[2022-11-25 08:05:13,721] {processor.py:651} INFO - DAG(s) dict_keys(['etl_solar']) retrieved from /opt/airflow/dags/dag_preprocess.py
[2022-11-25 08:05:13,756] {logging_mixin.py:115} INFO - [2022-11-25 08:05:13,756] {dag.py:2371} INFO - Sync 1 DAGs
[2022-11-25 08:05:13,801] {logging_mixin.py:115} INFO - [2022-11-25 08:05:13,800] {dag.py:2919} INFO - Setting next_dagrun for etl_solar to 2022-11-25T00:00:00+00:00, run_after=2022-11-26T00:00:00+00:00
[2022-11-25 08:05:13,829] {processor.py:161} INFO - Processing /opt/airflow/dags/dag_preprocess.py took 0.712 seconds
[2022-11-25 08:05:43,950] {processor.py:153} INFO - Started process (PID=262) to work on /opt/airflow/dags/dag_preprocess.py
[2022-11-25 08:05:43,951] {processor.py:641} INFO - Processing file /opt/airflow/dags/dag_preprocess.py for tasks to queue
[2022-11-25 08:05:43,951] {logging_mixin.py:115} INFO - [2022-11-25 08:05:43,951] {dagbag.py:507} INFO - Filling up the DagBag from /opt/airflow/dags/dag_preprocess.py
[2022-11-25 08:05:44,481] {processor.py:651} INFO - DAG(s) dict_keys(['etl_solar']) retrieved from /opt/airflow/dags/dag_preprocess.py
[2022-11-25 08:05:44,506] {logging_mixin.py:115} INFO - [2022-11-25 08:05:44,506] {dag.py:2371} INFO - Sync 1 DAGs
[2022-11-25 08:05:44,531] {logging_mixin.py:115} INFO - [2022-11-25 08:05:44,531] {dag.py:2919} INFO - Setting next_dagrun for etl_solar to 2022-11-25T00:00:00+00:00, run_after=2022-11-26T00:00:00+00:00
[2022-11-25 08:05:44,549] {processor.py:161} INFO - Processing /opt/airflow/dags/dag_preprocess.py took 0.603 seconds
[2022-11-25 08:06:14,825] {processor.py:153} INFO - Started process (PID=269) to work on /opt/airflow/dags/dag_preprocess.py
[2022-11-25 08:06:14,826] {processor.py:641} INFO - Processing file /opt/airflow/dags/dag_preprocess.py for tasks to queue
[2022-11-25 08:06:14,828] {logging_mixin.py:115} INFO - [2022-11-25 08:06:14,828] {dagbag.py:507} INFO - Filling up the DagBag from /opt/airflow/dags/dag_preprocess.py
[2022-11-25 08:06:15,358] {processor.py:651} INFO - DAG(s) dict_keys(['etl_solar']) retrieved from /opt/airflow/dags/dag_preprocess.py
[2022-11-25 08:06:15,386] {logging_mixin.py:115} INFO - [2022-11-25 08:06:15,386] {dag.py:2371} INFO - Sync 1 DAGs
[2022-11-25 08:06:15,416] {logging_mixin.py:115} INFO - [2022-11-25 08:06:15,416] {dag.py:2919} INFO - Setting next_dagrun for etl_solar to 2022-11-25T00:00:00+00:00, run_after=2022-11-26T00:00:00+00:00
[2022-11-25 08:06:15,441] {processor.py:161} INFO - Processing /opt/airflow/dags/dag_preprocess.py took 0.623 seconds
[2022-11-25 08:06:46,411] {processor.py:153} INFO - Started process (PID=276) to work on /opt/airflow/dags/dag_preprocess.py
[2022-11-25 08:06:46,413] {processor.py:641} INFO - Processing file /opt/airflow/dags/dag_preprocess.py for tasks to queue
[2022-11-25 08:06:46,414] {logging_mixin.py:115} INFO - [2022-11-25 08:06:46,414] {dagbag.py:507} INFO - Filling up the DagBag from /opt/airflow/dags/dag_preprocess.py
[2022-11-25 08:06:46,918] {processor.py:651} INFO - DAG(s) dict_keys(['etl_solar']) retrieved from /opt/airflow/dags/dag_preprocess.py
[2022-11-25 08:06:46,946] {logging_mixin.py:115} INFO - [2022-11-25 08:06:46,945] {dag.py:2371} INFO - Sync 1 DAGs
[2022-11-25 08:06:46,969] {logging_mixin.py:115} INFO - [2022-11-25 08:06:46,969] {dag.py:2919} INFO - Setting next_dagrun for etl_solar to 2022-11-25T00:00:00+00:00, run_after=2022-11-26T00:00:00+00:00
[2022-11-25 08:06:46,985] {processor.py:161} INFO - Processing /opt/airflow/dags/dag_preprocess.py took 0.578 seconds
[2022-11-25 08:07:17,710] {processor.py:153} INFO - Started process (PID=283) to work on /opt/airflow/dags/dag_preprocess.py
[2022-11-25 08:07:17,713] {processor.py:641} INFO - Processing file /opt/airflow/dags/dag_preprocess.py for tasks to queue
[2022-11-25 08:07:17,715] {logging_mixin.py:115} INFO - [2022-11-25 08:07:17,715] {dagbag.py:507} INFO - Filling up the DagBag from /opt/airflow/dags/dag_preprocess.py
[2022-11-25 08:07:18,282] {processor.py:651} INFO - DAG(s) dict_keys(['etl_solar']) retrieved from /opt/airflow/dags/dag_preprocess.py
[2022-11-25 08:07:18,334] {logging_mixin.py:115} INFO - [2022-11-25 08:07:18,334] {dag.py:2371} INFO - Sync 1 DAGs
[2022-11-25 08:07:18,381] {logging_mixin.py:115} INFO - [2022-11-25 08:07:18,381] {dag.py:2919} INFO - Setting next_dagrun for etl_solar to 2022-11-25T00:00:00+00:00, run_after=2022-11-26T00:00:00+00:00
[2022-11-25 08:07:18,401] {processor.py:161} INFO - Processing /opt/airflow/dags/dag_preprocess.py took 0.702 seconds
[2022-11-25 12:21:21,685] {processor.py:153} INFO - Started process (PID=34) to work on /opt/airflow/dags/dag_preprocess.py
[2022-11-25 12:21:21,688] {processor.py:641} INFO - Processing file /opt/airflow/dags/dag_preprocess.py for tasks to queue
[2022-11-25 12:21:21,691] {logging_mixin.py:115} INFO - [2022-11-25 12:21:21,691] {dagbag.py:507} INFO - Filling up the DagBag from /opt/airflow/dags/dag_preprocess.py
[2022-11-25 12:21:25,169] {processor.py:651} INFO - DAG(s) dict_keys(['etl_solar']) retrieved from /opt/airflow/dags/dag_preprocess.py
[2022-11-25 12:21:25,304] {logging_mixin.py:115} INFO - [2022-11-25 12:21:25,303] {dag.py:2371} INFO - Sync 1 DAGs
[2022-11-25 12:21:25,595] {logging_mixin.py:115} INFO - [2022-11-25 12:21:25,594] {dag.py:2919} INFO - Setting next_dagrun for etl_solar to 2022-11-25T00:00:00+00:00, run_after=2022-11-26T00:00:00+00:00
[2022-11-25 12:21:25,746] {processor.py:161} INFO - Processing /opt/airflow/dags/dag_preprocess.py took 4.101 seconds
[2022-11-25 12:21:56,529] {processor.py:153} INFO - Started process (PID=43) to work on /opt/airflow/dags/dag_preprocess.py
[2022-11-25 12:21:56,534] {processor.py:641} INFO - Processing file /opt/airflow/dags/dag_preprocess.py for tasks to queue
[2022-11-25 12:21:56,537] {logging_mixin.py:115} INFO - [2022-11-25 12:21:56,537] {dagbag.py:507} INFO - Filling up the DagBag from /opt/airflow/dags/dag_preprocess.py
[2022-11-25 12:21:58,561] {processor.py:651} INFO - DAG(s) dict_keys(['etl_solar']) retrieved from /opt/airflow/dags/dag_preprocess.py
[2022-11-25 12:21:58,670] {logging_mixin.py:115} INFO - [2022-11-25 12:21:58,669] {dag.py:2371} INFO - Sync 1 DAGs
[2022-11-25 12:21:58,812] {logging_mixin.py:115} INFO - [2022-11-25 12:21:58,811] {dag.py:2919} INFO - Setting next_dagrun for etl_solar to 2022-11-25T00:00:00+00:00, run_after=2022-11-26T00:00:00+00:00
[2022-11-25 12:21:58,869] {processor.py:161} INFO - Processing /opt/airflow/dags/dag_preprocess.py took 2.355 seconds
[2022-11-25 12:22:29,358] {processor.py:153} INFO - Started process (PID=51) to work on /opt/airflow/dags/dag_preprocess.py
[2022-11-25 12:22:29,362] {processor.py:641} INFO - Processing file /opt/airflow/dags/dag_preprocess.py for tasks to queue
[2022-11-25 12:22:29,366] {logging_mixin.py:115} INFO - [2022-11-25 12:22:29,366] {dagbag.py:507} INFO - Filling up the DagBag from /opt/airflow/dags/dag_preprocess.py
[2022-11-25 12:22:31,328] {processor.py:651} INFO - DAG(s) dict_keys(['etl_solar']) retrieved from /opt/airflow/dags/dag_preprocess.py
[2022-11-25 12:22:31,459] {logging_mixin.py:115} INFO - [2022-11-25 12:22:31,459] {dag.py:2371} INFO - Sync 1 DAGs
[2022-11-25 12:22:31,568] {logging_mixin.py:115} INFO - [2022-11-25 12:22:31,567] {dag.py:2919} INFO - Setting next_dagrun for etl_solar to 2022-11-25T00:00:00+00:00, run_after=2022-11-26T00:00:00+00:00
[2022-11-25 12:22:31,623] {processor.py:161} INFO - Processing /opt/airflow/dags/dag_preprocess.py took 2.282 seconds
[2022-11-25 12:23:02,468] {processor.py:153} INFO - Started process (PID=58) to work on /opt/airflow/dags/dag_preprocess.py
[2022-11-25 12:23:02,472] {processor.py:641} INFO - Processing file /opt/airflow/dags/dag_preprocess.py for tasks to queue
[2022-11-25 12:23:02,475] {logging_mixin.py:115} INFO - [2022-11-25 12:23:02,474] {dagbag.py:507} INFO - Filling up the DagBag from /opt/airflow/dags/dag_preprocess.py
[2022-11-25 12:23:04,348] {processor.py:651} INFO - DAG(s) dict_keys(['etl_solar']) retrieved from /opt/airflow/dags/dag_preprocess.py
[2022-11-25 12:23:04,463] {logging_mixin.py:115} INFO - [2022-11-25 12:23:04,461] {dag.py:2371} INFO - Sync 1 DAGs
[2022-11-25 12:23:04,576] {logging_mixin.py:115} INFO - [2022-11-25 12:23:04,575] {dag.py:2919} INFO - Setting next_dagrun for etl_solar to 2022-11-25T00:00:00+00:00, run_after=2022-11-26T00:00:00+00:00
[2022-11-25 12:23:04,620] {processor.py:161} INFO - Processing /opt/airflow/dags/dag_preprocess.py took 2.177 seconds
[2022-11-25 12:23:34,921] {processor.py:153} INFO - Started process (PID=65) to work on /opt/airflow/dags/dag_preprocess.py
[2022-11-25 12:23:34,924] {processor.py:641} INFO - Processing file /opt/airflow/dags/dag_preprocess.py for tasks to queue
[2022-11-25 12:23:34,927] {logging_mixin.py:115} INFO - [2022-11-25 12:23:34,926] {dagbag.py:507} INFO - Filling up the DagBag from /opt/airflow/dags/dag_preprocess.py
[2022-11-25 12:23:36,781] {processor.py:651} INFO - DAG(s) dict_keys(['etl_solar']) retrieved from /opt/airflow/dags/dag_preprocess.py
[2022-11-25 12:23:36,892] {logging_mixin.py:115} INFO - [2022-11-25 12:23:36,891] {dag.py:2371} INFO - Sync 1 DAGs
[2022-11-25 12:23:37,005] {logging_mixin.py:115} INFO - [2022-11-25 12:23:37,005] {dag.py:2919} INFO - Setting next_dagrun for etl_solar to 2022-11-25T00:00:00+00:00, run_after=2022-11-26T00:00:00+00:00
[2022-11-25 12:23:37,053] {processor.py:161} INFO - Processing /opt/airflow/dags/dag_preprocess.py took 2.144 seconds
[2022-11-25 12:24:07,778] {processor.py:153} INFO - Started process (PID=72) to work on /opt/airflow/dags/dag_preprocess.py
[2022-11-25 12:24:07,781] {processor.py:641} INFO - Processing file /opt/airflow/dags/dag_preprocess.py for tasks to queue
[2022-11-25 12:24:07,784] {logging_mixin.py:115} INFO - [2022-11-25 12:24:07,784] {dagbag.py:507} INFO - Filling up the DagBag from /opt/airflow/dags/dag_preprocess.py
[2022-11-25 12:24:09,723] {processor.py:651} INFO - DAG(s) dict_keys(['etl_solar']) retrieved from /opt/airflow/dags/dag_preprocess.py
[2022-11-25 12:24:09,830] {logging_mixin.py:115} INFO - [2022-11-25 12:24:09,829] {dag.py:2371} INFO - Sync 1 DAGs
[2022-11-25 12:24:09,928] {logging_mixin.py:115} INFO - [2022-11-25 12:24:09,927] {dag.py:2919} INFO - Setting next_dagrun for etl_solar to 2022-11-25T00:00:00+00:00, run_after=2022-11-26T00:00:00+00:00
[2022-11-25 12:24:09,974] {processor.py:161} INFO - Processing /opt/airflow/dags/dag_preprocess.py took 2.208 seconds
[2022-11-25 12:24:40,315] {processor.py:153} INFO - Started process (PID=80) to work on /opt/airflow/dags/dag_preprocess.py
[2022-11-25 12:24:40,318] {processor.py:641} INFO - Processing file /opt/airflow/dags/dag_preprocess.py for tasks to queue
[2022-11-25 12:24:40,321] {logging_mixin.py:115} INFO - [2022-11-25 12:24:40,321] {dagbag.py:507} INFO - Filling up the DagBag from /opt/airflow/dags/dag_preprocess.py
[2022-11-25 12:24:42,284] {processor.py:651} INFO - DAG(s) dict_keys(['etl_solar']) retrieved from /opt/airflow/dags/dag_preprocess.py
[2022-11-25 12:24:42,383] {logging_mixin.py:115} INFO - [2022-11-25 12:24:42,382] {dag.py:2371} INFO - Sync 1 DAGs
[2022-11-25 12:24:42,484] {logging_mixin.py:115} INFO - [2022-11-25 12:24:42,484] {dag.py:2919} INFO - Setting next_dagrun for etl_solar to 2022-11-25T00:00:00+00:00, run_after=2022-11-26T00:00:00+00:00
[2022-11-25 12:24:42,533] {processor.py:161} INFO - Processing /opt/airflow/dags/dag_preprocess.py took 2.230 seconds
[2022-11-25 12:25:13,135] {processor.py:153} INFO - Started process (PID=88) to work on /opt/airflow/dags/dag_preprocess.py
[2022-11-25 12:25:13,138] {processor.py:641} INFO - Processing file /opt/airflow/dags/dag_preprocess.py for tasks to queue
[2022-11-25 12:25:13,141] {logging_mixin.py:115} INFO - [2022-11-25 12:25:13,140] {dagbag.py:507} INFO - Filling up the DagBag from /opt/airflow/dags/dag_preprocess.py
[2022-11-25 12:25:14,979] {processor.py:651} INFO - DAG(s) dict_keys(['etl_solar']) retrieved from /opt/airflow/dags/dag_preprocess.py
[2022-11-25 12:25:15,073] {logging_mixin.py:115} INFO - [2022-11-25 12:25:15,073] {dag.py:2371} INFO - Sync 1 DAGs
[2022-11-25 12:25:15,168] {logging_mixin.py:115} INFO - [2022-11-25 12:25:15,167] {dag.py:2919} INFO - Setting next_dagrun for etl_solar to 2022-11-25T00:00:00+00:00, run_after=2022-11-26T00:00:00+00:00
[2022-11-25 12:25:15,211] {processor.py:161} INFO - Processing /opt/airflow/dags/dag_preprocess.py took 2.082 seconds
[2022-11-25 12:25:45,852] {processor.py:153} INFO - Started process (PID=95) to work on /opt/airflow/dags/dag_preprocess.py
[2022-11-25 12:25:45,855] {processor.py:641} INFO - Processing file /opt/airflow/dags/dag_preprocess.py for tasks to queue
[2022-11-25 12:25:45,858] {logging_mixin.py:115} INFO - [2022-11-25 12:25:45,858] {dagbag.py:507} INFO - Filling up the DagBag from /opt/airflow/dags/dag_preprocess.py
[2022-11-25 12:25:47,695] {processor.py:651} INFO - DAG(s) dict_keys(['etl_solar']) retrieved from /opt/airflow/dags/dag_preprocess.py
[2022-11-25 12:25:47,792] {logging_mixin.py:115} INFO - [2022-11-25 12:25:47,791] {dag.py:2371} INFO - Sync 1 DAGs
[2022-11-25 12:25:47,889] {logging_mixin.py:115} INFO - [2022-11-25 12:25:47,889] {dag.py:2919} INFO - Setting next_dagrun for etl_solar to 2022-11-25T00:00:00+00:00, run_after=2022-11-26T00:00:00+00:00
[2022-11-25 12:25:47,936] {processor.py:161} INFO - Processing /opt/airflow/dags/dag_preprocess.py took 2.097 seconds
[2022-11-25 12:26:18,160] {processor.py:153} INFO - Started process (PID=102) to work on /opt/airflow/dags/dag_preprocess.py
[2022-11-25 12:26:18,164] {processor.py:641} INFO - Processing file /opt/airflow/dags/dag_preprocess.py for tasks to queue
[2022-11-25 12:26:18,169] {logging_mixin.py:115} INFO - [2022-11-25 12:26:18,168] {dagbag.py:507} INFO - Filling up the DagBag from /opt/airflow/dags/dag_preprocess.py
[2022-11-25 12:26:20,132] {processor.py:651} INFO - DAG(s) dict_keys(['etl_solar']) retrieved from /opt/airflow/dags/dag_preprocess.py
[2022-11-25 12:26:20,229] {logging_mixin.py:115} INFO - [2022-11-25 12:26:20,228] {dag.py:2371} INFO - Sync 1 DAGs
[2022-11-25 12:26:20,328] {logging_mixin.py:115} INFO - [2022-11-25 12:26:20,328] {dag.py:2919} INFO - Setting next_dagrun for etl_solar to 2022-11-25T00:00:00+00:00, run_after=2022-11-26T00:00:00+00:00
[2022-11-25 12:26:20,374] {processor.py:161} INFO - Processing /opt/airflow/dags/dag_preprocess.py took 2.229 seconds
[2022-11-25 12:26:51,212] {processor.py:153} INFO - Started process (PID=109) to work on /opt/airflow/dags/dag_preprocess.py
[2022-11-25 12:26:51,215] {processor.py:641} INFO - Processing file /opt/airflow/dags/dag_preprocess.py for tasks to queue
[2022-11-25 12:26:51,218] {logging_mixin.py:115} INFO - [2022-11-25 12:26:51,217] {dagbag.py:507} INFO - Filling up the DagBag from /opt/airflow/dags/dag_preprocess.py
[2022-11-25 12:26:53,039] {processor.py:651} INFO - DAG(s) dict_keys(['etl_solar']) retrieved from /opt/airflow/dags/dag_preprocess.py
[2022-11-25 12:26:53,133] {logging_mixin.py:115} INFO - [2022-11-25 12:26:53,132] {dag.py:2371} INFO - Sync 1 DAGs
[2022-11-25 12:26:53,231] {logging_mixin.py:115} INFO - [2022-11-25 12:26:53,230] {dag.py:2919} INFO - Setting next_dagrun for etl_solar to 2022-11-25T00:00:00+00:00, run_after=2022-11-26T00:00:00+00:00
[2022-11-25 12:26:53,273] {processor.py:161} INFO - Processing /opt/airflow/dags/dag_preprocess.py took 2.073 seconds
[2022-11-25 12:27:23,943] {processor.py:153} INFO - Started process (PID=116) to work on /opt/airflow/dags/dag_preprocess.py
[2022-11-25 12:27:23,946] {processor.py:641} INFO - Processing file /opt/airflow/dags/dag_preprocess.py for tasks to queue
[2022-11-25 12:27:23,949] {logging_mixin.py:115} INFO - [2022-11-25 12:27:23,949] {dagbag.py:507} INFO - Filling up the DagBag from /opt/airflow/dags/dag_preprocess.py
[2022-11-25 12:27:25,820] {processor.py:651} INFO - DAG(s) dict_keys(['etl_solar']) retrieved from /opt/airflow/dags/dag_preprocess.py
[2022-11-25 12:27:25,922] {logging_mixin.py:115} INFO - [2022-11-25 12:27:25,921] {dag.py:2371} INFO - Sync 1 DAGs
[2022-11-25 12:27:26,038] {logging_mixin.py:115} INFO - [2022-11-25 12:27:26,038] {dag.py:2919} INFO - Setting next_dagrun for etl_solar to 2022-11-25T00:00:00+00:00, run_after=2022-11-26T00:00:00+00:00
[2022-11-25 12:27:26,087] {processor.py:161} INFO - Processing /opt/airflow/dags/dag_preprocess.py took 2.156 seconds
[2022-11-25 12:27:56,222] {processor.py:153} INFO - Started process (PID=123) to work on /opt/airflow/dags/dag_preprocess.py
[2022-11-25 12:27:56,225] {processor.py:641} INFO - Processing file /opt/airflow/dags/dag_preprocess.py for tasks to queue
[2022-11-25 12:27:56,228] {logging_mixin.py:115} INFO - [2022-11-25 12:27:56,228] {dagbag.py:507} INFO - Filling up the DagBag from /opt/airflow/dags/dag_preprocess.py
[2022-11-25 12:27:58,246] {processor.py:651} INFO - DAG(s) dict_keys(['etl_solar']) retrieved from /opt/airflow/dags/dag_preprocess.py
[2022-11-25 12:27:58,342] {logging_mixin.py:115} INFO - [2022-11-25 12:27:58,341] {dag.py:2371} INFO - Sync 1 DAGs
[2022-11-25 12:27:58,437] {logging_mixin.py:115} INFO - [2022-11-25 12:27:58,436] {dag.py:2919} INFO - Setting next_dagrun for etl_solar to 2022-11-25T00:00:00+00:00, run_after=2022-11-26T00:00:00+00:00
[2022-11-25 12:27:58,481] {processor.py:161} INFO - Processing /opt/airflow/dags/dag_preprocess.py took 2.271 seconds
[2022-11-25 12:28:29,281] {processor.py:153} INFO - Started process (PID=130) to work on /opt/airflow/dags/dag_preprocess.py
[2022-11-25 12:28:29,283] {processor.py:641} INFO - Processing file /opt/airflow/dags/dag_preprocess.py for tasks to queue
[2022-11-25 12:28:29,286] {logging_mixin.py:115} INFO - [2022-11-25 12:28:29,285] {dagbag.py:507} INFO - Filling up the DagBag from /opt/airflow/dags/dag_preprocess.py
[2022-11-25 12:28:31,047] {processor.py:651} INFO - DAG(s) dict_keys(['etl_solar']) retrieved from /opt/airflow/dags/dag_preprocess.py
[2022-11-25 12:28:31,144] {logging_mixin.py:115} INFO - [2022-11-25 12:28:31,143] {dag.py:2371} INFO - Sync 1 DAGs
[2022-11-25 12:28:31,241] {logging_mixin.py:115} INFO - [2022-11-25 12:28:31,241] {dag.py:2919} INFO - Setting next_dagrun for etl_solar to 2022-11-25T00:00:00+00:00, run_after=2022-11-26T00:00:00+00:00
[2022-11-25 12:28:31,291] {processor.py:161} INFO - Processing /opt/airflow/dags/dag_preprocess.py took 2.023 seconds
[2022-11-25 12:29:01,462] {processor.py:153} INFO - Started process (PID=137) to work on /opt/airflow/dags/dag_preprocess.py
[2022-11-25 12:29:01,465] {processor.py:641} INFO - Processing file /opt/airflow/dags/dag_preprocess.py for tasks to queue
[2022-11-25 12:29:01,468] {logging_mixin.py:115} INFO - [2022-11-25 12:29:01,468] {dagbag.py:507} INFO - Filling up the DagBag from /opt/airflow/dags/dag_preprocess.py
[2022-11-25 12:29:03,416] {processor.py:651} INFO - DAG(s) dict_keys(['etl_solar']) retrieved from /opt/airflow/dags/dag_preprocess.py
[2022-11-25 12:29:03,517] {logging_mixin.py:115} INFO - [2022-11-25 12:29:03,516] {dag.py:2371} INFO - Sync 1 DAGs
[2022-11-25 12:29:03,614] {logging_mixin.py:115} INFO - [2022-11-25 12:29:03,613] {dag.py:2919} INFO - Setting next_dagrun for etl_solar to 2022-11-25T00:00:00+00:00, run_after=2022-11-26T00:00:00+00:00
[2022-11-25 12:29:03,659] {processor.py:161} INFO - Processing /opt/airflow/dags/dag_preprocess.py took 2.210 seconds
[2022-11-25 12:29:34,029] {processor.py:153} INFO - Started process (PID=144) to work on /opt/airflow/dags/dag_preprocess.py
[2022-11-25 12:29:34,033] {processor.py:641} INFO - Processing file /opt/airflow/dags/dag_preprocess.py for tasks to queue
[2022-11-25 12:29:34,037] {logging_mixin.py:115} INFO - [2022-11-25 12:29:34,037] {dagbag.py:507} INFO - Filling up the DagBag from /opt/airflow/dags/dag_preprocess.py
[2022-11-25 12:29:36,250] {processor.py:651} INFO - DAG(s) dict_keys(['etl_solar']) retrieved from /opt/airflow/dags/dag_preprocess.py
[2022-11-25 12:29:36,363] {logging_mixin.py:115} INFO - [2022-11-25 12:29:36,361] {dag.py:2371} INFO - Sync 1 DAGs
[2022-11-25 12:29:36,580] {logging_mixin.py:115} INFO - [2022-11-25 12:29:36,580] {dag.py:2919} INFO - Setting next_dagrun for etl_solar to 2022-11-25T00:00:00+00:00, run_after=2022-11-26T00:00:00+00:00
[2022-11-25 12:29:36,625] {processor.py:161} INFO - Processing /opt/airflow/dags/dag_preprocess.py took 2.614 seconds
[2022-11-25 12:30:07,438] {processor.py:153} INFO - Started process (PID=151) to work on /opt/airflow/dags/dag_preprocess.py
[2022-11-25 12:30:07,440] {processor.py:641} INFO - Processing file /opt/airflow/dags/dag_preprocess.py for tasks to queue
[2022-11-25 12:30:07,443] {logging_mixin.py:115} INFO - [2022-11-25 12:30:07,443] {dagbag.py:507} INFO - Filling up the DagBag from /opt/airflow/dags/dag_preprocess.py
[2022-11-25 12:30:09,239] {processor.py:651} INFO - DAG(s) dict_keys(['etl_solar']) retrieved from /opt/airflow/dags/dag_preprocess.py
[2022-11-25 12:30:09,374] {logging_mixin.py:115} INFO - [2022-11-25 12:30:09,373] {dag.py:2371} INFO - Sync 1 DAGs
[2022-11-25 12:30:09,469] {logging_mixin.py:115} INFO - [2022-11-25 12:30:09,468] {dag.py:2919} INFO - Setting next_dagrun for etl_solar to 2022-11-25T00:00:00+00:00, run_after=2022-11-26T00:00:00+00:00
[2022-11-25 12:30:09,514] {processor.py:161} INFO - Processing /opt/airflow/dags/dag_preprocess.py took 2.088 seconds
[2022-11-25 12:30:40,197] {processor.py:153} INFO - Started process (PID=159) to work on /opt/airflow/dags/dag_preprocess.py
[2022-11-25 12:30:40,199] {processor.py:641} INFO - Processing file /opt/airflow/dags/dag_preprocess.py for tasks to queue
[2022-11-25 12:30:40,202] {logging_mixin.py:115} INFO - [2022-11-25 12:30:40,202] {dagbag.py:507} INFO - Filling up the DagBag from /opt/airflow/dags/dag_preprocess.py
[2022-11-25 12:30:42,001] {processor.py:651} INFO - DAG(s) dict_keys(['etl_solar']) retrieved from /opt/airflow/dags/dag_preprocess.py
[2022-11-25 12:30:42,109] {logging_mixin.py:115} INFO - [2022-11-25 12:30:42,108] {dag.py:2371} INFO - Sync 1 DAGs
[2022-11-25 12:30:42,240] {logging_mixin.py:115} INFO - [2022-11-25 12:30:42,239] {dag.py:2919} INFO - Setting next_dagrun for etl_solar to 2022-11-25T00:00:00+00:00, run_after=2022-11-26T00:00:00+00:00
[2022-11-25 12:30:42,287] {processor.py:161} INFO - Processing /opt/airflow/dags/dag_preprocess.py took 2.103 seconds
[2022-11-25 12:31:12,950] {processor.py:153} INFO - Started process (PID=166) to work on /opt/airflow/dags/dag_preprocess.py
[2022-11-25 12:31:12,952] {processor.py:641} INFO - Processing file /opt/airflow/dags/dag_preprocess.py for tasks to queue
[2022-11-25 12:31:12,956] {logging_mixin.py:115} INFO - [2022-11-25 12:31:12,955] {dagbag.py:507} INFO - Filling up the DagBag from /opt/airflow/dags/dag_preprocess.py
[2022-11-25 12:31:14,834] {processor.py:651} INFO - DAG(s) dict_keys(['etl_solar']) retrieved from /opt/airflow/dags/dag_preprocess.py
[2022-11-25 12:31:14,943] {logging_mixin.py:115} INFO - [2022-11-25 12:31:14,942] {dag.py:2371} INFO - Sync 1 DAGs
[2022-11-25 12:31:15,042] {logging_mixin.py:115} INFO - [2022-11-25 12:31:15,042] {dag.py:2919} INFO - Setting next_dagrun for etl_solar to 2022-11-25T00:00:00+00:00, run_after=2022-11-26T00:00:00+00:00
[2022-11-25 12:31:15,088] {processor.py:161} INFO - Processing /opt/airflow/dags/dag_preprocess.py took 2.144 seconds
[2022-11-25 12:31:45,582] {processor.py:153} INFO - Started process (PID=173) to work on /opt/airflow/dags/dag_preprocess.py
[2022-11-25 12:31:45,585] {processor.py:641} INFO - Processing file /opt/airflow/dags/dag_preprocess.py for tasks to queue
[2022-11-25 12:31:45,588] {logging_mixin.py:115} INFO - [2022-11-25 12:31:45,588] {dagbag.py:507} INFO - Filling up the DagBag from /opt/airflow/dags/dag_preprocess.py
[2022-11-25 12:31:47,370] {processor.py:651} INFO - DAG(s) dict_keys(['etl_solar']) retrieved from /opt/airflow/dags/dag_preprocess.py
[2022-11-25 12:31:47,495] {logging_mixin.py:115} INFO - [2022-11-25 12:31:47,493] {dag.py:2371} INFO - Sync 1 DAGs
[2022-11-25 12:31:47,671] {logging_mixin.py:115} INFO - [2022-11-25 12:31:47,670] {dag.py:2919} INFO - Setting next_dagrun for etl_solar to 2022-11-25T00:00:00+00:00, run_after=2022-11-26T00:00:00+00:00
[2022-11-25 12:31:47,725] {processor.py:161} INFO - Processing /opt/airflow/dags/dag_preprocess.py took 2.159 seconds
