[2022-12-11T08:27:51.564+0000] {taskinstance.py:1165} INFO - Dependencies all met for <TaskInstance: etl_solar.check_load_status manual__2022-12-11T08:27:12.513573+00:00 [queued]>
[2022-12-11T08:27:51.619+0000] {taskinstance.py:1165} INFO - Dependencies all met for <TaskInstance: etl_solar.check_load_status manual__2022-12-11T08:27:12.513573+00:00 [queued]>
[2022-12-11T08:27:51.620+0000] {taskinstance.py:1362} INFO - 
--------------------------------------------------------------------------------
[2022-12-11T08:27:51.622+0000] {taskinstance.py:1363} INFO - Starting attempt 1 of 1
[2022-12-11T08:27:51.623+0000] {taskinstance.py:1364} INFO - 
--------------------------------------------------------------------------------
[2022-12-11T08:27:51.709+0000] {taskinstance.py:1383} INFO - Executing <Task(BashOperator): check_load_status> on 2022-12-11 08:27:12.513573+00:00
[2022-12-11T08:27:51.726+0000] {standard_task_runner.py:55} INFO - Started process 487 to run task
[2022-12-11T08:27:51.745+0000] {standard_task_runner.py:82} INFO - Running: ['***', 'tasks', 'run', 'etl_solar', 'check_load_status', 'manual__2022-12-11T08:27:12.513573+00:00', '--job-id', '125', '--raw', '--subdir', 'DAGS_FOLDER/dag_preprocess.py', '--cfg-path', '/tmp/tmp6dcxisgl']
[2022-12-11T08:27:51.757+0000] {standard_task_runner.py:83} INFO - Job 125: Subtask check_load_status
[2022-12-11T08:27:52.056+0000] {task_command.py:376} INFO - Running <TaskInstance: etl_solar.check_load_status manual__2022-12-11T08:27:12.513573+00:00 [running]> on host 01c108b234e9
[2022-12-11T08:27:52.458+0000] {taskinstance.py:1592} INFO - Exporting the following env vars:
AIRFLOW_CTX_DAG_OWNER=***
AIRFLOW_CTX_DAG_ID=etl_solar
AIRFLOW_CTX_TASK_ID=check_load_status
AIRFLOW_CTX_EXECUTION_DATE=2022-12-11T08:27:12.513573+00:00
AIRFLOW_CTX_TRY_NUMBER=1
AIRFLOW_CTX_DAG_RUN_ID=manual__2022-12-11T08:27:12.513573+00:00
[2022-12-11T08:27:52.464+0000] {subprocess.py:63} INFO - Tmp dir root location: 
 /tmp
[2022-12-11T08:27:52.468+0000] {subprocess.py:75} INFO - Running command: ['/bin/bash', '-c', "echo 'success'"]
[2022-12-11T08:27:52.509+0000] {subprocess.py:86} INFO - Output:
[2022-12-11T08:27:52.516+0000] {subprocess.py:93} INFO - success
[2022-12-11T08:27:52.555+0000] {subprocess.py:97} INFO - Command exited with return code 0
[2022-12-11T08:27:52.672+0000] {taskinstance.py:1406} INFO - Marking task as SUCCESS. dag_id=etl_solar, task_id=check_load_status, execution_date=20221211T082712, start_date=20221211T082751, end_date=20221211T082752
[2022-12-11T08:27:52.896+0000] {local_task_job.py:164} INFO - Task exited with return code 0
[2022-12-11T08:27:53.148+0000] {local_task_job.py:273} INFO - 0 downstream tasks scheduled from follow-on schedule check
