[2022-11-20 11:49:16,591] {taskinstance.py:1159} INFO - Dependencies all met for <TaskInstance: etl_solar.check_input_status manual__2022-11-20T11:49:13.916419+00:00 [queued]>
[2022-11-20 11:49:16,604] {taskinstance.py:1159} INFO - Dependencies all met for <TaskInstance: etl_solar.check_input_status manual__2022-11-20T11:49:13.916419+00:00 [queued]>
[2022-11-20 11:49:16,604] {taskinstance.py:1356} INFO - 
--------------------------------------------------------------------------------
[2022-11-20 11:49:16,605] {taskinstance.py:1357} INFO - Starting attempt 1 of 1
[2022-11-20 11:49:16,605] {taskinstance.py:1358} INFO - 
--------------------------------------------------------------------------------
[2022-11-20 11:49:16,620] {taskinstance.py:1377} INFO - Executing <Task(BashOperator): check_input_status> on 2022-11-20 11:49:13.916419+00:00
[2022-11-20 11:49:16,625] {standard_task_runner.py:52} INFO - Started process 196 to run task
[2022-11-20 11:49:16,629] {standard_task_runner.py:79} INFO - Running: ['***', 'tasks', 'run', 'etl_solar', 'check_input_status', 'manual__2022-11-20T11:49:13.916419+00:00', '--job-id', '43', '--raw', '--subdir', 'DAGS_FOLDER/dag_preprocess.py', '--cfg-path', '/tmp/tmplhv7x3t6', '--error-file', '/tmp/tmpxogh4z7l']
[2022-11-20 11:49:16,630] {standard_task_runner.py:80} INFO - Job 43: Subtask check_input_status
[2022-11-20 11:49:16,714] {task_command.py:369} INFO - Running <TaskInstance: etl_solar.check_input_status manual__2022-11-20T11:49:13.916419+00:00 [running]> on host 82103fd5e777
[2022-11-20 11:49:16,872] {taskinstance.py:1571} INFO - Exporting the following env vars:
AIRFLOW_CTX_DAG_OWNER=***
AIRFLOW_CTX_DAG_ID=etl_solar
AIRFLOW_CTX_TASK_ID=check_input_status
AIRFLOW_CTX_EXECUTION_DATE=2022-11-20T11:49:13.916419+00:00
AIRFLOW_CTX_TRY_NUMBER=1
AIRFLOW_CTX_DAG_RUN_ID=manual__2022-11-20T11:49:13.916419+00:00
[2022-11-20 11:49:16,875] {subprocess.py:62} INFO - Tmp dir root location: 
 /tmp
[2022-11-20 11:49:16,876] {subprocess.py:74} INFO - Running command: ['bash', '-c', "echo 'success'"]
[2022-11-20 11:49:16,894] {subprocess.py:85} INFO - Output:
[2022-11-20 11:49:16,898] {subprocess.py:92} INFO - success
[2022-11-20 11:49:16,898] {subprocess.py:96} INFO - Command exited with return code 0
[2022-11-20 11:49:16,967] {taskinstance.py:1400} INFO - Marking task as SUCCESS. dag_id=etl_solar, task_id=check_input_status, execution_date=20221120T114913, start_date=20221120T114916, end_date=20221120T114916
[2022-11-20 11:49:17,003] {local_task_job.py:156} INFO - Task exited with return code 0
[2022-11-20 11:49:17,088] {local_task_job.py:273} INFO - 1 downstream tasks scheduled from follow-on schedule check
