[2022-12-04 06:10:42,067] {taskinstance.py:1159} INFO - Dependencies all met for <TaskInstance: etl_solar.checkfiles.check_energy_file_2 scheduled__2022-12-03T00:00:00+00:00 [queued]>
[2022-12-04 06:10:42,187] {taskinstance.py:1159} INFO - Dependencies all met for <TaskInstance: etl_solar.checkfiles.check_energy_file_2 scheduled__2022-12-03T00:00:00+00:00 [queued]>
[2022-12-04 06:10:42,194] {taskinstance.py:1356} INFO - 
--------------------------------------------------------------------------------
[2022-12-04 06:10:42,199] {taskinstance.py:1357} INFO - Starting attempt 1 of 1
[2022-12-04 06:10:42,206] {taskinstance.py:1358} INFO - 
--------------------------------------------------------------------------------
[2022-12-04 06:10:42,374] {taskinstance.py:1377} INFO - Executing <Task(BashOperator): checkfiles.check_energy_file_2> on 2022-12-03 00:00:00+00:00
[2022-12-04 06:10:42,406] {standard_task_runner.py:52} INFO - Started process 62 to run task
[2022-12-04 06:10:42,444] {standard_task_runner.py:79} INFO - Running: ['***', 'tasks', 'run', 'etl_solar', 'checkfiles.check_energy_file_2', 'scheduled__2022-12-03T00:00:00+00:00', '--job-id', '296', '--raw', '--subdir', 'DAGS_FOLDER/dag_preprocess.py', '--cfg-path', '/tmp/tmp8_ipgkvm', '--error-file', '/tmp/tmp93r_nf2a']
[2022-12-04 06:10:42,466] {standard_task_runner.py:80} INFO - Job 296: Subtask checkfiles.check_energy_file_2
[2022-12-04 06:10:42,612] {warnings.py:110} WARNING - /home/***/.local/lib/python3.7/site-packages/***/configuration.py:470: DeprecationWarning: The sql_alchemy_conn option in [core] has been moved to the sql_alchemy_conn option in [database] - the old setting has been used, but please update your config.
  option = self._get_environment_variables(deprecated_key, deprecated_section, key, section)

[2022-12-04 06:10:43,422] {task_command.py:369} INFO - Running <TaskInstance: etl_solar.checkfiles.check_energy_file_2 scheduled__2022-12-03T00:00:00+00:00 [running]> on host 8a647070b091
[2022-12-04 06:10:44,647] {taskinstance.py:1571} INFO - Exporting the following env vars:
AIRFLOW_CTX_DAG_OWNER=***
AIRFLOW_CTX_DAG_ID=etl_solar
AIRFLOW_CTX_TASK_ID=checkfiles.check_energy_file_2
AIRFLOW_CTX_EXECUTION_DATE=2022-12-03T00:00:00+00:00
AIRFLOW_CTX_TRY_NUMBER=1
AIRFLOW_CTX_DAG_RUN_ID=scheduled__2022-12-03T00:00:00+00:00
[2022-12-04 06:10:44,655] {subprocess.py:62} INFO - Tmp dir root location: 
 /tmp
[2022-12-04 06:10:44,665] {subprocess.py:74} INFO - Running command: ['bash', '-c', '/opt/***/utilities/check_file.sh /opt/***/utilities/storage/energy_2.csv']
[2022-12-04 06:10:44,734] {subprocess.py:85} INFO - Output:
[2022-12-04 06:10:44,788] {subprocess.py:92} INFO - File /opt/***/utilities/storage/energy_2.csv does not exist
[2022-12-04 06:10:44,793] {subprocess.py:96} INFO - Command exited with return code 0
[2022-12-04 06:10:45,122] {taskinstance.py:1400} INFO - Marking task as SUCCESS. dag_id=etl_solar, task_id=checkfiles.check_energy_file_2, execution_date=20221203T000000, start_date=20221204T061042, end_date=20221204T061045
[2022-12-04 06:10:45,272] {local_task_job.py:156} INFO - Task exited with return code 0
[2022-12-04 06:10:45,612] {local_task_job.py:273} INFO - 0 downstream tasks scheduled from follow-on schedule check
