[2022-11-20 11:18:44,740] {processor.py:153} INFO - Started process (PID=78) to work on /opt/airflow/dags/dag_preprocess2.py
[2022-11-20 11:18:44,745] {processor.py:641} INFO - Processing file /opt/airflow/dags/dag_preprocess2.py for tasks to queue
[2022-11-20 11:18:44,748] {logging_mixin.py:115} INFO - [2022-11-20 11:18:44,747] {dagbag.py:507} INFO - Filling up the DagBag from /opt/airflow/dags/dag_preprocess2.py
[2022-11-20 11:18:44,922] {processor.py:651} INFO - DAG(s) dict_keys(['etl_solar']) retrieved from /opt/airflow/dags/dag_preprocess2.py
[2022-11-20 11:18:45,595] {logging_mixin.py:115} INFO - [2022-11-20 11:18:45,594] {dag.py:2371} INFO - Sync 1 DAGs
[2022-11-20 11:18:45,692] {logging_mixin.py:115} INFO - [2022-11-20 11:18:45,692] {dag.py:2919} INFO - Setting next_dagrun for etl_solar to 2022-11-19T00:00:00+00:00, run_after=2022-11-20T00:00:00+00:00
[2022-11-20 11:18:45,760] {processor.py:161} INFO - Processing /opt/airflow/dags/dag_preprocess2.py took 1.036 seconds
[2022-11-20 11:19:16,116] {processor.py:153} INFO - Started process (PID=82) to work on /opt/airflow/dags/dag_preprocess2.py
[2022-11-20 11:19:16,119] {processor.py:641} INFO - Processing file /opt/airflow/dags/dag_preprocess2.py for tasks to queue
[2022-11-20 11:19:16,123] {logging_mixin.py:115} INFO - [2022-11-20 11:19:16,122] {dagbag.py:507} INFO - Filling up the DagBag from /opt/airflow/dags/dag_preprocess2.py
[2022-11-20 11:19:16,316] {processor.py:651} INFO - DAG(s) dict_keys(['etl_solar']) retrieved from /opt/airflow/dags/dag_preprocess2.py
[2022-11-20 11:19:16,516] {logging_mixin.py:115} INFO - [2022-11-20 11:19:16,515] {dag.py:2371} INFO - Sync 1 DAGs
[2022-11-20 11:19:17,055] {logging_mixin.py:115} INFO - [2022-11-20 11:19:17,055] {dag.py:2919} INFO - Setting next_dagrun for etl_solar to 2022-11-19T00:00:00+00:00, run_after=2022-11-20T00:00:00+00:00
[2022-11-20 11:19:17,138] {processor.py:161} INFO - Processing /opt/airflow/dags/dag_preprocess2.py took 1.034 seconds
[2022-11-20 11:19:47,470] {processor.py:153} INFO - Started process (PID=86) to work on /opt/airflow/dags/dag_preprocess2.py
[2022-11-20 11:19:47,472] {processor.py:641} INFO - Processing file /opt/airflow/dags/dag_preprocess2.py for tasks to queue
[2022-11-20 11:19:47,475] {logging_mixin.py:115} INFO - [2022-11-20 11:19:47,475] {dagbag.py:507} INFO - Filling up the DagBag from /opt/airflow/dags/dag_preprocess2.py
[2022-11-20 11:19:47,632] {processor.py:651} INFO - DAG(s) dict_keys(['etl_solar']) retrieved from /opt/airflow/dags/dag_preprocess2.py
[2022-11-20 11:19:47,748] {logging_mixin.py:115} INFO - [2022-11-20 11:19:47,748] {dag.py:2371} INFO - Sync 1 DAGs
[2022-11-20 11:19:48,211] {logging_mixin.py:115} INFO - [2022-11-20 11:19:48,210] {dag.py:2919} INFO - Setting next_dagrun for etl_solar to 2022-11-19T00:00:00+00:00, run_after=2022-11-20T00:00:00+00:00
[2022-11-20 11:19:48,252] {processor.py:161} INFO - Processing /opt/airflow/dags/dag_preprocess2.py took 0.793 seconds
[2022-11-20 11:20:18,547] {processor.py:153} INFO - Started process (PID=94) to work on /opt/airflow/dags/dag_preprocess2.py
[2022-11-20 11:20:18,550] {processor.py:641} INFO - Processing file /opt/airflow/dags/dag_preprocess2.py for tasks to queue
[2022-11-20 11:20:18,552] {logging_mixin.py:115} INFO - [2022-11-20 11:20:18,552] {dagbag.py:507} INFO - Filling up the DagBag from /opt/airflow/dags/dag_preprocess2.py
[2022-11-20 11:20:18,703] {processor.py:651} INFO - DAG(s) dict_keys(['etl_solar']) retrieved from /opt/airflow/dags/dag_preprocess2.py
[2022-11-20 11:20:18,819] {logging_mixin.py:115} INFO - [2022-11-20 11:20:18,818] {dag.py:2371} INFO - Sync 1 DAGs
[2022-11-20 11:20:19,390] {logging_mixin.py:115} INFO - [2022-11-20 11:20:19,389] {dag.py:2919} INFO - Setting next_dagrun for etl_solar to 2022-11-19T00:00:00+00:00, run_after=2022-11-20T00:00:00+00:00
[2022-11-20 11:20:19,466] {processor.py:161} INFO - Processing /opt/airflow/dags/dag_preprocess2.py took 0.932 seconds
[2022-11-20 11:20:50,126] {processor.py:153} INFO - Started process (PID=99) to work on /opt/airflow/dags/dag_preprocess2.py
[2022-11-20 11:20:50,129] {processor.py:641} INFO - Processing file /opt/airflow/dags/dag_preprocess2.py for tasks to queue
[2022-11-20 11:20:50,137] {logging_mixin.py:115} INFO - [2022-11-20 11:20:50,136] {dagbag.py:507} INFO - Filling up the DagBag from /opt/airflow/dags/dag_preprocess2.py
[2022-11-20 11:20:50,317] {processor.py:651} INFO - DAG(s) dict_keys(['etl_solar']) retrieved from /opt/airflow/dags/dag_preprocess2.py
[2022-11-20 11:20:50,465] {logging_mixin.py:115} INFO - [2022-11-20 11:20:50,464] {dag.py:2371} INFO - Sync 1 DAGs
[2022-11-20 11:20:50,905] {logging_mixin.py:115} INFO - [2022-11-20 11:20:50,904] {dag.py:2919} INFO - Setting next_dagrun for etl_solar to 2022-11-19T00:00:00+00:00, run_after=2022-11-20T00:00:00+00:00
[2022-11-20 11:20:50,968] {processor.py:161} INFO - Processing /opt/airflow/dags/dag_preprocess2.py took 0.868 seconds
[2022-11-20 11:21:21,257] {processor.py:153} INFO - Started process (PID=104) to work on /opt/airflow/dags/dag_preprocess2.py
[2022-11-20 11:21:21,260] {processor.py:641} INFO - Processing file /opt/airflow/dags/dag_preprocess2.py for tasks to queue
[2022-11-20 11:21:21,263] {logging_mixin.py:115} INFO - [2022-11-20 11:21:21,262] {dagbag.py:507} INFO - Filling up the DagBag from /opt/airflow/dags/dag_preprocess2.py
[2022-11-20 11:21:21,452] {processor.py:651} INFO - DAG(s) dict_keys(['etl_solar']) retrieved from /opt/airflow/dags/dag_preprocess2.py
[2022-11-20 11:21:21,603] {logging_mixin.py:115} INFO - [2022-11-20 11:21:21,602] {dag.py:2371} INFO - Sync 1 DAGs
[2022-11-20 11:21:22,094] {logging_mixin.py:115} INFO - [2022-11-20 11:21:22,094] {dag.py:2919} INFO - Setting next_dagrun for etl_solar to 2022-11-19T00:00:00+00:00, run_after=2022-11-20T00:00:00+00:00
[2022-11-20 11:21:22,147] {processor.py:161} INFO - Processing /opt/airflow/dags/dag_preprocess2.py took 0.917 seconds
[2022-11-20 11:21:52,668] {processor.py:153} INFO - Started process (PID=111) to work on /opt/airflow/dags/dag_preprocess2.py
[2022-11-20 11:21:52,671] {processor.py:641} INFO - Processing file /opt/airflow/dags/dag_preprocess2.py for tasks to queue
[2022-11-20 11:21:52,674] {logging_mixin.py:115} INFO - [2022-11-20 11:21:52,673] {dagbag.py:507} INFO - Filling up the DagBag from /opt/airflow/dags/dag_preprocess2.py
[2022-11-20 11:21:52,855] {processor.py:651} INFO - DAG(s) dict_keys(['etl_solar']) retrieved from /opt/airflow/dags/dag_preprocess2.py
[2022-11-20 11:21:52,962] {logging_mixin.py:115} INFO - [2022-11-20 11:21:52,962] {dag.py:2371} INFO - Sync 1 DAGs
[2022-11-20 11:21:53,441] {logging_mixin.py:115} INFO - [2022-11-20 11:21:53,440] {dag.py:2919} INFO - Setting next_dagrun for etl_solar to 2022-11-19T00:00:00+00:00, run_after=2022-11-20T00:00:00+00:00
[2022-11-20 11:21:53,491] {processor.py:161} INFO - Processing /opt/airflow/dags/dag_preprocess2.py took 0.838 seconds
[2022-11-20 11:22:23,962] {processor.py:153} INFO - Started process (PID=117) to work on /opt/airflow/dags/dag_preprocess2.py
[2022-11-20 11:22:23,965] {processor.py:641} INFO - Processing file /opt/airflow/dags/dag_preprocess2.py for tasks to queue
[2022-11-20 11:22:23,968] {logging_mixin.py:115} INFO - [2022-11-20 11:22:23,968] {dagbag.py:507} INFO - Filling up the DagBag from /opt/airflow/dags/dag_preprocess2.py
[2022-11-20 11:22:24,152] {processor.py:651} INFO - DAG(s) dict_keys(['etl_solar']) retrieved from /opt/airflow/dags/dag_preprocess2.py
[2022-11-20 11:22:24,270] {logging_mixin.py:115} INFO - [2022-11-20 11:22:24,270] {dag.py:2371} INFO - Sync 1 DAGs
[2022-11-20 11:22:24,714] {logging_mixin.py:115} INFO - [2022-11-20 11:22:24,713] {dag.py:2919} INFO - Setting next_dagrun for etl_solar to 2022-11-19T00:00:00+00:00, run_after=2022-11-20T00:00:00+00:00
[2022-11-20 11:22:24,758] {processor.py:161} INFO - Processing /opt/airflow/dags/dag_preprocess2.py took 0.810 seconds
[2022-11-20 11:22:55,531] {processor.py:153} INFO - Started process (PID=121) to work on /opt/airflow/dags/dag_preprocess2.py
[2022-11-20 11:22:55,534] {processor.py:641} INFO - Processing file /opt/airflow/dags/dag_preprocess2.py for tasks to queue
[2022-11-20 11:22:55,536] {logging_mixin.py:115} INFO - [2022-11-20 11:22:55,536] {dagbag.py:507} INFO - Filling up the DagBag from /opt/airflow/dags/dag_preprocess2.py
[2022-11-20 11:22:55,716] {processor.py:651} INFO - DAG(s) dict_keys(['etl_solar']) retrieved from /opt/airflow/dags/dag_preprocess2.py
[2022-11-20 11:22:55,821] {logging_mixin.py:115} INFO - [2022-11-20 11:22:55,820] {dag.py:2371} INFO - Sync 1 DAGs
[2022-11-20 11:22:56,223] {logging_mixin.py:115} INFO - [2022-11-20 11:22:56,223] {dag.py:2919} INFO - Setting next_dagrun for etl_solar to 2022-11-19T00:00:00+00:00, run_after=2022-11-20T00:00:00+00:00
[2022-11-20 11:22:56,267] {processor.py:161} INFO - Processing /opt/airflow/dags/dag_preprocess2.py took 0.746 seconds
[2022-11-20 11:23:26,877] {processor.py:153} INFO - Started process (PID=125) to work on /opt/airflow/dags/dag_preprocess2.py
[2022-11-20 11:23:26,879] {processor.py:641} INFO - Processing file /opt/airflow/dags/dag_preprocess2.py for tasks to queue
[2022-11-20 11:23:26,882] {logging_mixin.py:115} INFO - [2022-11-20 11:23:26,882] {dagbag.py:507} INFO - Filling up the DagBag from /opt/airflow/dags/dag_preprocess2.py
[2022-11-20 11:23:27,071] {processor.py:651} INFO - DAG(s) dict_keys(['etl_solar']) retrieved from /opt/airflow/dags/dag_preprocess2.py
[2022-11-20 11:23:27,189] {logging_mixin.py:115} INFO - [2022-11-20 11:23:27,189] {dag.py:2371} INFO - Sync 1 DAGs
[2022-11-20 11:23:27,598] {logging_mixin.py:115} INFO - [2022-11-20 11:23:27,598] {dag.py:2919} INFO - Setting next_dagrun for etl_solar to 2022-11-19T00:00:00+00:00, run_after=2022-11-20T00:00:00+00:00
[2022-11-20 11:23:27,642] {processor.py:161} INFO - Processing /opt/airflow/dags/dag_preprocess2.py took 0.779 seconds
[2022-11-20 11:23:58,053] {processor.py:153} INFO - Started process (PID=129) to work on /opt/airflow/dags/dag_preprocess2.py
[2022-11-20 11:23:58,055] {processor.py:641} INFO - Processing file /opt/airflow/dags/dag_preprocess2.py for tasks to queue
[2022-11-20 11:23:58,058] {logging_mixin.py:115} INFO - [2022-11-20 11:23:58,058] {dagbag.py:507} INFO - Filling up the DagBag from /opt/airflow/dags/dag_preprocess2.py
[2022-11-20 11:23:58,237] {processor.py:651} INFO - DAG(s) dict_keys(['etl_solar']) retrieved from /opt/airflow/dags/dag_preprocess2.py
[2022-11-20 11:23:58,354] {logging_mixin.py:115} INFO - [2022-11-20 11:23:58,354] {dag.py:2371} INFO - Sync 1 DAGs
[2022-11-20 11:23:58,769] {logging_mixin.py:115} INFO - [2022-11-20 11:23:58,768] {dag.py:2919} INFO - Setting next_dagrun for etl_solar to 2022-11-19T00:00:00+00:00, run_after=2022-11-20T00:00:00+00:00
[2022-11-20 11:23:58,827] {processor.py:161} INFO - Processing /opt/airflow/dags/dag_preprocess2.py took 0.785 seconds
