[2022-11-20 06:04:58,634] {taskinstance.py:877} INFO - Dependencies all met for <TaskInstance: etl_solar.checkfiles.check_energy_file_1 2022-11-20T06:04:52.816288+00:00 [queued]>
[2022-11-20 06:04:58,683] {taskinstance.py:877} INFO - Dependencies all met for <TaskInstance: etl_solar.checkfiles.check_energy_file_1 2022-11-20T06:04:52.816288+00:00 [queued]>
[2022-11-20 06:04:58,685] {taskinstance.py:1068} INFO - 
--------------------------------------------------------------------------------
[2022-11-20 06:04:58,687] {taskinstance.py:1069} INFO - Starting attempt 1 of 1
[2022-11-20 06:04:58,693] {taskinstance.py:1070} INFO - 
--------------------------------------------------------------------------------
[2022-11-20 06:04:58,756] {taskinstance.py:1089} INFO - Executing <Task(BashOperator): checkfiles.check_energy_file_1> on 2022-11-20T06:04:52.816288+00:00
[2022-11-20 06:04:58,774] {standard_task_runner.py:52} INFO - Started process 71 to run task
[2022-11-20 06:04:58,810] {standard_task_runner.py:76} INFO - Running: ['airflow', 'tasks', 'run', 'etl_solar', 'checkfiles.check_energy_file_1', '2022-11-20T06:04:52.816288+00:00', '--job-id', '22', '--pool', 'default_pool', '--raw', '--subdir', 'DAGS_FOLDER/dag_preprocess.py', '--cfg-path', '/tmp/tmpqtx5p9cj', '--error-file', '/tmp/tmpic8_49pe']
[2022-11-20 06:04:58,817] {standard_task_runner.py:77} INFO - Job 22: Subtask checkfiles.check_energy_file_1
[2022-11-20 06:04:59,036] {logging_mixin.py:104} INFO - Running <TaskInstance: etl_solar.checkfiles.check_energy_file_1 2022-11-20T06:04:52.816288+00:00 [running]> on host cc7a6235a592
[2022-11-20 06:04:59,269] {taskinstance.py:1283} INFO - Exporting the following env vars:
AIRFLOW_CTX_DAG_OWNER=airflow
AIRFLOW_CTX_DAG_ID=etl_solar
AIRFLOW_CTX_TASK_ID=checkfiles.check_energy_file_1
AIRFLOW_CTX_EXECUTION_DATE=2022-11-20T06:04:52.816288+00:00
AIRFLOW_CTX_DAG_RUN_ID=manual__2022-11-20T06:04:52.816288+00:00
[2022-11-20 06:04:59,272] {bash.py:135} INFO - Tmp dir root location: 
 /tmp
[2022-11-20 06:04:59,279] {bash.py:158} INFO - Running command: /opt/airflow/bash_command/check_file.sh /opt/airflow/storage/airflow.csv
[2022-11-20 06:04:59,336] {bash.py:169} INFO - Output:
[2022-11-20 06:04:59,376] {bash.py:173} INFO - File /opt/airflow/storage/airflow.csv exists
[2022-11-20 06:04:59,384] {bash.py:177} INFO - Command exited with return code 0
[2022-11-20 06:04:59,569] {taskinstance.py:1192} INFO - Marking task as SUCCESS. dag_id=etl_solar, task_id=checkfiles.check_energy_file_1, execution_date=20221120T060452, start_date=20221120T060458, end_date=20221120T060459
[2022-11-20 06:04:59,831] {taskinstance.py:1246} INFO - 0 downstream tasks scheduled from follow-on schedule check
[2022-11-20 06:04:59,903] {local_task_job.py:146} INFO - Task exited with return code 0
