[2022-12-09 11:21:01,098] {taskinstance.py:1159} INFO - Dependencies all met for <TaskInstance: etl_solar.check_transform_status scheduled__2022-12-08T00:00:00+00:00 [queued]>
[2022-12-09 11:21:01,153] {taskinstance.py:1159} INFO - Dependencies all met for <TaskInstance: etl_solar.check_transform_status scheduled__2022-12-08T00:00:00+00:00 [queued]>
[2022-12-09 11:21:01,154] {taskinstance.py:1356} INFO - 
--------------------------------------------------------------------------------
[2022-12-09 11:21:01,156] {taskinstance.py:1357} INFO - Starting attempt 1 of 1
[2022-12-09 11:21:01,158] {taskinstance.py:1358} INFO - 
--------------------------------------------------------------------------------
[2022-12-09 11:21:01,224] {taskinstance.py:1377} INFO - Executing <Task(BashOperator): check_transform_status> on 2022-12-08 00:00:00+00:00
[2022-12-09 11:21:01,245] {standard_task_runner.py:52} INFO - Started process 281 to run task
[2022-12-09 11:21:01,260] {standard_task_runner.py:79} INFO - Running: ['***', 'tasks', 'run', 'etl_solar', 'check_transform_status', 'scheduled__2022-12-08T00:00:00+00:00', '--job-id', '63', '--raw', '--subdir', 'DAGS_FOLDER/dag_preprocess.py', '--cfg-path', '/tmp/tmpukjs94dn', '--error-file', '/tmp/tmpvyys4e7n']
[2022-12-09 11:21:01,264] {standard_task_runner.py:80} INFO - Job 63: Subtask check_transform_status
[2022-12-09 11:21:01,321] {warnings.py:110} WARNING - /home/***/.local/lib/python3.7/site-packages/***/configuration.py:470: DeprecationWarning: The sql_alchemy_conn option in [core] has been moved to the sql_alchemy_conn option in [database] - the old setting has been used, but please update your config.
  option = self._get_environment_variables(deprecated_key, deprecated_section, key, section)

[2022-12-09 11:21:01,486] {task_command.py:369} INFO - Running <TaskInstance: etl_solar.check_transform_status scheduled__2022-12-08T00:00:00+00:00 [running]> on host 4d9af2ba34e6
[2022-12-09 11:21:01,819] {taskinstance.py:1571} INFO - Exporting the following env vars:
AIRFLOW_CTX_DAG_OWNER=***
AIRFLOW_CTX_DAG_ID=etl_solar
AIRFLOW_CTX_TASK_ID=check_transform_status
AIRFLOW_CTX_EXECUTION_DATE=2022-12-08T00:00:00+00:00
AIRFLOW_CTX_TRY_NUMBER=1
AIRFLOW_CTX_DAG_RUN_ID=scheduled__2022-12-08T00:00:00+00:00
[2022-12-09 11:21:01,824] {subprocess.py:62} INFO - Tmp dir root location: 
 /tmp
[2022-12-09 11:21:01,826] {subprocess.py:74} INFO - Running command: ['bash', '-c', "echo 'success'"]
[2022-12-09 11:21:01,860] {subprocess.py:85} INFO - Output:
[2022-12-09 11:21:01,867] {subprocess.py:92} INFO - success
[2022-12-09 11:21:01,869] {subprocess.py:96} INFO - Command exited with return code 0
[2022-12-09 11:21:02,003] {taskinstance.py:1400} INFO - Marking task as SUCCESS. dag_id=etl_solar, task_id=check_transform_status, execution_date=20221208T000000, start_date=20221209T112101, end_date=20221209T112102
[2022-12-09 11:21:02,076] {local_task_job.py:156} INFO - Task exited with return code 0
[2022-12-09 11:21:02,244] {local_task_job.py:273} INFO - 0 downstream tasks scheduled from follow-on schedule check
