[2022-12-09 10:41:08,465] {taskinstance.py:1159} INFO - Dependencies all met for <TaskInstance: etl_solar.convert_to_csv.check_input_folder scheduled__2022-12-08T00:00:00+00:00 [queued]>
[2022-12-09 10:41:08,511] {taskinstance.py:1159} INFO - Dependencies all met for <TaskInstance: etl_solar.convert_to_csv.check_input_folder scheduled__2022-12-08T00:00:00+00:00 [queued]>
[2022-12-09 10:41:08,513] {taskinstance.py:1356} INFO - 
--------------------------------------------------------------------------------
[2022-12-09 10:41:08,514] {taskinstance.py:1357} INFO - Starting attempt 1 of 1
[2022-12-09 10:41:08,515] {taskinstance.py:1358} INFO - 
--------------------------------------------------------------------------------
[2022-12-09 10:41:08,584] {taskinstance.py:1377} INFO - Executing <Task(BashOperator): convert_to_csv.check_input_folder> on 2022-12-08 00:00:00+00:00
[2022-12-09 10:41:08,597] {standard_task_runner.py:52} INFO - Started process 132 to run task
[2022-12-09 10:41:08,609] {standard_task_runner.py:79} INFO - Running: ['***', 'tasks', 'run', 'etl_solar', 'convert_to_csv.check_input_folder', 'scheduled__2022-12-08T00:00:00+00:00', '--job-id', '23', '--raw', '--subdir', 'DAGS_FOLDER/dag_preprocess.py', '--cfg-path', '/tmp/tmpwy218yh0', '--error-file', '/tmp/tmp6t4sn0v6']
[2022-12-09 10:41:08,614] {standard_task_runner.py:80} INFO - Job 23: Subtask convert_to_csv.check_input_folder
[2022-12-09 10:41:08,669] {warnings.py:110} WARNING - /home/***/.local/lib/python3.7/site-packages/***/configuration.py:470: DeprecationWarning: The sql_alchemy_conn option in [core] has been moved to the sql_alchemy_conn option in [database] - the old setting has been used, but please update your config.
  option = self._get_environment_variables(deprecated_key, deprecated_section, key, section)

[2022-12-09 10:41:08,882] {task_command.py:369} INFO - Running <TaskInstance: etl_solar.convert_to_csv.check_input_folder scheduled__2022-12-08T00:00:00+00:00 [running]> on host 4d9af2ba34e6
[2022-12-09 10:41:09,273] {taskinstance.py:1571} INFO - Exporting the following env vars:
AIRFLOW_CTX_DAG_OWNER=***
AIRFLOW_CTX_DAG_ID=etl_solar
AIRFLOW_CTX_TASK_ID=convert_to_csv.check_input_folder
AIRFLOW_CTX_EXECUTION_DATE=2022-12-08T00:00:00+00:00
AIRFLOW_CTX_TRY_NUMBER=1
AIRFLOW_CTX_DAG_RUN_ID=scheduled__2022-12-08T00:00:00+00:00
[2022-12-09 10:41:09,278] {subprocess.py:62} INFO - Tmp dir root location: 
 /tmp
[2022-12-09 10:41:09,281] {subprocess.py:74} INFO - Running command: ['bash', '-c', '/opt/***/utilities/make_folder.sh /opt/***/storage/input/2022-12-09']
[2022-12-09 10:41:09,324] {subprocess.py:85} INFO - Output:
[2022-12-09 10:41:09,378] {subprocess.py:96} INFO - Command exited with return code 0
[2022-12-09 10:41:09,530] {taskinstance.py:1400} INFO - Marking task as SUCCESS. dag_id=etl_solar, task_id=convert_to_csv.check_input_folder, execution_date=20221208T000000, start_date=20221209T104108, end_date=20221209T104109
[2022-12-09 10:41:09,628] {local_task_job.py:156} INFO - Task exited with return code 0
[2022-12-09 10:41:09,855] {local_task_job.py:273} INFO - 0 downstream tasks scheduled from follow-on schedule check
[2022-12-09 11:20:38,465] {taskinstance.py:1159} INFO - Dependencies all met for <TaskInstance: etl_solar.convert_to_csv.check_input_folder scheduled__2022-12-08T00:00:00+00:00 [queued]>
[2022-12-09 11:20:38,509] {taskinstance.py:1159} INFO - Dependencies all met for <TaskInstance: etl_solar.convert_to_csv.check_input_folder scheduled__2022-12-08T00:00:00+00:00 [queued]>
[2022-12-09 11:20:38,510] {taskinstance.py:1356} INFO - 
--------------------------------------------------------------------------------
[2022-12-09 11:20:38,511] {taskinstance.py:1357} INFO - Starting attempt 1 of 1
[2022-12-09 11:20:38,512] {taskinstance.py:1358} INFO - 
--------------------------------------------------------------------------------
[2022-12-09 11:20:38,579] {taskinstance.py:1377} INFO - Executing <Task(BashOperator): convert_to_csv.check_input_folder> on 2022-12-08 00:00:00+00:00
[2022-12-09 11:20:38,593] {standard_task_runner.py:52} INFO - Started process 243 to run task
[2022-12-09 11:20:38,606] {standard_task_runner.py:79} INFO - Running: ['***', 'tasks', 'run', 'etl_solar', 'convert_to_csv.check_input_folder', 'scheduled__2022-12-08T00:00:00+00:00', '--job-id', '54', '--raw', '--subdir', 'DAGS_FOLDER/dag_preprocess.py', '--cfg-path', '/tmp/tmpafv7_q_p', '--error-file', '/tmp/tmp45o3r4pa']
[2022-12-09 11:20:38,621] {standard_task_runner.py:80} INFO - Job 54: Subtask convert_to_csv.check_input_folder
[2022-12-09 11:20:38,679] {warnings.py:110} WARNING - /home/***/.local/lib/python3.7/site-packages/***/configuration.py:470: DeprecationWarning: The sql_alchemy_conn option in [core] has been moved to the sql_alchemy_conn option in [database] - the old setting has been used, but please update your config.
  option = self._get_environment_variables(deprecated_key, deprecated_section, key, section)

[2022-12-09 11:20:38,875] {task_command.py:369} INFO - Running <TaskInstance: etl_solar.convert_to_csv.check_input_folder scheduled__2022-12-08T00:00:00+00:00 [running]> on host 4d9af2ba34e6
[2022-12-09 11:20:39,283] {taskinstance.py:1571} INFO - Exporting the following env vars:
AIRFLOW_CTX_DAG_OWNER=***
AIRFLOW_CTX_DAG_ID=etl_solar
AIRFLOW_CTX_TASK_ID=convert_to_csv.check_input_folder
AIRFLOW_CTX_EXECUTION_DATE=2022-12-08T00:00:00+00:00
AIRFLOW_CTX_TRY_NUMBER=1
AIRFLOW_CTX_DAG_RUN_ID=scheduled__2022-12-08T00:00:00+00:00
[2022-12-09 11:20:39,292] {subprocess.py:62} INFO - Tmp dir root location: 
 /tmp
[2022-12-09 11:20:39,295] {subprocess.py:74} INFO - Running command: ['bash', '-c', '/opt/***/utilities/make_folder.sh /opt/***/storage/input/2022-12-09']
[2022-12-09 11:20:39,330] {subprocess.py:85} INFO - Output:
[2022-12-09 11:20:39,403] {subprocess.py:96} INFO - Command exited with return code 0
[2022-12-09 11:20:39,573] {taskinstance.py:1400} INFO - Marking task as SUCCESS. dag_id=etl_solar, task_id=convert_to_csv.check_input_folder, execution_date=20221208T000000, start_date=20221209T112038, end_date=20221209T112039
[2022-12-09 11:20:39,708] {local_task_job.py:156} INFO - Task exited with return code 0
[2022-12-09 11:20:39,967] {local_task_job.py:273} INFO - 2 downstream tasks scheduled from follow-on schedule check
