[2022-11-18 15:18:02,368] {taskinstance.py:877} INFO - Dependencies all met for <TaskInstance: etl_solar.check_files 2022-11-18T15:17:57.959756+00:00 [queued]>
[2022-11-18 15:18:02,387] {taskinstance.py:877} INFO - Dependencies all met for <TaskInstance: etl_solar.check_files 2022-11-18T15:17:57.959756+00:00 [queued]>
[2022-11-18 15:18:02,388] {taskinstance.py:1068} INFO - 
--------------------------------------------------------------------------------
[2022-11-18 15:18:02,388] {taskinstance.py:1069} INFO - Starting attempt 1 of 1
[2022-11-18 15:18:02,389] {taskinstance.py:1070} INFO - 
--------------------------------------------------------------------------------
[2022-11-18 15:18:02,399] {taskinstance.py:1089} INFO - Executing <Task(BashOperator): check_files> on 2022-11-18T15:17:57.959756+00:00
[2022-11-18 15:18:02,405] {standard_task_runner.py:52} INFO - Started process 51 to run task
[2022-11-18 15:18:02,409] {standard_task_runner.py:76} INFO - Running: ['airflow', 'tasks', 'run', 'etl_solar', 'check_files', '2022-11-18T15:17:57.959756+00:00', '--job-id', '4', '--pool', 'default_pool', '--raw', '--subdir', 'DAGS_FOLDER/dag_preprocess.py', '--cfg-path', '/tmp/tmpqg4fell4', '--error-file', '/tmp/tmp0o9qif3f']
[2022-11-18 15:18:02,410] {standard_task_runner.py:77} INFO - Job 4: Subtask check_files
[2022-11-18 15:18:02,460] {logging_mixin.py:104} INFO - Running <TaskInstance: etl_solar.check_files 2022-11-18T15:17:57.959756+00:00 [running]> on host 13d16c461581
[2022-11-18 15:18:02,505] {taskinstance.py:1283} INFO - Exporting the following env vars:
AIRFLOW_CTX_DAG_OWNER=airflow
AIRFLOW_CTX_DAG_ID=etl_solar
AIRFLOW_CTX_TASK_ID=check_files
AIRFLOW_CTX_EXECUTION_DATE=2022-11-18T15:17:57.959756+00:00
AIRFLOW_CTX_DAG_RUN_ID=manual__2022-11-18T15:17:57.959756+00:00
[2022-11-18 15:18:02,506] {bash.py:135} INFO - Tmp dir root location: 
 /tmp
[2022-11-18 15:18:02,508] {bash.py:158} INFO - Running command: echo 'success'
[2022-11-18 15:18:02,517] {bash.py:169} INFO - Output:
[2022-11-18 15:18:02,519] {bash.py:173} INFO - success
[2022-11-18 15:18:02,519] {bash.py:177} INFO - Command exited with return code 0
[2022-11-18 15:18:02,551] {taskinstance.py:1192} INFO - Marking task as SUCCESS. dag_id=etl_solar, task_id=check_files, execution_date=20221118T151757, start_date=20221118T151802, end_date=20221118T151802
[2022-11-18 15:18:02,582] {taskinstance.py:1246} INFO - 0 downstream tasks scheduled from follow-on schedule check
[2022-11-18 15:18:02,620] {local_task_job.py:146} INFO - Task exited with return code 0
