[2022-11-20 11:50:43,043] {taskinstance.py:1159} INFO - Dependencies all met for <TaskInstance: etl_solar.load_files.extract_weather_info manual__2022-11-20T11:50:38.390218+00:00 [queued]>
[2022-11-20 11:50:43,056] {taskinstance.py:1159} INFO - Dependencies all met for <TaskInstance: etl_solar.load_files.extract_weather_info manual__2022-11-20T11:50:38.390218+00:00 [queued]>
[2022-11-20 11:50:43,056] {taskinstance.py:1356} INFO - 
--------------------------------------------------------------------------------
[2022-11-20 11:50:43,057] {taskinstance.py:1357} INFO - Starting attempt 1 of 1
[2022-11-20 11:50:43,057] {taskinstance.py:1358} INFO - 
--------------------------------------------------------------------------------
[2022-11-20 11:50:43,079] {taskinstance.py:1377} INFO - Executing <Task(PythonOperator): load_files.extract_weather_info> on 2022-11-20 11:50:38.390218+00:00
[2022-11-20 11:50:43,084] {standard_task_runner.py:52} INFO - Started process 242 to run task
[2022-11-20 11:50:43,089] {standard_task_runner.py:79} INFO - Running: ['***', 'tasks', 'run', 'etl_solar', 'load_files.extract_weather_info', 'manual__2022-11-20T11:50:38.390218+00:00', '--job-id', '56', '--raw', '--subdir', 'DAGS_FOLDER/dag_preprocess.py', '--cfg-path', '/tmp/tmphu3odlbc', '--error-file', '/tmp/tmpi6i_55ec']
[2022-11-20 11:50:43,090] {standard_task_runner.py:80} INFO - Job 56: Subtask load_files.extract_weather_info
[2022-11-20 11:50:43,163] {task_command.py:369} INFO - Running <TaskInstance: etl_solar.load_files.extract_weather_info manual__2022-11-20T11:50:38.390218+00:00 [running]> on host 82103fd5e777
[2022-11-20 11:50:43,266] {taskinstance.py:1571} INFO - Exporting the following env vars:
AIRFLOW_CTX_DAG_OWNER=***
AIRFLOW_CTX_DAG_ID=etl_solar
AIRFLOW_CTX_TASK_ID=load_files.extract_weather_info
AIRFLOW_CTX_EXECUTION_DATE=2022-11-20T11:50:38.390218+00:00
AIRFLOW_CTX_TRY_NUMBER=1
AIRFLOW_CTX_DAG_RUN_ID=manual__2022-11-20T11:50:38.390218+00:00
[2022-11-20 11:50:43,279] {base.py:68} INFO - Using connection ID 'mysql_solar' for task execution.
[2022-11-20 11:50:43,343] {python.py:173} INFO - Done. Returned value was: None
[2022-11-20 11:50:43,362] {taskinstance.py:1400} INFO - Marking task as SUCCESS. dag_id=etl_solar, task_id=load_files.extract_weather_info, execution_date=20221120T115038, start_date=20221120T115043, end_date=20221120T115043
[2022-11-20 11:50:43,382] {local_task_job.py:156} INFO - Task exited with return code 0
[2022-11-20 11:50:43,421] {local_task_job.py:273} INFO - 0 downstream tasks scheduled from follow-on schedule check
