[2022-12-09 10:41:20,369] {taskinstance.py:1159} INFO - Dependencies all met for <TaskInstance: etl_solar.transform.preprocess_weather manual__2022-12-09T10:40:49.230234+00:00 [queued]>
[2022-12-09 10:41:20,418] {taskinstance.py:1159} INFO - Dependencies all met for <TaskInstance: etl_solar.transform.preprocess_weather manual__2022-12-09T10:40:49.230234+00:00 [queued]>
[2022-12-09 10:41:20,419] {taskinstance.py:1356} INFO - 
--------------------------------------------------------------------------------
[2022-12-09 10:41:20,420] {taskinstance.py:1357} INFO - Starting attempt 1 of 1
[2022-12-09 10:41:20,422] {taskinstance.py:1358} INFO - 
--------------------------------------------------------------------------------
[2022-12-09 10:41:20,487] {taskinstance.py:1377} INFO - Executing <Task(PythonOperator): transform.preprocess_weather> on 2022-12-09 10:40:49.230234+00:00
[2022-12-09 10:41:20,501] {standard_task_runner.py:52} INFO - Started process 164 to run task
[2022-12-09 10:41:20,513] {standard_task_runner.py:79} INFO - Running: ['***', 'tasks', 'run', 'etl_solar', 'transform.preprocess_weather', 'manual__2022-12-09T10:40:49.230234+00:00', '--job-id', '31', '--raw', '--subdir', 'DAGS_FOLDER/dag_preprocess.py', '--cfg-path', '/tmp/tmpmeskah8k', '--error-file', '/tmp/tmp0t5zg8ep']
[2022-12-09 10:41:20,518] {standard_task_runner.py:80} INFO - Job 31: Subtask transform.preprocess_weather
[2022-12-09 10:41:20,779] {task_command.py:369} INFO - Running <TaskInstance: etl_solar.transform.preprocess_weather manual__2022-12-09T10:40:49.230234+00:00 [running]> on host 4d9af2ba34e6
[2022-12-09 10:41:21,197] {taskinstance.py:1571} INFO - Exporting the following env vars:
AIRFLOW_CTX_DAG_OWNER=***
AIRFLOW_CTX_DAG_ID=etl_solar
AIRFLOW_CTX_TASK_ID=transform.preprocess_weather
AIRFLOW_CTX_EXECUTION_DATE=2022-12-09T10:40:49.230234+00:00
AIRFLOW_CTX_TRY_NUMBER=1
AIRFLOW_CTX_DAG_RUN_ID=manual__2022-12-09T10:40:49.230234+00:00
[2022-12-09 10:41:21,364] {python.py:173} INFO - Done. Returned value was: None
[2022-12-09 10:41:21,459] {taskinstance.py:1400} INFO - Marking task as SUCCESS. dag_id=etl_solar, task_id=transform.preprocess_weather, execution_date=20221209T104049, start_date=20221209T104120, end_date=20221209T104121
[2022-12-09 10:41:21,574] {local_task_job.py:156} INFO - Task exited with return code 0
[2022-12-09 10:41:21,743] {local_task_job.py:273} INFO - 0 downstream tasks scheduled from follow-on schedule check
