[2022-12-11T08:08:30.635+0000] {taskinstance.py:1165} INFO - Dependencies all met for <TaskInstance: etl_solar.checkfiles.check_energy_file_2 manual__2022-12-11T08:08:24.449700+00:00 [queued]>
[2022-12-11T08:08:30.695+0000] {taskinstance.py:1165} INFO - Dependencies all met for <TaskInstance: etl_solar.checkfiles.check_energy_file_2 manual__2022-12-11T08:08:24.449700+00:00 [queued]>
[2022-12-11T08:08:30.697+0000] {taskinstance.py:1362} INFO - 
--------------------------------------------------------------------------------
[2022-12-11T08:08:30.699+0000] {taskinstance.py:1363} INFO - Starting attempt 1 of 1
[2022-12-11T08:08:30.700+0000] {taskinstance.py:1364} INFO - 
--------------------------------------------------------------------------------
[2022-12-11T08:08:30.784+0000] {taskinstance.py:1383} INFO - Executing <Task(BashOperator): checkfiles.check_energy_file_2> on 2022-12-11 08:08:24.449700+00:00
[2022-12-11T08:08:30.803+0000] {standard_task_runner.py:55} INFO - Started process 118 to run task
[2022-12-11T08:08:30.818+0000] {standard_task_runner.py:82} INFO - Running: ['***', 'tasks', 'run', 'etl_solar', 'checkfiles.check_energy_file_2', 'manual__2022-12-11T08:08:24.449700+00:00', '--job-id', '25', '--raw', '--subdir', 'DAGS_FOLDER/dag_preprocess.py', '--cfg-path', '/tmp/tmp_z6pf9np']
[2022-12-11T08:08:30.831+0000] {standard_task_runner.py:83} INFO - Job 25: Subtask checkfiles.check_energy_file_2
[2022-12-11T08:08:31.147+0000] {task_command.py:376} INFO - Running <TaskInstance: etl_solar.checkfiles.check_energy_file_2 manual__2022-12-11T08:08:24.449700+00:00 [running]> on host 01c108b234e9
[2022-12-11T08:08:31.983+0000] {taskinstance.py:1592} INFO - Exporting the following env vars:
AIRFLOW_CTX_DAG_OWNER=***
AIRFLOW_CTX_DAG_ID=etl_solar
AIRFLOW_CTX_TASK_ID=checkfiles.check_energy_file_2
AIRFLOW_CTX_EXECUTION_DATE=2022-12-11T08:08:24.449700+00:00
AIRFLOW_CTX_TRY_NUMBER=1
AIRFLOW_CTX_DAG_RUN_ID=manual__2022-12-11T08:08:24.449700+00:00
[2022-12-11T08:08:32.087+0000] {subprocess.py:63} INFO - Tmp dir root location: 
 /tmp
[2022-12-11T08:08:32.101+0000] {subprocess.py:75} INFO - Running command: ['/bin/bash', '-c', '/opt/***/utilities/check_file.sh /opt/***/utilities/storage/energy_2.csv']
[2022-12-11T08:08:32.203+0000] {subprocess.py:86} INFO - Output:
[2022-12-11T08:08:32.346+0000] {subprocess.py:93} INFO - File /opt/***/utilities/storage/energy_2.csv does not exist
[2022-12-11T08:08:32.365+0000] {subprocess.py:97} INFO - Command exited with return code 0
[2022-12-11T08:08:32.669+0000] {taskinstance.py:1406} INFO - Marking task as SUCCESS. dag_id=etl_solar, task_id=checkfiles.check_energy_file_2, execution_date=20221211T080824, start_date=20221211T080830, end_date=20221211T080832
[2022-12-11T08:08:32.867+0000] {local_task_job.py:164} INFO - Task exited with return code 0
[2022-12-11T08:08:33.254+0000] {local_task_job.py:273} INFO - 0 downstream tasks scheduled from follow-on schedule check
