[2022-11-22 05:06:34,345] {taskinstance.py:1159} INFO - Dependencies all met for <TaskInstance: etl_solar.weather_transform.preprocess_geography manual__2022-11-22T05:06:13.071295+00:00 [queued]>
[2022-11-22 05:06:34,400] {taskinstance.py:1159} INFO - Dependencies all met for <TaskInstance: etl_solar.weather_transform.preprocess_geography manual__2022-11-22T05:06:13.071295+00:00 [queued]>
[2022-11-22 05:06:34,401] {taskinstance.py:1356} INFO - 
--------------------------------------------------------------------------------
[2022-11-22 05:06:34,403] {taskinstance.py:1357} INFO - Starting attempt 1 of 1
[2022-11-22 05:06:34,404] {taskinstance.py:1358} INFO - 
--------------------------------------------------------------------------------
[2022-11-22 05:06:34,491] {taskinstance.py:1377} INFO - Executing <Task(PythonOperator): weather_transform.preprocess_geography> on 2022-11-22 05:06:13.071295+00:00
[2022-11-22 05:06:34,511] {standard_task_runner.py:52} INFO - Started process 452 to run task
[2022-11-22 05:06:34,528] {standard_task_runner.py:79} INFO - Running: ['***', 'tasks', 'run', 'etl_solar', 'weather_transform.preprocess_geography', 'manual__2022-11-22T05:06:13.071295+00:00', '--job-id', '231', '--raw', '--subdir', 'DAGS_FOLDER/dag_preprocess.py', '--cfg-path', '/tmp/tmp2ttiax0m', '--error-file', '/tmp/tmp0fpfiieg']
[2022-11-22 05:06:34,533] {standard_task_runner.py:80} INFO - Job 231: Subtask weather_transform.preprocess_geography
[2022-11-22 05:06:34,850] {task_command.py:369} INFO - Running <TaskInstance: etl_solar.weather_transform.preprocess_geography manual__2022-11-22T05:06:13.071295+00:00 [running]> on host 8a647070b091
[2022-11-22 05:06:35,328] {taskinstance.py:1571} INFO - Exporting the following env vars:
AIRFLOW_CTX_DAG_OWNER=***
AIRFLOW_CTX_DAG_ID=etl_solar
AIRFLOW_CTX_TASK_ID=weather_transform.preprocess_geography
AIRFLOW_CTX_EXECUTION_DATE=2022-11-22T05:06:13.071295+00:00
AIRFLOW_CTX_TRY_NUMBER=1
AIRFLOW_CTX_DAG_RUN_ID=manual__2022-11-22T05:06:13.071295+00:00
[2022-11-22 05:06:35,380] {logging_mixin.py:115} INFO - ['altitudeMeridian', 'altitude_09', 'altitude_12', 'altitude_15', 'altitude_18', 'azimuth_09', 'azimuth_12', 'azimuth_15', 'azimuth_18']
[2022-11-22 05:06:35,407] {taskinstance.py:1889} ERROR - Task failed with exception
Traceback (most recent call last):
  File "/home/airflow/.local/lib/python3.7/site-packages/airflow/operators/python.py", line 171, in execute
    return_value = self.execute_callable()
  File "/home/airflow/.local/lib/python3.7/site-packages/airflow/operators/python.py", line 189, in execute_callable
    return self.python_callable(*self.op_args, **self.op_kwargs)
  File "/opt/airflow/dags/preprocess/preprocess.py", line 80, in geography_preprocess
    df.to_csv(context['params']['dest_path'])
  File "/home/airflow/.local/lib/python3.7/site-packages/pandas/core/generic.py", line 3482, in to_csv
    storage_options=storage_options,
  File "/home/airflow/.local/lib/python3.7/site-packages/pandas/io/formats/format.py", line 1105, in to_csv
    csv_formatter.save()
  File "/home/airflow/.local/lib/python3.7/site-packages/pandas/io/formats/csvs.py", line 243, in save
    storage_options=self.storage_options,
  File "/home/airflow/.local/lib/python3.7/site-packages/pandas/io/common.py", line 707, in get_handle
    newline="",
FileNotFoundError: [Errno 2] No such file or directory: './storage/output/2022-11-22/geography.csv'
[2022-11-22 05:06:35,467] {taskinstance.py:1400} INFO - Marking task as FAILED. dag_id=etl_solar, task_id=weather_transform.preprocess_geography, execution_date=20221122T050613, start_date=20221122T050634, end_date=20221122T050635
[2022-11-22 05:06:35,526] {standard_task_runner.py:97} ERROR - Failed to execute job 231 for task weather_transform.preprocess_geography ([Errno 2] No such file or directory: './storage/output/2022-11-22/geography.csv'; 452)
[2022-11-22 05:06:35,590] {local_task_job.py:156} INFO - Task exited with return code 1
[2022-11-22 05:06:35,767] {local_task_job.py:273} INFO - 0 downstream tasks scheduled from follow-on schedule check
