[2022-12-11T08:17:49.870+0000] {taskinstance.py:1165} INFO - Dependencies all met for <TaskInstance: etl_solar.check_transform_status manual__2022-12-11T08:17:00.192133+00:00 [queued]>
[2022-12-11T08:17:49.944+0000] {taskinstance.py:1165} INFO - Dependencies all met for <TaskInstance: etl_solar.check_transform_status manual__2022-12-11T08:17:00.192133+00:00 [queued]>
[2022-12-11T08:17:49.945+0000] {taskinstance.py:1362} INFO - 
--------------------------------------------------------------------------------
[2022-12-11T08:17:49.947+0000] {taskinstance.py:1363} INFO - Starting attempt 1 of 1
[2022-12-11T08:17:49.948+0000] {taskinstance.py:1364} INFO - 
--------------------------------------------------------------------------------
[2022-12-11T08:17:50.057+0000] {taskinstance.py:1383} INFO - Executing <Task(BashOperator): check_transform_status> on 2022-12-11 08:17:00.192133+00:00
[2022-12-11T08:17:50.076+0000] {standard_task_runner.py:55} INFO - Started process 254 to run task
[2022-12-11T08:17:50.103+0000] {standard_task_runner.py:82} INFO - Running: ['***', 'tasks', 'run', 'etl_solar', 'check_transform_status', 'manual__2022-12-11T08:17:00.192133+00:00', '--job-id', '62', '--raw', '--subdir', 'DAGS_FOLDER/dag_preprocess.py', '--cfg-path', '/tmp/tmpdcpnwckz']
[2022-12-11T08:17:50.113+0000] {standard_task_runner.py:83} INFO - Job 62: Subtask check_transform_status
[2022-12-11T08:17:50.461+0000] {task_command.py:376} INFO - Running <TaskInstance: etl_solar.check_transform_status manual__2022-12-11T08:17:00.192133+00:00 [running]> on host 01c108b234e9
[2022-12-11T08:17:50.822+0000] {taskinstance.py:1592} INFO - Exporting the following env vars:
AIRFLOW_CTX_DAG_OWNER=***
AIRFLOW_CTX_DAG_ID=etl_solar
AIRFLOW_CTX_TASK_ID=check_transform_status
AIRFLOW_CTX_EXECUTION_DATE=2022-12-11T08:17:00.192133+00:00
AIRFLOW_CTX_TRY_NUMBER=1
AIRFLOW_CTX_DAG_RUN_ID=manual__2022-12-11T08:17:00.192133+00:00
[2022-12-11T08:17:50.827+0000] {subprocess.py:63} INFO - Tmp dir root location: 
 /tmp
[2022-12-11T08:17:50.829+0000] {subprocess.py:75} INFO - Running command: ['/bin/bash', '-c', "echo 'success'"]
[2022-12-11T08:17:50.862+0000] {subprocess.py:86} INFO - Output:
[2022-12-11T08:17:50.868+0000] {subprocess.py:93} INFO - success
[2022-12-11T08:17:50.870+0000] {subprocess.py:97} INFO - Command exited with return code 0
[2022-12-11T08:17:51.003+0000] {taskinstance.py:1406} INFO - Marking task as SUCCESS. dag_id=etl_solar, task_id=check_transform_status, execution_date=20221211T081700, start_date=20221211T081749, end_date=20221211T081751
[2022-12-11T08:17:51.107+0000] {local_task_job.py:164} INFO - Task exited with return code 0
[2022-12-11T08:17:51.271+0000] {local_task_job.py:273} INFO - 1 downstream tasks scheduled from follow-on schedule check
