[2022-12-09 10:41:07,871] {taskinstance.py:1159} INFO - Dependencies all met for <TaskInstance: etl_solar.convert_to_csv.extract_geography_info manual__2022-12-09T10:40:49.230234+00:00 [queued]>
[2022-12-09 10:41:07,914] {taskinstance.py:1159} INFO - Dependencies all met for <TaskInstance: etl_solar.convert_to_csv.extract_geography_info manual__2022-12-09T10:40:49.230234+00:00 [queued]>
[2022-12-09 10:41:07,916] {taskinstance.py:1356} INFO - 
--------------------------------------------------------------------------------
[2022-12-09 10:41:07,917] {taskinstance.py:1357} INFO - Starting attempt 1 of 1
[2022-12-09 10:41:07,919] {taskinstance.py:1358} INFO - 
--------------------------------------------------------------------------------
[2022-12-09 10:41:07,995] {taskinstance.py:1377} INFO - Executing <Task(PythonOperator): convert_to_csv.extract_geography_info> on 2022-12-09 10:40:49.230234+00:00
[2022-12-09 10:41:08,010] {standard_task_runner.py:52} INFO - Started process 130 to run task
[2022-12-09 10:41:08,026] {standard_task_runner.py:79} INFO - Running: ['***', 'tasks', 'run', 'etl_solar', 'convert_to_csv.extract_geography_info', 'manual__2022-12-09T10:40:49.230234+00:00', '--job-id', '21', '--raw', '--subdir', 'DAGS_FOLDER/dag_preprocess.py', '--cfg-path', '/tmp/tmp_60jtyac', '--error-file', '/tmp/tmp8cfawbj4']
[2022-12-09 10:41:08,031] {standard_task_runner.py:80} INFO - Job 21: Subtask convert_to_csv.extract_geography_info
[2022-12-09 10:41:08,284] {task_command.py:369} INFO - Running <TaskInstance: etl_solar.convert_to_csv.extract_geography_info manual__2022-12-09T10:40:49.230234+00:00 [running]> on host 4d9af2ba34e6
[2022-12-09 10:41:08,619] {taskinstance.py:1571} INFO - Exporting the following env vars:
AIRFLOW_CTX_DAG_OWNER=***
AIRFLOW_CTX_DAG_ID=etl_solar
AIRFLOW_CTX_TASK_ID=convert_to_csv.extract_geography_info
AIRFLOW_CTX_EXECUTION_DATE=2022-12-09T10:40:49.230234+00:00
AIRFLOW_CTX_TRY_NUMBER=1
AIRFLOW_CTX_DAG_RUN_ID=manual__2022-12-09T10:40:49.230234+00:00
[2022-12-09 10:41:08,664] {base.py:68} INFO - Using connection ID 'mysql_solar' for task execution.
[2022-12-09 10:41:08,851] {python.py:173} INFO - Done. Returned value was: None
[2022-12-09 10:41:08,915] {taskinstance.py:1400} INFO - Marking task as SUCCESS. dag_id=etl_solar, task_id=convert_to_csv.extract_geography_info, execution_date=20221209T104049, start_date=20221209T104107, end_date=20221209T104108
[2022-12-09 10:41:09,001] {local_task_job.py:156} INFO - Task exited with return code 0
[2022-12-09 10:41:09,247] {local_task_job.py:273} INFO - 1 downstream tasks scheduled from follow-on schedule check
