[2022-12-11T08:23:09.121+0000] {taskinstance.py:1165} INFO - Dependencies all met for <TaskInstance: etl_solar.transform.preprocess_geography manual__2022-12-11T08:22:24.302438+00:00 [queued]>
[2022-12-11T08:23:09.171+0000] {taskinstance.py:1165} INFO - Dependencies all met for <TaskInstance: etl_solar.transform.preprocess_geography manual__2022-12-11T08:22:24.302438+00:00 [queued]>
[2022-12-11T08:23:09.173+0000] {taskinstance.py:1362} INFO - 
--------------------------------------------------------------------------------
[2022-12-11T08:23:09.174+0000] {taskinstance.py:1363} INFO - Starting attempt 1 of 1
[2022-12-11T08:23:09.176+0000] {taskinstance.py:1364} INFO - 
--------------------------------------------------------------------------------
[2022-12-11T08:23:09.273+0000] {taskinstance.py:1383} INFO - Executing <Task(PythonOperator): transform.preprocess_geography> on 2022-12-11 08:22:24.302438+00:00
[2022-12-11T08:23:09.288+0000] {standard_task_runner.py:55} INFO - Started process 381 to run task
[2022-12-11T08:23:09.304+0000] {standard_task_runner.py:82} INFO - Running: ['***', 'tasks', 'run', 'etl_solar', 'transform.preprocess_geography', 'manual__2022-12-11T08:22:24.302438+00:00', '--job-id', '95', '--raw', '--subdir', 'DAGS_FOLDER/dag_preprocess.py', '--cfg-path', '/tmp/tmpe1kh8pli']
[2022-12-11T08:23:09.313+0000] {standard_task_runner.py:83} INFO - Job 95: Subtask transform.preprocess_geography
[2022-12-11T08:23:09.582+0000] {task_command.py:376} INFO - Running <TaskInstance: etl_solar.transform.preprocess_geography manual__2022-12-11T08:22:24.302438+00:00 [running]> on host 01c108b234e9
[2022-12-11T08:23:09.935+0000] {taskinstance.py:1592} INFO - Exporting the following env vars:
AIRFLOW_CTX_DAG_OWNER=***
AIRFLOW_CTX_DAG_ID=etl_solar
AIRFLOW_CTX_TASK_ID=transform.preprocess_geography
AIRFLOW_CTX_EXECUTION_DATE=2022-12-11T08:22:24.302438+00:00
AIRFLOW_CTX_TRY_NUMBER=1
AIRFLOW_CTX_DAG_RUN_ID=manual__2022-12-11T08:22:24.302438+00:00
[2022-12-11T08:23:09.987+0000] {logging_mixin.py:120} INFO - ['altitudeMeridian', 'altitude_09', 'altitude_12', 'altitude_15', 'altitude_18', 'azimuth_09', 'azimuth_12', 'azimuth_15', 'azimuth_18']
[2022-12-11T08:23:10.031+0000] {python.py:177} INFO - Done. Returned value was: None
[2022-12-11T08:23:10.142+0000] {taskinstance.py:1406} INFO - Marking task as SUCCESS. dag_id=etl_solar, task_id=transform.preprocess_geography, execution_date=20221211T082224, start_date=20221211T082309, end_date=20221211T082310
[2022-12-11T08:23:10.287+0000] {local_task_job.py:164} INFO - Task exited with return code 0
[2022-12-11T08:23:10.539+0000] {local_task_job.py:273} INFO - 0 downstream tasks scheduled from follow-on schedule check
