[2022-12-09 10:41:11,524] {taskinstance.py:1159} INFO - Dependencies all met for <TaskInstance: etl_solar.check_load_status manual__2022-12-09T10:40:49.230234+00:00 [queued]>
[2022-12-09 10:41:11,589] {taskinstance.py:1159} INFO - Dependencies all met for <TaskInstance: etl_solar.check_load_status manual__2022-12-09T10:40:49.230234+00:00 [queued]>
[2022-12-09 10:41:11,590] {taskinstance.py:1356} INFO - 
--------------------------------------------------------------------------------
[2022-12-09 10:41:11,591] {taskinstance.py:1357} INFO - Starting attempt 1 of 1
[2022-12-09 10:41:11,592] {taskinstance.py:1358} INFO - 
--------------------------------------------------------------------------------
[2022-12-09 10:41:11,674] {taskinstance.py:1377} INFO - Executing <Task(BashOperator): check_load_status> on 2022-12-09 10:40:49.230234+00:00
[2022-12-09 10:41:11,694] {standard_task_runner.py:52} INFO - Started process 141 to run task
[2022-12-09 10:41:11,708] {standard_task_runner.py:79} INFO - Running: ['***', 'tasks', 'run', 'etl_solar', 'check_load_status', 'manual__2022-12-09T10:40:49.230234+00:00', '--job-id', '24', '--raw', '--subdir', 'DAGS_FOLDER/dag_preprocess.py', '--cfg-path', '/tmp/tmpx_zbm8yi', '--error-file', '/tmp/tmppjlsc__d']
[2022-12-09 10:41:11,713] {standard_task_runner.py:80} INFO - Job 24: Subtask check_load_status
[2022-12-09 10:41:12,000] {task_command.py:369} INFO - Running <TaskInstance: etl_solar.check_load_status manual__2022-12-09T10:40:49.230234+00:00 [running]> on host 4d9af2ba34e6
[2022-12-09 10:41:12,411] {taskinstance.py:1571} INFO - Exporting the following env vars:
AIRFLOW_CTX_DAG_OWNER=***
AIRFLOW_CTX_DAG_ID=etl_solar
AIRFLOW_CTX_TASK_ID=check_load_status
AIRFLOW_CTX_EXECUTION_DATE=2022-12-09T10:40:49.230234+00:00
AIRFLOW_CTX_TRY_NUMBER=1
AIRFLOW_CTX_DAG_RUN_ID=manual__2022-12-09T10:40:49.230234+00:00
[2022-12-09 10:41:12,416] {subprocess.py:62} INFO - Tmp dir root location: 
 /tmp
[2022-12-09 10:41:12,418] {subprocess.py:74} INFO - Running command: ['bash', '-c', "echo 'success'"]
[2022-12-09 10:41:12,454] {subprocess.py:85} INFO - Output:
[2022-12-09 10:41:12,462] {subprocess.py:92} INFO - success
[2022-12-09 10:41:12,464] {subprocess.py:96} INFO - Command exited with return code 0
[2022-12-09 10:41:12,623] {taskinstance.py:1400} INFO - Marking task as SUCCESS. dag_id=etl_solar, task_id=check_load_status, execution_date=20221209T104049, start_date=20221209T104111, end_date=20221209T104112
[2022-12-09 10:41:12,731] {local_task_job.py:156} INFO - Task exited with return code 0
[2022-12-09 10:41:12,992] {local_task_job.py:273} INFO - 0 downstream tasks scheduled from follow-on schedule check
