[2022-11-22 05:29:13,090] {taskinstance.py:1159} INFO - Dependencies all met for <TaskInstance: etl_solar.checkfiles.check_energy_file_1 manual__2022-11-22T05:29:06.698630+00:00 [queued]>
[2022-11-22 05:29:13,188] {taskinstance.py:1159} INFO - Dependencies all met for <TaskInstance: etl_solar.checkfiles.check_energy_file_1 manual__2022-11-22T05:29:06.698630+00:00 [queued]>
[2022-11-22 05:29:13,190] {taskinstance.py:1356} INFO - 
--------------------------------------------------------------------------------
[2022-11-22 05:29:13,191] {taskinstance.py:1357} INFO - Starting attempt 1 of 1
[2022-11-22 05:29:13,193] {taskinstance.py:1358} INFO - 
--------------------------------------------------------------------------------
[2022-11-22 05:29:13,299] {taskinstance.py:1377} INFO - Executing <Task(BashOperator): checkfiles.check_energy_file_1> on 2022-11-22 05:29:06.698630+00:00
[2022-11-22 05:29:13,315] {standard_task_runner.py:52} INFO - Started process 539 to run task
[2022-11-22 05:29:13,337] {standard_task_runner.py:79} INFO - Running: ['***', 'tasks', 'run', 'etl_solar', 'checkfiles.check_energy_file_1', 'manual__2022-11-22T05:29:06.698630+00:00', '--job-id', '255', '--raw', '--subdir', 'DAGS_FOLDER/dag_preprocess.py', '--cfg-path', '/tmp/tmpxm2riy7b', '--error-file', '/tmp/tmpnms6clip']
[2022-11-22 05:29:13,345] {standard_task_runner.py:80} INFO - Job 255: Subtask checkfiles.check_energy_file_1
[2022-11-22 05:29:13,812] {task_command.py:369} INFO - Running <TaskInstance: etl_solar.checkfiles.check_energy_file_1 manual__2022-11-22T05:29:06.698630+00:00 [running]> on host 8a647070b091
[2022-11-22 05:29:14,710] {taskinstance.py:1571} INFO - Exporting the following env vars:
AIRFLOW_CTX_DAG_OWNER=***
AIRFLOW_CTX_DAG_ID=etl_solar
AIRFLOW_CTX_TASK_ID=checkfiles.check_energy_file_1
AIRFLOW_CTX_EXECUTION_DATE=2022-11-22T05:29:06.698630+00:00
AIRFLOW_CTX_TRY_NUMBER=1
AIRFLOW_CTX_DAG_RUN_ID=manual__2022-11-22T05:29:06.698630+00:00
[2022-11-22 05:29:14,719] {subprocess.py:62} INFO - Tmp dir root location: 
 /tmp
[2022-11-22 05:29:14,725] {subprocess.py:74} INFO - Running command: ['bash', '-c', '/opt/***/utilities/check_file.sh /opt/***/utilities/storage/energy_1.csv']
[2022-11-22 05:29:14,775] {subprocess.py:85} INFO - Output:
[2022-11-22 05:29:14,821] {subprocess.py:92} INFO - File /opt/***/utilities/storage/energy_1.csv does not exist
[2022-11-22 05:29:14,825] {subprocess.py:96} INFO - Command exited with return code 0
[2022-11-22 05:29:15,118] {taskinstance.py:1400} INFO - Marking task as SUCCESS. dag_id=etl_solar, task_id=checkfiles.check_energy_file_1, execution_date=20221122T052906, start_date=20221122T052913, end_date=20221122T052915
[2022-11-22 05:29:15,219] {local_task_job.py:156} INFO - Task exited with return code 0
[2022-11-22 05:29:15,580] {local_task_job.py:273} INFO - 0 downstream tasks scheduled from follow-on schedule check
