[2022-11-22 04:58:02,155] {taskinstance.py:1159} INFO - Dependencies all met for <TaskInstance: etl_solar.load_files.check_input_folder manual__2022-11-22T04:57:48.263125+00:00 [queued]>
[2022-11-22 04:58:02,201] {taskinstance.py:1159} INFO - Dependencies all met for <TaskInstance: etl_solar.load_files.check_input_folder manual__2022-11-22T04:57:48.263125+00:00 [queued]>
[2022-11-22 04:58:02,203] {taskinstance.py:1356} INFO - 
--------------------------------------------------------------------------------
[2022-11-22 04:58:02,204] {taskinstance.py:1357} INFO - Starting attempt 1 of 1
[2022-11-22 04:58:02,205] {taskinstance.py:1358} INFO - 
--------------------------------------------------------------------------------
[2022-11-22 04:58:02,296] {taskinstance.py:1377} INFO - Executing <Task(BashOperator): load_files.check_input_folder> on 2022-11-22 04:57:48.263125+00:00
[2022-11-22 04:58:02,312] {standard_task_runner.py:52} INFO - Started process 304 to run task
[2022-11-22 04:58:02,327] {standard_task_runner.py:79} INFO - Running: ['***', 'tasks', 'run', 'etl_solar', 'load_files.check_input_folder', 'manual__2022-11-22T04:57:48.263125+00:00', '--job-id', '189', '--raw', '--subdir', 'DAGS_FOLDER/dag_preprocess.py', '--cfg-path', '/tmp/tmpcrvysq2i', '--error-file', '/tmp/tmpu2q_ja57']
[2022-11-22 04:58:02,331] {standard_task_runner.py:80} INFO - Job 189: Subtask load_files.check_input_folder
[2022-11-22 04:58:02,586] {task_command.py:369} INFO - Running <TaskInstance: etl_solar.load_files.check_input_folder manual__2022-11-22T04:57:48.263125+00:00 [running]> on host 8a647070b091
[2022-11-22 04:58:02,919] {taskinstance.py:1571} INFO - Exporting the following env vars:
AIRFLOW_CTX_DAG_OWNER=***
AIRFLOW_CTX_DAG_ID=etl_solar
AIRFLOW_CTX_TASK_ID=load_files.check_input_folder
AIRFLOW_CTX_EXECUTION_DATE=2022-11-22T04:57:48.263125+00:00
AIRFLOW_CTX_TRY_NUMBER=1
AIRFLOW_CTX_DAG_RUN_ID=manual__2022-11-22T04:57:48.263125+00:00
[2022-11-22 04:58:02,924] {subprocess.py:62} INFO - Tmp dir root location: 
 /tmp
[2022-11-22 04:58:02,927] {subprocess.py:74} INFO - Running command: ['bash', '-c', '/opt/***/utilities/make_folder.sh /opt/***/storage/input/2022-11-22']
[2022-11-22 04:58:02,958] {subprocess.py:85} INFO - Output:
[2022-11-22 04:58:03,012] {subprocess.py:96} INFO - Command exited with return code 0
[2022-11-22 04:58:03,137] {taskinstance.py:1400} INFO - Marking task as SUCCESS. dag_id=etl_solar, task_id=load_files.check_input_folder, execution_date=20221122T045748, start_date=20221122T045802, end_date=20221122T045803
[2022-11-22 04:58:03,223] {local_task_job.py:156} INFO - Task exited with return code 0
[2022-11-22 04:58:03,383] {local_task_job.py:273} INFO - 2 downstream tasks scheduled from follow-on schedule check
