[2022-12-09 14:43:17,744] {processor.py:153} INFO - Started process (PID=38) to work on /opt/airflow/dags/groups/group_transfer.py
[2022-12-09 14:43:17,750] {processor.py:641} INFO - Processing file /opt/airflow/dags/groups/group_transfer.py for tasks to queue
[2022-12-09 14:43:17,767] {logging_mixin.py:115} INFO - [2022-12-09 14:43:17,760] {dagbag.py:507} INFO - Filling up the DagBag from /opt/airflow/dags/groups/group_transfer.py
[2022-12-09 14:43:23,800] {logging_mixin.py:115} INFO - [2022-12-09 14:43:23,783] {dagbag.py:320} ERROR - Failed to import: /opt/airflow/dags/groups/group_transfer.py
Traceback (most recent call last):
  File "/home/airflow/.local/lib/python3.7/site-packages/airflow/models/dagbag.py", line 317, in parse
    loader.exec_module(new_module)
  File "<frozen importlib._bootstrap_external>", line 728, in exec_module
  File "<frozen importlib._bootstrap>", line 219, in _call_with_frames_removed
  File "/opt/airflow/dags/groups/group_transfer.py", line 3, in <module>
    from airflow.providers.google.cloud.operators.gcs import GoogleCloudStorageCreateBucketOperator
ImportError: cannot import name 'GoogleCloudStorageCreateBucketOperator' from 'airflow.providers.google.cloud.operators.gcs' (/home/airflow/.local/lib/python3.7/site-packages/airflow/providers/google/cloud/operators/gcs.py)
[2022-12-09 14:43:23,810] {processor.py:653} WARNING - No viable dags retrieved from /opt/airflow/dags/groups/group_transfer.py
[2022-12-09 14:43:23,933] {processor.py:161} INFO - Processing /opt/airflow/dags/groups/group_transfer.py took 6.225 seconds
[2022-12-09 14:43:54,391] {processor.py:153} INFO - Started process (PID=45) to work on /opt/airflow/dags/groups/group_transfer.py
[2022-12-09 14:43:54,396] {processor.py:641} INFO - Processing file /opt/airflow/dags/groups/group_transfer.py for tasks to queue
[2022-12-09 14:43:54,402] {logging_mixin.py:115} INFO - [2022-12-09 14:43:54,401] {dagbag.py:507} INFO - Filling up the DagBag from /opt/airflow/dags/groups/group_transfer.py
[2022-12-09 14:43:56,185] {logging_mixin.py:115} INFO - [2022-12-09 14:43:56,157] {dagbag.py:320} ERROR - Failed to import: /opt/airflow/dags/groups/group_transfer.py
Traceback (most recent call last):
  File "/home/airflow/.local/lib/python3.7/site-packages/airflow/models/dagbag.py", line 317, in parse
    loader.exec_module(new_module)
  File "<frozen importlib._bootstrap_external>", line 728, in exec_module
  File "<frozen importlib._bootstrap>", line 219, in _call_with_frames_removed
  File "/opt/airflow/dags/groups/group_transfer.py", line 3, in <module>
    from airflow.providers.google.cloud.operators.gcs import GoogleCloudStorageCreateBucketOperator
ImportError: cannot import name 'GoogleCloudStorageCreateBucketOperator' from 'airflow.providers.google.cloud.operators.gcs' (/home/airflow/.local/lib/python3.7/site-packages/airflow/providers/google/cloud/operators/gcs.py)
[2022-12-09 14:43:56,191] {processor.py:653} WARNING - No viable dags retrieved from /opt/airflow/dags/groups/group_transfer.py
[2022-12-09 14:43:56,354] {processor.py:161} INFO - Processing /opt/airflow/dags/groups/group_transfer.py took 2.004 seconds
[2022-12-09 14:44:26,533] {processor.py:153} INFO - Started process (PID=51) to work on /opt/airflow/dags/groups/group_transfer.py
[2022-12-09 14:44:26,537] {processor.py:641} INFO - Processing file /opt/airflow/dags/groups/group_transfer.py for tasks to queue
[2022-12-09 14:44:26,547] {logging_mixin.py:115} INFO - [2022-12-09 14:44:26,547] {dagbag.py:507} INFO - Filling up the DagBag from /opt/airflow/dags/groups/group_transfer.py
[2022-12-09 14:44:27,481] {logging_mixin.py:115} INFO - [2022-12-09 14:44:27,460] {dagbag.py:320} ERROR - Failed to import: /opt/airflow/dags/groups/group_transfer.py
Traceback (most recent call last):
  File "/home/airflow/.local/lib/python3.7/site-packages/airflow/models/dagbag.py", line 317, in parse
    loader.exec_module(new_module)
  File "<frozen importlib._bootstrap_external>", line 728, in exec_module
  File "<frozen importlib._bootstrap>", line 219, in _call_with_frames_removed
  File "/opt/airflow/dags/groups/group_transfer.py", line 3, in <module>
    from airflow.providers.google.cloud.operators.gcs import GoogleCloudStorageCreateBucketOperator
ImportError: cannot import name 'GoogleCloudStorageCreateBucketOperator' from 'airflow.providers.google.cloud.operators.gcs' (/home/airflow/.local/lib/python3.7/site-packages/airflow/providers/google/cloud/operators/gcs.py)
[2022-12-09 14:44:27,489] {processor.py:653} WARNING - No viable dags retrieved from /opt/airflow/dags/groups/group_transfer.py
[2022-12-09 14:44:27,555] {processor.py:161} INFO - Processing /opt/airflow/dags/groups/group_transfer.py took 1.035 seconds
[2022-12-09 14:44:57,714] {processor.py:153} INFO - Started process (PID=58) to work on /opt/airflow/dags/groups/group_transfer.py
[2022-12-09 14:44:57,716] {processor.py:641} INFO - Processing file /opt/airflow/dags/groups/group_transfer.py for tasks to queue
[2022-12-09 14:44:57,719] {logging_mixin.py:115} INFO - [2022-12-09 14:44:57,719] {dagbag.py:507} INFO - Filling up the DagBag from /opt/airflow/dags/groups/group_transfer.py
[2022-12-09 14:44:58,951] {logging_mixin.py:115} INFO - [2022-12-09 14:44:58,932] {dagbag.py:320} ERROR - Failed to import: /opt/airflow/dags/groups/group_transfer.py
Traceback (most recent call last):
  File "/home/airflow/.local/lib/python3.7/site-packages/airflow/models/dagbag.py", line 317, in parse
    loader.exec_module(new_module)
  File "<frozen importlib._bootstrap_external>", line 728, in exec_module
  File "<frozen importlib._bootstrap>", line 219, in _call_with_frames_removed
  File "/opt/airflow/dags/groups/group_transfer.py", line 3, in <module>
    from airflow.providers.google.cloud.operators.gcs import GoogleCloudStorageCreateBucketOperator
ImportError: cannot import name 'GoogleCloudStorageCreateBucketOperator' from 'airflow.providers.google.cloud.operators.gcs' (/home/airflow/.local/lib/python3.7/site-packages/airflow/providers/google/cloud/operators/gcs.py)
[2022-12-09 14:44:58,958] {processor.py:653} WARNING - No viable dags retrieved from /opt/airflow/dags/groups/group_transfer.py
[2022-12-09 14:44:59,031] {processor.py:161} INFO - Processing /opt/airflow/dags/groups/group_transfer.py took 1.329 seconds
[2022-12-09 14:45:29,839] {processor.py:153} INFO - Started process (PID=65) to work on /opt/airflow/dags/groups/group_transfer.py
[2022-12-09 14:45:29,842] {processor.py:641} INFO - Processing file /opt/airflow/dags/groups/group_transfer.py for tasks to queue
[2022-12-09 14:45:29,845] {logging_mixin.py:115} INFO - [2022-12-09 14:45:29,844] {dagbag.py:507} INFO - Filling up the DagBag from /opt/airflow/dags/groups/group_transfer.py
[2022-12-09 14:45:30,886] {logging_mixin.py:115} INFO - [2022-12-09 14:45:30,865] {dagbag.py:320} ERROR - Failed to import: /opt/airflow/dags/groups/group_transfer.py
Traceback (most recent call last):
  File "/home/airflow/.local/lib/python3.7/site-packages/airflow/models/dagbag.py", line 317, in parse
    loader.exec_module(new_module)
  File "<frozen importlib._bootstrap_external>", line 728, in exec_module
  File "<frozen importlib._bootstrap>", line 219, in _call_with_frames_removed
  File "/opt/airflow/dags/groups/group_transfer.py", line 3, in <module>
    from airflow.providers.google.cloud.operators.gcs import GoogleCloudStorageCreateBucketOperator
ImportError: cannot import name 'GoogleCloudStorageCreateBucketOperator' from 'airflow.providers.google.cloud.operators.gcs' (/home/airflow/.local/lib/python3.7/site-packages/airflow/providers/google/cloud/operators/gcs.py)
[2022-12-09 14:45:30,892] {processor.py:653} WARNING - No viable dags retrieved from /opt/airflow/dags/groups/group_transfer.py
[2022-12-09 14:45:30,965] {processor.py:161} INFO - Processing /opt/airflow/dags/groups/group_transfer.py took 1.138 seconds
[2022-12-09 14:46:01,676] {processor.py:153} INFO - Started process (PID=72) to work on /opt/airflow/dags/groups/group_transfer.py
[2022-12-09 14:46:01,679] {processor.py:641} INFO - Processing file /opt/airflow/dags/groups/group_transfer.py for tasks to queue
[2022-12-09 14:46:01,682] {logging_mixin.py:115} INFO - [2022-12-09 14:46:01,682] {dagbag.py:507} INFO - Filling up the DagBag from /opt/airflow/dags/groups/group_transfer.py
[2022-12-09 14:46:02,771] {logging_mixin.py:115} INFO - [2022-12-09 14:46:02,748] {dagbag.py:320} ERROR - Failed to import: /opt/airflow/dags/groups/group_transfer.py
Traceback (most recent call last):
  File "/home/airflow/.local/lib/python3.7/site-packages/airflow/models/dagbag.py", line 317, in parse
    loader.exec_module(new_module)
  File "<frozen importlib._bootstrap_external>", line 728, in exec_module
  File "<frozen importlib._bootstrap>", line 219, in _call_with_frames_removed
  File "/opt/airflow/dags/groups/group_transfer.py", line 3, in <module>
    from airflow.providers.google.cloud.operators.gcs import GoogleCloudStorageCreateBucketOperator
ImportError: cannot import name 'GoogleCloudStorageCreateBucketOperator' from 'airflow.providers.google.cloud.operators.gcs' (/home/airflow/.local/lib/python3.7/site-packages/airflow/providers/google/cloud/operators/gcs.py)
[2022-12-09 14:46:02,778] {processor.py:653} WARNING - No viable dags retrieved from /opt/airflow/dags/groups/group_transfer.py
[2022-12-09 14:46:02,854] {processor.py:161} INFO - Processing /opt/airflow/dags/groups/group_transfer.py took 1.191 seconds
[2022-12-09 14:46:33,091] {processor.py:153} INFO - Started process (PID=79) to work on /opt/airflow/dags/groups/group_transfer.py
[2022-12-09 14:46:33,094] {processor.py:641} INFO - Processing file /opt/airflow/dags/groups/group_transfer.py for tasks to queue
[2022-12-09 14:46:33,097] {logging_mixin.py:115} INFO - [2022-12-09 14:46:33,096] {dagbag.py:507} INFO - Filling up the DagBag from /opt/airflow/dags/groups/group_transfer.py
[2022-12-09 14:46:34,023] {logging_mixin.py:115} INFO - [2022-12-09 14:46:34,004] {dagbag.py:320} ERROR - Failed to import: /opt/airflow/dags/groups/group_transfer.py
Traceback (most recent call last):
  File "/home/airflow/.local/lib/python3.7/site-packages/airflow/models/dagbag.py", line 317, in parse
    loader.exec_module(new_module)
  File "<frozen importlib._bootstrap_external>", line 728, in exec_module
  File "<frozen importlib._bootstrap>", line 219, in _call_with_frames_removed
  File "/opt/airflow/dags/groups/group_transfer.py", line 3, in <module>
    from airflow.providers.google.cloud.operators.gcs import GoogleCloudStorageCreateBucketOperator
ImportError: cannot import name 'GoogleCloudStorageCreateBucketOperator' from 'airflow.providers.google.cloud.operators.gcs' (/home/airflow/.local/lib/python3.7/site-packages/airflow/providers/google/cloud/operators/gcs.py)
[2022-12-09 14:46:34,029] {processor.py:653} WARNING - No viable dags retrieved from /opt/airflow/dags/groups/group_transfer.py
[2022-12-09 14:46:34,099] {processor.py:161} INFO - Processing /opt/airflow/dags/groups/group_transfer.py took 1.020 seconds
[2022-12-09 14:47:56,146] {processor.py:153} INFO - Started process (PID=36) to work on /opt/airflow/dags/groups/group_transfer.py
[2022-12-09 14:47:56,150] {processor.py:641} INFO - Processing file /opt/airflow/dags/groups/group_transfer.py for tasks to queue
[2022-12-09 14:47:56,158] {logging_mixin.py:115} INFO - [2022-12-09 14:47:56,157] {dagbag.py:507} INFO - Filling up the DagBag from /opt/airflow/dags/groups/group_transfer.py
[2022-12-09 14:47:58,077] {logging_mixin.py:115} INFO - [2022-12-09 14:47:58,054] {dagbag.py:320} ERROR - Failed to import: /opt/airflow/dags/groups/group_transfer.py
Traceback (most recent call last):
  File "/home/airflow/.local/lib/python3.7/site-packages/airflow/models/dagbag.py", line 317, in parse
    loader.exec_module(new_module)
  File "<frozen importlib._bootstrap_external>", line 728, in exec_module
  File "<frozen importlib._bootstrap>", line 219, in _call_with_frames_removed
  File "/opt/airflow/dags/groups/group_transfer.py", line 3, in <module>
    from airflow.providers.google.cloud.operators.gcs import GoogleCloudStorageCreateBucketOperator
ImportError: cannot import name 'GoogleCloudStorageCreateBucketOperator' from 'airflow.providers.google.cloud.operators.gcs' (/home/airflow/.local/lib/python3.7/site-packages/airflow/providers/google/cloud/operators/gcs.py)
[2022-12-09 14:47:58,087] {processor.py:653} WARNING - No viable dags retrieved from /opt/airflow/dags/groups/group_transfer.py
[2022-12-09 14:47:58,283] {processor.py:161} INFO - Processing /opt/airflow/dags/groups/group_transfer.py took 2.158 seconds
[2022-12-09 14:48:28,778] {processor.py:153} INFO - Started process (PID=42) to work on /opt/airflow/dags/groups/group_transfer.py
[2022-12-09 14:48:28,782] {processor.py:641} INFO - Processing file /opt/airflow/dags/groups/group_transfer.py for tasks to queue
[2022-12-09 14:48:28,789] {logging_mixin.py:115} INFO - [2022-12-09 14:48:28,788] {dagbag.py:507} INFO - Filling up the DagBag from /opt/airflow/dags/groups/group_transfer.py
[2022-12-09 14:48:30,524] {logging_mixin.py:115} INFO - [2022-12-09 14:48:30,500] {dagbag.py:320} ERROR - Failed to import: /opt/airflow/dags/groups/group_transfer.py
Traceback (most recent call last):
  File "/home/airflow/.local/lib/python3.7/site-packages/airflow/models/dagbag.py", line 317, in parse
    loader.exec_module(new_module)
  File "<frozen importlib._bootstrap_external>", line 728, in exec_module
  File "<frozen importlib._bootstrap>", line 219, in _call_with_frames_removed
  File "/opt/airflow/dags/groups/group_transfer.py", line 3, in <module>
    from airflow.providers.google.cloud.operators.gcs import GoogleCloudStorageCreateBucketOperator
ImportError: cannot import name 'GoogleCloudStorageCreateBucketOperator' from 'airflow.providers.google.cloud.operators.gcs' (/home/airflow/.local/lib/python3.7/site-packages/airflow/providers/google/cloud/operators/gcs.py)
[2022-12-09 14:48:30,533] {processor.py:653} WARNING - No viable dags retrieved from /opt/airflow/dags/groups/group_transfer.py
[2022-12-09 14:48:30,700] {processor.py:161} INFO - Processing /opt/airflow/dags/groups/group_transfer.py took 1.961 seconds
[2022-12-09 14:49:01,018] {processor.py:153} INFO - Started process (PID=49) to work on /opt/airflow/dags/groups/group_transfer.py
[2022-12-09 14:49:01,022] {processor.py:641} INFO - Processing file /opt/airflow/dags/groups/group_transfer.py for tasks to queue
[2022-12-09 14:49:01,025] {logging_mixin.py:115} INFO - [2022-12-09 14:49:01,025] {dagbag.py:507} INFO - Filling up the DagBag from /opt/airflow/dags/groups/group_transfer.py
[2022-12-09 14:49:02,099] {logging_mixin.py:115} INFO - [2022-12-09 14:49:02,076] {dagbag.py:320} ERROR - Failed to import: /opt/airflow/dags/groups/group_transfer.py
Traceback (most recent call last):
  File "/home/airflow/.local/lib/python3.7/site-packages/airflow/models/dagbag.py", line 317, in parse
    loader.exec_module(new_module)
  File "<frozen importlib._bootstrap_external>", line 728, in exec_module
  File "<frozen importlib._bootstrap>", line 219, in _call_with_frames_removed
  File "/opt/airflow/dags/groups/group_transfer.py", line 3, in <module>
    from airflow.providers.google.cloud.operators.gcs import GoogleCloudStorageCreateBucketOperator
ImportError: cannot import name 'GoogleCloudStorageCreateBucketOperator' from 'airflow.providers.google.cloud.operators.gcs' (/home/airflow/.local/lib/python3.7/site-packages/airflow/providers/google/cloud/operators/gcs.py)
[2022-12-09 14:49:02,105] {processor.py:653} WARNING - No viable dags retrieved from /opt/airflow/dags/groups/group_transfer.py
[2022-12-09 14:49:02,209] {processor.py:161} INFO - Processing /opt/airflow/dags/groups/group_transfer.py took 1.205 seconds
[2022-12-09 14:49:32,524] {processor.py:153} INFO - Started process (PID=56) to work on /opt/airflow/dags/groups/group_transfer.py
[2022-12-09 14:49:32,527] {processor.py:641} INFO - Processing file /opt/airflow/dags/groups/group_transfer.py for tasks to queue
[2022-12-09 14:49:32,530] {logging_mixin.py:115} INFO - [2022-12-09 14:49:32,529] {dagbag.py:507} INFO - Filling up the DagBag from /opt/airflow/dags/groups/group_transfer.py
[2022-12-09 14:49:33,664] {logging_mixin.py:115} INFO - [2022-12-09 14:49:33,643] {dagbag.py:320} ERROR - Failed to import: /opt/airflow/dags/groups/group_transfer.py
Traceback (most recent call last):
  File "/home/airflow/.local/lib/python3.7/site-packages/airflow/models/dagbag.py", line 317, in parse
    loader.exec_module(new_module)
  File "<frozen importlib._bootstrap_external>", line 728, in exec_module
  File "<frozen importlib._bootstrap>", line 219, in _call_with_frames_removed
  File "/opt/airflow/dags/groups/group_transfer.py", line 3, in <module>
    from airflow.providers.google.cloud.operators.gcs import GoogleCloudStorageCreateBucketOperator
ImportError: cannot import name 'GoogleCloudStorageCreateBucketOperator' from 'airflow.providers.google.cloud.operators.gcs' (/home/airflow/.local/lib/python3.7/site-packages/airflow/providers/google/cloud/operators/gcs.py)
[2022-12-09 14:49:33,671] {processor.py:653} WARNING - No viable dags retrieved from /opt/airflow/dags/groups/group_transfer.py
[2022-12-09 14:49:33,764] {processor.py:161} INFO - Processing /opt/airflow/dags/groups/group_transfer.py took 1.255 seconds
[2022-12-09 14:50:04,084] {processor.py:153} INFO - Started process (PID=63) to work on /opt/airflow/dags/groups/group_transfer.py
[2022-12-09 14:50:04,086] {processor.py:641} INFO - Processing file /opt/airflow/dags/groups/group_transfer.py for tasks to queue
[2022-12-09 14:50:04,089] {logging_mixin.py:115} INFO - [2022-12-09 14:50:04,088] {dagbag.py:507} INFO - Filling up the DagBag from /opt/airflow/dags/groups/group_transfer.py
[2022-12-09 14:50:05,032] {logging_mixin.py:115} INFO - [2022-12-09 14:50:05,009] {dagbag.py:320} ERROR - Failed to import: /opt/airflow/dags/groups/group_transfer.py
Traceback (most recent call last):
  File "/home/airflow/.local/lib/python3.7/site-packages/airflow/models/dagbag.py", line 317, in parse
    loader.exec_module(new_module)
  File "<frozen importlib._bootstrap_external>", line 728, in exec_module
  File "<frozen importlib._bootstrap>", line 219, in _call_with_frames_removed
  File "/opt/airflow/dags/groups/group_transfer.py", line 3, in <module>
    from airflow.providers.google.cloud.operators.gcs import GoogleCloudStorageCreateBucketOperator
ImportError: cannot import name 'GoogleCloudStorageCreateBucketOperator' from 'airflow.providers.google.cloud.operators.gcs' (/home/airflow/.local/lib/python3.7/site-packages/airflow/providers/google/cloud/operators/gcs.py)
[2022-12-09 14:50:05,041] {processor.py:653} WARNING - No viable dags retrieved from /opt/airflow/dags/groups/group_transfer.py
[2022-12-09 14:50:05,118] {processor.py:161} INFO - Processing /opt/airflow/dags/groups/group_transfer.py took 1.047 seconds
[2022-12-09 14:50:35,520] {processor.py:153} INFO - Started process (PID=70) to work on /opt/airflow/dags/groups/group_transfer.py
[2022-12-09 14:50:35,523] {processor.py:641} INFO - Processing file /opt/airflow/dags/groups/group_transfer.py for tasks to queue
[2022-12-09 14:50:35,526] {logging_mixin.py:115} INFO - [2022-12-09 14:50:35,526] {dagbag.py:507} INFO - Filling up the DagBag from /opt/airflow/dags/groups/group_transfer.py
[2022-12-09 14:50:36,518] {logging_mixin.py:115} INFO - [2022-12-09 14:50:36,502] {dagbag.py:320} ERROR - Failed to import: /opt/airflow/dags/groups/group_transfer.py
Traceback (most recent call last):
  File "/home/airflow/.local/lib/python3.7/site-packages/airflow/models/dagbag.py", line 317, in parse
    loader.exec_module(new_module)
  File "<frozen importlib._bootstrap_external>", line 728, in exec_module
  File "<frozen importlib._bootstrap>", line 219, in _call_with_frames_removed
  File "/opt/airflow/dags/groups/group_transfer.py", line 3, in <module>
    from airflow.providers.google.cloud.operators.gcs import GoogleCloudStorageCreateBucketOperator
ImportError: cannot import name 'GoogleCloudStorageCreateBucketOperator' from 'airflow.providers.google.cloud.operators.gcs' (/home/airflow/.local/lib/python3.7/site-packages/airflow/providers/google/cloud/operators/gcs.py)
[2022-12-09 14:50:36,533] {processor.py:653} WARNING - No viable dags retrieved from /opt/airflow/dags/groups/group_transfer.py
[2022-12-09 14:50:36,619] {processor.py:161} INFO - Processing /opt/airflow/dags/groups/group_transfer.py took 1.117 seconds
[2022-12-09 14:51:07,556] {processor.py:153} INFO - Started process (PID=77) to work on /opt/airflow/dags/groups/group_transfer.py
[2022-12-09 14:51:07,559] {processor.py:641} INFO - Processing file /opt/airflow/dags/groups/group_transfer.py for tasks to queue
[2022-12-09 14:51:07,563] {logging_mixin.py:115} INFO - [2022-12-09 14:51:07,562] {dagbag.py:507} INFO - Filling up the DagBag from /opt/airflow/dags/groups/group_transfer.py
[2022-12-09 14:51:08,730] {logging_mixin.py:115} INFO - [2022-12-09 14:51:08,710] {dagbag.py:320} ERROR - Failed to import: /opt/airflow/dags/groups/group_transfer.py
Traceback (most recent call last):
  File "/home/airflow/.local/lib/python3.7/site-packages/airflow/models/dagbag.py", line 317, in parse
    loader.exec_module(new_module)
  File "<frozen importlib._bootstrap_external>", line 728, in exec_module
  File "<frozen importlib._bootstrap>", line 219, in _call_with_frames_removed
  File "/opt/airflow/dags/groups/group_transfer.py", line 3, in <module>
    from airflow.providers.google.cloud.operators.gcs import GoogleCloudStorageCreateBucketOperator
ImportError: cannot import name 'GoogleCloudStorageCreateBucketOperator' from 'airflow.providers.google.cloud.operators.gcs' (/home/airflow/.local/lib/python3.7/site-packages/airflow/providers/google/cloud/operators/gcs.py)
[2022-12-09 14:51:08,743] {processor.py:653} WARNING - No viable dags retrieved from /opt/airflow/dags/groups/group_transfer.py
[2022-12-09 14:51:08,834] {processor.py:161} INFO - Processing /opt/airflow/dags/groups/group_transfer.py took 1.296 seconds
[2022-12-09 14:51:39,221] {processor.py:153} INFO - Started process (PID=85) to work on /opt/airflow/dags/groups/group_transfer.py
[2022-12-09 14:51:39,224] {processor.py:641} INFO - Processing file /opt/airflow/dags/groups/group_transfer.py for tasks to queue
[2022-12-09 14:51:39,227] {logging_mixin.py:115} INFO - [2022-12-09 14:51:39,226] {dagbag.py:507} INFO - Filling up the DagBag from /opt/airflow/dags/groups/group_transfer.py
[2022-12-09 14:51:40,264] {logging_mixin.py:115} INFO - [2022-12-09 14:51:40,241] {dagbag.py:320} ERROR - Failed to import: /opt/airflow/dags/groups/group_transfer.py
Traceback (most recent call last):
  File "/home/airflow/.local/lib/python3.7/site-packages/airflow/models/dagbag.py", line 317, in parse
    loader.exec_module(new_module)
  File "<frozen importlib._bootstrap_external>", line 728, in exec_module
  File "<frozen importlib._bootstrap>", line 219, in _call_with_frames_removed
  File "/opt/airflow/dags/groups/group_transfer.py", line 3, in <module>
    from airflow.providers.google.cloud.operators.gcs import GoogleCloudStorageCreateBucketOperator
ImportError: cannot import name 'GoogleCloudStorageCreateBucketOperator' from 'airflow.providers.google.cloud.operators.gcs' (/home/airflow/.local/lib/python3.7/site-packages/airflow/providers/google/cloud/operators/gcs.py)
[2022-12-09 14:51:40,273] {processor.py:653} WARNING - No viable dags retrieved from /opt/airflow/dags/groups/group_transfer.py
[2022-12-09 14:51:40,348] {processor.py:161} INFO - Processing /opt/airflow/dags/groups/group_transfer.py took 1.140 seconds
[2022-12-09 14:52:10,527] {processor.py:153} INFO - Started process (PID=92) to work on /opt/airflow/dags/groups/group_transfer.py
[2022-12-09 14:52:10,530] {processor.py:641} INFO - Processing file /opt/airflow/dags/groups/group_transfer.py for tasks to queue
[2022-12-09 14:52:10,534] {logging_mixin.py:115} INFO - [2022-12-09 14:52:10,533] {dagbag.py:507} INFO - Filling up the DagBag from /opt/airflow/dags/groups/group_transfer.py
[2022-12-09 14:52:11,638] {logging_mixin.py:115} INFO - [2022-12-09 14:52:11,621] {dagbag.py:320} ERROR - Failed to import: /opt/airflow/dags/groups/group_transfer.py
Traceback (most recent call last):
  File "/home/airflow/.local/lib/python3.7/site-packages/airflow/models/dagbag.py", line 317, in parse
    loader.exec_module(new_module)
  File "<frozen importlib._bootstrap_external>", line 728, in exec_module
  File "<frozen importlib._bootstrap>", line 219, in _call_with_frames_removed
  File "/opt/airflow/dags/groups/group_transfer.py", line 3, in <module>
    from airflow.providers.google.cloud.operators.gcs import GoogleCloudStorageCreateBucketOperator
ImportError: cannot import name 'GoogleCloudStorageCreateBucketOperator' from 'airflow.providers.google.cloud.operators.gcs' (/home/airflow/.local/lib/python3.7/site-packages/airflow/providers/google/cloud/operators/gcs.py)
[2022-12-09 14:52:11,644] {processor.py:653} WARNING - No viable dags retrieved from /opt/airflow/dags/groups/group_transfer.py
[2022-12-09 14:52:11,724] {processor.py:161} INFO - Processing /opt/airflow/dags/groups/group_transfer.py took 1.216 seconds
[2022-12-09 15:26:41,635] {processor.py:153} INFO - Started process (PID=37) to work on /opt/airflow/dags/groups/group_transfer.py
[2022-12-09 15:26:41,653] {processor.py:641} INFO - Processing file /opt/airflow/dags/groups/group_transfer.py for tasks to queue
[2022-12-09 15:26:41,667] {logging_mixin.py:115} INFO - [2022-12-09 15:26:41,666] {dagbag.py:507} INFO - Filling up the DagBag from /opt/airflow/dags/groups/group_transfer.py
[2022-12-09 15:26:47,367] {logging_mixin.py:115} INFO - [2022-12-09 15:26:47,338] {dagbag.py:320} ERROR - Failed to import: /opt/airflow/dags/groups/group_transfer.py
Traceback (most recent call last):
  File "/home/airflow/.local/lib/python3.7/site-packages/airflow/models/dagbag.py", line 317, in parse
    loader.exec_module(new_module)
  File "<frozen importlib._bootstrap_external>", line 728, in exec_module
  File "<frozen importlib._bootstrap>", line 219, in _call_with_frames_removed
  File "/opt/airflow/dags/groups/group_transfer.py", line 3, in <module>
    from airflow.providers.google.cloud.operators.gcs import GoogleCloudStorageCreateBucketOperator
ImportError: cannot import name 'GoogleCloudStorageCreateBucketOperator' from 'airflow.providers.google.cloud.operators.gcs' (/home/airflow/.local/lib/python3.7/site-packages/airflow/providers/google/cloud/operators/gcs.py)
[2022-12-09 15:26:47,372] {processor.py:653} WARNING - No viable dags retrieved from /opt/airflow/dags/groups/group_transfer.py
[2022-12-09 15:26:47,474] {processor.py:161} INFO - Processing /opt/airflow/dags/groups/group_transfer.py took 5.900 seconds
[2022-12-09 15:27:18,091] {processor.py:153} INFO - Started process (PID=44) to work on /opt/airflow/dags/groups/group_transfer.py
[2022-12-09 15:27:18,104] {processor.py:641} INFO - Processing file /opt/airflow/dags/groups/group_transfer.py for tasks to queue
[2022-12-09 15:27:18,111] {logging_mixin.py:115} INFO - [2022-12-09 15:27:18,110] {dagbag.py:507} INFO - Filling up the DagBag from /opt/airflow/dags/groups/group_transfer.py
[2022-12-09 15:27:20,593] {logging_mixin.py:115} INFO - [2022-12-09 15:27:20,574] {dagbag.py:320} ERROR - Failed to import: /opt/airflow/dags/groups/group_transfer.py
Traceback (most recent call last):
  File "/home/airflow/.local/lib/python3.7/site-packages/airflow/models/dagbag.py", line 317, in parse
    loader.exec_module(new_module)
  File "<frozen importlib._bootstrap_external>", line 728, in exec_module
  File "<frozen importlib._bootstrap>", line 219, in _call_with_frames_removed
  File "/opt/airflow/dags/groups/group_transfer.py", line 3, in <module>
    from airflow.providers.google.cloud.operators.gcs import GoogleCloudStorageCreateBucketOperator
ImportError: cannot import name 'GoogleCloudStorageCreateBucketOperator' from 'airflow.providers.google.cloud.operators.gcs' (/home/airflow/.local/lib/python3.7/site-packages/airflow/providers/google/cloud/operators/gcs.py)
[2022-12-09 15:27:20,600] {processor.py:653} WARNING - No viable dags retrieved from /opt/airflow/dags/groups/group_transfer.py
[2022-12-09 15:27:20,853] {processor.py:161} INFO - Processing /opt/airflow/dags/groups/group_transfer.py took 2.785 seconds
[2022-12-09 15:27:51,159] {processor.py:153} INFO - Started process (PID=51) to work on /opt/airflow/dags/groups/group_transfer.py
[2022-12-09 15:27:51,163] {processor.py:641} INFO - Processing file /opt/airflow/dags/groups/group_transfer.py for tasks to queue
[2022-12-09 15:27:51,167] {logging_mixin.py:115} INFO - [2022-12-09 15:27:51,167] {dagbag.py:507} INFO - Filling up the DagBag from /opt/airflow/dags/groups/group_transfer.py
[2022-12-09 15:27:53,428] {logging_mixin.py:115} INFO - [2022-12-09 15:27:53,405] {dagbag.py:320} ERROR - Failed to import: /opt/airflow/dags/groups/group_transfer.py
Traceback (most recent call last):
  File "/home/airflow/.local/lib/python3.7/site-packages/airflow/models/dagbag.py", line 317, in parse
    loader.exec_module(new_module)
  File "<frozen importlib._bootstrap_external>", line 728, in exec_module
  File "<frozen importlib._bootstrap>", line 219, in _call_with_frames_removed
  File "/opt/airflow/dags/groups/group_transfer.py", line 3, in <module>
    from airflow.providers.google.cloud.operators.gcs import GoogleCloudStorageCreateBucketOperator
ImportError: cannot import name 'GoogleCloudStorageCreateBucketOperator' from 'airflow.providers.google.cloud.operators.gcs' (/home/airflow/.local/lib/python3.7/site-packages/airflow/providers/google/cloud/operators/gcs.py)
[2022-12-09 15:27:53,436] {processor.py:653} WARNING - No viable dags retrieved from /opt/airflow/dags/groups/group_transfer.py
[2022-12-09 15:27:53,535] {processor.py:161} INFO - Processing /opt/airflow/dags/groups/group_transfer.py took 2.391 seconds
[2022-12-09 15:28:24,069] {processor.py:153} INFO - Started process (PID=58) to work on /opt/airflow/dags/groups/group_transfer.py
[2022-12-09 15:28:24,072] {processor.py:641} INFO - Processing file /opt/airflow/dags/groups/group_transfer.py for tasks to queue
[2022-12-09 15:28:24,075] {logging_mixin.py:115} INFO - [2022-12-09 15:28:24,075] {dagbag.py:507} INFO - Filling up the DagBag from /opt/airflow/dags/groups/group_transfer.py
[2022-12-09 15:28:25,290] {logging_mixin.py:115} INFO - [2022-12-09 15:28:25,270] {dagbag.py:320} ERROR - Failed to import: /opt/airflow/dags/groups/group_transfer.py
Traceback (most recent call last):
  File "/home/airflow/.local/lib/python3.7/site-packages/airflow/models/dagbag.py", line 317, in parse
    loader.exec_module(new_module)
  File "<frozen importlib._bootstrap_external>", line 728, in exec_module
  File "<frozen importlib._bootstrap>", line 219, in _call_with_frames_removed
  File "/opt/airflow/dags/groups/group_transfer.py", line 3, in <module>
    from airflow.providers.google.cloud.operators.gcs import GoogleCloudStorageCreateBucketOperator
ImportError: cannot import name 'GoogleCloudStorageCreateBucketOperator' from 'airflow.providers.google.cloud.operators.gcs' (/home/airflow/.local/lib/python3.7/site-packages/airflow/providers/google/cloud/operators/gcs.py)
[2022-12-09 15:28:25,297] {processor.py:653} WARNING - No viable dags retrieved from /opt/airflow/dags/groups/group_transfer.py
[2022-12-09 15:28:25,365] {processor.py:161} INFO - Processing /opt/airflow/dags/groups/group_transfer.py took 1.307 seconds
[2022-12-09 15:28:56,373] {processor.py:153} INFO - Started process (PID=65) to work on /opt/airflow/dags/groups/group_transfer.py
[2022-12-09 15:28:56,376] {processor.py:641} INFO - Processing file /opt/airflow/dags/groups/group_transfer.py for tasks to queue
[2022-12-09 15:28:56,379] {logging_mixin.py:115} INFO - [2022-12-09 15:28:56,379] {dagbag.py:507} INFO - Filling up the DagBag from /opt/airflow/dags/groups/group_transfer.py
[2022-12-09 15:28:57,557] {logging_mixin.py:115} INFO - [2022-12-09 15:28:57,534] {dagbag.py:320} ERROR - Failed to import: /opt/airflow/dags/groups/group_transfer.py
Traceback (most recent call last):
  File "/home/airflow/.local/lib/python3.7/site-packages/airflow/models/dagbag.py", line 317, in parse
    loader.exec_module(new_module)
  File "<frozen importlib._bootstrap_external>", line 728, in exec_module
  File "<frozen importlib._bootstrap>", line 219, in _call_with_frames_removed
  File "/opt/airflow/dags/groups/group_transfer.py", line 3, in <module>
    from airflow.providers.google.cloud.operators.gcs import GoogleCloudStorageCreateBucketOperator
ImportError: cannot import name 'GoogleCloudStorageCreateBucketOperator' from 'airflow.providers.google.cloud.operators.gcs' (/home/airflow/.local/lib/python3.7/site-packages/airflow/providers/google/cloud/operators/gcs.py)
[2022-12-09 15:28:57,564] {processor.py:653} WARNING - No viable dags retrieved from /opt/airflow/dags/groups/group_transfer.py
[2022-12-09 15:28:57,638] {processor.py:161} INFO - Processing /opt/airflow/dags/groups/group_transfer.py took 1.279 seconds
[2022-12-09 15:29:28,232] {processor.py:153} INFO - Started process (PID=72) to work on /opt/airflow/dags/groups/group_transfer.py
[2022-12-09 15:29:28,234] {processor.py:641} INFO - Processing file /opt/airflow/dags/groups/group_transfer.py for tasks to queue
[2022-12-09 15:29:28,237] {logging_mixin.py:115} INFO - [2022-12-09 15:29:28,237] {dagbag.py:507} INFO - Filling up the DagBag from /opt/airflow/dags/groups/group_transfer.py
[2022-12-09 15:29:29,642] {logging_mixin.py:115} INFO - [2022-12-09 15:29:29,621] {dagbag.py:320} ERROR - Failed to import: /opt/airflow/dags/groups/group_transfer.py
Traceback (most recent call last):
  File "/home/airflow/.local/lib/python3.7/site-packages/airflow/models/dagbag.py", line 317, in parse
    loader.exec_module(new_module)
  File "<frozen importlib._bootstrap_external>", line 728, in exec_module
  File "<frozen importlib._bootstrap>", line 219, in _call_with_frames_removed
  File "/opt/airflow/dags/groups/group_transfer.py", line 3, in <module>
    from airflow.providers.google.cloud.operators.gcs import GoogleCloudStorageCreateBucketOperator
ImportError: cannot import name 'GoogleCloudStorageCreateBucketOperator' from 'airflow.providers.google.cloud.operators.gcs' (/home/airflow/.local/lib/python3.7/site-packages/airflow/providers/google/cloud/operators/gcs.py)
[2022-12-09 15:29:29,648] {processor.py:653} WARNING - No viable dags retrieved from /opt/airflow/dags/groups/group_transfer.py
[2022-12-09 15:29:29,728] {processor.py:161} INFO - Processing /opt/airflow/dags/groups/group_transfer.py took 1.508 seconds
[2022-12-09 15:30:00,688] {processor.py:153} INFO - Started process (PID=79) to work on /opt/airflow/dags/groups/group_transfer.py
[2022-12-09 15:30:00,691] {processor.py:641} INFO - Processing file /opt/airflow/dags/groups/group_transfer.py for tasks to queue
[2022-12-09 15:30:00,696] {logging_mixin.py:115} INFO - [2022-12-09 15:30:00,695] {dagbag.py:507} INFO - Filling up the DagBag from /opt/airflow/dags/groups/group_transfer.py
[2022-12-09 15:30:02,097] {logging_mixin.py:115} INFO - [2022-12-09 15:30:02,074] {dagbag.py:320} ERROR - Failed to import: /opt/airflow/dags/groups/group_transfer.py
Traceback (most recent call last):
  File "/home/airflow/.local/lib/python3.7/site-packages/airflow/models/dagbag.py", line 317, in parse
    loader.exec_module(new_module)
  File "<frozen importlib._bootstrap_external>", line 728, in exec_module
  File "<frozen importlib._bootstrap>", line 219, in _call_with_frames_removed
  File "/opt/airflow/dags/groups/group_transfer.py", line 3, in <module>
    from airflow.providers.google.cloud.operators.gcs import GoogleCloudStorageCreateBucketOperator
ImportError: cannot import name 'GoogleCloudStorageCreateBucketOperator' from 'airflow.providers.google.cloud.operators.gcs' (/home/airflow/.local/lib/python3.7/site-packages/airflow/providers/google/cloud/operators/gcs.py)
[2022-12-09 15:30:02,104] {processor.py:653} WARNING - No viable dags retrieved from /opt/airflow/dags/groups/group_transfer.py
[2022-12-09 15:30:02,184] {processor.py:161} INFO - Processing /opt/airflow/dags/groups/group_transfer.py took 1.510 seconds
[2022-12-09 15:30:32,830] {processor.py:153} INFO - Started process (PID=86) to work on /opt/airflow/dags/groups/group_transfer.py
[2022-12-09 15:30:32,837] {processor.py:641} INFO - Processing file /opt/airflow/dags/groups/group_transfer.py for tasks to queue
[2022-12-09 15:30:32,842] {logging_mixin.py:115} INFO - [2022-12-09 15:30:32,841] {dagbag.py:507} INFO - Filling up the DagBag from /opt/airflow/dags/groups/group_transfer.py
[2022-12-09 15:30:34,569] {logging_mixin.py:115} INFO - [2022-12-09 15:30:34,547] {dagbag.py:320} ERROR - Failed to import: /opt/airflow/dags/groups/group_transfer.py
Traceback (most recent call last):
  File "/home/airflow/.local/lib/python3.7/site-packages/airflow/models/dagbag.py", line 317, in parse
    loader.exec_module(new_module)
  File "<frozen importlib._bootstrap_external>", line 728, in exec_module
  File "<frozen importlib._bootstrap>", line 219, in _call_with_frames_removed
  File "/opt/airflow/dags/groups/group_transfer.py", line 3, in <module>
    from airflow.providers.google.cloud.operators.gcs import GoogleCloudStorageCreateBucketOperator
ImportError: cannot import name 'GoogleCloudStorageCreateBucketOperator' from 'airflow.providers.google.cloud.operators.gcs' (/home/airflow/.local/lib/python3.7/site-packages/airflow/providers/google/cloud/operators/gcs.py)
[2022-12-09 15:30:34,577] {processor.py:653} WARNING - No viable dags retrieved from /opt/airflow/dags/groups/group_transfer.py
[2022-12-09 15:30:34,655] {processor.py:161} INFO - Processing /opt/airflow/dags/groups/group_transfer.py took 1.861 seconds
[2022-12-09 15:31:05,028] {processor.py:153} INFO - Started process (PID=93) to work on /opt/airflow/dags/groups/group_transfer.py
[2022-12-09 15:31:05,031] {processor.py:641} INFO - Processing file /opt/airflow/dags/groups/group_transfer.py for tasks to queue
[2022-12-09 15:31:05,037] {logging_mixin.py:115} INFO - [2022-12-09 15:31:05,037] {dagbag.py:507} INFO - Filling up the DagBag from /opt/airflow/dags/groups/group_transfer.py
[2022-12-09 15:31:06,543] {logging_mixin.py:115} INFO - [2022-12-09 15:31:06,520] {dagbag.py:320} ERROR - Failed to import: /opt/airflow/dags/groups/group_transfer.py
Traceback (most recent call last):
  File "/home/airflow/.local/lib/python3.7/site-packages/airflow/models/dagbag.py", line 317, in parse
    loader.exec_module(new_module)
  File "<frozen importlib._bootstrap_external>", line 728, in exec_module
  File "<frozen importlib._bootstrap>", line 219, in _call_with_frames_removed
  File "/opt/airflow/dags/groups/group_transfer.py", line 3, in <module>
    from airflow.providers.google.cloud.operators.gcs import GoogleCloudStorageCreateBucketOperator
ImportError: cannot import name 'GoogleCloudStorageCreateBucketOperator' from 'airflow.providers.google.cloud.operators.gcs' (/home/airflow/.local/lib/python3.7/site-packages/airflow/providers/google/cloud/operators/gcs.py)
[2022-12-09 15:31:06,550] {processor.py:653} WARNING - No viable dags retrieved from /opt/airflow/dags/groups/group_transfer.py
[2022-12-09 15:31:06,687] {processor.py:161} INFO - Processing /opt/airflow/dags/groups/group_transfer.py took 1.671 seconds
[2022-12-09 15:31:37,026] {processor.py:153} INFO - Started process (PID=100) to work on /opt/airflow/dags/groups/group_transfer.py
[2022-12-09 15:31:37,029] {processor.py:641} INFO - Processing file /opt/airflow/dags/groups/group_transfer.py for tasks to queue
[2022-12-09 15:31:37,033] {logging_mixin.py:115} INFO - [2022-12-09 15:31:37,033] {dagbag.py:507} INFO - Filling up the DagBag from /opt/airflow/dags/groups/group_transfer.py
[2022-12-09 15:31:38,224] {logging_mixin.py:115} INFO - [2022-12-09 15:31:38,197] {dagbag.py:320} ERROR - Failed to import: /opt/airflow/dags/groups/group_transfer.py
Traceback (most recent call last):
  File "/home/airflow/.local/lib/python3.7/site-packages/airflow/models/dagbag.py", line 317, in parse
    loader.exec_module(new_module)
  File "<frozen importlib._bootstrap_external>", line 728, in exec_module
  File "<frozen importlib._bootstrap>", line 219, in _call_with_frames_removed
  File "/opt/airflow/dags/groups/group_transfer.py", line 3, in <module>
    from airflow.providers.google.cloud.operators.gcs import GoogleCloudStorageCreateBucketOperator
ImportError: cannot import name 'GoogleCloudStorageCreateBucketOperator' from 'airflow.providers.google.cloud.operators.gcs' (/home/airflow/.local/lib/python3.7/site-packages/airflow/providers/google/cloud/operators/gcs.py)
[2022-12-09 15:31:38,230] {processor.py:653} WARNING - No viable dags retrieved from /opt/airflow/dags/groups/group_transfer.py
[2022-12-09 15:31:38,292] {processor.py:161} INFO - Processing /opt/airflow/dags/groups/group_transfer.py took 1.282 seconds
