[2022-12-11T08:23:09.130+0000] {taskinstance.py:1165} INFO - Dependencies all met for <TaskInstance: etl_solar.transform.preprocess_weather manual__2022-12-11T08:22:24.302438+00:00 [queued]>
[2022-12-11T08:23:09.177+0000] {taskinstance.py:1165} INFO - Dependencies all met for <TaskInstance: etl_solar.transform.preprocess_weather manual__2022-12-11T08:22:24.302438+00:00 [queued]>
[2022-12-11T08:23:09.179+0000] {taskinstance.py:1362} INFO - 
--------------------------------------------------------------------------------
[2022-12-11T08:23:09.181+0000] {taskinstance.py:1363} INFO - Starting attempt 1 of 1
[2022-12-11T08:23:09.182+0000] {taskinstance.py:1364} INFO - 
--------------------------------------------------------------------------------
[2022-12-11T08:23:09.298+0000] {taskinstance.py:1383} INFO - Executing <Task(PythonOperator): transform.preprocess_weather> on 2022-12-11 08:22:24.302438+00:00
[2022-12-11T08:23:09.313+0000] {standard_task_runner.py:55} INFO - Started process 382 to run task
[2022-12-11T08:23:09.327+0000] {standard_task_runner.py:82} INFO - Running: ['***', 'tasks', 'run', 'etl_solar', 'transform.preprocess_weather', 'manual__2022-12-11T08:22:24.302438+00:00', '--job-id', '96', '--raw', '--subdir', 'DAGS_FOLDER/dag_preprocess.py', '--cfg-path', '/tmp/tmp9jxmdkda']
[2022-12-11T08:23:09.336+0000] {standard_task_runner.py:83} INFO - Job 96: Subtask transform.preprocess_weather
[2022-12-11T08:23:09.616+0000] {task_command.py:376} INFO - Running <TaskInstance: etl_solar.transform.preprocess_weather manual__2022-12-11T08:22:24.302438+00:00 [running]> on host 01c108b234e9
[2022-12-11T08:23:10.010+0000] {taskinstance.py:1592} INFO - Exporting the following env vars:
AIRFLOW_CTX_DAG_OWNER=***
AIRFLOW_CTX_DAG_ID=etl_solar
AIRFLOW_CTX_TASK_ID=transform.preprocess_weather
AIRFLOW_CTX_EXECUTION_DATE=2022-12-11T08:22:24.302438+00:00
AIRFLOW_CTX_TRY_NUMBER=1
AIRFLOW_CTX_DAG_RUN_ID=manual__2022-12-11T08:22:24.302438+00:00
[2022-12-11T08:23:10.123+0000] {python.py:177} INFO - Done. Returned value was: None
[2022-12-11T08:23:10.202+0000] {taskinstance.py:1406} INFO - Marking task as SUCCESS. dag_id=etl_solar, task_id=transform.preprocess_weather, execution_date=20221211T082224, start_date=20221211T082309, end_date=20221211T082310
[2022-12-11T08:23:10.310+0000] {local_task_job.py:164} INFO - Task exited with return code 0
[2022-12-11T08:23:10.721+0000] {local_task_job.py:273} INFO - 0 downstream tasks scheduled from follow-on schedule check
