[2022-11-22 04:02:21,244] {taskinstance.py:1159} INFO - Dependencies all met for <TaskInstance: etl_solar.check_input_status manual__2022-11-22T04:02:08.508127+00:00 [queued]>
[2022-11-22 04:02:21,301] {taskinstance.py:1159} INFO - Dependencies all met for <TaskInstance: etl_solar.check_input_status manual__2022-11-22T04:02:08.508127+00:00 [queued]>
[2022-11-22 04:02:21,303] {taskinstance.py:1356} INFO - 
--------------------------------------------------------------------------------
[2022-11-22 04:02:21,304] {taskinstance.py:1357} INFO - Starting attempt 1 of 1
[2022-11-22 04:02:21,305] {taskinstance.py:1358} INFO - 
--------------------------------------------------------------------------------
[2022-11-22 04:02:21,373] {taskinstance.py:1377} INFO - Executing <Task(BashOperator): check_input_status> on 2022-11-22 04:02:08.508127+00:00
[2022-11-22 04:02:21,394] {standard_task_runner.py:52} INFO - Started process 115 to run task
[2022-11-22 04:02:21,410] {standard_task_runner.py:79} INFO - Running: ['***', 'tasks', 'run', 'etl_solar', 'check_input_status', 'manual__2022-11-22T04:02:08.508127+00:00', '--job-id', '137', '--raw', '--subdir', 'DAGS_FOLDER/dag_preprocess.py', '--cfg-path', '/tmp/tmpo8v5c10m', '--error-file', '/tmp/tmppj4g6ujg']
[2022-11-22 04:02:21,415] {standard_task_runner.py:80} INFO - Job 137: Subtask check_input_status
[2022-11-22 04:02:21,723] {task_command.py:369} INFO - Running <TaskInstance: etl_solar.check_input_status manual__2022-11-22T04:02:08.508127+00:00 [running]> on host 8a647070b091
[2022-11-22 04:02:22,280] {taskinstance.py:1571} INFO - Exporting the following env vars:
AIRFLOW_CTX_DAG_OWNER=***
AIRFLOW_CTX_DAG_ID=etl_solar
AIRFLOW_CTX_TASK_ID=check_input_status
AIRFLOW_CTX_EXECUTION_DATE=2022-11-22T04:02:08.508127+00:00
AIRFLOW_CTX_TRY_NUMBER=1
AIRFLOW_CTX_DAG_RUN_ID=manual__2022-11-22T04:02:08.508127+00:00
[2022-11-22 04:02:22,296] {subprocess.py:62} INFO - Tmp dir root location: 
 /tmp
[2022-11-22 04:02:22,301] {subprocess.py:74} INFO - Running command: ['bash', '-c', "echo 'success'"]
[2022-11-22 04:02:22,377] {subprocess.py:85} INFO - Output:
[2022-11-22 04:02:22,401] {subprocess.py:92} INFO - success
[2022-11-22 04:02:22,404] {subprocess.py:96} INFO - Command exited with return code 0
[2022-11-22 04:02:22,621] {taskinstance.py:1400} INFO - Marking task as SUCCESS. dag_id=etl_solar, task_id=check_input_status, execution_date=20221122T040208, start_date=20221122T040221, end_date=20221122T040222
[2022-11-22 04:02:22,764] {local_task_job.py:156} INFO - Task exited with return code 0
[2022-11-22 04:02:23,086] {local_task_job.py:273} INFO - 2 downstream tasks scheduled from follow-on schedule check
