[2022-12-09 11:20:34,453] {taskinstance.py:1159} INFO - Dependencies all met for <TaskInstance: etl_solar.transform.check_output_folder manual__2022-12-09T11:20:07.931997+00:00 [queued]>
[2022-12-09 11:20:34,501] {taskinstance.py:1159} INFO - Dependencies all met for <TaskInstance: etl_solar.transform.check_output_folder manual__2022-12-09T11:20:07.931997+00:00 [queued]>
[2022-12-09 11:20:34,503] {taskinstance.py:1356} INFO - 
--------------------------------------------------------------------------------
[2022-12-09 11:20:34,504] {taskinstance.py:1357} INFO - Starting attempt 1 of 1
[2022-12-09 11:20:34,506] {taskinstance.py:1358} INFO - 
--------------------------------------------------------------------------------
[2022-12-09 11:20:34,585] {taskinstance.py:1377} INFO - Executing <Task(BashOperator): transform.check_output_folder> on 2022-12-09 11:20:07.931997+00:00
[2022-12-09 11:20:34,600] {standard_task_runner.py:52} INFO - Started process 230 to run task
[2022-12-09 11:20:34,612] {standard_task_runner.py:79} INFO - Running: ['***', 'tasks', 'run', 'etl_solar', 'transform.check_output_folder', 'manual__2022-12-09T11:20:07.931997+00:00', '--job-id', '49', '--raw', '--subdir', 'DAGS_FOLDER/dag_preprocess.py', '--cfg-path', '/tmp/tmph8ty1j_y', '--error-file', '/tmp/tmpeoo8y2pz']
[2022-12-09 11:20:34,617] {standard_task_runner.py:80} INFO - Job 49: Subtask transform.check_output_folder
[2022-12-09 11:20:34,853] {task_command.py:369} INFO - Running <TaskInstance: etl_solar.transform.check_output_folder manual__2022-12-09T11:20:07.931997+00:00 [running]> on host 4d9af2ba34e6
[2022-12-09 11:20:35,198] {taskinstance.py:1571} INFO - Exporting the following env vars:
AIRFLOW_CTX_DAG_OWNER=***
AIRFLOW_CTX_DAG_ID=etl_solar
AIRFLOW_CTX_TASK_ID=transform.check_output_folder
AIRFLOW_CTX_EXECUTION_DATE=2022-12-09T11:20:07.931997+00:00
AIRFLOW_CTX_TRY_NUMBER=1
AIRFLOW_CTX_DAG_RUN_ID=manual__2022-12-09T11:20:07.931997+00:00
[2022-12-09 11:20:35,203] {subprocess.py:62} INFO - Tmp dir root location: 
 /tmp
[2022-12-09 11:20:35,205] {subprocess.py:74} INFO - Running command: ['bash', '-c', '/opt/***/utilities/make_folder.sh /opt/***/storage/output/2022-12-09']
[2022-12-09 11:20:35,238] {subprocess.py:85} INFO - Output:
[2022-12-09 11:20:35,290] {subprocess.py:96} INFO - Command exited with return code 0
[2022-12-09 11:20:35,420] {taskinstance.py:1400} INFO - Marking task as SUCCESS. dag_id=etl_solar, task_id=transform.check_output_folder, execution_date=20221209T112007, start_date=20221209T112034, end_date=20221209T112035
[2022-12-09 11:20:35,510] {local_task_job.py:156} INFO - Task exited with return code 0
[2022-12-09 11:20:35,711] {local_task_job.py:273} INFO - 3 downstream tasks scheduled from follow-on schedule check
