[2022-12-11T08:08:30.643+0000] {taskinstance.py:1165} INFO - Dependencies all met for <TaskInstance: etl_solar.checkfiles.check_solar_table manual__2022-12-11T08:08:24.449700+00:00 [queued]>
[2022-12-11T08:08:30.708+0000] {taskinstance.py:1165} INFO - Dependencies all met for <TaskInstance: etl_solar.checkfiles.check_solar_table manual__2022-12-11T08:08:24.449700+00:00 [queued]>
[2022-12-11T08:08:30.709+0000] {taskinstance.py:1362} INFO - 
--------------------------------------------------------------------------------
[2022-12-11T08:08:30.711+0000] {taskinstance.py:1363} INFO - Starting attempt 1 of 1
[2022-12-11T08:08:30.712+0000] {taskinstance.py:1364} INFO - 
--------------------------------------------------------------------------------
[2022-12-11T08:08:30.856+0000] {taskinstance.py:1383} INFO - Executing <Task(MySqlOperator): checkfiles.check_solar_table> on 2022-12-11 08:08:24.449700+00:00
[2022-12-11T08:08:30.874+0000] {standard_task_runner.py:55} INFO - Started process 120 to run task
[2022-12-11T08:08:30.890+0000] {standard_task_runner.py:82} INFO - Running: ['***', 'tasks', 'run', 'etl_solar', 'checkfiles.check_solar_table', 'manual__2022-12-11T08:08:24.449700+00:00', '--job-id', '24', '--raw', '--subdir', 'DAGS_FOLDER/dag_preprocess.py', '--cfg-path', '/tmp/tmp8dr37n27']
[2022-12-11T08:08:30.900+0000] {standard_task_runner.py:83} INFO - Job 24: Subtask checkfiles.check_solar_table
[2022-12-11T08:08:31.231+0000] {task_command.py:376} INFO - Running <TaskInstance: etl_solar.checkfiles.check_solar_table manual__2022-12-11T08:08:24.449700+00:00 [running]> on host 01c108b234e9
[2022-12-11T08:08:32.092+0000] {taskinstance.py:1592} INFO - Exporting the following env vars:
AIRFLOW_CTX_DAG_OWNER=***
AIRFLOW_CTX_DAG_ID=etl_solar
AIRFLOW_CTX_TASK_ID=checkfiles.check_solar_table
AIRFLOW_CTX_EXECUTION_DATE=2022-12-11T08:08:24.449700+00:00
AIRFLOW_CTX_TRY_NUMBER=1
AIRFLOW_CTX_DAG_RUN_ID=manual__2022-12-11T08:08:24.449700+00:00
[2022-12-11T08:08:32.100+0000] {mysql.py:84} INFO - Executing: 


CREATE TABLE IF NOT EXISTS geography(
                locdate VARCHAR(40),
                location VARCHAR(40),
                updated_date CHAR(10),
                altitudeMeridian VARCHAR(13),
                altitude_09 VARCHAR(20),
                altitude_12 VARCHAR(20),
                altitude_15 VARCHAR(20),
                altitude_18 VARCHAR(20),
                azimuth_09 VARCHAR(20),
                azimuth_12 VARCHAR(20),
                azimuth_15 VARCHAR(20),
                azimuth_18 VARCHAR(20),
                primary key(locdate,location))
[2022-12-11T08:08:32.284+0000] {base.py:71} INFO - Using connection ID 'mysql_solar' for task execution.
[2022-12-11T08:08:32.518+0000] {taskinstance.py:1851} ERROR - Task failed with exception
Traceback (most recent call last):
  File "/home/airflow/.local/lib/python3.7/site-packages/airflow/providers/mysql/operators/mysql.py", line 86, in execute
    hook.run(self.sql, autocommit=self.autocommit, parameters=self.parameters)
  File "/home/airflow/.local/lib/python3.7/site-packages/airflow/providers/common/sql/hooks/sql.py", line 288, in run
    with closing(self.get_conn()) as conn:
  File "/home/airflow/.local/lib/python3.7/site-packages/airflow/providers/mysql/hooks/mysql.py", line 173, in get_conn
    return MySQLdb.connect(**conn_config)
  File "/home/airflow/.local/lib/python3.7/site-packages/MySQLdb/__init__.py", line 123, in Connect
    return Connection(*args, **kwargs)
  File "/home/airflow/.local/lib/python3.7/site-packages/MySQLdb/connections.py", line 185, in __init__
    super().__init__(*args, **kwargs2)
MySQLdb.OperationalError: (2003, "Can't connect to MySQL server on '127.0.0.1:3306' (111)")
[2022-12-11T08:08:32.612+0000] {taskinstance.py:1406} INFO - Marking task as FAILED. dag_id=etl_solar, task_id=checkfiles.check_solar_table, execution_date=20221211T080824, start_date=20221211T080830, end_date=20221211T080832
[2022-12-11T08:08:32.766+0000] {standard_task_runner.py:105} ERROR - Failed to execute job 24 for task checkfiles.check_solar_table ((2003, "Can't connect to MySQL server on '127.0.0.1:3306' (111)"); 120)
[2022-12-11T08:08:32.805+0000] {local_task_job.py:164} INFO - Task exited with return code 1
[2022-12-11T08:08:33.073+0000] {local_task_job.py:273} INFO - 0 downstream tasks scheduled from follow-on schedule check
