[2022-11-22 05:29:32,913] {taskinstance.py:1159} INFO - Dependencies all met for <TaskInstance: etl_solar.check_load_status manual__2022-11-22T05:29:06.698630+00:00 [queued]>
[2022-11-22 05:29:32,965] {taskinstance.py:1159} INFO - Dependencies all met for <TaskInstance: etl_solar.check_load_status manual__2022-11-22T05:29:06.698630+00:00 [queued]>
[2022-11-22 05:29:32,966] {taskinstance.py:1356} INFO - 
--------------------------------------------------------------------------------
[2022-11-22 05:29:32,968] {taskinstance.py:1357} INFO - Starting attempt 1 of 1
[2022-11-22 05:29:32,969] {taskinstance.py:1358} INFO - 
--------------------------------------------------------------------------------
[2022-11-22 05:29:33,043] {taskinstance.py:1377} INFO - Executing <Task(BashOperator): check_load_status> on 2022-11-22 05:29:06.698630+00:00
[2022-11-22 05:29:33,063] {standard_task_runner.py:52} INFO - Started process 559 to run task
[2022-11-22 05:29:33,079] {standard_task_runner.py:79} INFO - Running: ['***', 'tasks', 'run', 'etl_solar', 'check_load_status', 'manual__2022-11-22T05:29:06.698630+00:00', '--job-id', '261', '--raw', '--subdir', 'DAGS_FOLDER/dag_preprocess.py', '--cfg-path', '/tmp/tmp2f4mydiu', '--error-file', '/tmp/tmplb7o5nqe']
[2022-11-22 05:29:33,084] {standard_task_runner.py:80} INFO - Job 261: Subtask check_load_status
[2022-11-22 05:29:33,350] {task_command.py:369} INFO - Running <TaskInstance: etl_solar.check_load_status manual__2022-11-22T05:29:06.698630+00:00 [running]> on host 8a647070b091
[2022-11-22 05:29:33,780] {taskinstance.py:1571} INFO - Exporting the following env vars:
AIRFLOW_CTX_DAG_OWNER=***
AIRFLOW_CTX_DAG_ID=etl_solar
AIRFLOW_CTX_TASK_ID=check_load_status
AIRFLOW_CTX_EXECUTION_DATE=2022-11-22T05:29:06.698630+00:00
AIRFLOW_CTX_TRY_NUMBER=1
AIRFLOW_CTX_DAG_RUN_ID=manual__2022-11-22T05:29:06.698630+00:00
[2022-11-22 05:29:33,784] {subprocess.py:62} INFO - Tmp dir root location: 
 /tmp
[2022-11-22 05:29:33,786] {subprocess.py:74} INFO - Running command: ['bash', '-c', "echo 'success'"]
[2022-11-22 05:29:33,818] {subprocess.py:85} INFO - Output:
[2022-11-22 05:29:33,824] {subprocess.py:92} INFO - success
[2022-11-22 05:29:33,826] {subprocess.py:96} INFO - Command exited with return code 0
[2022-11-22 05:29:33,953] {taskinstance.py:1400} INFO - Marking task as SUCCESS. dag_id=etl_solar, task_id=check_load_status, execution_date=20221122T052906, start_date=20221122T052932, end_date=20221122T052933
[2022-11-22 05:29:34,020] {local_task_job.py:156} INFO - Task exited with return code 0
[2022-11-22 05:29:34,235] {local_task_job.py:273} INFO - 1 downstream tasks scheduled from follow-on schedule check
