[2022-12-09 10:35:58,479] {taskinstance.py:1159} INFO - Dependencies all met for <TaskInstance: etl_solar.checkfiles.check_energy_file_2 manual__2022-12-09T10:35:53.700875+00:00 [queued]>
[2022-12-09 10:35:58,552] {taskinstance.py:1159} INFO - Dependencies all met for <TaskInstance: etl_solar.checkfiles.check_energy_file_2 manual__2022-12-09T10:35:53.700875+00:00 [queued]>
[2022-12-09 10:35:58,553] {taskinstance.py:1356} INFO - 
--------------------------------------------------------------------------------
[2022-12-09 10:35:58,555] {taskinstance.py:1357} INFO - Starting attempt 1 of 1
[2022-12-09 10:35:58,556] {taskinstance.py:1358} INFO - 
--------------------------------------------------------------------------------
[2022-12-09 10:35:58,640] {taskinstance.py:1377} INFO - Executing <Task(BashOperator): checkfiles.check_energy_file_2> on 2022-12-09 10:35:53.700875+00:00
[2022-12-09 10:35:58,654] {standard_task_runner.py:52} INFO - Started process 80 to run task
[2022-12-09 10:35:58,668] {standard_task_runner.py:79} INFO - Running: ['***', 'tasks', 'run', 'etl_solar', 'checkfiles.check_energy_file_2', 'manual__2022-12-09T10:35:53.700875+00:00', '--job-id', '9', '--raw', '--subdir', 'DAGS_FOLDER/dag_preprocess.py', '--cfg-path', '/tmp/tmpqynsjvrx', '--error-file', '/tmp/tmptv3smro7']
[2022-12-09 10:35:58,673] {standard_task_runner.py:80} INFO - Job 9: Subtask checkfiles.check_energy_file_2
[2022-12-09 10:35:58,933] {task_command.py:369} INFO - Running <TaskInstance: etl_solar.checkfiles.check_energy_file_2 manual__2022-12-09T10:35:53.700875+00:00 [running]> on host 4d9af2ba34e6
[2022-12-09 10:35:59,406] {taskinstance.py:1571} INFO - Exporting the following env vars:
AIRFLOW_CTX_DAG_OWNER=***
AIRFLOW_CTX_DAG_ID=etl_solar
AIRFLOW_CTX_TASK_ID=checkfiles.check_energy_file_2
AIRFLOW_CTX_EXECUTION_DATE=2022-12-09T10:35:53.700875+00:00
AIRFLOW_CTX_TRY_NUMBER=1
AIRFLOW_CTX_DAG_RUN_ID=manual__2022-12-09T10:35:53.700875+00:00
[2022-12-09 10:35:59,410] {subprocess.py:62} INFO - Tmp dir root location: 
 /tmp
[2022-12-09 10:35:59,418] {subprocess.py:74} INFO - Running command: ['bash', '-c', '/opt/***/utilities/check_file.sh /opt/***/utilities/storage/energy_2.csv']
[2022-12-09 10:35:59,459] {subprocess.py:85} INFO - Output:
[2022-12-09 10:35:59,486] {subprocess.py:92} INFO - File /opt/***/utilities/storage/energy_2.csv does not exist
[2022-12-09 10:35:59,489] {subprocess.py:96} INFO - Command exited with return code 0
[2022-12-09 10:35:59,859] {taskinstance.py:1400} INFO - Marking task as SUCCESS. dag_id=etl_solar, task_id=checkfiles.check_energy_file_2, execution_date=20221209T103553, start_date=20221209T103558, end_date=20221209T103559
[2022-12-09 10:35:59,945] {local_task_job.py:156} INFO - Task exited with return code 0
[2022-12-09 10:36:00,283] {local_task_job.py:273} INFO - 0 downstream tasks scheduled from follow-on schedule check
