[2022-12-03 03:19:54,656] {processor.py:153} INFO - Started process (PID=34) to work on /opt/airflow/dags/dag_preprocess.py
[2022-12-03 03:19:54,663] {processor.py:641} INFO - Processing file /opt/airflow/dags/dag_preprocess.py for tasks to queue
[2022-12-03 03:19:54,668] {logging_mixin.py:115} INFO - [2022-12-03 03:19:54,667] {dagbag.py:507} INFO - Filling up the DagBag from /opt/airflow/dags/dag_preprocess.py
[2022-12-03 03:19:59,300] {processor.py:651} INFO - DAG(s) dict_keys(['etl_solar']) retrieved from /opt/airflow/dags/dag_preprocess.py
[2022-12-03 03:19:59,832] {logging_mixin.py:115} INFO - [2022-12-03 03:19:59,831] {dag.py:2371} INFO - Sync 1 DAGs
[2022-12-03 03:20:00,071] {logging_mixin.py:115} INFO - [2022-12-03 03:20:00,070] {dag.py:2919} INFO - Setting next_dagrun for etl_solar to 2022-12-03T00:00:00+00:00, run_after=2022-12-04T00:00:00+00:00
[2022-12-03 03:20:00,185] {processor.py:161} INFO - Processing /opt/airflow/dags/dag_preprocess.py took 5.569 seconds
[2022-12-03 03:20:30,795] {processor.py:153} INFO - Started process (PID=54) to work on /opt/airflow/dags/dag_preprocess.py
[2022-12-03 03:20:30,798] {processor.py:641} INFO - Processing file /opt/airflow/dags/dag_preprocess.py for tasks to queue
[2022-12-03 03:20:30,806] {logging_mixin.py:115} INFO - [2022-12-03 03:20:30,806] {dagbag.py:507} INFO - Filling up the DagBag from /opt/airflow/dags/dag_preprocess.py
[2022-12-03 03:20:33,554] {processor.py:651} INFO - DAG(s) dict_keys(['etl_solar']) retrieved from /opt/airflow/dags/dag_preprocess.py
[2022-12-03 03:20:33,701] {logging_mixin.py:115} INFO - [2022-12-03 03:20:33,700] {dag.py:2371} INFO - Sync 1 DAGs
[2022-12-03 03:20:33,834] {logging_mixin.py:115} INFO - [2022-12-03 03:20:33,834] {dag.py:2919} INFO - Setting next_dagrun for etl_solar to 2022-12-03T00:00:00+00:00, run_after=2022-12-04T00:00:00+00:00
[2022-12-03 03:20:33,888] {processor.py:161} INFO - Processing /opt/airflow/dags/dag_preprocess.py took 3.133 seconds
[2022-12-03 03:21:04,082] {processor.py:153} INFO - Started process (PID=63) to work on /opt/airflow/dags/dag_preprocess.py
[2022-12-03 03:21:04,086] {processor.py:641} INFO - Processing file /opt/airflow/dags/dag_preprocess.py for tasks to queue
[2022-12-03 03:21:04,089] {logging_mixin.py:115} INFO - [2022-12-03 03:21:04,089] {dagbag.py:507} INFO - Filling up the DagBag from /opt/airflow/dags/dag_preprocess.py
[2022-12-03 03:21:06,024] {processor.py:651} INFO - DAG(s) dict_keys(['etl_solar']) retrieved from /opt/airflow/dags/dag_preprocess.py
[2022-12-03 03:21:06,116] {logging_mixin.py:115} INFO - [2022-12-03 03:21:06,115] {dag.py:2371} INFO - Sync 1 DAGs
[2022-12-03 03:21:06,220] {logging_mixin.py:115} INFO - [2022-12-03 03:21:06,220] {dag.py:2919} INFO - Setting next_dagrun for etl_solar to 2022-12-03T00:00:00+00:00, run_after=2022-12-04T00:00:00+00:00
[2022-12-03 03:21:06,269] {processor.py:161} INFO - Processing /opt/airflow/dags/dag_preprocess.py took 2.203 seconds
[2022-12-03 03:21:37,071] {processor.py:153} INFO - Started process (PID=70) to work on /opt/airflow/dags/dag_preprocess.py
[2022-12-03 03:21:37,073] {processor.py:641} INFO - Processing file /opt/airflow/dags/dag_preprocess.py for tasks to queue
[2022-12-03 03:21:37,076] {logging_mixin.py:115} INFO - [2022-12-03 03:21:37,075] {dagbag.py:507} INFO - Filling up the DagBag from /opt/airflow/dags/dag_preprocess.py
[2022-12-03 03:21:38,924] {processor.py:651} INFO - DAG(s) dict_keys(['etl_solar']) retrieved from /opt/airflow/dags/dag_preprocess.py
[2022-12-03 03:21:39,020] {logging_mixin.py:115} INFO - [2022-12-03 03:21:39,019] {dag.py:2371} INFO - Sync 1 DAGs
[2022-12-03 03:21:39,121] {logging_mixin.py:115} INFO - [2022-12-03 03:21:39,121] {dag.py:2919} INFO - Setting next_dagrun for etl_solar to 2022-12-03T00:00:00+00:00, run_after=2022-12-04T00:00:00+00:00
[2022-12-03 03:21:39,181] {processor.py:161} INFO - Processing /opt/airflow/dags/dag_preprocess.py took 2.126 seconds
[2022-12-03 03:22:09,646] {processor.py:153} INFO - Started process (PID=77) to work on /opt/airflow/dags/dag_preprocess.py
[2022-12-03 03:22:09,649] {processor.py:641} INFO - Processing file /opt/airflow/dags/dag_preprocess.py for tasks to queue
[2022-12-03 03:22:09,652] {logging_mixin.py:115} INFO - [2022-12-03 03:22:09,652] {dagbag.py:507} INFO - Filling up the DagBag from /opt/airflow/dags/dag_preprocess.py
[2022-12-03 03:22:11,491] {processor.py:651} INFO - DAG(s) dict_keys(['etl_solar']) retrieved from /opt/airflow/dags/dag_preprocess.py
[2022-12-03 03:22:11,582] {logging_mixin.py:115} INFO - [2022-12-03 03:22:11,581] {dag.py:2371} INFO - Sync 1 DAGs
[2022-12-03 03:22:11,683] {logging_mixin.py:115} INFO - [2022-12-03 03:22:11,682] {dag.py:2919} INFO - Setting next_dagrun for etl_solar to 2022-12-03T00:00:00+00:00, run_after=2022-12-04T00:00:00+00:00
[2022-12-03 03:22:11,724] {processor.py:161} INFO - Processing /opt/airflow/dags/dag_preprocess.py took 2.088 seconds
[2022-12-03 03:22:41,854] {processor.py:153} INFO - Started process (PID=84) to work on /opt/airflow/dags/dag_preprocess.py
[2022-12-03 03:22:41,857] {processor.py:641} INFO - Processing file /opt/airflow/dags/dag_preprocess.py for tasks to queue
[2022-12-03 03:22:41,860] {logging_mixin.py:115} INFO - [2022-12-03 03:22:41,859] {dagbag.py:507} INFO - Filling up the DagBag from /opt/airflow/dags/dag_preprocess.py
[2022-12-03 03:22:43,662] {processor.py:651} INFO - DAG(s) dict_keys(['etl_solar']) retrieved from /opt/airflow/dags/dag_preprocess.py
[2022-12-03 03:22:43,755] {logging_mixin.py:115} INFO - [2022-12-03 03:22:43,754] {dag.py:2371} INFO - Sync 1 DAGs
[2022-12-03 03:22:43,850] {logging_mixin.py:115} INFO - [2022-12-03 03:22:43,849] {dag.py:2919} INFO - Setting next_dagrun for etl_solar to 2022-12-03T00:00:00+00:00, run_after=2022-12-04T00:00:00+00:00
[2022-12-03 03:22:43,888] {processor.py:161} INFO - Processing /opt/airflow/dags/dag_preprocess.py took 2.045 seconds
[2022-12-03 03:23:14,652] {processor.py:153} INFO - Started process (PID=92) to work on /opt/airflow/dags/dag_preprocess.py
[2022-12-03 03:23:14,655] {processor.py:641} INFO - Processing file /opt/airflow/dags/dag_preprocess.py for tasks to queue
[2022-12-03 03:23:14,658] {logging_mixin.py:115} INFO - [2022-12-03 03:23:14,657] {dagbag.py:507} INFO - Filling up the DagBag from /opt/airflow/dags/dag_preprocess.py
[2022-12-03 03:23:16,429] {processor.py:651} INFO - DAG(s) dict_keys(['etl_solar']) retrieved from /opt/airflow/dags/dag_preprocess.py
[2022-12-03 03:23:16,519] {logging_mixin.py:115} INFO - [2022-12-03 03:23:16,518] {dag.py:2371} INFO - Sync 1 DAGs
[2022-12-03 03:23:16,608] {logging_mixin.py:115} INFO - [2022-12-03 03:23:16,607] {dag.py:2919} INFO - Setting next_dagrun for etl_solar to 2022-12-03T00:00:00+00:00, run_after=2022-12-04T00:00:00+00:00
[2022-12-03 03:23:16,648] {processor.py:161} INFO - Processing /opt/airflow/dags/dag_preprocess.py took 2.008 seconds
[2022-12-03 03:23:47,399] {processor.py:153} INFO - Started process (PID=100) to work on /opt/airflow/dags/dag_preprocess.py
[2022-12-03 03:23:47,401] {processor.py:641} INFO - Processing file /opt/airflow/dags/dag_preprocess.py for tasks to queue
[2022-12-03 03:23:47,404] {logging_mixin.py:115} INFO - [2022-12-03 03:23:47,403] {dagbag.py:507} INFO - Filling up the DagBag from /opt/airflow/dags/dag_preprocess.py
[2022-12-03 03:23:49,157] {processor.py:651} INFO - DAG(s) dict_keys(['etl_solar']) retrieved from /opt/airflow/dags/dag_preprocess.py
[2022-12-03 03:23:49,249] {logging_mixin.py:115} INFO - [2022-12-03 03:23:49,248] {dag.py:2371} INFO - Sync 1 DAGs
[2022-12-03 03:23:49,339] {logging_mixin.py:115} INFO - [2022-12-03 03:23:49,339] {dag.py:2919} INFO - Setting next_dagrun for etl_solar to 2022-12-03T00:00:00+00:00, run_after=2022-12-04T00:00:00+00:00
[2022-12-03 03:23:49,380] {processor.py:161} INFO - Processing /opt/airflow/dags/dag_preprocess.py took 1.993 seconds
[2022-12-03 03:24:19,972] {processor.py:153} INFO - Started process (PID=107) to work on /opt/airflow/dags/dag_preprocess.py
[2022-12-03 03:24:19,974] {processor.py:641} INFO - Processing file /opt/airflow/dags/dag_preprocess.py for tasks to queue
[2022-12-03 03:24:19,978] {logging_mixin.py:115} INFO - [2022-12-03 03:24:19,978] {dagbag.py:507} INFO - Filling up the DagBag from /opt/airflow/dags/dag_preprocess.py
[2022-12-03 03:24:21,793] {processor.py:651} INFO - DAG(s) dict_keys(['etl_solar']) retrieved from /opt/airflow/dags/dag_preprocess.py
[2022-12-03 03:24:21,900] {logging_mixin.py:115} INFO - [2022-12-03 03:24:21,899] {dag.py:2371} INFO - Sync 1 DAGs
[2022-12-03 03:24:22,007] {logging_mixin.py:115} INFO - [2022-12-03 03:24:22,007] {dag.py:2919} INFO - Setting next_dagrun for etl_solar to 2022-12-03T00:00:00+00:00, run_after=2022-12-04T00:00:00+00:00
[2022-12-03 03:24:22,055] {processor.py:161} INFO - Processing /opt/airflow/dags/dag_preprocess.py took 2.104 seconds
[2022-12-03 03:24:52,737] {processor.py:153} INFO - Started process (PID=114) to work on /opt/airflow/dags/dag_preprocess.py
[2022-12-03 03:24:52,740] {processor.py:641} INFO - Processing file /opt/airflow/dags/dag_preprocess.py for tasks to queue
[2022-12-03 03:24:52,743] {logging_mixin.py:115} INFO - [2022-12-03 03:24:52,743] {dagbag.py:507} INFO - Filling up the DagBag from /opt/airflow/dags/dag_preprocess.py
[2022-12-03 03:24:54,473] {processor.py:651} INFO - DAG(s) dict_keys(['etl_solar']) retrieved from /opt/airflow/dags/dag_preprocess.py
[2022-12-03 03:24:54,575] {logging_mixin.py:115} INFO - [2022-12-03 03:24:54,574] {dag.py:2371} INFO - Sync 1 DAGs
[2022-12-03 03:24:54,669] {logging_mixin.py:115} INFO - [2022-12-03 03:24:54,669] {dag.py:2919} INFO - Setting next_dagrun for etl_solar to 2022-12-03T00:00:00+00:00, run_after=2022-12-04T00:00:00+00:00
[2022-12-03 03:24:54,719] {processor.py:161} INFO - Processing /opt/airflow/dags/dag_preprocess.py took 1.992 seconds
[2022-12-03 03:25:25,006] {processor.py:153} INFO - Started process (PID=121) to work on /opt/airflow/dags/dag_preprocess.py
[2022-12-03 03:25:25,009] {processor.py:641} INFO - Processing file /opt/airflow/dags/dag_preprocess.py for tasks to queue
[2022-12-03 03:25:25,012] {logging_mixin.py:115} INFO - [2022-12-03 03:25:25,011] {dagbag.py:507} INFO - Filling up the DagBag from /opt/airflow/dags/dag_preprocess.py
[2022-12-03 03:25:26,795] {processor.py:651} INFO - DAG(s) dict_keys(['etl_solar']) retrieved from /opt/airflow/dags/dag_preprocess.py
[2022-12-03 03:25:26,897] {logging_mixin.py:115} INFO - [2022-12-03 03:25:26,896] {dag.py:2371} INFO - Sync 1 DAGs
[2022-12-03 03:25:27,039] {logging_mixin.py:115} INFO - [2022-12-03 03:25:27,039] {dag.py:2919} INFO - Setting next_dagrun for etl_solar to 2022-12-03T00:00:00+00:00, run_after=2022-12-04T00:00:00+00:00
[2022-12-03 03:25:27,088] {processor.py:161} INFO - Processing /opt/airflow/dags/dag_preprocess.py took 2.096 seconds
[2022-12-03 03:25:57,664] {processor.py:153} INFO - Started process (PID=128) to work on /opt/airflow/dags/dag_preprocess.py
[2022-12-03 03:25:57,666] {processor.py:641} INFO - Processing file /opt/airflow/dags/dag_preprocess.py for tasks to queue
[2022-12-03 03:25:57,669] {logging_mixin.py:115} INFO - [2022-12-03 03:25:57,669] {dagbag.py:507} INFO - Filling up the DagBag from /opt/airflow/dags/dag_preprocess.py
[2022-12-03 03:25:59,474] {processor.py:651} INFO - DAG(s) dict_keys(['etl_solar']) retrieved from /opt/airflow/dags/dag_preprocess.py
[2022-12-03 03:25:59,579] {logging_mixin.py:115} INFO - [2022-12-03 03:25:59,578] {dag.py:2371} INFO - Sync 1 DAGs
[2022-12-03 03:25:59,694] {logging_mixin.py:115} INFO - [2022-12-03 03:25:59,693] {dag.py:2919} INFO - Setting next_dagrun for etl_solar to 2022-12-03T00:00:00+00:00, run_after=2022-12-04T00:00:00+00:00
[2022-12-03 03:25:59,737] {processor.py:161} INFO - Processing /opt/airflow/dags/dag_preprocess.py took 2.085 seconds
[2022-12-03 03:26:30,130] {processor.py:153} INFO - Started process (PID=135) to work on /opt/airflow/dags/dag_preprocess.py
[2022-12-03 03:26:30,133] {processor.py:641} INFO - Processing file /opt/airflow/dags/dag_preprocess.py for tasks to queue
[2022-12-03 03:26:30,135] {logging_mixin.py:115} INFO - [2022-12-03 03:26:30,135] {dagbag.py:507} INFO - Filling up the DagBag from /opt/airflow/dags/dag_preprocess.py
[2022-12-03 03:26:31,878] {processor.py:651} INFO - DAG(s) dict_keys(['etl_solar']) retrieved from /opt/airflow/dags/dag_preprocess.py
[2022-12-03 03:26:31,976] {logging_mixin.py:115} INFO - [2022-12-03 03:26:31,975] {dag.py:2371} INFO - Sync 1 DAGs
[2022-12-03 03:26:32,068] {logging_mixin.py:115} INFO - [2022-12-03 03:26:32,068] {dag.py:2919} INFO - Setting next_dagrun for etl_solar to 2022-12-03T00:00:00+00:00, run_after=2022-12-04T00:00:00+00:00
[2022-12-03 03:26:32,113] {processor.py:161} INFO - Processing /opt/airflow/dags/dag_preprocess.py took 1.995 seconds
[2022-12-03 03:27:02,448] {processor.py:153} INFO - Started process (PID=142) to work on /opt/airflow/dags/dag_preprocess.py
[2022-12-03 03:27:02,451] {processor.py:641} INFO - Processing file /opt/airflow/dags/dag_preprocess.py for tasks to queue
[2022-12-03 03:27:02,454] {logging_mixin.py:115} INFO - [2022-12-03 03:27:02,453] {dagbag.py:507} INFO - Filling up the DagBag from /opt/airflow/dags/dag_preprocess.py
[2022-12-03 03:27:04,308] {processor.py:651} INFO - DAG(s) dict_keys(['etl_solar']) retrieved from /opt/airflow/dags/dag_preprocess.py
[2022-12-03 03:27:04,409] {logging_mixin.py:115} INFO - [2022-12-03 03:27:04,408] {dag.py:2371} INFO - Sync 1 DAGs
[2022-12-03 03:27:04,506] {logging_mixin.py:115} INFO - [2022-12-03 03:27:04,505] {dag.py:2919} INFO - Setting next_dagrun for etl_solar to 2022-12-03T00:00:00+00:00, run_after=2022-12-04T00:00:00+00:00
[2022-12-03 03:27:04,548] {processor.py:161} INFO - Processing /opt/airflow/dags/dag_preprocess.py took 2.113 seconds
[2022-12-03 03:27:35,139] {processor.py:153} INFO - Started process (PID=149) to work on /opt/airflow/dags/dag_preprocess.py
[2022-12-03 03:27:35,142] {processor.py:641} INFO - Processing file /opt/airflow/dags/dag_preprocess.py for tasks to queue
[2022-12-03 03:27:35,145] {logging_mixin.py:115} INFO - [2022-12-03 03:27:35,144] {dagbag.py:507} INFO - Filling up the DagBag from /opt/airflow/dags/dag_preprocess.py
[2022-12-03 03:27:36,831] {processor.py:651} INFO - DAG(s) dict_keys(['etl_solar']) retrieved from /opt/airflow/dags/dag_preprocess.py
[2022-12-03 03:27:36,942] {logging_mixin.py:115} INFO - [2022-12-03 03:27:36,941] {dag.py:2371} INFO - Sync 1 DAGs
[2022-12-03 03:27:37,058] {logging_mixin.py:115} INFO - [2022-12-03 03:27:37,058] {dag.py:2919} INFO - Setting next_dagrun for etl_solar to 2022-12-03T00:00:00+00:00, run_after=2022-12-04T00:00:00+00:00
[2022-12-03 03:27:37,101] {processor.py:161} INFO - Processing /opt/airflow/dags/dag_preprocess.py took 1.974 seconds
[2022-12-03 03:28:07,692] {processor.py:153} INFO - Started process (PID=156) to work on /opt/airflow/dags/dag_preprocess.py
[2022-12-03 03:28:07,695] {processor.py:641} INFO - Processing file /opt/airflow/dags/dag_preprocess.py for tasks to queue
[2022-12-03 03:28:07,698] {logging_mixin.py:115} INFO - [2022-12-03 03:28:07,697] {dagbag.py:507} INFO - Filling up the DagBag from /opt/airflow/dags/dag_preprocess.py
[2022-12-03 03:28:09,357] {processor.py:651} INFO - DAG(s) dict_keys(['etl_solar']) retrieved from /opt/airflow/dags/dag_preprocess.py
[2022-12-03 03:28:09,450] {logging_mixin.py:115} INFO - [2022-12-03 03:28:09,449] {dag.py:2371} INFO - Sync 1 DAGs
[2022-12-03 03:28:09,540] {logging_mixin.py:115} INFO - [2022-12-03 03:28:09,540] {dag.py:2919} INFO - Setting next_dagrun for etl_solar to 2022-12-03T00:00:00+00:00, run_after=2022-12-04T00:00:00+00:00
[2022-12-03 03:28:09,588] {processor.py:161} INFO - Processing /opt/airflow/dags/dag_preprocess.py took 1.907 seconds
[2022-12-03 03:28:39,855] {processor.py:153} INFO - Started process (PID=163) to work on /opt/airflow/dags/dag_preprocess.py
[2022-12-03 03:28:39,858] {processor.py:641} INFO - Processing file /opt/airflow/dags/dag_preprocess.py for tasks to queue
[2022-12-03 03:28:39,861] {logging_mixin.py:115} INFO - [2022-12-03 03:28:39,861] {dagbag.py:507} INFO - Filling up the DagBag from /opt/airflow/dags/dag_preprocess.py
[2022-12-03 03:28:41,659] {processor.py:651} INFO - DAG(s) dict_keys(['etl_solar']) retrieved from /opt/airflow/dags/dag_preprocess.py
[2022-12-03 03:28:41,755] {logging_mixin.py:115} INFO - [2022-12-03 03:28:41,754] {dag.py:2371} INFO - Sync 1 DAGs
[2022-12-03 03:28:41,860] {logging_mixin.py:115} INFO - [2022-12-03 03:28:41,860] {dag.py:2919} INFO - Setting next_dagrun for etl_solar to 2022-12-03T00:00:00+00:00, run_after=2022-12-04T00:00:00+00:00
[2022-12-03 03:28:41,906] {processor.py:161} INFO - Processing /opt/airflow/dags/dag_preprocess.py took 2.062 seconds
[2022-12-03 03:29:12,442] {processor.py:153} INFO - Started process (PID=170) to work on /opt/airflow/dags/dag_preprocess.py
[2022-12-03 03:29:12,445] {processor.py:641} INFO - Processing file /opt/airflow/dags/dag_preprocess.py for tasks to queue
[2022-12-03 03:29:12,448] {logging_mixin.py:115} INFO - [2022-12-03 03:29:12,447] {dagbag.py:507} INFO - Filling up the DagBag from /opt/airflow/dags/dag_preprocess.py
[2022-12-03 03:29:14,179] {processor.py:651} INFO - DAG(s) dict_keys(['etl_solar']) retrieved from /opt/airflow/dags/dag_preprocess.py
[2022-12-03 03:29:14,300] {logging_mixin.py:115} INFO - [2022-12-03 03:29:14,299] {dag.py:2371} INFO - Sync 1 DAGs
[2022-12-03 03:29:14,398] {logging_mixin.py:115} INFO - [2022-12-03 03:29:14,398] {dag.py:2919} INFO - Setting next_dagrun for etl_solar to 2022-12-03T00:00:00+00:00, run_after=2022-12-04T00:00:00+00:00
[2022-12-03 03:29:14,439] {processor.py:161} INFO - Processing /opt/airflow/dags/dag_preprocess.py took 2.005 seconds
[2022-12-03 03:29:44,569] {processor.py:153} INFO - Started process (PID=178) to work on /opt/airflow/dags/dag_preprocess.py
[2022-12-03 03:29:44,571] {processor.py:641} INFO - Processing file /opt/airflow/dags/dag_preprocess.py for tasks to queue
[2022-12-03 03:29:44,574] {logging_mixin.py:115} INFO - [2022-12-03 03:29:44,574] {dagbag.py:507} INFO - Filling up the DagBag from /opt/airflow/dags/dag_preprocess.py
[2022-12-03 03:29:46,462] {processor.py:651} INFO - DAG(s) dict_keys(['etl_solar']) retrieved from /opt/airflow/dags/dag_preprocess.py
[2022-12-03 03:29:46,566] {logging_mixin.py:115} INFO - [2022-12-03 03:29:46,565] {dag.py:2371} INFO - Sync 1 DAGs
[2022-12-03 03:29:46,665] {logging_mixin.py:115} INFO - [2022-12-03 03:29:46,664] {dag.py:2919} INFO - Setting next_dagrun for etl_solar to 2022-12-03T00:00:00+00:00, run_after=2022-12-04T00:00:00+00:00
[2022-12-03 03:29:46,706] {processor.py:161} INFO - Processing /opt/airflow/dags/dag_preprocess.py took 2.150 seconds
[2022-12-03 03:30:17,317] {processor.py:153} INFO - Started process (PID=185) to work on /opt/airflow/dags/dag_preprocess.py
[2022-12-03 03:30:17,320] {processor.py:641} INFO - Processing file /opt/airflow/dags/dag_preprocess.py for tasks to queue
[2022-12-03 03:30:17,323] {logging_mixin.py:115} INFO - [2022-12-03 03:30:17,322] {dagbag.py:507} INFO - Filling up the DagBag from /opt/airflow/dags/dag_preprocess.py
[2022-12-03 03:30:19,013] {processor.py:651} INFO - DAG(s) dict_keys(['etl_solar']) retrieved from /opt/airflow/dags/dag_preprocess.py
[2022-12-03 03:30:19,105] {logging_mixin.py:115} INFO - [2022-12-03 03:30:19,104] {dag.py:2371} INFO - Sync 1 DAGs
[2022-12-03 03:30:19,196] {logging_mixin.py:115} INFO - [2022-12-03 03:30:19,196] {dag.py:2919} INFO - Setting next_dagrun for etl_solar to 2022-12-03T00:00:00+00:00, run_after=2022-12-04T00:00:00+00:00
[2022-12-03 03:30:19,241] {processor.py:161} INFO - Processing /opt/airflow/dags/dag_preprocess.py took 1.935 seconds
[2022-12-03 03:30:49,755] {processor.py:153} INFO - Started process (PID=192) to work on /opt/airflow/dags/dag_preprocess.py
[2022-12-03 03:30:49,758] {processor.py:641} INFO - Processing file /opt/airflow/dags/dag_preprocess.py for tasks to queue
[2022-12-03 03:30:49,765] {logging_mixin.py:115} INFO - [2022-12-03 03:30:49,764] {dagbag.py:507} INFO - Filling up the DagBag from /opt/airflow/dags/dag_preprocess.py
[2022-12-03 03:30:51,506] {processor.py:651} INFO - DAG(s) dict_keys(['etl_solar']) retrieved from /opt/airflow/dags/dag_preprocess.py
[2022-12-03 03:30:51,599] {logging_mixin.py:115} INFO - [2022-12-03 03:30:51,599] {dag.py:2371} INFO - Sync 1 DAGs
[2022-12-03 03:30:51,692] {logging_mixin.py:115} INFO - [2022-12-03 03:30:51,692] {dag.py:2919} INFO - Setting next_dagrun for etl_solar to 2022-12-03T00:00:00+00:00, run_after=2022-12-04T00:00:00+00:00
[2022-12-03 03:30:51,737] {processor.py:161} INFO - Processing /opt/airflow/dags/dag_preprocess.py took 1.994 seconds
[2022-12-03 03:31:21,862] {processor.py:153} INFO - Started process (PID=199) to work on /opt/airflow/dags/dag_preprocess.py
[2022-12-03 03:31:21,865] {processor.py:641} INFO - Processing file /opt/airflow/dags/dag_preprocess.py for tasks to queue
[2022-12-03 03:31:21,868] {logging_mixin.py:115} INFO - [2022-12-03 03:31:21,868] {dagbag.py:507} INFO - Filling up the DagBag from /opt/airflow/dags/dag_preprocess.py
[2022-12-03 03:31:23,631] {processor.py:651} INFO - DAG(s) dict_keys(['etl_solar']) retrieved from /opt/airflow/dags/dag_preprocess.py
[2022-12-03 03:31:23,723] {logging_mixin.py:115} INFO - [2022-12-03 03:31:23,722] {dag.py:2371} INFO - Sync 1 DAGs
[2022-12-03 03:31:23,823] {logging_mixin.py:115} INFO - [2022-12-03 03:31:23,822] {dag.py:2919} INFO - Setting next_dagrun for etl_solar to 2022-12-03T00:00:00+00:00, run_after=2022-12-04T00:00:00+00:00
[2022-12-03 03:31:23,870] {processor.py:161} INFO - Processing /opt/airflow/dags/dag_preprocess.py took 2.024 seconds
[2022-12-03 03:31:54,361] {processor.py:153} INFO - Started process (PID=206) to work on /opt/airflow/dags/dag_preprocess.py
[2022-12-03 03:31:54,364] {processor.py:641} INFO - Processing file /opt/airflow/dags/dag_preprocess.py for tasks to queue
[2022-12-03 03:31:54,368] {logging_mixin.py:115} INFO - [2022-12-03 03:31:54,367] {dagbag.py:507} INFO - Filling up the DagBag from /opt/airflow/dags/dag_preprocess.py
[2022-12-03 03:31:56,349] {processor.py:651} INFO - DAG(s) dict_keys(['etl_solar']) retrieved from /opt/airflow/dags/dag_preprocess.py
[2022-12-03 03:31:56,457] {logging_mixin.py:115} INFO - [2022-12-03 03:31:56,456] {dag.py:2371} INFO - Sync 1 DAGs
[2022-12-03 03:31:56,604] {logging_mixin.py:115} INFO - [2022-12-03 03:31:56,604] {dag.py:2919} INFO - Setting next_dagrun for etl_solar to 2022-12-03T00:00:00+00:00, run_after=2022-12-04T00:00:00+00:00
[2022-12-03 03:31:56,655] {processor.py:161} INFO - Processing /opt/airflow/dags/dag_preprocess.py took 2.311 seconds
[2022-12-03 03:32:27,317] {processor.py:153} INFO - Started process (PID=213) to work on /opt/airflow/dags/dag_preprocess.py
[2022-12-03 03:32:27,320] {processor.py:641} INFO - Processing file /opt/airflow/dags/dag_preprocess.py for tasks to queue
[2022-12-03 03:32:27,323] {logging_mixin.py:115} INFO - [2022-12-03 03:32:27,322] {dagbag.py:507} INFO - Filling up the DagBag from /opt/airflow/dags/dag_preprocess.py
[2022-12-03 03:32:29,106] {processor.py:651} INFO - DAG(s) dict_keys(['etl_solar']) retrieved from /opt/airflow/dags/dag_preprocess.py
[2022-12-03 03:32:29,198] {logging_mixin.py:115} INFO - [2022-12-03 03:32:29,197] {dag.py:2371} INFO - Sync 1 DAGs
[2022-12-03 03:32:29,289] {logging_mixin.py:115} INFO - [2022-12-03 03:32:29,289] {dag.py:2919} INFO - Setting next_dagrun for etl_solar to 2022-12-03T00:00:00+00:00, run_after=2022-12-04T00:00:00+00:00
[2022-12-03 03:32:29,334] {processor.py:161} INFO - Processing /opt/airflow/dags/dag_preprocess.py took 2.031 seconds
[2022-12-03 03:32:59,631] {processor.py:153} INFO - Started process (PID=220) to work on /opt/airflow/dags/dag_preprocess.py
[2022-12-03 03:32:59,634] {processor.py:641} INFO - Processing file /opt/airflow/dags/dag_preprocess.py for tasks to queue
[2022-12-03 03:32:59,636] {logging_mixin.py:115} INFO - [2022-12-03 03:32:59,636] {dagbag.py:507} INFO - Filling up the DagBag from /opt/airflow/dags/dag_preprocess.py
[2022-12-03 03:33:01,586] {processor.py:651} INFO - DAG(s) dict_keys(['etl_solar']) retrieved from /opt/airflow/dags/dag_preprocess.py
[2022-12-03 03:33:01,681] {logging_mixin.py:115} INFO - [2022-12-03 03:33:01,680] {dag.py:2371} INFO - Sync 1 DAGs
[2022-12-03 03:33:01,772] {logging_mixin.py:115} INFO - [2022-12-03 03:33:01,771] {dag.py:2919} INFO - Setting next_dagrun for etl_solar to 2022-12-03T00:00:00+00:00, run_after=2022-12-04T00:00:00+00:00
[2022-12-03 03:33:01,817] {processor.py:161} INFO - Processing /opt/airflow/dags/dag_preprocess.py took 2.204 seconds
[2022-12-03 03:33:32,465] {processor.py:153} INFO - Started process (PID=227) to work on /opt/airflow/dags/dag_preprocess.py
[2022-12-03 03:33:32,468] {processor.py:641} INFO - Processing file /opt/airflow/dags/dag_preprocess.py for tasks to queue
[2022-12-03 03:33:32,470] {logging_mixin.py:115} INFO - [2022-12-03 03:33:32,470] {dagbag.py:507} INFO - Filling up the DagBag from /opt/airflow/dags/dag_preprocess.py
[2022-12-03 03:33:34,148] {processor.py:651} INFO - DAG(s) dict_keys(['etl_solar']) retrieved from /opt/airflow/dags/dag_preprocess.py
[2022-12-03 03:33:34,244] {logging_mixin.py:115} INFO - [2022-12-03 03:33:34,243] {dag.py:2371} INFO - Sync 1 DAGs
[2022-12-03 03:33:34,356] {logging_mixin.py:115} INFO - [2022-12-03 03:33:34,356] {dag.py:2919} INFO - Setting next_dagrun for etl_solar to 2022-12-03T00:00:00+00:00, run_after=2022-12-04T00:00:00+00:00
[2022-12-03 03:33:34,398] {processor.py:161} INFO - Processing /opt/airflow/dags/dag_preprocess.py took 1.946 seconds
[2022-12-03 03:34:04,867] {processor.py:153} INFO - Started process (PID=234) to work on /opt/airflow/dags/dag_preprocess.py
[2022-12-03 03:34:04,870] {processor.py:641} INFO - Processing file /opt/airflow/dags/dag_preprocess.py for tasks to queue
[2022-12-03 03:34:04,872] {logging_mixin.py:115} INFO - [2022-12-03 03:34:04,872] {dagbag.py:507} INFO - Filling up the DagBag from /opt/airflow/dags/dag_preprocess.py
[2022-12-03 03:34:06,608] {processor.py:651} INFO - DAG(s) dict_keys(['etl_solar']) retrieved from /opt/airflow/dags/dag_preprocess.py
[2022-12-03 03:34:06,700] {logging_mixin.py:115} INFO - [2022-12-03 03:34:06,699] {dag.py:2371} INFO - Sync 1 DAGs
[2022-12-03 03:34:06,792] {logging_mixin.py:115} INFO - [2022-12-03 03:34:06,792] {dag.py:2919} INFO - Setting next_dagrun for etl_solar to 2022-12-03T00:00:00+00:00, run_after=2022-12-04T00:00:00+00:00
[2022-12-03 03:34:06,834] {processor.py:161} INFO - Processing /opt/airflow/dags/dag_preprocess.py took 1.979 seconds
[2022-12-03 03:34:37,066] {processor.py:153} INFO - Started process (PID=241) to work on /opt/airflow/dags/dag_preprocess.py
[2022-12-03 03:34:37,068] {processor.py:641} INFO - Processing file /opt/airflow/dags/dag_preprocess.py for tasks to queue
[2022-12-03 03:34:37,071] {logging_mixin.py:115} INFO - [2022-12-03 03:34:37,070] {dagbag.py:507} INFO - Filling up the DagBag from /opt/airflow/dags/dag_preprocess.py
[2022-12-03 03:34:38,734] {processor.py:651} INFO - DAG(s) dict_keys(['etl_solar']) retrieved from /opt/airflow/dags/dag_preprocess.py
[2022-12-03 03:34:38,836] {logging_mixin.py:115} INFO - [2022-12-03 03:34:38,835] {dag.py:2371} INFO - Sync 1 DAGs
[2022-12-03 03:34:38,939] {logging_mixin.py:115} INFO - [2022-12-03 03:34:38,939] {dag.py:2919} INFO - Setting next_dagrun for etl_solar to 2022-12-03T00:00:00+00:00, run_after=2022-12-04T00:00:00+00:00
[2022-12-03 03:34:38,990] {processor.py:161} INFO - Processing /opt/airflow/dags/dag_preprocess.py took 1.936 seconds
[2022-12-03 03:35:09,392] {processor.py:153} INFO - Started process (PID=248) to work on /opt/airflow/dags/dag_preprocess.py
[2022-12-03 03:35:09,394] {processor.py:641} INFO - Processing file /opt/airflow/dags/dag_preprocess.py for tasks to queue
[2022-12-03 03:35:09,397] {logging_mixin.py:115} INFO - [2022-12-03 03:35:09,397] {dagbag.py:507} INFO - Filling up the DagBag from /opt/airflow/dags/dag_preprocess.py
[2022-12-03 03:35:11,260] {processor.py:651} INFO - DAG(s) dict_keys(['etl_solar']) retrieved from /opt/airflow/dags/dag_preprocess.py
[2022-12-03 03:35:11,391] {logging_mixin.py:115} INFO - [2022-12-03 03:35:11,390] {dag.py:2371} INFO - Sync 1 DAGs
[2022-12-03 03:35:11,499] {logging_mixin.py:115} INFO - [2022-12-03 03:35:11,499] {dag.py:2919} INFO - Setting next_dagrun for etl_solar to 2022-12-03T00:00:00+00:00, run_after=2022-12-04T00:00:00+00:00
[2022-12-03 03:35:11,545] {processor.py:161} INFO - Processing /opt/airflow/dags/dag_preprocess.py took 2.165 seconds
[2022-12-03 03:35:42,165] {processor.py:153} INFO - Started process (PID=255) to work on /opt/airflow/dags/dag_preprocess.py
[2022-12-03 03:35:42,167] {processor.py:641} INFO - Processing file /opt/airflow/dags/dag_preprocess.py for tasks to queue
[2022-12-03 03:35:42,171] {logging_mixin.py:115} INFO - [2022-12-03 03:35:42,170] {dagbag.py:507} INFO - Filling up the DagBag from /opt/airflow/dags/dag_preprocess.py
[2022-12-03 03:35:44,107] {processor.py:651} INFO - DAG(s) dict_keys(['etl_solar']) retrieved from /opt/airflow/dags/dag_preprocess.py
[2022-12-03 03:35:44,205] {logging_mixin.py:115} INFO - [2022-12-03 03:35:44,204] {dag.py:2371} INFO - Sync 1 DAGs
[2022-12-03 03:35:44,303] {logging_mixin.py:115} INFO - [2022-12-03 03:35:44,303] {dag.py:2919} INFO - Setting next_dagrun for etl_solar to 2022-12-03T00:00:00+00:00, run_after=2022-12-04T00:00:00+00:00
[2022-12-03 03:35:44,360] {processor.py:161} INFO - Processing /opt/airflow/dags/dag_preprocess.py took 2.207 seconds
[2022-12-03 03:36:14,996] {processor.py:153} INFO - Started process (PID=262) to work on /opt/airflow/dags/dag_preprocess.py
[2022-12-03 03:36:14,999] {processor.py:641} INFO - Processing file /opt/airflow/dags/dag_preprocess.py for tasks to queue
[2022-12-03 03:36:15,001] {logging_mixin.py:115} INFO - [2022-12-03 03:36:15,001] {dagbag.py:507} INFO - Filling up the DagBag from /opt/airflow/dags/dag_preprocess.py
[2022-12-03 03:36:16,819] {processor.py:651} INFO - DAG(s) dict_keys(['etl_solar']) retrieved from /opt/airflow/dags/dag_preprocess.py
[2022-12-03 03:36:16,918] {logging_mixin.py:115} INFO - [2022-12-03 03:36:16,917] {dag.py:2371} INFO - Sync 1 DAGs
[2022-12-03 03:36:17,046] {logging_mixin.py:115} INFO - [2022-12-03 03:36:17,045] {dag.py:2919} INFO - Setting next_dagrun for etl_solar to 2022-12-03T00:00:00+00:00, run_after=2022-12-04T00:00:00+00:00
[2022-12-03 03:36:17,096] {processor.py:161} INFO - Processing /opt/airflow/dags/dag_preprocess.py took 2.112 seconds
[2022-12-03 03:36:47,682] {processor.py:153} INFO - Started process (PID=269) to work on /opt/airflow/dags/dag_preprocess.py
[2022-12-03 03:36:47,685] {processor.py:641} INFO - Processing file /opt/airflow/dags/dag_preprocess.py for tasks to queue
[2022-12-03 03:36:47,687] {logging_mixin.py:115} INFO - [2022-12-03 03:36:47,687] {dagbag.py:507} INFO - Filling up the DagBag from /opt/airflow/dags/dag_preprocess.py
[2022-12-03 03:36:49,468] {processor.py:651} INFO - DAG(s) dict_keys(['etl_solar']) retrieved from /opt/airflow/dags/dag_preprocess.py
[2022-12-03 03:36:49,560] {logging_mixin.py:115} INFO - [2022-12-03 03:36:49,559] {dag.py:2371} INFO - Sync 1 DAGs
[2022-12-03 03:36:49,654] {logging_mixin.py:115} INFO - [2022-12-03 03:36:49,654] {dag.py:2919} INFO - Setting next_dagrun for etl_solar to 2022-12-03T00:00:00+00:00, run_after=2022-12-04T00:00:00+00:00
[2022-12-03 03:36:49,703] {processor.py:161} INFO - Processing /opt/airflow/dags/dag_preprocess.py took 2.033 seconds
[2022-12-03 03:37:20,299] {processor.py:153} INFO - Started process (PID=276) to work on /opt/airflow/dags/dag_preprocess.py
[2022-12-03 03:37:20,302] {processor.py:641} INFO - Processing file /opt/airflow/dags/dag_preprocess.py for tasks to queue
[2022-12-03 03:37:20,305] {logging_mixin.py:115} INFO - [2022-12-03 03:37:20,305] {dagbag.py:507} INFO - Filling up the DagBag from /opt/airflow/dags/dag_preprocess.py
[2022-12-03 03:37:22,075] {processor.py:651} INFO - DAG(s) dict_keys(['etl_solar']) retrieved from /opt/airflow/dags/dag_preprocess.py
[2022-12-03 03:37:22,170] {logging_mixin.py:115} INFO - [2022-12-03 03:37:22,170] {dag.py:2371} INFO - Sync 1 DAGs
[2022-12-03 03:37:22,266] {logging_mixin.py:115} INFO - [2022-12-03 03:37:22,265] {dag.py:2919} INFO - Setting next_dagrun for etl_solar to 2022-12-03T00:00:00+00:00, run_after=2022-12-04T00:00:00+00:00
[2022-12-03 03:37:22,311] {processor.py:161} INFO - Processing /opt/airflow/dags/dag_preprocess.py took 2.023 seconds
