[2022-12-11T07:42:49.178+0000] {taskinstance.py:1165} INFO - Dependencies all met for <TaskInstance: etl_solar.checkfiles.check_solar_table manual__2022-12-11T07:42:35.121505+00:00 [queued]>
[2022-12-11T07:42:49.297+0000] {taskinstance.py:1165} INFO - Dependencies all met for <TaskInstance: etl_solar.checkfiles.check_solar_table manual__2022-12-11T07:42:35.121505+00:00 [queued]>
[2022-12-11T07:42:49.299+0000] {taskinstance.py:1362} INFO - 
--------------------------------------------------------------------------------
[2022-12-11T07:42:49.301+0000] {taskinstance.py:1363} INFO - Starting attempt 1 of 1
[2022-12-11T07:42:49.304+0000] {taskinstance.py:1364} INFO - 
--------------------------------------------------------------------------------
[2022-12-11T07:42:49.627+0000] {taskinstance.py:1383} INFO - Executing <Task(MySqlOperator): checkfiles.check_solar_table> on 2022-12-11 07:42:35.121505+00:00
[2022-12-11T07:42:49.716+0000] {standard_task_runner.py:55} INFO - Started process 71 to run task
[2022-12-11T07:42:49.750+0000] {standard_task_runner.py:82} INFO - Running: ['***', 'tasks', 'run', 'etl_solar', 'checkfiles.check_solar_table', 'manual__2022-12-11T07:42:35.121505+00:00', '--job-id', '8', '--raw', '--subdir', 'DAGS_FOLDER/dag_preprocess.py', '--cfg-path', '/tmp/tmpowrk_iyv']
[2022-12-11T07:42:49.785+0000] {standard_task_runner.py:83} INFO - Job 8: Subtask checkfiles.check_solar_table
[2022-12-11T07:42:50.660+0000] {task_command.py:376} INFO - Running <TaskInstance: etl_solar.checkfiles.check_solar_table manual__2022-12-11T07:42:35.121505+00:00 [running]> on host 01c108b234e9
[2022-12-11T07:42:52.412+0000] {taskinstance.py:1592} INFO - Exporting the following env vars:
AIRFLOW_CTX_DAG_OWNER=***
AIRFLOW_CTX_DAG_ID=etl_solar
AIRFLOW_CTX_TASK_ID=checkfiles.check_solar_table
AIRFLOW_CTX_EXECUTION_DATE=2022-12-11T07:42:35.121505+00:00
AIRFLOW_CTX_TRY_NUMBER=1
AIRFLOW_CTX_DAG_RUN_ID=manual__2022-12-11T07:42:35.121505+00:00
[2022-12-11T07:42:52.416+0000] {mysql.py:84} INFO - Executing: 


CREATE TABLE IF NOT EXISTS geography(
                locdate VARCHAR(40),
                location VARCHAR(40),
                updated_date CHAR(10),
                altitudeMeridian VARCHAR(13),
                altitude_09 VARCHAR(20),
                altitude_12 VARCHAR(20),
                altitude_15 VARCHAR(20),
                altitude_18 VARCHAR(20),
                azimuth_09 VARCHAR(20),
                azimuth_12 VARCHAR(20),
                azimuth_15 VARCHAR(20),
                azimuth_18 VARCHAR(20),
                primary key(locdate,location))
[2022-12-11T07:42:53.103+0000] {taskinstance.py:1851} ERROR - Task failed with exception
Traceback (most recent call last):
  File "/home/airflow/.local/lib/python3.7/site-packages/airflow/providers/mysql/operators/mysql.py", line 86, in execute
    hook.run(self.sql, autocommit=self.autocommit, parameters=self.parameters)
  File "/home/airflow/.local/lib/python3.7/site-packages/airflow/providers/common/sql/hooks/sql.py", line 288, in run
    with closing(self.get_conn()) as conn:
  File "/home/airflow/.local/lib/python3.7/site-packages/airflow/providers/mysql/hooks/mysql.py", line 165, in get_conn
    conn = self.connection or self.get_connection(getattr(self, self.conn_name_attr))
  File "/home/airflow/.local/lib/python3.7/site-packages/airflow/hooks/base.py", line 70, in get_connection
    conn = Connection.get_connection_from_secrets(conn_id)
  File "/home/airflow/.local/lib/python3.7/site-packages/airflow/models/connection.py", line 432, in get_connection_from_secrets
    raise AirflowNotFoundException(f"The conn_id `{conn_id}` isn't defined")
airflow.exceptions.AirflowNotFoundException: The conn_id `mysql_solar` isn't defined
[2022-12-11T07:42:53.300+0000] {taskinstance.py:1406} INFO - Marking task as FAILED. dag_id=etl_solar, task_id=checkfiles.check_solar_table, execution_date=20221211T074235, start_date=20221211T074249, end_date=20221211T074253
[2022-12-11T07:42:53.492+0000] {standard_task_runner.py:105} ERROR - Failed to execute job 8 for task checkfiles.check_solar_table (The conn_id `mysql_solar` isn't defined; 71)
[2022-12-11T07:42:53.547+0000] {local_task_job.py:164} INFO - Task exited with return code 1
[2022-12-11T07:42:54.142+0000] {local_task_job.py:273} INFO - 0 downstream tasks scheduled from follow-on schedule check
