[2022-11-22 04:44:24,574] {taskinstance.py:1159} INFO - Dependencies all met for <TaskInstance: etl_solar.load_files.check_input_folder manual__2022-11-22T04:44:09.977342+00:00 [queued]>
[2022-11-22 04:44:24,618] {taskinstance.py:1159} INFO - Dependencies all met for <TaskInstance: etl_solar.load_files.check_input_folder manual__2022-11-22T04:44:09.977342+00:00 [queued]>
[2022-11-22 04:44:24,619] {taskinstance.py:1356} INFO - 
--------------------------------------------------------------------------------
[2022-11-22 04:44:24,620] {taskinstance.py:1357} INFO - Starting attempt 1 of 1
[2022-11-22 04:44:24,621] {taskinstance.py:1358} INFO - 
--------------------------------------------------------------------------------
[2022-11-22 04:44:24,723] {taskinstance.py:1377} INFO - Executing <Task(BashOperator): load_files.check_input_folder> on 2022-11-22 04:44:09.977342+00:00
[2022-11-22 04:44:24,741] {standard_task_runner.py:52} INFO - Started process 217 to run task
[2022-11-22 04:44:24,758] {standard_task_runner.py:79} INFO - Running: ['***', 'tasks', 'run', 'etl_solar', 'load_files.check_input_folder', 'manual__2022-11-22T04:44:09.977342+00:00', '--job-id', '165', '--raw', '--subdir', 'DAGS_FOLDER/dag_preprocess.py', '--cfg-path', '/tmp/tmp5p1mw0n4', '--error-file', '/tmp/tmpughjp12g']
[2022-11-22 04:44:24,762] {standard_task_runner.py:80} INFO - Job 165: Subtask load_files.check_input_folder
[2022-11-22 04:44:25,149] {task_command.py:369} INFO - Running <TaskInstance: etl_solar.load_files.check_input_folder manual__2022-11-22T04:44:09.977342+00:00 [running]> on host 8a647070b091
[2022-11-22 04:44:25,781] {taskinstance.py:1571} INFO - Exporting the following env vars:
AIRFLOW_CTX_DAG_OWNER=***
AIRFLOW_CTX_DAG_ID=etl_solar
AIRFLOW_CTX_TASK_ID=load_files.check_input_folder
AIRFLOW_CTX_EXECUTION_DATE=2022-11-22T04:44:09.977342+00:00
AIRFLOW_CTX_TRY_NUMBER=1
AIRFLOW_CTX_DAG_RUN_ID=manual__2022-11-22T04:44:09.977342+00:00
[2022-11-22 04:44:25,788] {subprocess.py:62} INFO - Tmp dir root location: 
 /tmp
[2022-11-22 04:44:25,806] {subprocess.py:74} INFO - Running command: ['bash', '-c', '/opt/***/make_folder.sh /opt/***/storage/input/2022-11-22']
[2022-11-22 04:44:25,875] {subprocess.py:85} INFO - Output:
[2022-11-22 04:44:25,886] {subprocess.py:92} INFO - bash: line 1: /opt/***/make_folder.sh: No such file or directory
[2022-11-22 04:44:25,887] {subprocess.py:96} INFO - Command exited with return code 127
[2022-11-22 04:44:25,989] {taskinstance.py:1889} ERROR - Task failed with exception
Traceback (most recent call last):
  File "/home/airflow/.local/lib/python3.7/site-packages/airflow/operators/bash.py", line 195, in execute
    f'Bash command failed. The command returned a non-zero exit code {result.exit_code}.'
airflow.exceptions.AirflowException: Bash command failed. The command returned a non-zero exit code 127.
[2022-11-22 04:44:26,022] {taskinstance.py:1400} INFO - Marking task as FAILED. dag_id=etl_solar, task_id=load_files.check_input_folder, execution_date=20221122T044409, start_date=20221122T044424, end_date=20221122T044426
[2022-11-22 04:44:26,094] {standard_task_runner.py:97} ERROR - Failed to execute job 165 for task load_files.check_input_folder (Bash command failed. The command returned a non-zero exit code 127.; 217)
[2022-11-22 04:44:26,159] {local_task_job.py:156} INFO - Task exited with return code 1
[2022-11-22 04:44:26,524] {local_task_job.py:273} INFO - 0 downstream tasks scheduled from follow-on schedule check
