[2022-11-20 11:31:13,838] {taskinstance.py:1159} INFO - Dependencies all met for <TaskInstance: etl_solar.checkfiles.check_weather_table scheduled__2022-11-19T00:00:00+00:00 [queued]>
[2022-11-20 11:31:13,896] {taskinstance.py:1159} INFO - Dependencies all met for <TaskInstance: etl_solar.checkfiles.check_weather_table scheduled__2022-11-19T00:00:00+00:00 [queued]>
[2022-11-20 11:31:13,898] {taskinstance.py:1356} INFO - 
--------------------------------------------------------------------------------
[2022-11-20 11:31:13,899] {taskinstance.py:1357} INFO - Starting attempt 1 of 1
[2022-11-20 11:31:13,900] {taskinstance.py:1358} INFO - 
--------------------------------------------------------------------------------
[2022-11-20 11:31:14,008] {taskinstance.py:1377} INFO - Executing <Task(MySqlOperator): checkfiles.check_weather_table> on 2022-11-19 00:00:00+00:00
[2022-11-20 11:31:14,037] {standard_task_runner.py:52} INFO - Started process 71 to run task
[2022-11-20 11:31:14,071] {standard_task_runner.py:79} INFO - Running: ['***', 'tasks', 'run', 'etl_solar', 'checkfiles.check_weather_table', 'scheduled__2022-11-19T00:00:00+00:00', '--job-id', '5', '--raw', '--subdir', 'DAGS_FOLDER/dag_preprocess.py', '--cfg-path', '/tmp/tmpn3fytd4i', '--error-file', '/tmp/tmpw395sfr0']
[2022-11-20 11:31:14,080] {standard_task_runner.py:80} INFO - Job 5: Subtask checkfiles.check_weather_table
[2022-11-20 11:31:14,215] {warnings.py:110} WARNING - /home/***/.local/lib/python3.7/site-packages/***/configuration.py:470: DeprecationWarning: The sql_alchemy_conn option in [core] has been moved to the sql_alchemy_conn option in [database] - the old setting has been used, but please update your config.
  option = self._get_environment_variables(deprecated_key, deprecated_section, key, section)

[2022-11-20 11:31:14,595] {task_command.py:369} INFO - Running <TaskInstance: etl_solar.checkfiles.check_weather_table scheduled__2022-11-19T00:00:00+00:00 [running]> on host 82103fd5e777
[2022-11-20 11:31:15,280] {taskinstance.py:1571} INFO - Exporting the following env vars:
AIRFLOW_CTX_DAG_OWNER=***
AIRFLOW_CTX_DAG_ID=etl_solar
AIRFLOW_CTX_TASK_ID=checkfiles.check_weather_table
AIRFLOW_CTX_EXECUTION_DATE=2022-11-19T00:00:00+00:00
AIRFLOW_CTX_TRY_NUMBER=1
AIRFLOW_CTX_DAG_RUN_ID=scheduled__2022-11-19T00:00:00+00:00
[2022-11-20 11:31:15,290] {mysql.py:82} INFO - Executing: 
            CREATE TABLE IF NOT EXISTS weather_info(
                locdatetime VARCHAR(40),
                location VARCHAR(40),
                updated_date VARCHAR(13),
                temperature FLOAT,
                precipitation_form FLOAT,
                precipitation_prob FLOAT,
                humidity FLOAT,
                wind_speed FLOAT,
                wind_direction FLOAT,
                cloud FLOAT,
                primary key(locdatetime,location));
                
[2022-11-20 11:31:15,362] {base.py:68} INFO - Using connection ID 'mysql_solar' for task execution.
[2022-11-20 11:31:15,838] {dbapi.py:208} INFO - Running statement: 
            CREATE TABLE IF NOT EXISTS weather_info(
                locdatetime VARCHAR(40),
                location VARCHAR(40),
                updated_date VARCHAR(13),
                temperature FLOAT,
                precipitation_form FLOAT,
                precipitation_prob FLOAT,
                humidity FLOAT,
                wind_speed FLOAT,
                wind_direction FLOAT,
                cloud FLOAT,
                primary key(locdatetime,location));
                , parameters: None
[2022-11-20 11:31:15,972] {dbapi.py:216} INFO - Rows affected: 0
[2022-11-20 11:31:16,178] {taskinstance.py:1400} INFO - Marking task as SUCCESS. dag_id=etl_solar, task_id=checkfiles.check_weather_table, execution_date=20221119T000000, start_date=20221120T113113, end_date=20221120T113116
[2022-11-20 11:31:16,401] {local_task_job.py:156} INFO - Task exited with return code 0
[2022-11-20 11:31:17,173] {local_task_job.py:273} INFO - 1 downstream tasks scheduled from follow-on schedule check
[2022-11-20 11:39:06,075] {taskinstance.py:1159} INFO - Dependencies all met for <TaskInstance: etl_solar.checkfiles.check_weather_table scheduled__2022-11-19T00:00:00+00:00 [queued]>
[2022-11-20 11:39:06,086] {taskinstance.py:1159} INFO - Dependencies all met for <TaskInstance: etl_solar.checkfiles.check_weather_table scheduled__2022-11-19T00:00:00+00:00 [queued]>
[2022-11-20 11:39:06,086] {taskinstance.py:1356} INFO - 
--------------------------------------------------------------------------------
[2022-11-20 11:39:06,087] {taskinstance.py:1357} INFO - Starting attempt 1 of 1
[2022-11-20 11:39:06,087] {taskinstance.py:1358} INFO - 
--------------------------------------------------------------------------------
[2022-11-20 11:39:06,107] {taskinstance.py:1377} INFO - Executing <Task(MySqlOperator): checkfiles.check_weather_table> on 2022-11-19 00:00:00+00:00
[2022-11-20 11:39:06,112] {standard_task_runner.py:52} INFO - Started process 105 to run task
[2022-11-20 11:39:06,117] {standard_task_runner.py:79} INFO - Running: ['***', 'tasks', 'run', 'etl_solar', 'checkfiles.check_weather_table', 'scheduled__2022-11-19T00:00:00+00:00', '--job-id', '17', '--raw', '--subdir', 'DAGS_FOLDER/dag_preprocess.py', '--cfg-path', '/tmp/tmpjo9bl41t', '--error-file', '/tmp/tmpfc3j1joa']
[2022-11-20 11:39:06,118] {standard_task_runner.py:80} INFO - Job 17: Subtask checkfiles.check_weather_table
[2022-11-20 11:39:06,140] {warnings.py:110} WARNING - /home/***/.local/lib/python3.7/site-packages/***/configuration.py:470: DeprecationWarning: The sql_alchemy_conn option in [core] has been moved to the sql_alchemy_conn option in [database] - the old setting has been used, but please update your config.
  option = self._get_environment_variables(deprecated_key, deprecated_section, key, section)

[2022-11-20 11:39:06,192] {task_command.py:369} INFO - Running <TaskInstance: etl_solar.checkfiles.check_weather_table scheduled__2022-11-19T00:00:00+00:00 [running]> on host 82103fd5e777
[2022-11-20 11:39:06,308] {taskinstance.py:1571} INFO - Exporting the following env vars:
AIRFLOW_CTX_DAG_OWNER=***
AIRFLOW_CTX_DAG_ID=etl_solar
AIRFLOW_CTX_TASK_ID=checkfiles.check_weather_table
AIRFLOW_CTX_EXECUTION_DATE=2022-11-19T00:00:00+00:00
AIRFLOW_CTX_TRY_NUMBER=1
AIRFLOW_CTX_DAG_RUN_ID=scheduled__2022-11-19T00:00:00+00:00
[2022-11-20 11:39:06,309] {mysql.py:82} INFO - Executing: 
            CREATE TABLE IF NOT EXISTS weather_info(
                locdatetime VARCHAR(40),
                location VARCHAR(40),
                updated_date VARCHAR(13),
                temperature FLOAT,
                precipitation_form FLOAT,
                precipitation_prob FLOAT,
                humidity FLOAT,
                wind_speed FLOAT,
                wind_direction FLOAT,
                cloud FLOAT,
                primary key(locdatetime,location));
                
[2022-11-20 11:39:06,328] {base.py:68} INFO - Using connection ID 'mysql_solar' for task execution.
[2022-11-20 11:39:06,359] {dbapi.py:208} INFO - Running statement: 
            CREATE TABLE IF NOT EXISTS weather_info(
                locdatetime VARCHAR(40),
                location VARCHAR(40),
                updated_date VARCHAR(13),
                temperature FLOAT,
                precipitation_form FLOAT,
                precipitation_prob FLOAT,
                humidity FLOAT,
                wind_speed FLOAT,
                wind_direction FLOAT,
                cloud FLOAT,
                primary key(locdatetime,location));
                , parameters: None
[2022-11-20 11:39:06,365] {dbapi.py:216} INFO - Rows affected: 0
[2022-11-20 11:39:06,418] {taskinstance.py:1400} INFO - Marking task as SUCCESS. dag_id=etl_solar, task_id=checkfiles.check_weather_table, execution_date=20221119T000000, start_date=20221120T113906, end_date=20221120T113906
[2022-11-20 11:39:06,492] {local_task_job.py:156} INFO - Task exited with return code 0
[2022-11-20 11:39:06,555] {local_task_job.py:273} INFO - 0 downstream tasks scheduled from follow-on schedule check
[2022-11-20 11:44:43,459] {taskinstance.py:1159} INFO - Dependencies all met for <TaskInstance: etl_solar.checkfiles.check_weather_table scheduled__2022-11-19T00:00:00+00:00 [queued]>
[2022-11-20 11:44:43,472] {taskinstance.py:1159} INFO - Dependencies all met for <TaskInstance: etl_solar.checkfiles.check_weather_table scheduled__2022-11-19T00:00:00+00:00 [queued]>
[2022-11-20 11:44:43,473] {taskinstance.py:1356} INFO - 
--------------------------------------------------------------------------------
[2022-11-20 11:44:43,473] {taskinstance.py:1357} INFO - Starting attempt 1 of 1
[2022-11-20 11:44:43,474] {taskinstance.py:1358} INFO - 
--------------------------------------------------------------------------------
[2022-11-20 11:44:43,494] {taskinstance.py:1377} INFO - Executing <Task(MySqlOperator): checkfiles.check_weather_table> on 2022-11-19 00:00:00+00:00
[2022-11-20 11:44:43,499] {standard_task_runner.py:52} INFO - Started process 168 to run task
[2022-11-20 11:44:43,503] {standard_task_runner.py:79} INFO - Running: ['***', 'tasks', 'run', 'etl_solar', 'checkfiles.check_weather_table', 'scheduled__2022-11-19T00:00:00+00:00', '--job-id', '34', '--raw', '--subdir', 'DAGS_FOLDER/dag_preprocess.py', '--cfg-path', '/tmp/tmpmhqattgu', '--error-file', '/tmp/tmpahpmyfj3']
[2022-11-20 11:44:43,505] {standard_task_runner.py:80} INFO - Job 34: Subtask checkfiles.check_weather_table
[2022-11-20 11:44:43,525] {warnings.py:110} WARNING - /home/***/.local/lib/python3.7/site-packages/***/configuration.py:470: DeprecationWarning: The sql_alchemy_conn option in [core] has been moved to the sql_alchemy_conn option in [database] - the old setting has been used, but please update your config.
  option = self._get_environment_variables(deprecated_key, deprecated_section, key, section)

[2022-11-20 11:44:43,587] {task_command.py:369} INFO - Running <TaskInstance: etl_solar.checkfiles.check_weather_table scheduled__2022-11-19T00:00:00+00:00 [running]> on host 82103fd5e777
[2022-11-20 11:44:43,698] {taskinstance.py:1571} INFO - Exporting the following env vars:
AIRFLOW_CTX_DAG_OWNER=***
AIRFLOW_CTX_DAG_ID=etl_solar
AIRFLOW_CTX_TASK_ID=checkfiles.check_weather_table
AIRFLOW_CTX_EXECUTION_DATE=2022-11-19T00:00:00+00:00
AIRFLOW_CTX_TRY_NUMBER=1
AIRFLOW_CTX_DAG_RUN_ID=scheduled__2022-11-19T00:00:00+00:00
[2022-11-20 11:44:43,698] {mysql.py:82} INFO - Executing: 
            CREATE TABLE IF NOT EXISTS weather_info(
                locdatetime VARCHAR(40),
                location VARCHAR(40),
                updated_date VARCHAR(13),
                temperature FLOAT,
                precipitation_form FLOAT,
                precipitation_prob FLOAT,
                humidity FLOAT,
                wind_speed FLOAT,
                wind_direction FLOAT,
                cloud FLOAT,
                primary key(locdatetime,location));
                
[2022-11-20 11:44:43,713] {base.py:68} INFO - Using connection ID 'mysql_solar' for task execution.
[2022-11-20 11:44:43,742] {dbapi.py:208} INFO - Running statement: 
            CREATE TABLE IF NOT EXISTS weather_info(
                locdatetime VARCHAR(40),
                location VARCHAR(40),
                updated_date VARCHAR(13),
                temperature FLOAT,
                precipitation_form FLOAT,
                precipitation_prob FLOAT,
                humidity FLOAT,
                wind_speed FLOAT,
                wind_direction FLOAT,
                cloud FLOAT,
                primary key(locdatetime,location));
                , parameters: None
[2022-11-20 11:44:43,748] {dbapi.py:216} INFO - Rows affected: 0
[2022-11-20 11:44:43,772] {taskinstance.py:1400} INFO - Marking task as SUCCESS. dag_id=etl_solar, task_id=checkfiles.check_weather_table, execution_date=20221119T000000, start_date=20221120T114443, end_date=20221120T114443
[2022-11-20 11:44:43,797] {local_task_job.py:156} INFO - Task exited with return code 0
[2022-11-20 11:44:43,869] {local_task_job.py:273} INFO - 0 downstream tasks scheduled from follow-on schedule check
[2022-11-20 11:49:23,639] {taskinstance.py:1159} INFO - Dependencies all met for <TaskInstance: etl_solar.checkfiles.check_weather_table scheduled__2022-11-19T00:00:00+00:00 [queued]>
[2022-11-20 11:49:23,656] {taskinstance.py:1159} INFO - Dependencies all met for <TaskInstance: etl_solar.checkfiles.check_weather_table scheduled__2022-11-19T00:00:00+00:00 [queued]>
[2022-11-20 11:49:23,656] {taskinstance.py:1356} INFO - 
--------------------------------------------------------------------------------
[2022-11-20 11:49:23,657] {taskinstance.py:1357} INFO - Starting attempt 1 of 1
[2022-11-20 11:49:23,657] {taskinstance.py:1358} INFO - 
--------------------------------------------------------------------------------
[2022-11-20 11:49:23,683] {taskinstance.py:1377} INFO - Executing <Task(MySqlOperator): checkfiles.check_weather_table> on 2022-11-19 00:00:00+00:00
[2022-11-20 11:49:23,689] {standard_task_runner.py:52} INFO - Started process 212 to run task
[2022-11-20 11:49:23,693] {standard_task_runner.py:79} INFO - Running: ['***', 'tasks', 'run', 'etl_solar', 'checkfiles.check_weather_table', 'scheduled__2022-11-19T00:00:00+00:00', '--job-id', '48', '--raw', '--subdir', 'DAGS_FOLDER/dag_preprocess.py', '--cfg-path', '/tmp/tmp69clu2hn', '--error-file', '/tmp/tmp6lvqmsqo']
[2022-11-20 11:49:23,695] {standard_task_runner.py:80} INFO - Job 48: Subtask checkfiles.check_weather_table
[2022-11-20 11:49:23,716] {warnings.py:110} WARNING - /home/***/.local/lib/python3.7/site-packages/***/configuration.py:470: DeprecationWarning: The sql_alchemy_conn option in [core] has been moved to the sql_alchemy_conn option in [database] - the old setting has been used, but please update your config.
  option = self._get_environment_variables(deprecated_key, deprecated_section, key, section)

[2022-11-20 11:49:23,777] {task_command.py:369} INFO - Running <TaskInstance: etl_solar.checkfiles.check_weather_table scheduled__2022-11-19T00:00:00+00:00 [running]> on host 82103fd5e777
[2022-11-20 11:49:23,891] {taskinstance.py:1571} INFO - Exporting the following env vars:
AIRFLOW_CTX_DAG_OWNER=***
AIRFLOW_CTX_DAG_ID=etl_solar
AIRFLOW_CTX_TASK_ID=checkfiles.check_weather_table
AIRFLOW_CTX_EXECUTION_DATE=2022-11-19T00:00:00+00:00
AIRFLOW_CTX_TRY_NUMBER=1
AIRFLOW_CTX_DAG_RUN_ID=scheduled__2022-11-19T00:00:00+00:00
[2022-11-20 11:49:23,892] {mysql.py:82} INFO - Executing: 
            CREATE TABLE IF NOT EXISTS weather_info(
                locdatetime VARCHAR(40),
                location VARCHAR(40),
                updated_date VARCHAR(13),
                temperature FLOAT,
                precipitation_form FLOAT,
                precipitation_prob FLOAT,
                humidity FLOAT,
                wind_speed FLOAT,
                wind_direction FLOAT,
                cloud FLOAT,
                primary key(locdatetime,location));
                
[2022-11-20 11:49:23,905] {base.py:68} INFO - Using connection ID 'mysql_solar' for task execution.
[2022-11-20 11:49:23,936] {dbapi.py:208} INFO - Running statement: 
            CREATE TABLE IF NOT EXISTS weather_info(
                locdatetime VARCHAR(40),
                location VARCHAR(40),
                updated_date VARCHAR(13),
                temperature FLOAT,
                precipitation_form FLOAT,
                precipitation_prob FLOAT,
                humidity FLOAT,
                wind_speed FLOAT,
                wind_direction FLOAT,
                cloud FLOAT,
                primary key(locdatetime,location));
                , parameters: None
[2022-11-20 11:49:23,942] {dbapi.py:216} INFO - Rows affected: 0
[2022-11-20 11:49:24,033] {taskinstance.py:1400} INFO - Marking task as SUCCESS. dag_id=etl_solar, task_id=checkfiles.check_weather_table, execution_date=20221119T000000, start_date=20221120T114923, end_date=20221120T114924
[2022-11-20 11:49:24,106] {local_task_job.py:156} INFO - Task exited with return code 0
[2022-11-20 11:49:24,171] {local_task_job.py:273} INFO - 0 downstream tasks scheduled from follow-on schedule check
[2022-11-20 11:50:55,408] {taskinstance.py:1159} INFO - Dependencies all met for <TaskInstance: etl_solar.checkfiles.check_weather_table scheduled__2022-11-19T00:00:00+00:00 [queued]>
[2022-11-20 11:50:55,420] {taskinstance.py:1159} INFO - Dependencies all met for <TaskInstance: etl_solar.checkfiles.check_weather_table scheduled__2022-11-19T00:00:00+00:00 [queued]>
[2022-11-20 11:50:55,420] {taskinstance.py:1356} INFO - 
--------------------------------------------------------------------------------
[2022-11-20 11:50:55,421] {taskinstance.py:1357} INFO - Starting attempt 1 of 1
[2022-11-20 11:50:55,421] {taskinstance.py:1358} INFO - 
--------------------------------------------------------------------------------
[2022-11-20 11:50:55,440] {taskinstance.py:1377} INFO - Executing <Task(MySqlOperator): checkfiles.check_weather_table> on 2022-11-19 00:00:00+00:00
[2022-11-20 11:50:55,445] {standard_task_runner.py:52} INFO - Started process 253 to run task
[2022-11-20 11:50:55,450] {standard_task_runner.py:79} INFO - Running: ['***', 'tasks', 'run', 'etl_solar', 'checkfiles.check_weather_table', 'scheduled__2022-11-19T00:00:00+00:00', '--job-id', '59', '--raw', '--subdir', 'DAGS_FOLDER/dag_preprocess.py', '--cfg-path', '/tmp/tmpx7__2ntg', '--error-file', '/tmp/tmpnsfkbozc']
[2022-11-20 11:50:55,451] {standard_task_runner.py:80} INFO - Job 59: Subtask checkfiles.check_weather_table
[2022-11-20 11:50:55,470] {warnings.py:110} WARNING - /home/***/.local/lib/python3.7/site-packages/***/configuration.py:470: DeprecationWarning: The sql_alchemy_conn option in [core] has been moved to the sql_alchemy_conn option in [database] - the old setting has been used, but please update your config.
  option = self._get_environment_variables(deprecated_key, deprecated_section, key, section)

[2022-11-20 11:50:55,528] {task_command.py:369} INFO - Running <TaskInstance: etl_solar.checkfiles.check_weather_table scheduled__2022-11-19T00:00:00+00:00 [running]> on host 82103fd5e777
[2022-11-20 11:50:55,648] {taskinstance.py:1571} INFO - Exporting the following env vars:
AIRFLOW_CTX_DAG_OWNER=***
AIRFLOW_CTX_DAG_ID=etl_solar
AIRFLOW_CTX_TASK_ID=checkfiles.check_weather_table
AIRFLOW_CTX_EXECUTION_DATE=2022-11-19T00:00:00+00:00
AIRFLOW_CTX_TRY_NUMBER=1
AIRFLOW_CTX_DAG_RUN_ID=scheduled__2022-11-19T00:00:00+00:00
[2022-11-20 11:50:55,650] {mysql.py:82} INFO - Executing: 
            CREATE TABLE IF NOT EXISTS weather_info(
                locdatetime VARCHAR(40),
                location VARCHAR(40),
                updated_date VARCHAR(13),
                temperature FLOAT,
                precipitation_form FLOAT,
                precipitation_prob FLOAT,
                humidity FLOAT,
                wind_speed FLOAT,
                wind_direction FLOAT,
                cloud FLOAT,
                primary key(locdatetime,location));
                
[2022-11-20 11:50:55,663] {base.py:68} INFO - Using connection ID 'mysql_solar' for task execution.
[2022-11-20 11:50:55,706] {dbapi.py:208} INFO - Running statement: 
            CREATE TABLE IF NOT EXISTS weather_info(
                locdatetime VARCHAR(40),
                location VARCHAR(40),
                updated_date VARCHAR(13),
                temperature FLOAT,
                precipitation_form FLOAT,
                precipitation_prob FLOAT,
                humidity FLOAT,
                wind_speed FLOAT,
                wind_direction FLOAT,
                cloud FLOAT,
                primary key(locdatetime,location));
                , parameters: None
[2022-11-20 11:50:55,712] {dbapi.py:216} INFO - Rows affected: 0
[2022-11-20 11:50:55,845] {taskinstance.py:1400} INFO - Marking task as SUCCESS. dag_id=etl_solar, task_id=checkfiles.check_weather_table, execution_date=20221119T000000, start_date=20221120T115055, end_date=20221120T115055
[2022-11-20 11:50:55,904] {local_task_job.py:156} INFO - Task exited with return code 0
[2022-11-20 11:50:56,014] {local_task_job.py:273} INFO - 1 downstream tasks scheduled from follow-on schedule check
