[2022-11-22 04:50:55,605] {taskinstance.py:1159} INFO - Dependencies all met for <TaskInstance: etl_solar.checkfiles.check_weather_table manual__2022-11-22T04:50:52.227175+00:00 [queued]>
[2022-11-22 04:50:55,650] {taskinstance.py:1159} INFO - Dependencies all met for <TaskInstance: etl_solar.checkfiles.check_weather_table manual__2022-11-22T04:50:52.227175+00:00 [queued]>
[2022-11-22 04:50:55,651] {taskinstance.py:1356} INFO - 
--------------------------------------------------------------------------------
[2022-11-22 04:50:55,652] {taskinstance.py:1357} INFO - Starting attempt 1 of 1
[2022-11-22 04:50:55,653] {taskinstance.py:1358} INFO - 
--------------------------------------------------------------------------------
[2022-11-22 04:50:55,746] {taskinstance.py:1377} INFO - Executing <Task(MySqlOperator): checkfiles.check_weather_table> on 2022-11-22 04:50:52.227175+00:00
[2022-11-22 04:50:55,762] {standard_task_runner.py:52} INFO - Started process 263 to run task
[2022-11-22 04:50:55,775] {standard_task_runner.py:79} INFO - Running: ['***', 'tasks', 'run', 'etl_solar', 'checkfiles.check_weather_table', 'manual__2022-11-22T04:50:52.227175+00:00', '--job-id', '177', '--raw', '--subdir', 'DAGS_FOLDER/dag_preprocess.py', '--cfg-path', '/tmp/tmpsy4y_ouk', '--error-file', '/tmp/tmpbb14ui0t']
[2022-11-22 04:50:55,780] {standard_task_runner.py:80} INFO - Job 177: Subtask checkfiles.check_weather_table
[2022-11-22 04:50:56,017] {task_command.py:369} INFO - Running <TaskInstance: etl_solar.checkfiles.check_weather_table manual__2022-11-22T04:50:52.227175+00:00 [running]> on host 8a647070b091
[2022-11-22 04:50:56,431] {taskinstance.py:1571} INFO - Exporting the following env vars:
AIRFLOW_CTX_DAG_OWNER=***
AIRFLOW_CTX_DAG_ID=etl_solar
AIRFLOW_CTX_TASK_ID=checkfiles.check_weather_table
AIRFLOW_CTX_EXECUTION_DATE=2022-11-22T04:50:52.227175+00:00
AIRFLOW_CTX_TRY_NUMBER=1
AIRFLOW_CTX_DAG_RUN_ID=manual__2022-11-22T04:50:52.227175+00:00
[2022-11-22 04:50:56,437] {mysql.py:82} INFO - Executing: CREATE TABLE IF NOT EXISTS weather_info(
                locdatetime VARCHAR(40),
                location VARCHAR(40),
                updated_date VARCHAR(13),
                temperature FLOAT,
                precipitation_form FLOAT,
                precipitation_prob FLOAT,
                humidity FLOAT,
                wind_speed FLOAT,
                wind_direction FLOAT,
                cloud FLOAT,
                primary key(locdatetime,location))
[2022-11-22 04:50:56,491] {base.py:68} INFO - Using connection ID 'mysql_solar' for task execution.
[2022-11-22 04:50:56,651] {dbapi.py:208} INFO - Running statement: CREATE TABLE IF NOT EXISTS weather_info(
                locdatetime VARCHAR(40),
                location VARCHAR(40),
                updated_date VARCHAR(13),
                temperature FLOAT,
                precipitation_form FLOAT,
                precipitation_prob FLOAT,
                humidity FLOAT,
                wind_speed FLOAT,
                wind_direction FLOAT,
                cloud FLOAT,
                primary key(locdatetime,location)), parameters: None
[2022-11-22 04:50:56,671] {dbapi.py:216} INFO - Rows affected: 0
[2022-11-22 04:50:56,812] {taskinstance.py:1400} INFO - Marking task as SUCCESS. dag_id=etl_solar, task_id=checkfiles.check_weather_table, execution_date=20221122T045052, start_date=20221122T045055, end_date=20221122T045056
[2022-11-22 04:50:56,923] {local_task_job.py:156} INFO - Task exited with return code 0
[2022-11-22 04:50:57,200] {local_task_job.py:273} INFO - 0 downstream tasks scheduled from follow-on schedule check
