[2022-11-22 05:06:25,684] {taskinstance.py:1159} INFO - Dependencies all met for <TaskInstance: etl_solar.load_files.check_input_folder manual__2022-11-22T05:06:13.071295+00:00 [queued]>
[2022-11-22 05:06:25,726] {taskinstance.py:1159} INFO - Dependencies all met for <TaskInstance: etl_solar.load_files.check_input_folder manual__2022-11-22T05:06:13.071295+00:00 [queued]>
[2022-11-22 05:06:25,728] {taskinstance.py:1356} INFO - 
--------------------------------------------------------------------------------
[2022-11-22 05:06:25,730] {taskinstance.py:1357} INFO - Starting attempt 1 of 1
[2022-11-22 05:06:25,731] {taskinstance.py:1358} INFO - 
--------------------------------------------------------------------------------
[2022-11-22 05:06:25,809] {taskinstance.py:1377} INFO - Executing <Task(BashOperator): load_files.check_input_folder> on 2022-11-22 05:06:13.071295+00:00
[2022-11-22 05:06:25,827] {standard_task_runner.py:52} INFO - Started process 438 to run task
[2022-11-22 05:06:25,853] {standard_task_runner.py:79} INFO - Running: ['***', 'tasks', 'run', 'etl_solar', 'load_files.check_input_folder', 'manual__2022-11-22T05:06:13.071295+00:00', '--job-id', '227', '--raw', '--subdir', 'DAGS_FOLDER/dag_preprocess.py', '--cfg-path', '/tmp/tmp6buf7w7n', '--error-file', '/tmp/tmpv6om7vt0']
[2022-11-22 05:06:25,858] {standard_task_runner.py:80} INFO - Job 227: Subtask load_files.check_input_folder
[2022-11-22 05:06:26,349] {task_command.py:369} INFO - Running <TaskInstance: etl_solar.load_files.check_input_folder manual__2022-11-22T05:06:13.071295+00:00 [running]> on host 8a647070b091
[2022-11-22 05:06:26,950] {taskinstance.py:1571} INFO - Exporting the following env vars:
AIRFLOW_CTX_DAG_OWNER=***
AIRFLOW_CTX_DAG_ID=etl_solar
AIRFLOW_CTX_TASK_ID=load_files.check_input_folder
AIRFLOW_CTX_EXECUTION_DATE=2022-11-22T05:06:13.071295+00:00
AIRFLOW_CTX_TRY_NUMBER=1
AIRFLOW_CTX_DAG_RUN_ID=manual__2022-11-22T05:06:13.071295+00:00
[2022-11-22 05:06:26,955] {subprocess.py:62} INFO - Tmp dir root location: 
 /tmp
[2022-11-22 05:06:26,958] {subprocess.py:74} INFO - Running command: ['bash', '-c', '/opt/***/utilities/make_folder.sh /opt/***/storage/input/2022-11-22']
[2022-11-22 05:06:26,999] {subprocess.py:85} INFO - Output:
[2022-11-22 05:06:27,057] {subprocess.py:96} INFO - Command exited with return code 0
[2022-11-22 05:06:27,218] {taskinstance.py:1400} INFO - Marking task as SUCCESS. dag_id=etl_solar, task_id=load_files.check_input_folder, execution_date=20221122T050613, start_date=20221122T050625, end_date=20221122T050627
[2022-11-22 05:06:27,284] {local_task_job.py:156} INFO - Task exited with return code 0
[2022-11-22 05:06:27,586] {local_task_job.py:273} INFO - 0 downstream tasks scheduled from follow-on schedule check
