[2022-12-11T08:27:32.433+0000] {taskinstance.py:1165} INFO - Dependencies all met for <TaskInstance: etl_solar.check_input_status manual__2022-12-11T08:27:12.513573+00:00 [queued]>
[2022-12-11T08:27:32.484+0000] {taskinstance.py:1165} INFO - Dependencies all met for <TaskInstance: etl_solar.check_input_status manual__2022-12-11T08:27:12.513573+00:00 [queued]>
[2022-12-11T08:27:32.485+0000] {taskinstance.py:1362} INFO - 
--------------------------------------------------------------------------------
[2022-12-11T08:27:32.487+0000] {taskinstance.py:1363} INFO - Starting attempt 1 of 1
[2022-12-11T08:27:32.488+0000] {taskinstance.py:1364} INFO - 
--------------------------------------------------------------------------------
[2022-12-11T08:27:32.669+0000] {taskinstance.py:1383} INFO - Executing <Task(BashOperator): check_input_status> on 2022-12-11 08:27:12.513573+00:00
[2022-12-11T08:27:32.704+0000] {standard_task_runner.py:55} INFO - Started process 453 to run task
[2022-12-11T08:27:32.720+0000] {standard_task_runner.py:82} INFO - Running: ['***', 'tasks', 'run', 'etl_solar', 'check_input_status', 'manual__2022-12-11T08:27:12.513573+00:00', '--job-id', '116', '--raw', '--subdir', 'DAGS_FOLDER/dag_preprocess.py', '--cfg-path', '/tmp/tmp789a03my']
[2022-12-11T08:27:32.733+0000] {standard_task_runner.py:83} INFO - Job 116: Subtask check_input_status
[2022-12-11T08:27:33.028+0000] {task_command.py:376} INFO - Running <TaskInstance: etl_solar.check_input_status manual__2022-12-11T08:27:12.513573+00:00 [running]> on host 01c108b234e9
[2022-12-11T08:27:33.400+0000] {taskinstance.py:1592} INFO - Exporting the following env vars:
AIRFLOW_CTX_DAG_OWNER=***
AIRFLOW_CTX_DAG_ID=etl_solar
AIRFLOW_CTX_TASK_ID=check_input_status
AIRFLOW_CTX_EXECUTION_DATE=2022-12-11T08:27:12.513573+00:00
AIRFLOW_CTX_TRY_NUMBER=1
AIRFLOW_CTX_DAG_RUN_ID=manual__2022-12-11T08:27:12.513573+00:00
[2022-12-11T08:27:33.407+0000] {subprocess.py:63} INFO - Tmp dir root location: 
 /tmp
[2022-12-11T08:27:33.411+0000] {subprocess.py:75} INFO - Running command: ['/bin/bash', '-c', "echo 'success'"]
[2022-12-11T08:27:33.449+0000] {subprocess.py:86} INFO - Output:
[2022-12-11T08:27:33.456+0000] {subprocess.py:93} INFO - success
[2022-12-11T08:27:33.464+0000] {subprocess.py:97} INFO - Command exited with return code 0
[2022-12-11T08:27:33.579+0000] {taskinstance.py:1406} INFO - Marking task as SUCCESS. dag_id=etl_solar, task_id=check_input_status, execution_date=20221211T082712, start_date=20221211T082732, end_date=20221211T082733
[2022-12-11T08:27:33.657+0000] {local_task_job.py:164} INFO - Task exited with return code 0
[2022-12-11T08:27:33.836+0000] {local_task_job.py:273} INFO - 1 downstream tasks scheduled from follow-on schedule check
