[2022-11-20 05:59:57,344] {taskinstance.py:877} INFO - Dependencies all met for <TaskInstance: etl_solar.checkfiles.check_solar_table 2022-11-20T05:59:47.238964+00:00 [queued]>
[2022-11-20 05:59:57,576] {taskinstance.py:877} INFO - Dependencies all met for <TaskInstance: etl_solar.checkfiles.check_solar_table 2022-11-20T05:59:47.238964+00:00 [queued]>
[2022-11-20 05:59:57,581] {taskinstance.py:1068} INFO - 
--------------------------------------------------------------------------------
[2022-11-20 05:59:57,582] {taskinstance.py:1069} INFO - Starting attempt 1 of 1
[2022-11-20 05:59:57,583] {taskinstance.py:1070} INFO - 
--------------------------------------------------------------------------------
[2022-11-20 05:59:57,765] {taskinstance.py:1089} INFO - Executing <Task(MySqlOperator): checkfiles.check_solar_table> on 2022-11-20T05:59:47.238964+00:00
[2022-11-20 05:59:57,828] {standard_task_runner.py:52} INFO - Started process 62 to run task
[2022-11-20 05:59:57,880] {standard_task_runner.py:76} INFO - Running: ['airflow', 'tasks', 'run', 'etl_solar', 'checkfiles.check_solar_table', '2022-11-20T05:59:47.238964+00:00', '--job-id', '17', '--pool', 'default_pool', '--raw', '--subdir', 'DAGS_FOLDER/dag_preprocess.py', '--cfg-path', '/tmp/tmpcxemzb39', '--error-file', '/tmp/tmp5xliekmu']
[2022-11-20 05:59:57,883] {standard_task_runner.py:77} INFO - Job 17: Subtask checkfiles.check_solar_table
[2022-11-20 05:59:58,213] {logging_mixin.py:104} INFO - Running <TaskInstance: etl_solar.checkfiles.check_solar_table 2022-11-20T05:59:47.238964+00:00 [running]> on host cc7a6235a592
[2022-11-20 05:59:58,593] {taskinstance.py:1283} INFO - Exporting the following env vars:
AIRFLOW_CTX_DAG_OWNER=airflow
AIRFLOW_CTX_DAG_ID=etl_solar
AIRFLOW_CTX_TASK_ID=checkfiles.check_solar_table
AIRFLOW_CTX_EXECUTION_DATE=2022-11-20T05:59:47.238964+00:00
AIRFLOW_CTX_DAG_RUN_ID=manual__2022-11-20T05:59:47.238964+00:00
[2022-11-20 05:59:58,597] {mysql.py:72} INFO - Executing: 
            CREATE TABLE IF NOT EXISTS geography(
                locdatetime VARCHAR(40),
                location VARCHAR(40),
                updated_date VARCHAR(13),
                temperature FLOAT,
                precipitation_form FLOAT,
                precipitation_prob FLOAT,
                humidity FLOAT,
                wind_speed FLOAT,
                wind_direction FLOAT,
                cloud FLOAT,
                primary key(locdatetime,location));
                
[2022-11-20 05:59:58,721] {taskinstance.py:1482} ERROR - Task failed with exception
Traceback (most recent call last):
  File "/home/airflow/.local/lib/python3.6/site-packages/airflow/models/taskinstance.py", line 1138, in _run_raw_task
    self._prepare_and_execute_task_with_callbacks(context, task)
  File "/home/airflow/.local/lib/python3.6/site-packages/airflow/models/taskinstance.py", line 1311, in _prepare_and_execute_task_with_callbacks
    result = self._execute_task(context, task_copy)
  File "/home/airflow/.local/lib/python3.6/site-packages/airflow/models/taskinstance.py", line 1341, in _execute_task
    result = task_copy.execute(context=context)
  File "/home/airflow/.local/lib/python3.6/site-packages/airflow/providers/mysql/operators/mysql.py", line 74, in execute
    hook.run(self.sql, autocommit=self.autocommit, parameters=self.parameters)
  File "/home/airflow/.local/lib/python3.6/site-packages/airflow/hooks/dbapi.py", line 173, in run
    with closing(self.get_conn()) as conn:
  File "/home/airflow/.local/lib/python3.6/site-packages/airflow/providers/mysql/hooks/mysql.py", line 159, in get_conn
    getattr(self, self.conn_name_attr)
  File "/home/airflow/.local/lib/python3.6/site-packages/airflow/hooks/base.py", line 67, in get_connection
    conn = Connection.get_connection_from_secrets(conn_id)
  File "/home/airflow/.local/lib/python3.6/site-packages/airflow/models/connection.py", line 354, in get_connection_from_secrets
    raise AirflowNotFoundException(f"The conn_id `{conn_id}` isn't defined")
airflow.exceptions.AirflowNotFoundException: The conn_id `mysql_solar` isn't defined
[2022-11-20 05:59:58,747] {taskinstance.py:1532} INFO - Marking task as FAILED. dag_id=etl_solar, task_id=checkfiles.check_solar_table, execution_date=20221120T055947, start_date=20221120T055957, end_date=20221120T055958
[2022-11-20 05:59:59,007] {local_task_job.py:146} INFO - Task exited with return code 1
