[2022-11-22 04:00:28,266] {taskinstance.py:1159} INFO - Dependencies all met for <TaskInstance: etl_solar.checkfiles.check_weather_table manual__2022-11-22T04:00:22.122974+00:00 [queued]>
[2022-11-22 04:00:28,322] {taskinstance.py:1159} INFO - Dependencies all met for <TaskInstance: etl_solar.checkfiles.check_weather_table manual__2022-11-22T04:00:22.122974+00:00 [queued]>
[2022-11-22 04:00:28,323] {taskinstance.py:1356} INFO - 
--------------------------------------------------------------------------------
[2022-11-22 04:00:28,325] {taskinstance.py:1357} INFO - Starting attempt 1 of 1
[2022-11-22 04:00:28,326] {taskinstance.py:1358} INFO - 
--------------------------------------------------------------------------------
[2022-11-22 04:00:28,421] {taskinstance.py:1377} INFO - Executing <Task(MySqlOperator): checkfiles.check_weather_table> on 2022-11-22 04:00:22.122974+00:00
[2022-11-22 04:00:28,439] {standard_task_runner.py:52} INFO - Started process 85 to run task
[2022-11-22 04:00:28,462] {standard_task_runner.py:79} INFO - Running: ['***', 'tasks', 'run', 'etl_solar', 'checkfiles.check_weather_table', 'manual__2022-11-22T04:00:22.122974+00:00', '--job-id', '128', '--raw', '--subdir', 'DAGS_FOLDER/dag_preprocess.py', '--cfg-path', '/tmp/tmp80z5utvc', '--error-file', '/tmp/tmplb3_3pyp']
[2022-11-22 04:00:28,468] {standard_task_runner.py:80} INFO - Job 128: Subtask checkfiles.check_weather_table
[2022-11-22 04:00:28,814] {task_command.py:369} INFO - Running <TaskInstance: etl_solar.checkfiles.check_weather_table manual__2022-11-22T04:00:22.122974+00:00 [running]> on host 8a647070b091
[2022-11-22 04:00:29,258] {taskinstance.py:1571} INFO - Exporting the following env vars:
AIRFLOW_CTX_DAG_OWNER=***
AIRFLOW_CTX_DAG_ID=etl_solar
AIRFLOW_CTX_TASK_ID=checkfiles.check_weather_table
AIRFLOW_CTX_EXECUTION_DATE=2022-11-22T04:00:22.122974+00:00
AIRFLOW_CTX_TRY_NUMBER=1
AIRFLOW_CTX_DAG_RUN_ID=manual__2022-11-22T04:00:22.122974+00:00
[2022-11-22 04:00:29,261] {mysql.py:82} INFO - Executing: CREATE TABLE IF NOT EXISTS weather_info(
                locdatetime VARCHAR(40),
                location VARCHAR(40),
                updated_date VARCHAR(13),
                temperature FLOAT,
                precipitation_form FLOAT,
                precipitation_prob FLOAT,
                humidity FLOAT,
                wind_speed FLOAT,
                wind_direction FLOAT,
                cloud FLOAT,
                primary key(locdatetime,location))
[2022-11-22 04:00:29,308] {base.py:68} INFO - Using connection ID 'mysql_solar' for task execution.
[2022-11-22 04:00:29,443] {dbapi.py:208} INFO - Running statement: CREATE TABLE IF NOT EXISTS weather_info(
                locdatetime VARCHAR(40),
                location VARCHAR(40),
                updated_date VARCHAR(13),
                temperature FLOAT,
                precipitation_form FLOAT,
                precipitation_prob FLOAT,
                humidity FLOAT,
                wind_speed FLOAT,
                wind_direction FLOAT,
                cloud FLOAT,
                primary key(locdatetime,location)), parameters: None
[2022-11-22 04:00:29,464] {dbapi.py:216} INFO - Rows affected: 0
[2022-11-22 04:00:29,629] {taskinstance.py:1400} INFO - Marking task as SUCCESS. dag_id=etl_solar, task_id=checkfiles.check_weather_table, execution_date=20221122T040022, start_date=20221122T040028, end_date=20221122T040029
[2022-11-22 04:00:29,727] {local_task_job.py:156} INFO - Task exited with return code 0
[2022-11-22 04:00:29,926] {local_task_job.py:273} INFO - 0 downstream tasks scheduled from follow-on schedule check
