[2022-11-22 04:59:42,041] {taskinstance.py:1159} INFO - Dependencies all met for <TaskInstance: etl_solar.load_files.check_input_folder manual__2022-11-22T04:59:28.752525+00:00 [queued]>
[2022-11-22 04:59:42,091] {taskinstance.py:1159} INFO - Dependencies all met for <TaskInstance: etl_solar.load_files.check_input_folder manual__2022-11-22T04:59:28.752525+00:00 [queued]>
[2022-11-22 04:59:42,093] {taskinstance.py:1356} INFO - 
--------------------------------------------------------------------------------
[2022-11-22 04:59:42,094] {taskinstance.py:1357} INFO - Starting attempt 1 of 1
[2022-11-22 04:59:42,096] {taskinstance.py:1358} INFO - 
--------------------------------------------------------------------------------
[2022-11-22 04:59:42,156] {taskinstance.py:1377} INFO - Executing <Task(BashOperator): load_files.check_input_folder> on 2022-11-22 04:59:28.752525+00:00
[2022-11-22 04:59:42,169] {standard_task_runner.py:52} INFO - Started process 333 to run task
[2022-11-22 04:59:42,182] {standard_task_runner.py:79} INFO - Running: ['***', 'tasks', 'run', 'etl_solar', 'load_files.check_input_folder', 'manual__2022-11-22T04:59:28.752525+00:00', '--job-id', '197', '--raw', '--subdir', 'DAGS_FOLDER/dag_preprocess.py', '--cfg-path', '/tmp/tmpamde4xzp', '--error-file', '/tmp/tmpu1677qb0']
[2022-11-22 04:59:42,187] {standard_task_runner.py:80} INFO - Job 197: Subtask load_files.check_input_folder
[2022-11-22 04:59:42,486] {task_command.py:369} INFO - Running <TaskInstance: etl_solar.load_files.check_input_folder manual__2022-11-22T04:59:28.752525+00:00 [running]> on host 8a647070b091
[2022-11-22 04:59:42,827] {taskinstance.py:1571} INFO - Exporting the following env vars:
AIRFLOW_CTX_DAG_OWNER=***
AIRFLOW_CTX_DAG_ID=etl_solar
AIRFLOW_CTX_TASK_ID=load_files.check_input_folder
AIRFLOW_CTX_EXECUTION_DATE=2022-11-22T04:59:28.752525+00:00
AIRFLOW_CTX_TRY_NUMBER=1
AIRFLOW_CTX_DAG_RUN_ID=manual__2022-11-22T04:59:28.752525+00:00
[2022-11-22 04:59:42,832] {subprocess.py:62} INFO - Tmp dir root location: 
 /tmp
[2022-11-22 04:59:42,835] {subprocess.py:74} INFO - Running command: ['bash', '-c', '/opt/***/utilities/make_folder.sh /opt/***/storage/input/2022-11-22']
[2022-11-22 04:59:42,869] {subprocess.py:85} INFO - Output:
[2022-11-22 04:59:42,922] {subprocess.py:96} INFO - Command exited with return code 0
[2022-11-22 04:59:43,046] {taskinstance.py:1400} INFO - Marking task as SUCCESS. dag_id=etl_solar, task_id=load_files.check_input_folder, execution_date=20221122T045928, start_date=20221122T045942, end_date=20221122T045943
[2022-11-22 04:59:43,120] {local_task_job.py:156} INFO - Task exited with return code 0
[2022-11-22 04:59:43,316] {local_task_job.py:273} INFO - 2 downstream tasks scheduled from follow-on schedule check
