[2022-12-11T08:20:37.102+0000] {taskinstance.py:1165} INFO - Dependencies all met for <TaskInstance: etl_solar.transform.preprocess_geography manual__2022-12-11T08:19:50.358392+00:00 [queued]>
[2022-12-11T08:20:37.173+0000] {taskinstance.py:1165} INFO - Dependencies all met for <TaskInstance: etl_solar.transform.preprocess_geography manual__2022-12-11T08:19:50.358392+00:00 [queued]>
[2022-12-11T08:20:37.174+0000] {taskinstance.py:1362} INFO - 
--------------------------------------------------------------------------------
[2022-12-11T08:20:37.176+0000] {taskinstance.py:1363} INFO - Starting attempt 1 of 1
[2022-12-11T08:20:37.177+0000] {taskinstance.py:1364} INFO - 
--------------------------------------------------------------------------------
[2022-12-11T08:20:37.273+0000] {taskinstance.py:1383} INFO - Executing <Task(PythonOperator): transform.preprocess_geography> on 2022-12-11 08:19:50.358392+00:00
[2022-12-11T08:20:37.291+0000] {standard_task_runner.py:55} INFO - Started process 314 to run task
[2022-12-11T08:20:37.310+0000] {standard_task_runner.py:82} INFO - Running: ['***', 'tasks', 'run', 'etl_solar', 'transform.preprocess_geography', 'manual__2022-12-11T08:19:50.358392+00:00', '--job-id', '77', '--raw', '--subdir', 'DAGS_FOLDER/dag_preprocess.py', '--cfg-path', '/tmp/tmpw8c3wdcs']
[2022-12-11T08:20:37.322+0000] {standard_task_runner.py:83} INFO - Job 77: Subtask transform.preprocess_geography
[2022-12-11T08:20:37.689+0000] {task_command.py:376} INFO - Running <TaskInstance: etl_solar.transform.preprocess_geography manual__2022-12-11T08:19:50.358392+00:00 [running]> on host 01c108b234e9
[2022-12-11T08:20:38.099+0000] {taskinstance.py:1592} INFO - Exporting the following env vars:
AIRFLOW_CTX_DAG_OWNER=***
AIRFLOW_CTX_DAG_ID=etl_solar
AIRFLOW_CTX_TASK_ID=transform.preprocess_geography
AIRFLOW_CTX_EXECUTION_DATE=2022-12-11T08:19:50.358392+00:00
AIRFLOW_CTX_TRY_NUMBER=1
AIRFLOW_CTX_DAG_RUN_ID=manual__2022-12-11T08:19:50.358392+00:00
[2022-12-11T08:20:38.151+0000] {logging_mixin.py:120} INFO - ['altitudeMeridian', 'altitude_09', 'altitude_12', 'altitude_15', 'altitude_18', 'azimuth_09', 'azimuth_12', 'azimuth_15', 'azimuth_18']
[2022-12-11T08:20:38.210+0000] {python.py:177} INFO - Done. Returned value was: None
[2022-12-11T08:20:38.311+0000] {taskinstance.py:1406} INFO - Marking task as SUCCESS. dag_id=etl_solar, task_id=transform.preprocess_geography, execution_date=20221211T081950, start_date=20221211T082037, end_date=20221211T082038
[2022-12-11T08:20:38.425+0000] {local_task_job.py:164} INFO - Task exited with return code 0
[2022-12-11T08:20:38.583+0000] {local_task_job.py:273} INFO - 0 downstream tasks scheduled from follow-on schedule check
