[2022-11-20 05:59:57,545] {taskinstance.py:877} INFO - Dependencies all met for <TaskInstance: etl_solar.checkfiles.check_energy_1 2022-11-20T05:59:47.238964+00:00 [queued]>
[2022-11-20 05:59:57,628] {taskinstance.py:877} INFO - Dependencies all met for <TaskInstance: etl_solar.checkfiles.check_energy_1 2022-11-20T05:59:47.238964+00:00 [queued]>
[2022-11-20 05:59:57,633] {taskinstance.py:1068} INFO - 
--------------------------------------------------------------------------------
[2022-11-20 05:59:57,634] {taskinstance.py:1069} INFO - Starting attempt 1 of 1
[2022-11-20 05:59:57,635] {taskinstance.py:1070} INFO - 
--------------------------------------------------------------------------------
[2022-11-20 05:59:57,714] {taskinstance.py:1089} INFO - Executing <Task(BashOperator): checkfiles.check_energy_1> on 2022-11-20T05:59:47.238964+00:00
[2022-11-20 05:59:57,730] {standard_task_runner.py:52} INFO - Started process 61 to run task
[2022-11-20 05:59:57,770] {standard_task_runner.py:76} INFO - Running: ['airflow', 'tasks', 'run', 'etl_solar', 'checkfiles.check_energy_1', '2022-11-20T05:59:47.238964+00:00', '--job-id', '19', '--pool', 'default_pool', '--raw', '--subdir', 'DAGS_FOLDER/dag_preprocess.py', '--cfg-path', '/tmp/tmpylsge1xl', '--error-file', '/tmp/tmpii5qcib9']
[2022-11-20 05:59:57,775] {standard_task_runner.py:77} INFO - Job 19: Subtask checkfiles.check_energy_1
[2022-11-20 05:59:58,092] {logging_mixin.py:104} INFO - Running <TaskInstance: etl_solar.checkfiles.check_energy_1 2022-11-20T05:59:47.238964+00:00 [running]> on host cc7a6235a592
[2022-11-20 05:59:58,413] {taskinstance.py:1283} INFO - Exporting the following env vars:
AIRFLOW_CTX_DAG_OWNER=airflow
AIRFLOW_CTX_DAG_ID=etl_solar
AIRFLOW_CTX_TASK_ID=checkfiles.check_energy_1
AIRFLOW_CTX_EXECUTION_DATE=2022-11-20T05:59:47.238964+00:00
AIRFLOW_CTX_DAG_RUN_ID=manual__2022-11-20T05:59:47.238964+00:00
[2022-11-20 05:59:58,424] {bash.py:135} INFO - Tmp dir root location: 
 /tmp
[2022-11-20 05:59:58,433] {bash.py:158} INFO - Running command: sleep 10
[2022-11-20 05:59:58,490] {bash.py:169} INFO - Output:
[2022-11-20 06:00:08,499] {bash.py:177} INFO - Command exited with return code 0
[2022-11-20 06:00:08,617] {taskinstance.py:1192} INFO - Marking task as SUCCESS. dag_id=etl_solar, task_id=checkfiles.check_energy_1, execution_date=20221120T055947, start_date=20221120T055957, end_date=20221120T060008
[2022-11-20 06:00:08,745] {taskinstance.py:1246} INFO - 0 downstream tasks scheduled from follow-on schedule check
[2022-11-20 06:00:08,799] {local_task_job.py:146} INFO - Task exited with return code 0
