[2022-12-09 10:35:45,409] {taskinstance.py:1159} INFO - Dependencies all met for <TaskInstance: etl_solar.checkfiles.check_energy_file_1 scheduled__2022-12-08T00:00:00+00:00 [queued]>
[2022-12-09 10:35:45,476] {taskinstance.py:1159} INFO - Dependencies all met for <TaskInstance: etl_solar.checkfiles.check_energy_file_1 scheduled__2022-12-08T00:00:00+00:00 [queued]>
[2022-12-09 10:35:45,478] {taskinstance.py:1356} INFO - 
--------------------------------------------------------------------------------
[2022-12-09 10:35:45,484] {taskinstance.py:1357} INFO - Starting attempt 1 of 1
[2022-12-09 10:35:45,491] {taskinstance.py:1358} INFO - 
--------------------------------------------------------------------------------
[2022-12-09 10:35:45,580] {taskinstance.py:1377} INFO - Executing <Task(BashOperator): checkfiles.check_energy_file_1> on 2022-12-08 00:00:00+00:00
[2022-12-09 10:35:45,606] {standard_task_runner.py:52} INFO - Started process 66 to run task
[2022-12-09 10:35:45,625] {standard_task_runner.py:79} INFO - Running: ['***', 'tasks', 'run', 'etl_solar', 'checkfiles.check_energy_file_1', 'scheduled__2022-12-08T00:00:00+00:00', '--job-id', '5', '--raw', '--subdir', 'DAGS_FOLDER/dag_preprocess.py', '--cfg-path', '/tmp/tmp6sv0h2du', '--error-file', '/tmp/tmpp7cd03zy']
[2022-12-09 10:35:45,630] {standard_task_runner.py:80} INFO - Job 5: Subtask checkfiles.check_energy_file_1
[2022-12-09 10:35:45,718] {warnings.py:110} WARNING - /home/***/.local/lib/python3.7/site-packages/***/configuration.py:470: DeprecationWarning: The sql_alchemy_conn option in [core] has been moved to the sql_alchemy_conn option in [database] - the old setting has been used, but please update your config.
  option = self._get_environment_variables(deprecated_key, deprecated_section, key, section)

[2022-12-09 10:35:46,035] {task_command.py:369} INFO - Running <TaskInstance: etl_solar.checkfiles.check_energy_file_1 scheduled__2022-12-08T00:00:00+00:00 [running]> on host 4d9af2ba34e6
[2022-12-09 10:35:46,462] {taskinstance.py:1571} INFO - Exporting the following env vars:
AIRFLOW_CTX_DAG_OWNER=***
AIRFLOW_CTX_DAG_ID=etl_solar
AIRFLOW_CTX_TASK_ID=checkfiles.check_energy_file_1
AIRFLOW_CTX_EXECUTION_DATE=2022-12-08T00:00:00+00:00
AIRFLOW_CTX_TRY_NUMBER=1
AIRFLOW_CTX_DAG_RUN_ID=scheduled__2022-12-08T00:00:00+00:00
[2022-12-09 10:35:46,467] {subprocess.py:62} INFO - Tmp dir root location: 
 /tmp
[2022-12-09 10:35:46,470] {subprocess.py:74} INFO - Running command: ['bash', '-c', '/opt/***/utilities/check_file.sh /opt/***/utilities/storage/energy_1.csv']
[2022-12-09 10:35:46,506] {subprocess.py:85} INFO - Output:
[2022-12-09 10:35:46,533] {subprocess.py:92} INFO - File /opt/***/utilities/storage/energy_1.csv does not exist
[2022-12-09 10:35:46,536] {subprocess.py:96} INFO - Command exited with return code 0
[2022-12-09 10:35:46,805] {taskinstance.py:1400} INFO - Marking task as SUCCESS. dag_id=etl_solar, task_id=checkfiles.check_energy_file_1, execution_date=20221208T000000, start_date=20221209T103545, end_date=20221209T103546
[2022-12-09 10:35:46,896] {local_task_job.py:156} INFO - Task exited with return code 0
[2022-12-09 10:35:47,168] {local_task_job.py:273} INFO - 0 downstream tasks scheduled from follow-on schedule check
[2022-12-09 10:40:59,619] {taskinstance.py:1159} INFO - Dependencies all met for <TaskInstance: etl_solar.checkfiles.check_energy_file_1 scheduled__2022-12-08T00:00:00+00:00 [queued]>
[2022-12-09 10:40:59,670] {taskinstance.py:1159} INFO - Dependencies all met for <TaskInstance: etl_solar.checkfiles.check_energy_file_1 scheduled__2022-12-08T00:00:00+00:00 [queued]>
[2022-12-09 10:40:59,671] {taskinstance.py:1356} INFO - 
--------------------------------------------------------------------------------
[2022-12-09 10:40:59,682] {taskinstance.py:1357} INFO - Starting attempt 1 of 1
[2022-12-09 10:40:59,683] {taskinstance.py:1358} INFO - 
--------------------------------------------------------------------------------
[2022-12-09 10:40:59,774] {taskinstance.py:1377} INFO - Executing <Task(BashOperator): checkfiles.check_energy_file_1> on 2022-12-08 00:00:00+00:00
[2022-12-09 10:40:59,787] {standard_task_runner.py:52} INFO - Started process 111 to run task
[2022-12-09 10:40:59,801] {standard_task_runner.py:79} INFO - Running: ['***', 'tasks', 'run', 'etl_solar', 'checkfiles.check_energy_file_1', 'scheduled__2022-12-08T00:00:00+00:00', '--job-id', '18', '--raw', '--subdir', 'DAGS_FOLDER/dag_preprocess.py', '--cfg-path', '/tmp/tmpuc654koq', '--error-file', '/tmp/tmpv6xfh0zb']
[2022-12-09 10:40:59,805] {standard_task_runner.py:80} INFO - Job 18: Subtask checkfiles.check_energy_file_1
[2022-12-09 10:40:59,865] {warnings.py:110} WARNING - /home/***/.local/lib/python3.7/site-packages/***/configuration.py:470: DeprecationWarning: The sql_alchemy_conn option in [core] has been moved to the sql_alchemy_conn option in [database] - the old setting has been used, but please update your config.
  option = self._get_environment_variables(deprecated_key, deprecated_section, key, section)

[2022-12-09 10:41:00,177] {task_command.py:369} INFO - Running <TaskInstance: etl_solar.checkfiles.check_energy_file_1 scheduled__2022-12-08T00:00:00+00:00 [running]> on host 4d9af2ba34e6
[2022-12-09 10:41:00,908] {taskinstance.py:1571} INFO - Exporting the following env vars:
AIRFLOW_CTX_DAG_OWNER=***
AIRFLOW_CTX_DAG_ID=etl_solar
AIRFLOW_CTX_TASK_ID=checkfiles.check_energy_file_1
AIRFLOW_CTX_EXECUTION_DATE=2022-12-08T00:00:00+00:00
AIRFLOW_CTX_TRY_NUMBER=1
AIRFLOW_CTX_DAG_RUN_ID=scheduled__2022-12-08T00:00:00+00:00
[2022-12-09 10:41:00,914] {subprocess.py:62} INFO - Tmp dir root location: 
 /tmp
[2022-12-09 10:41:00,917] {subprocess.py:74} INFO - Running command: ['bash', '-c', '/opt/***/utilities/check_file.sh /opt/***/utilities/storage/energy_1.csv']
[2022-12-09 10:41:00,961] {subprocess.py:85} INFO - Output:
[2022-12-09 10:41:01,009] {subprocess.py:92} INFO - File /opt/***/utilities/storage/energy_1.csv does not exist
[2022-12-09 10:41:01,013] {subprocess.py:96} INFO - Command exited with return code 0
[2022-12-09 10:41:01,253] {taskinstance.py:1400} INFO - Marking task as SUCCESS. dag_id=etl_solar, task_id=checkfiles.check_energy_file_1, execution_date=20221208T000000, start_date=20221209T104059, end_date=20221209T104101
[2022-12-09 10:41:01,324] {local_task_job.py:156} INFO - Task exited with return code 0
[2022-12-09 10:41:01,660] {local_task_job.py:273} INFO - 0 downstream tasks scheduled from follow-on schedule check
[2022-12-09 11:20:29,906] {taskinstance.py:1159} INFO - Dependencies all met for <TaskInstance: etl_solar.checkfiles.check_energy_file_1 scheduled__2022-12-08T00:00:00+00:00 [queued]>
[2022-12-09 11:20:29,971] {taskinstance.py:1159} INFO - Dependencies all met for <TaskInstance: etl_solar.checkfiles.check_energy_file_1 scheduled__2022-12-08T00:00:00+00:00 [queued]>
[2022-12-09 11:20:29,972] {taskinstance.py:1356} INFO - 
--------------------------------------------------------------------------------
[2022-12-09 11:20:29,973] {taskinstance.py:1357} INFO - Starting attempt 1 of 1
[2022-12-09 11:20:29,975] {taskinstance.py:1358} INFO - 
--------------------------------------------------------------------------------
[2022-12-09 11:20:30,052] {taskinstance.py:1377} INFO - Executing <Task(BashOperator): checkfiles.check_energy_file_1> on 2022-12-08 00:00:00+00:00
[2022-12-09 11:20:30,069] {standard_task_runner.py:52} INFO - Started process 220 to run task
[2022-12-09 11:20:30,089] {standard_task_runner.py:79} INFO - Running: ['***', 'tasks', 'run', 'etl_solar', 'checkfiles.check_energy_file_1', 'scheduled__2022-12-08T00:00:00+00:00', '--job-id', '44', '--raw', '--subdir', 'DAGS_FOLDER/dag_preprocess.py', '--cfg-path', '/tmp/tmp11oy8bad', '--error-file', '/tmp/tmpcjhpo2kt']
[2022-12-09 11:20:30,095] {standard_task_runner.py:80} INFO - Job 44: Subtask checkfiles.check_energy_file_1
[2022-12-09 11:20:30,157] {warnings.py:110} WARNING - /home/***/.local/lib/python3.7/site-packages/***/configuration.py:470: DeprecationWarning: The sql_alchemy_conn option in [core] has been moved to the sql_alchemy_conn option in [database] - the old setting has been used, but please update your config.
  option = self._get_environment_variables(deprecated_key, deprecated_section, key, section)

[2022-12-09 11:20:30,622] {task_command.py:369} INFO - Running <TaskInstance: etl_solar.checkfiles.check_energy_file_1 scheduled__2022-12-08T00:00:00+00:00 [running]> on host 4d9af2ba34e6
[2022-12-09 11:20:31,231] {taskinstance.py:1571} INFO - Exporting the following env vars:
AIRFLOW_CTX_DAG_OWNER=***
AIRFLOW_CTX_DAG_ID=etl_solar
AIRFLOW_CTX_TASK_ID=checkfiles.check_energy_file_1
AIRFLOW_CTX_EXECUTION_DATE=2022-12-08T00:00:00+00:00
AIRFLOW_CTX_TRY_NUMBER=1
AIRFLOW_CTX_DAG_RUN_ID=scheduled__2022-12-08T00:00:00+00:00
[2022-12-09 11:20:31,240] {subprocess.py:62} INFO - Tmp dir root location: 
 /tmp
[2022-12-09 11:20:31,244] {subprocess.py:74} INFO - Running command: ['bash', '-c', '/opt/***/utilities/check_file.sh /opt/***/utilities/storage/energy_1.csv']
[2022-12-09 11:20:31,290] {subprocess.py:85} INFO - Output:
[2022-12-09 11:20:31,324] {subprocess.py:92} INFO - File /opt/***/utilities/storage/energy_1.csv does not exist
[2022-12-09 11:20:31,327] {subprocess.py:96} INFO - Command exited with return code 0
[2022-12-09 11:20:31,496] {taskinstance.py:1400} INFO - Marking task as SUCCESS. dag_id=etl_solar, task_id=checkfiles.check_energy_file_1, execution_date=20221208T000000, start_date=20221209T112029, end_date=20221209T112031
[2022-12-09 11:20:31,635] {local_task_job.py:156} INFO - Task exited with return code 0
[2022-12-09 11:20:31,930] {local_task_job.py:273} INFO - 0 downstream tasks scheduled from follow-on schedule check
