[2022-11-22 05:11:42,088] {taskinstance.py:1159} INFO - Dependencies all met for <TaskInstance: etl_solar.checkfiles.check_energy_file_2 manual__2022-11-22T05:11:38.435826+00:00 [queued]>
[2022-11-22 05:11:42,132] {taskinstance.py:1159} INFO - Dependencies all met for <TaskInstance: etl_solar.checkfiles.check_energy_file_2 manual__2022-11-22T05:11:38.435826+00:00 [queued]>
[2022-11-22 05:11:42,133] {taskinstance.py:1356} INFO - 
--------------------------------------------------------------------------------
[2022-11-22 05:11:42,134] {taskinstance.py:1357} INFO - Starting attempt 1 of 1
[2022-11-22 05:11:42,136] {taskinstance.py:1358} INFO - 
--------------------------------------------------------------------------------
[2022-11-22 05:11:42,207] {taskinstance.py:1377} INFO - Executing <Task(BashOperator): checkfiles.check_energy_file_2> on 2022-11-22 05:11:38.435826+00:00
[2022-11-22 05:11:42,220] {standard_task_runner.py:52} INFO - Started process 496 to run task
[2022-11-22 05:11:42,234] {standard_task_runner.py:79} INFO - Running: ['***', 'tasks', 'run', 'etl_solar', 'checkfiles.check_energy_file_2', 'manual__2022-11-22T05:11:38.435826+00:00', '--job-id', '242', '--raw', '--subdir', 'DAGS_FOLDER/dag_preprocess.py', '--cfg-path', '/tmp/tmpwcs1nlum', '--error-file', '/tmp/tmp74a4lcw3']
[2022-11-22 05:11:42,239] {standard_task_runner.py:80} INFO - Job 242: Subtask checkfiles.check_energy_file_2
[2022-11-22 05:11:42,514] {task_command.py:369} INFO - Running <TaskInstance: etl_solar.checkfiles.check_energy_file_2 manual__2022-11-22T05:11:38.435826+00:00 [running]> on host 8a647070b091
[2022-11-22 05:11:42,928] {taskinstance.py:1571} INFO - Exporting the following env vars:
AIRFLOW_CTX_DAG_OWNER=***
AIRFLOW_CTX_DAG_ID=etl_solar
AIRFLOW_CTX_TASK_ID=checkfiles.check_energy_file_2
AIRFLOW_CTX_EXECUTION_DATE=2022-11-22T05:11:38.435826+00:00
AIRFLOW_CTX_TRY_NUMBER=1
AIRFLOW_CTX_DAG_RUN_ID=manual__2022-11-22T05:11:38.435826+00:00
[2022-11-22 05:11:42,932] {subprocess.py:62} INFO - Tmp dir root location: 
 /tmp
[2022-11-22 05:11:42,935] {subprocess.py:74} INFO - Running command: ['bash', '-c', '/opt/***/utilities/check_file.sh /opt/***/utilities/storage/energy_2.csv']
[2022-11-22 05:11:42,990] {subprocess.py:85} INFO - Output:
[2022-11-22 05:11:43,029] {subprocess.py:92} INFO - File /opt/***/utilities/storage/energy_2.csv does not exist
[2022-11-22 05:11:43,033] {subprocess.py:96} INFO - Command exited with return code 0
[2022-11-22 05:11:43,234] {taskinstance.py:1400} INFO - Marking task as SUCCESS. dag_id=etl_solar, task_id=checkfiles.check_energy_file_2, execution_date=20221122T051138, start_date=20221122T051142, end_date=20221122T051143
[2022-11-22 05:11:43,336] {local_task_job.py:156} INFO - Task exited with return code 0
[2022-11-22 05:11:43,617] {local_task_job.py:273} INFO - 0 downstream tasks scheduled from follow-on schedule check
