[2022-12-09 11:20:25,192] {taskinstance.py:1159} INFO - Dependencies all met for <TaskInstance: etl_solar.convert_to_csv.extract_geography_info manual__2022-12-09T11:20:07.931997+00:00 [queued]>
[2022-12-09 11:20:25,249] {taskinstance.py:1159} INFO - Dependencies all met for <TaskInstance: etl_solar.convert_to_csv.extract_geography_info manual__2022-12-09T11:20:07.931997+00:00 [queued]>
[2022-12-09 11:20:25,251] {taskinstance.py:1356} INFO - 
--------------------------------------------------------------------------------
[2022-12-09 11:20:25,252] {taskinstance.py:1357} INFO - Starting attempt 1 of 1
[2022-12-09 11:20:25,253] {taskinstance.py:1358} INFO - 
--------------------------------------------------------------------------------
[2022-12-09 11:20:25,331] {taskinstance.py:1377} INFO - Executing <Task(PythonOperator): convert_to_csv.extract_geography_info> on 2022-12-09 11:20:07.931997+00:00
[2022-12-09 11:20:25,346] {standard_task_runner.py:52} INFO - Started process 206 to run task
[2022-12-09 11:20:25,359] {standard_task_runner.py:79} INFO - Running: ['***', 'tasks', 'run', 'etl_solar', 'convert_to_csv.extract_geography_info', 'manual__2022-12-09T11:20:07.931997+00:00', '--job-id', '43', '--raw', '--subdir', 'DAGS_FOLDER/dag_preprocess.py', '--cfg-path', '/tmp/tmp_08nrtzz', '--error-file', '/tmp/tmp6mamnk8i']
[2022-12-09 11:20:25,363] {standard_task_runner.py:80} INFO - Job 43: Subtask convert_to_csv.extract_geography_info
[2022-12-09 11:20:25,609] {task_command.py:369} INFO - Running <TaskInstance: etl_solar.convert_to_csv.extract_geography_info manual__2022-12-09T11:20:07.931997+00:00 [running]> on host 4d9af2ba34e6
[2022-12-09 11:20:25,951] {taskinstance.py:1571} INFO - Exporting the following env vars:
AIRFLOW_CTX_DAG_OWNER=***
AIRFLOW_CTX_DAG_ID=etl_solar
AIRFLOW_CTX_TASK_ID=convert_to_csv.extract_geography_info
AIRFLOW_CTX_EXECUTION_DATE=2022-12-09T11:20:07.931997+00:00
AIRFLOW_CTX_TRY_NUMBER=1
AIRFLOW_CTX_DAG_RUN_ID=manual__2022-12-09T11:20:07.931997+00:00
[2022-12-09 11:20:25,992] {base.py:68} INFO - Using connection ID 'mysql_solar' for task execution.
[2022-12-09 11:20:26,159] {python.py:173} INFO - Done. Returned value was: None
[2022-12-09 11:20:26,217] {taskinstance.py:1400} INFO - Marking task as SUCCESS. dag_id=etl_solar, task_id=convert_to_csv.extract_geography_info, execution_date=20221209T112007, start_date=20221209T112025, end_date=20221209T112026
[2022-12-09 11:20:26,337] {local_task_job.py:156} INFO - Task exited with return code 0
[2022-12-09 11:20:26,563] {local_task_job.py:273} INFO - 1 downstream tasks scheduled from follow-on schedule check
