[2022-12-09 10:41:25,577] {taskinstance.py:1159} INFO - Dependencies all met for <TaskInstance: etl_solar.transform.preprocess_geography scheduled__2022-12-08T00:00:00+00:00 [queued]>
[2022-12-09 10:41:25,622] {taskinstance.py:1159} INFO - Dependencies all met for <TaskInstance: etl_solar.transform.preprocess_geography scheduled__2022-12-08T00:00:00+00:00 [queued]>
[2022-12-09 10:41:25,624] {taskinstance.py:1356} INFO - 
--------------------------------------------------------------------------------
[2022-12-09 10:41:25,625] {taskinstance.py:1357} INFO - Starting attempt 1 of 1
[2022-12-09 10:41:25,626] {taskinstance.py:1358} INFO - 
--------------------------------------------------------------------------------
[2022-12-09 10:41:25,694] {taskinstance.py:1377} INFO - Executing <Task(PythonOperator): transform.preprocess_geography> on 2022-12-08 00:00:00+00:00
[2022-12-09 10:41:25,710] {standard_task_runner.py:52} INFO - Started process 176 to run task
[2022-12-09 10:41:25,726] {standard_task_runner.py:79} INFO - Running: ['***', 'tasks', 'run', 'etl_solar', 'transform.preprocess_geography', 'scheduled__2022-12-08T00:00:00+00:00', '--job-id', '33', '--raw', '--subdir', 'DAGS_FOLDER/dag_preprocess.py', '--cfg-path', '/tmp/tmp7j0k47pw', '--error-file', '/tmp/tmptt0llifz']
[2022-12-09 10:41:25,732] {standard_task_runner.py:80} INFO - Job 33: Subtask transform.preprocess_geography
[2022-12-09 10:41:25,796] {warnings.py:110} WARNING - /home/***/.local/lib/python3.7/site-packages/***/configuration.py:470: DeprecationWarning: The sql_alchemy_conn option in [core] has been moved to the sql_alchemy_conn option in [database] - the old setting has been used, but please update your config.
  option = self._get_environment_variables(deprecated_key, deprecated_section, key, section)

[2022-12-09 10:41:26,024] {task_command.py:369} INFO - Running <TaskInstance: etl_solar.transform.preprocess_geography scheduled__2022-12-08T00:00:00+00:00 [running]> on host 4d9af2ba34e6
[2022-12-09 10:41:26,515] {taskinstance.py:1571} INFO - Exporting the following env vars:
AIRFLOW_CTX_DAG_OWNER=***
AIRFLOW_CTX_DAG_ID=etl_solar
AIRFLOW_CTX_TASK_ID=transform.preprocess_geography
AIRFLOW_CTX_EXECUTION_DATE=2022-12-08T00:00:00+00:00
AIRFLOW_CTX_TRY_NUMBER=1
AIRFLOW_CTX_DAG_RUN_ID=scheduled__2022-12-08T00:00:00+00:00
[2022-12-09 10:41:26,557] {logging_mixin.py:115} INFO - ['altitudeMeridian', 'altitude_09', 'altitude_12', 'altitude_15', 'altitude_18', 'azimuth_09', 'azimuth_12', 'azimuth_15', 'azimuth_18']
[2022-12-09 10:41:26,562] {taskinstance.py:1889} ERROR - Task failed with exception
Traceback (most recent call last):
  File "/home/airflow/.local/lib/python3.7/site-packages/airflow/operators/python.py", line 171, in execute
    return_value = self.execute_callable()
  File "/home/airflow/.local/lib/python3.7/site-packages/airflow/operators/python.py", line 189, in execute_callable
    return self.python_callable(*self.op_args, **self.op_kwargs)
  File "/opt/airflow/dags/preprocess/preprocess.py", line 78, in geography_preprocess
    df[col]=df[col].map(angle_to_float)
  File "/home/airflow/.local/lib/python3.7/site-packages/pandas/core/series.py", line 4161, in map
    new_values = super()._map_values(arg, na_action=na_action)
  File "/home/airflow/.local/lib/python3.7/site-packages/pandas/core/base.py", line 870, in _map_values
    new_values = map_f(values, mapper)
  File "pandas/_libs/lib.pyx", line 2859, in pandas._libs.lib.map_infer
  File "/opt/airflow/dags/preprocess/preprocess.py", line 64, in angle_to_float
    angle = angle.split('˚')
AttributeError: 'int' object has no attribute 'split'
[2022-12-09 10:41:26,619] {taskinstance.py:1400} INFO - Marking task as FAILED. dag_id=etl_solar, task_id=transform.preprocess_geography, execution_date=20221208T000000, start_date=20221209T104125, end_date=20221209T104126
[2022-12-09 10:41:26,677] {standard_task_runner.py:97} ERROR - Failed to execute job 33 for task transform.preprocess_geography ('int' object has no attribute 'split'; 176)
[2022-12-09 10:41:26,705] {local_task_job.py:156} INFO - Task exited with return code 1
[2022-12-09 10:41:26,910] {local_task_job.py:273} INFO - 0 downstream tasks scheduled from follow-on schedule check
[2022-12-09 11:20:56,186] {taskinstance.py:1159} INFO - Dependencies all met for <TaskInstance: etl_solar.transform.preprocess_geography scheduled__2022-12-08T00:00:00+00:00 [queued]>
[2022-12-09 11:20:56,249] {taskinstance.py:1159} INFO - Dependencies all met for <TaskInstance: etl_solar.transform.preprocess_geography scheduled__2022-12-08T00:00:00+00:00 [queued]>
[2022-12-09 11:20:56,251] {taskinstance.py:1356} INFO - 
--------------------------------------------------------------------------------
[2022-12-09 11:20:56,253] {taskinstance.py:1357} INFO - Starting attempt 1 of 1
[2022-12-09 11:20:56,254] {taskinstance.py:1358} INFO - 
--------------------------------------------------------------------------------
[2022-12-09 11:20:56,347] {taskinstance.py:1377} INFO - Executing <Task(PythonOperator): transform.preprocess_geography> on 2022-12-08 00:00:00+00:00
[2022-12-09 11:20:56,363] {standard_task_runner.py:52} INFO - Started process 277 to run task
[2022-12-09 11:20:56,387] {standard_task_runner.py:79} INFO - Running: ['***', 'tasks', 'run', 'etl_solar', 'transform.preprocess_geography', 'scheduled__2022-12-08T00:00:00+00:00', '--job-id', '62', '--raw', '--subdir', 'DAGS_FOLDER/dag_preprocess.py', '--cfg-path', '/tmp/tmpdflazdeo', '--error-file', '/tmp/tmpb06jcnv4']
[2022-12-09 11:20:56,392] {standard_task_runner.py:80} INFO - Job 62: Subtask transform.preprocess_geography
[2022-12-09 11:20:56,471] {warnings.py:110} WARNING - /home/***/.local/lib/python3.7/site-packages/***/configuration.py:470: DeprecationWarning: The sql_alchemy_conn option in [core] has been moved to the sql_alchemy_conn option in [database] - the old setting has been used, but please update your config.
  option = self._get_environment_variables(deprecated_key, deprecated_section, key, section)

[2022-12-09 11:20:56,730] {task_command.py:369} INFO - Running <TaskInstance: etl_solar.transform.preprocess_geography scheduled__2022-12-08T00:00:00+00:00 [running]> on host 4d9af2ba34e6
[2022-12-09 11:20:57,113] {taskinstance.py:1571} INFO - Exporting the following env vars:
AIRFLOW_CTX_DAG_OWNER=***
AIRFLOW_CTX_DAG_ID=etl_solar
AIRFLOW_CTX_TASK_ID=transform.preprocess_geography
AIRFLOW_CTX_EXECUTION_DATE=2022-12-08T00:00:00+00:00
AIRFLOW_CTX_TRY_NUMBER=1
AIRFLOW_CTX_DAG_RUN_ID=scheduled__2022-12-08T00:00:00+00:00
[2022-12-09 11:20:57,154] {logging_mixin.py:115} INFO - ['altitudeMeridian', 'altitude_09', 'altitude_12', 'altitude_15', 'altitude_18', 'azimuth_09', 'azimuth_12', 'azimuth_15', 'azimuth_18']
[2022-12-09 11:20:57,205] {python.py:173} INFO - Done. Returned value was: None
[2022-12-09 11:20:57,276] {taskinstance.py:1400} INFO - Marking task as SUCCESS. dag_id=etl_solar, task_id=transform.preprocess_geography, execution_date=20221208T000000, start_date=20221209T112056, end_date=20221209T112057
[2022-12-09 11:20:57,374] {local_task_job.py:156} INFO - Task exited with return code 0
[2022-12-09 11:20:57,604] {local_task_job.py:273} INFO - 0 downstream tasks scheduled from follow-on schedule check
