[2022-12-09 11:20:17,227] {taskinstance.py:1159} INFO - Dependencies all met for <TaskInstance: etl_solar.check_input_status manual__2022-12-09T11:20:07.931997+00:00 [queued]>
[2022-12-09 11:20:17,272] {taskinstance.py:1159} INFO - Dependencies all met for <TaskInstance: etl_solar.check_input_status manual__2022-12-09T11:20:07.931997+00:00 [queued]>
[2022-12-09 11:20:17,274] {taskinstance.py:1356} INFO - 
--------------------------------------------------------------------------------
[2022-12-09 11:20:17,275] {taskinstance.py:1357} INFO - Starting attempt 1 of 1
[2022-12-09 11:20:17,277] {taskinstance.py:1358} INFO - 
--------------------------------------------------------------------------------
[2022-12-09 11:20:17,338] {taskinstance.py:1377} INFO - Executing <Task(BashOperator): check_input_status> on 2022-12-09 11:20:07.931997+00:00
[2022-12-09 11:20:17,354] {standard_task_runner.py:52} INFO - Started process 195 to run task
[2022-12-09 11:20:17,367] {standard_task_runner.py:79} INFO - Running: ['***', 'tasks', 'run', 'etl_solar', 'check_input_status', 'manual__2022-12-09T11:20:07.931997+00:00', '--job-id', '40', '--raw', '--subdir', 'DAGS_FOLDER/dag_preprocess.py', '--cfg-path', '/tmp/tmpp5v114x_', '--error-file', '/tmp/tmp_9ndmtst']
[2022-12-09 11:20:17,371] {standard_task_runner.py:80} INFO - Job 40: Subtask check_input_status
[2022-12-09 11:20:17,590] {task_command.py:369} INFO - Running <TaskInstance: etl_solar.check_input_status manual__2022-12-09T11:20:07.931997+00:00 [running]> on host 4d9af2ba34e6
[2022-12-09 11:20:17,907] {taskinstance.py:1571} INFO - Exporting the following env vars:
AIRFLOW_CTX_DAG_OWNER=***
AIRFLOW_CTX_DAG_ID=etl_solar
AIRFLOW_CTX_TASK_ID=check_input_status
AIRFLOW_CTX_EXECUTION_DATE=2022-12-09T11:20:07.931997+00:00
AIRFLOW_CTX_TRY_NUMBER=1
AIRFLOW_CTX_DAG_RUN_ID=manual__2022-12-09T11:20:07.931997+00:00
[2022-12-09 11:20:17,912] {subprocess.py:62} INFO - Tmp dir root location: 
 /tmp
[2022-12-09 11:20:17,915] {subprocess.py:74} INFO - Running command: ['bash', '-c', "echo 'success'"]
[2022-12-09 11:20:17,953] {subprocess.py:85} INFO - Output:
[2022-12-09 11:20:17,960] {subprocess.py:92} INFO - success
[2022-12-09 11:20:17,962] {subprocess.py:96} INFO - Command exited with return code 0
[2022-12-09 11:20:18,132] {taskinstance.py:1400} INFO - Marking task as SUCCESS. dag_id=etl_solar, task_id=check_input_status, execution_date=20221209T112007, start_date=20221209T112017, end_date=20221209T112018
[2022-12-09 11:20:18,228] {local_task_job.py:156} INFO - Task exited with return code 0
[2022-12-09 11:20:18,441] {local_task_job.py:273} INFO - 1 downstream tasks scheduled from follow-on schedule check
