[2022-12-11T07:42:49.426+0000] {taskinstance.py:1165} INFO - Dependencies all met for <TaskInstance: etl_solar.checkfiles.check_energy_file_1 scheduled__2022-12-10T00:00:00+00:00 [queued]>
[2022-12-11T07:42:49.659+0000] {taskinstance.py:1165} INFO - Dependencies all met for <TaskInstance: etl_solar.checkfiles.check_energy_file_1 scheduled__2022-12-10T00:00:00+00:00 [queued]>
[2022-12-11T07:42:49.674+0000] {taskinstance.py:1362} INFO - 
--------------------------------------------------------------------------------
[2022-12-11T07:42:49.679+0000] {taskinstance.py:1363} INFO - Starting attempt 1 of 1
[2022-12-11T07:42:49.683+0000] {taskinstance.py:1364} INFO - 
--------------------------------------------------------------------------------
[2022-12-11T07:42:50.023+0000] {taskinstance.py:1383} INFO - Executing <Task(BashOperator): checkfiles.check_energy_file_1> on 2022-12-10 00:00:00+00:00
[2022-12-11T07:42:50.051+0000] {standard_task_runner.py:55} INFO - Started process 73 to run task
[2022-12-11T07:42:50.176+0000] {standard_task_runner.py:82} INFO - Running: ['***', 'tasks', 'run', 'etl_solar', 'checkfiles.check_energy_file_1', 'scheduled__2022-12-10T00:00:00+00:00', '--job-id', '11', '--raw', '--subdir', 'DAGS_FOLDER/dag_preprocess.py', '--cfg-path', '/tmp/tmpsv4ra14v']
[2022-12-11T07:42:50.224+0000] {standard_task_runner.py:83} INFO - Job 11: Subtask checkfiles.check_energy_file_1
[2022-12-11T07:42:50.373+0000] {warnings.py:110} WARNING - /home/***/.local/lib/python3.7/site-packages/***/configuration.py:545: DeprecationWarning: The sql_alchemy_conn option in [core] has been moved to the sql_alchemy_conn option in [database] - the old setting has been used, but please update your config.
  option = self._get_environment_variables(deprecated_key, deprecated_section, key, section)

[2022-12-11T07:42:51.875+0000] {task_command.py:376} INFO - Running <TaskInstance: etl_solar.checkfiles.check_energy_file_1 scheduled__2022-12-10T00:00:00+00:00 [running]> on host 01c108b234e9
[2022-12-11T07:42:53.694+0000] {taskinstance.py:1592} INFO - Exporting the following env vars:
AIRFLOW_CTX_DAG_OWNER=***
AIRFLOW_CTX_DAG_ID=etl_solar
AIRFLOW_CTX_TASK_ID=checkfiles.check_energy_file_1
AIRFLOW_CTX_EXECUTION_DATE=2022-12-10T00:00:00+00:00
AIRFLOW_CTX_TRY_NUMBER=1
AIRFLOW_CTX_DAG_RUN_ID=scheduled__2022-12-10T00:00:00+00:00
[2022-12-11T07:42:53.714+0000] {subprocess.py:63} INFO - Tmp dir root location: 
 /tmp
[2022-12-11T07:42:53.722+0000] {subprocess.py:75} INFO - Running command: ['/bin/bash', '-c', '/opt/***/utilities/check_file.sh /opt/***/utilities/storage/energy_1.csv']
[2022-12-11T07:42:53.795+0000] {subprocess.py:86} INFO - Output:
[2022-12-11T07:42:53.945+0000] {subprocess.py:93} INFO - File /opt/***/utilities/storage/energy_1.csv does not exist
[2022-12-11T07:42:54.026+0000] {subprocess.py:97} INFO - Command exited with return code 0
[2022-12-11T07:42:54.362+0000] {taskinstance.py:1406} INFO - Marking task as SUCCESS. dag_id=etl_solar, task_id=checkfiles.check_energy_file_1, execution_date=20221210T000000, start_date=20221211T074249, end_date=20221211T074254
[2022-12-11T07:42:54.629+0000] {local_task_job.py:164} INFO - Task exited with return code 0
[2022-12-11T07:42:55.220+0000] {local_task_job.py:273} INFO - 0 downstream tasks scheduled from follow-on schedule check
[2022-12-11T07:44:46.987+0000] {taskinstance.py:1165} INFO - Dependencies all met for <TaskInstance: etl_solar.checkfiles.check_energy_file_1 scheduled__2022-12-10T00:00:00+00:00 [queued]>
[2022-12-11T07:44:47.373+0000] {taskinstance.py:1165} INFO - Dependencies all met for <TaskInstance: etl_solar.checkfiles.check_energy_file_1 scheduled__2022-12-10T00:00:00+00:00 [queued]>
[2022-12-11T07:44:47.394+0000] {taskinstance.py:1362} INFO - 
--------------------------------------------------------------------------------
[2022-12-11T07:44:47.404+0000] {taskinstance.py:1363} INFO - Starting attempt 1 of 1
[2022-12-11T07:44:47.414+0000] {taskinstance.py:1364} INFO - 
--------------------------------------------------------------------------------
[2022-12-11T07:44:47.778+0000] {taskinstance.py:1383} INFO - Executing <Task(BashOperator): checkfiles.check_energy_file_1> on 2022-12-10 00:00:00+00:00
[2022-12-11T07:44:47.880+0000] {standard_task_runner.py:55} INFO - Started process 97 to run task
[2022-12-11T07:44:47.943+0000] {standard_task_runner.py:82} INFO - Running: ['***', 'tasks', 'run', 'etl_solar', 'checkfiles.check_energy_file_1', 'scheduled__2022-12-10T00:00:00+00:00', '--job-id', '17', '--raw', '--subdir', 'DAGS_FOLDER/dag_preprocess.py', '--cfg-path', '/tmp/tmp1otz9743']
[2022-12-11T07:44:47.974+0000] {standard_task_runner.py:83} INFO - Job 17: Subtask checkfiles.check_energy_file_1
[2022-12-11T07:44:48.152+0000] {warnings.py:110} WARNING - /home/***/.local/lib/python3.7/site-packages/***/configuration.py:545: DeprecationWarning: The sql_alchemy_conn option in [core] has been moved to the sql_alchemy_conn option in [database] - the old setting has been used, but please update your config.
  option = self._get_environment_variables(deprecated_key, deprecated_section, key, section)

[2022-12-11T07:44:48.747+0000] {task_command.py:376} INFO - Running <TaskInstance: etl_solar.checkfiles.check_energy_file_1 scheduled__2022-12-10T00:00:00+00:00 [running]> on host 01c108b234e9
[2022-12-11T07:44:49.626+0000] {taskinstance.py:1592} INFO - Exporting the following env vars:
AIRFLOW_CTX_DAG_OWNER=***
AIRFLOW_CTX_DAG_ID=etl_solar
AIRFLOW_CTX_TASK_ID=checkfiles.check_energy_file_1
AIRFLOW_CTX_EXECUTION_DATE=2022-12-10T00:00:00+00:00
AIRFLOW_CTX_TRY_NUMBER=1
AIRFLOW_CTX_DAG_RUN_ID=scheduled__2022-12-10T00:00:00+00:00
[2022-12-11T07:44:49.635+0000] {subprocess.py:63} INFO - Tmp dir root location: 
 /tmp
[2022-12-11T07:44:49.638+0000] {subprocess.py:75} INFO - Running command: ['/bin/bash', '-c', '/opt/***/utilities/check_file.sh /opt/***/utilities/storage/energy_1.csv']
[2022-12-11T07:44:49.752+0000] {subprocess.py:86} INFO - Output:
[2022-12-11T07:44:49.838+0000] {subprocess.py:93} INFO - File /opt/***/utilities/storage/energy_1.csv does not exist
[2022-12-11T07:44:49.847+0000] {subprocess.py:97} INFO - Command exited with return code 0
[2022-12-11T07:44:50.183+0000] {taskinstance.py:1406} INFO - Marking task as SUCCESS. dag_id=etl_solar, task_id=checkfiles.check_energy_file_1, execution_date=20221210T000000, start_date=20221211T074447, end_date=20221211T074450
[2022-12-11T07:44:50.377+0000] {local_task_job.py:164} INFO - Task exited with return code 0
[2022-12-11T07:44:50.924+0000] {local_task_job.py:273} INFO - 0 downstream tasks scheduled from follow-on schedule check
[2022-12-11T08:08:57.771+0000] {taskinstance.py:1165} INFO - Dependencies all met for <TaskInstance: etl_solar.checkfiles.check_energy_file_1 scheduled__2022-12-10T00:00:00+00:00 [queued]>
[2022-12-11T08:08:57.820+0000] {taskinstance.py:1165} INFO - Dependencies all met for <TaskInstance: etl_solar.checkfiles.check_energy_file_1 scheduled__2022-12-10T00:00:00+00:00 [queued]>
[2022-12-11T08:08:57.821+0000] {taskinstance.py:1362} INFO - 
--------------------------------------------------------------------------------
[2022-12-11T08:08:57.823+0000] {taskinstance.py:1363} INFO - Starting attempt 1 of 1
[2022-12-11T08:08:57.824+0000] {taskinstance.py:1364} INFO - 
--------------------------------------------------------------------------------
[2022-12-11T08:08:57.892+0000] {taskinstance.py:1383} INFO - Executing <Task(BashOperator): checkfiles.check_energy_file_1> on 2022-12-10 00:00:00+00:00
[2022-12-11T08:08:57.911+0000] {standard_task_runner.py:55} INFO - Started process 135 to run task
[2022-12-11T08:08:57.924+0000] {standard_task_runner.py:82} INFO - Running: ['***', 'tasks', 'run', 'etl_solar', 'checkfiles.check_energy_file_1', 'scheduled__2022-12-10T00:00:00+00:00', '--job-id', '29', '--raw', '--subdir', 'DAGS_FOLDER/dag_preprocess.py', '--cfg-path', '/tmp/tmptanwe4nm']
[2022-12-11T08:08:57.933+0000] {standard_task_runner.py:83} INFO - Job 29: Subtask checkfiles.check_energy_file_1
[2022-12-11T08:08:57.981+0000] {warnings.py:110} WARNING - /home/***/.local/lib/python3.7/site-packages/***/configuration.py:545: DeprecationWarning: The sql_alchemy_conn option in [core] has been moved to the sql_alchemy_conn option in [database] - the old setting has been used, but please update your config.
  option = self._get_environment_variables(deprecated_key, deprecated_section, key, section)

[2022-12-11T08:08:58.216+0000] {task_command.py:376} INFO - Running <TaskInstance: etl_solar.checkfiles.check_energy_file_1 scheduled__2022-12-10T00:00:00+00:00 [running]> on host 01c108b234e9
[2022-12-11T08:08:58.585+0000] {taskinstance.py:1592} INFO - Exporting the following env vars:
AIRFLOW_CTX_DAG_OWNER=***
AIRFLOW_CTX_DAG_ID=etl_solar
AIRFLOW_CTX_TASK_ID=checkfiles.check_energy_file_1
AIRFLOW_CTX_EXECUTION_DATE=2022-12-10T00:00:00+00:00
AIRFLOW_CTX_TRY_NUMBER=1
AIRFLOW_CTX_DAG_RUN_ID=scheduled__2022-12-10T00:00:00+00:00
[2022-12-11T08:08:58.592+0000] {subprocess.py:63} INFO - Tmp dir root location: 
 /tmp
[2022-12-11T08:08:58.595+0000] {subprocess.py:75} INFO - Running command: ['/bin/bash', '-c', '/opt/***/utilities/check_file.sh /opt/***/utilities/storage/energy_1.csv']
[2022-12-11T08:08:58.636+0000] {subprocess.py:86} INFO - Output:
[2022-12-11T08:08:58.662+0000] {subprocess.py:93} INFO - File /opt/***/utilities/storage/energy_1.csv does not exist
[2022-12-11T08:08:58.665+0000] {subprocess.py:97} INFO - Command exited with return code 0
[2022-12-11T08:08:58.773+0000] {taskinstance.py:1406} INFO - Marking task as SUCCESS. dag_id=etl_solar, task_id=checkfiles.check_energy_file_1, execution_date=20221210T000000, start_date=20221211T080857, end_date=20221211T080858
[2022-12-11T08:08:58.862+0000] {local_task_job.py:164} INFO - Task exited with return code 0
[2022-12-11T08:08:59.338+0000] {local_task_job.py:273} INFO - 0 downstream tasks scheduled from follow-on schedule check
