[2022-12-11T07:42:50.395+0000] {taskinstance.py:1165} INFO - Dependencies all met for <TaskInstance: etl_solar.checkfiles.check_weather_table scheduled__2022-12-10T00:00:00+00:00 [queued]>
[2022-12-11T07:42:50.668+0000] {taskinstance.py:1165} INFO - Dependencies all met for <TaskInstance: etl_solar.checkfiles.check_weather_table scheduled__2022-12-10T00:00:00+00:00 [queued]>
[2022-12-11T07:42:50.674+0000] {taskinstance.py:1362} INFO - 
--------------------------------------------------------------------------------
[2022-12-11T07:42:50.685+0000] {taskinstance.py:1363} INFO - Starting attempt 1 of 1
[2022-12-11T07:42:50.686+0000] {taskinstance.py:1364} INFO - 
--------------------------------------------------------------------------------
[2022-12-11T07:42:51.280+0000] {taskinstance.py:1383} INFO - Executing <Task(MySqlOperator): checkfiles.check_weather_table> on 2022-12-10 00:00:00+00:00
[2022-12-11T07:42:51.338+0000] {standard_task_runner.py:55} INFO - Started process 77 to run task
[2022-12-11T07:42:51.438+0000] {standard_task_runner.py:82} INFO - Running: ['***', 'tasks', 'run', 'etl_solar', 'checkfiles.check_weather_table', 'scheduled__2022-12-10T00:00:00+00:00', '--job-id', '14', '--raw', '--subdir', 'DAGS_FOLDER/dag_preprocess.py', '--cfg-path', '/tmp/tmprki2vzz_']
[2022-12-11T07:42:51.494+0000] {standard_task_runner.py:83} INFO - Job 14: Subtask checkfiles.check_weather_table
[2022-12-11T07:42:51.877+0000] {warnings.py:110} WARNING - /home/***/.local/lib/python3.7/site-packages/***/configuration.py:545: DeprecationWarning: The sql_alchemy_conn option in [core] has been moved to the sql_alchemy_conn option in [database] - the old setting has been used, but please update your config.
  option = self._get_environment_variables(deprecated_key, deprecated_section, key, section)

[2022-12-11T07:42:53.069+0000] {task_command.py:376} INFO - Running <TaskInstance: etl_solar.checkfiles.check_weather_table scheduled__2022-12-10T00:00:00+00:00 [running]> on host 01c108b234e9
[2022-12-11T07:42:54.411+0000] {taskinstance.py:1592} INFO - Exporting the following env vars:
AIRFLOW_CTX_DAG_OWNER=***
AIRFLOW_CTX_DAG_ID=etl_solar
AIRFLOW_CTX_TASK_ID=checkfiles.check_weather_table
AIRFLOW_CTX_EXECUTION_DATE=2022-12-10T00:00:00+00:00
AIRFLOW_CTX_TRY_NUMBER=1
AIRFLOW_CTX_DAG_RUN_ID=scheduled__2022-12-10T00:00:00+00:00
[2022-12-11T07:42:54.417+0000] {mysql.py:84} INFO - Executing: CREATE TABLE IF NOT EXISTS weather_info(
                locdatetime VARCHAR(40),
                location VARCHAR(40),
                updated_date VARCHAR(13),
                temperature FLOAT,
                precipitation_form FLOAT,
                precipitation_prob FLOAT,
                humidity FLOAT,
                wind_speed FLOAT,
                wind_direction FLOAT,
                cloud FLOAT,
                primary key(locdatetime,location))
[2022-12-11T07:42:54.578+0000] {taskinstance.py:1851} ERROR - Task failed with exception
Traceback (most recent call last):
  File "/home/airflow/.local/lib/python3.7/site-packages/airflow/providers/mysql/operators/mysql.py", line 86, in execute
    hook.run(self.sql, autocommit=self.autocommit, parameters=self.parameters)
  File "/home/airflow/.local/lib/python3.7/site-packages/airflow/providers/common/sql/hooks/sql.py", line 288, in run
    with closing(self.get_conn()) as conn:
  File "/home/airflow/.local/lib/python3.7/site-packages/airflow/providers/mysql/hooks/mysql.py", line 165, in get_conn
    conn = self.connection or self.get_connection(getattr(self, self.conn_name_attr))
  File "/home/airflow/.local/lib/python3.7/site-packages/airflow/hooks/base.py", line 70, in get_connection
    conn = Connection.get_connection_from_secrets(conn_id)
  File "/home/airflow/.local/lib/python3.7/site-packages/airflow/models/connection.py", line 432, in get_connection_from_secrets
    raise AirflowNotFoundException(f"The conn_id `{conn_id}` isn't defined")
airflow.exceptions.AirflowNotFoundException: The conn_id `mysql_solar` isn't defined
[2022-12-11T07:42:54.617+0000] {taskinstance.py:1406} INFO - Marking task as FAILED. dag_id=etl_solar, task_id=checkfiles.check_weather_table, execution_date=20221210T000000, start_date=20221211T074250, end_date=20221211T074254
[2022-12-11T07:42:54.975+0000] {standard_task_runner.py:105} ERROR - Failed to execute job 14 for task checkfiles.check_weather_table (The conn_id `mysql_solar` isn't defined; 77)
[2022-12-11T07:42:55.041+0000] {local_task_job.py:164} INFO - Task exited with return code 1
[2022-12-11T07:42:55.502+0000] {local_task_job.py:273} INFO - 0 downstream tasks scheduled from follow-on schedule check
[2022-12-11T07:44:46.195+0000] {taskinstance.py:1165} INFO - Dependencies all met for <TaskInstance: etl_solar.checkfiles.check_weather_table scheduled__2022-12-10T00:00:00+00:00 [queued]>
[2022-12-11T07:44:46.392+0000] {taskinstance.py:1165} INFO - Dependencies all met for <TaskInstance: etl_solar.checkfiles.check_weather_table scheduled__2022-12-10T00:00:00+00:00 [queued]>
[2022-12-11T07:44:46.396+0000] {taskinstance.py:1362} INFO - 
--------------------------------------------------------------------------------
[2022-12-11T07:44:46.414+0000] {taskinstance.py:1363} INFO - Starting attempt 1 of 1
[2022-12-11T07:44:46.419+0000] {taskinstance.py:1364} INFO - 
--------------------------------------------------------------------------------
[2022-12-11T07:44:47.271+0000] {taskinstance.py:1383} INFO - Executing <Task(MySqlOperator): checkfiles.check_weather_table> on 2022-12-10 00:00:00+00:00
[2022-12-11T07:44:47.379+0000] {standard_task_runner.py:82} INFO - Running: ['***', 'tasks', 'run', 'etl_solar', 'checkfiles.check_weather_table', 'scheduled__2022-12-10T00:00:00+00:00', '--job-id', '15', '--raw', '--subdir', 'DAGS_FOLDER/dag_preprocess.py', '--cfg-path', '/tmp/tmpt0591xij']
[2022-12-11T07:44:47.378+0000] {standard_task_runner.py:55} INFO - Started process 94 to run task
[2022-12-11T07:44:47.398+0000] {standard_task_runner.py:83} INFO - Job 15: Subtask checkfiles.check_weather_table
[2022-12-11T07:44:47.576+0000] {warnings.py:110} WARNING - /home/***/.local/lib/python3.7/site-packages/***/configuration.py:545: DeprecationWarning: The sql_alchemy_conn option in [core] has been moved to the sql_alchemy_conn option in [database] - the old setting has been used, but please update your config.
  option = self._get_environment_variables(deprecated_key, deprecated_section, key, section)

[2022-12-11T07:44:48.419+0000] {task_command.py:376} INFO - Running <TaskInstance: etl_solar.checkfiles.check_weather_table scheduled__2022-12-10T00:00:00+00:00 [running]> on host 01c108b234e9
[2022-12-11T07:44:49.135+0000] {taskinstance.py:1592} INFO - Exporting the following env vars:
AIRFLOW_CTX_DAG_OWNER=***
AIRFLOW_CTX_DAG_ID=etl_solar
AIRFLOW_CTX_TASK_ID=checkfiles.check_weather_table
AIRFLOW_CTX_EXECUTION_DATE=2022-12-10T00:00:00+00:00
AIRFLOW_CTX_TRY_NUMBER=1
AIRFLOW_CTX_DAG_RUN_ID=scheduled__2022-12-10T00:00:00+00:00
[2022-12-11T07:44:49.146+0000] {mysql.py:84} INFO - Executing: CREATE TABLE IF NOT EXISTS weather_info(
                locdatetime VARCHAR(40),
                location VARCHAR(40),
                updated_date VARCHAR(13),
                temperature FLOAT,
                precipitation_form FLOAT,
                precipitation_prob FLOAT,
                humidity FLOAT,
                wind_speed FLOAT,
                wind_direction FLOAT,
                cloud FLOAT,
                primary key(locdatetime,location))
[2022-12-11T07:44:49.332+0000] {taskinstance.py:1851} ERROR - Task failed with exception
Traceback (most recent call last):
  File "/home/airflow/.local/lib/python3.7/site-packages/airflow/providers/mysql/operators/mysql.py", line 86, in execute
    hook.run(self.sql, autocommit=self.autocommit, parameters=self.parameters)
  File "/home/airflow/.local/lib/python3.7/site-packages/airflow/providers/common/sql/hooks/sql.py", line 288, in run
    with closing(self.get_conn()) as conn:
  File "/home/airflow/.local/lib/python3.7/site-packages/airflow/providers/mysql/hooks/mysql.py", line 165, in get_conn
    conn = self.connection or self.get_connection(getattr(self, self.conn_name_attr))
  File "/home/airflow/.local/lib/python3.7/site-packages/airflow/hooks/base.py", line 70, in get_connection
    conn = Connection.get_connection_from_secrets(conn_id)
  File "/home/airflow/.local/lib/python3.7/site-packages/airflow/models/connection.py", line 432, in get_connection_from_secrets
    raise AirflowNotFoundException(f"The conn_id `{conn_id}` isn't defined")
airflow.exceptions.AirflowNotFoundException: The conn_id `mysql_solar` isn't defined
[2022-12-11T07:44:49.391+0000] {taskinstance.py:1406} INFO - Marking task as FAILED. dag_id=etl_solar, task_id=checkfiles.check_weather_table, execution_date=20221210T000000, start_date=20221211T074446, end_date=20221211T074449
[2022-12-11T07:44:49.487+0000] {standard_task_runner.py:105} ERROR - Failed to execute job 15 for task checkfiles.check_weather_table (The conn_id `mysql_solar` isn't defined; 94)
[2022-12-11T07:44:49.571+0000] {local_task_job.py:164} INFO - Task exited with return code 1
[2022-12-11T07:44:50.056+0000] {local_task_job.py:273} INFO - 0 downstream tasks scheduled from follow-on schedule check
[2022-12-11T08:08:57.781+0000] {taskinstance.py:1165} INFO - Dependencies all met for <TaskInstance: etl_solar.checkfiles.check_weather_table scheduled__2022-12-10T00:00:00+00:00 [queued]>
[2022-12-11T08:08:57.825+0000] {taskinstance.py:1165} INFO - Dependencies all met for <TaskInstance: etl_solar.checkfiles.check_weather_table scheduled__2022-12-10T00:00:00+00:00 [queued]>
[2022-12-11T08:08:57.827+0000] {taskinstance.py:1362} INFO - 
--------------------------------------------------------------------------------
[2022-12-11T08:08:57.828+0000] {taskinstance.py:1363} INFO - Starting attempt 1 of 1
[2022-12-11T08:08:57.830+0000] {taskinstance.py:1364} INFO - 
--------------------------------------------------------------------------------
[2022-12-11T08:08:57.895+0000] {taskinstance.py:1383} INFO - Executing <Task(MySqlOperator): checkfiles.check_weather_table> on 2022-12-10 00:00:00+00:00
[2022-12-11T08:08:57.909+0000] {standard_task_runner.py:55} INFO - Started process 134 to run task
[2022-12-11T08:08:57.924+0000] {standard_task_runner.py:82} INFO - Running: ['***', 'tasks', 'run', 'etl_solar', 'checkfiles.check_weather_table', 'scheduled__2022-12-10T00:00:00+00:00', '--job-id', '28', '--raw', '--subdir', 'DAGS_FOLDER/dag_preprocess.py', '--cfg-path', '/tmp/tmp2ortsa7s']
[2022-12-11T08:08:57.931+0000] {standard_task_runner.py:83} INFO - Job 28: Subtask checkfiles.check_weather_table
[2022-12-11T08:08:57.988+0000] {warnings.py:110} WARNING - /home/***/.local/lib/python3.7/site-packages/***/configuration.py:545: DeprecationWarning: The sql_alchemy_conn option in [core] has been moved to the sql_alchemy_conn option in [database] - the old setting has been used, but please update your config.
  option = self._get_environment_variables(deprecated_key, deprecated_section, key, section)

[2022-12-11T08:08:58.201+0000] {task_command.py:376} INFO - Running <TaskInstance: etl_solar.checkfiles.check_weather_table scheduled__2022-12-10T00:00:00+00:00 [running]> on host 01c108b234e9
[2022-12-11T08:08:58.553+0000] {taskinstance.py:1592} INFO - Exporting the following env vars:
AIRFLOW_CTX_DAG_OWNER=***
AIRFLOW_CTX_DAG_ID=etl_solar
AIRFLOW_CTX_TASK_ID=checkfiles.check_weather_table
AIRFLOW_CTX_EXECUTION_DATE=2022-12-10T00:00:00+00:00
AIRFLOW_CTX_TRY_NUMBER=1
AIRFLOW_CTX_DAG_RUN_ID=scheduled__2022-12-10T00:00:00+00:00
[2022-12-11T08:08:58.556+0000] {mysql.py:84} INFO - Executing: CREATE TABLE IF NOT EXISTS weather_info(
                locdatetime VARCHAR(40),
                location VARCHAR(40),
                updated_date VARCHAR(13),
                temperature FLOAT,
                precipitation_form FLOAT,
                precipitation_prob FLOAT,
                humidity FLOAT,
                wind_speed FLOAT,
                wind_direction FLOAT,
                cloud FLOAT,
                primary key(locdatetime,location))
[2022-12-11T08:08:58.597+0000] {base.py:71} INFO - Using connection ID 'mysql_solar' for task execution.
[2022-12-11T08:08:58.628+0000] {taskinstance.py:1851} ERROR - Task failed with exception
Traceback (most recent call last):
  File "/home/airflow/.local/lib/python3.7/site-packages/airflow/providers/mysql/operators/mysql.py", line 86, in execute
    hook.run(self.sql, autocommit=self.autocommit, parameters=self.parameters)
  File "/home/airflow/.local/lib/python3.7/site-packages/airflow/providers/common/sql/hooks/sql.py", line 288, in run
    with closing(self.get_conn()) as conn:
  File "/home/airflow/.local/lib/python3.7/site-packages/airflow/providers/mysql/hooks/mysql.py", line 173, in get_conn
    return MySQLdb.connect(**conn_config)
  File "/home/airflow/.local/lib/python3.7/site-packages/MySQLdb/__init__.py", line 123, in Connect
    return Connection(*args, **kwargs)
  File "/home/airflow/.local/lib/python3.7/site-packages/MySQLdb/connections.py", line 185, in __init__
    super().__init__(*args, **kwargs2)
MySQLdb.OperationalError: (2003, "Can't connect to MySQL server on '127.0.0.1:3306' (111)")
[2022-12-11T08:08:58.668+0000] {taskinstance.py:1406} INFO - Marking task as FAILED. dag_id=etl_solar, task_id=checkfiles.check_weather_table, execution_date=20221210T000000, start_date=20221211T080857, end_date=20221211T080858
[2022-12-11T08:08:58.721+0000] {standard_task_runner.py:105} ERROR - Failed to execute job 28 for task checkfiles.check_weather_table ((2003, "Can't connect to MySQL server on '127.0.0.1:3306' (111)"); 134)
[2022-12-11T08:08:58.775+0000] {local_task_job.py:164} INFO - Task exited with return code 1
[2022-12-11T08:08:59.058+0000] {local_task_job.py:273} INFO - 0 downstream tasks scheduled from follow-on schedule check
