[2022-11-20 11:49:15,189] {taskinstance.py:1159} INFO - Dependencies all met for <TaskInstance: etl_solar.checkfiles.check_energy_file_1 manual__2022-11-20T11:49:13.916419+00:00 [queued]>
[2022-11-20 11:49:15,201] {taskinstance.py:1159} INFO - Dependencies all met for <TaskInstance: etl_solar.checkfiles.check_energy_file_1 manual__2022-11-20T11:49:13.916419+00:00 [queued]>
[2022-11-20 11:49:15,202] {taskinstance.py:1356} INFO - 
--------------------------------------------------------------------------------
[2022-11-20 11:49:15,202] {taskinstance.py:1357} INFO - Starting attempt 1 of 1
[2022-11-20 11:49:15,203] {taskinstance.py:1358} INFO - 
--------------------------------------------------------------------------------
[2022-11-20 11:49:15,221] {taskinstance.py:1377} INFO - Executing <Task(BashOperator): checkfiles.check_energy_file_1> on 2022-11-20 11:49:13.916419+00:00
[2022-11-20 11:49:15,226] {standard_task_runner.py:52} INFO - Started process 188 to run task
[2022-11-20 11:49:15,231] {standard_task_runner.py:79} INFO - Running: ['***', 'tasks', 'run', 'etl_solar', 'checkfiles.check_energy_file_1', 'manual__2022-11-20T11:49:13.916419+00:00', '--job-id', '39', '--raw', '--subdir', 'DAGS_FOLDER/dag_preprocess.py', '--cfg-path', '/tmp/tmp5ba3payt', '--error-file', '/tmp/tmp4gdxkmt_']
[2022-11-20 11:49:15,232] {standard_task_runner.py:80} INFO - Job 39: Subtask checkfiles.check_energy_file_1
[2022-11-20 11:49:15,312] {task_command.py:369} INFO - Running <TaskInstance: etl_solar.checkfiles.check_energy_file_1 manual__2022-11-20T11:49:13.916419+00:00 [running]> on host 82103fd5e777
[2022-11-20 11:49:15,430] {taskinstance.py:1571} INFO - Exporting the following env vars:
AIRFLOW_CTX_DAG_OWNER=***
AIRFLOW_CTX_DAG_ID=etl_solar
AIRFLOW_CTX_TASK_ID=checkfiles.check_energy_file_1
AIRFLOW_CTX_EXECUTION_DATE=2022-11-20T11:49:13.916419+00:00
AIRFLOW_CTX_TRY_NUMBER=1
AIRFLOW_CTX_DAG_RUN_ID=manual__2022-11-20T11:49:13.916419+00:00
[2022-11-20 11:49:15,432] {subprocess.py:62} INFO - Tmp dir root location: 
 /tmp
[2022-11-20 11:49:15,433] {subprocess.py:74} INFO - Running command: ['bash', '-c', '/opt/***/bash_command/check_file.sh /opt/***/storage/***.csv']
[2022-11-20 11:49:15,445] {subprocess.py:85} INFO - Output:
[2022-11-20 11:49:15,456] {subprocess.py:92} INFO - File /opt/***/storage/***.csv exists
[2022-11-20 11:49:15,458] {subprocess.py:96} INFO - Command exited with return code 0
[2022-11-20 11:49:15,503] {taskinstance.py:1400} INFO - Marking task as SUCCESS. dag_id=etl_solar, task_id=checkfiles.check_energy_file_1, execution_date=20221120T114913, start_date=20221120T114915, end_date=20221120T114915
[2022-11-20 11:49:15,564] {local_task_job.py:156} INFO - Task exited with return code 0
[2022-11-20 11:49:15,645] {local_task_job.py:273} INFO - 0 downstream tasks scheduled from follow-on schedule check
