[2022-11-20 11:39:11,880] {taskinstance.py:1159} INFO - Dependencies all met for <TaskInstance: etl_solar.check_input_status manual__2022-11-20T11:39:08.181248+00:00 [queued]>
[2022-11-20 11:39:11,892] {taskinstance.py:1159} INFO - Dependencies all met for <TaskInstance: etl_solar.check_input_status manual__2022-11-20T11:39:08.181248+00:00 [queued]>
[2022-11-20 11:39:11,893] {taskinstance.py:1356} INFO - 
--------------------------------------------------------------------------------
[2022-11-20 11:39:11,893] {taskinstance.py:1357} INFO - Starting attempt 1 of 1
[2022-11-20 11:39:11,894] {taskinstance.py:1358} INFO - 
--------------------------------------------------------------------------------
[2022-11-20 11:39:11,911] {taskinstance.py:1377} INFO - Executing <Task(BashOperator): check_input_status> on 2022-11-20 11:39:08.181248+00:00
[2022-11-20 11:39:11,917] {standard_task_runner.py:52} INFO - Started process 133 to run task
[2022-11-20 11:39:11,921] {standard_task_runner.py:79} INFO - Running: ['***', 'tasks', 'run', 'etl_solar', 'check_input_status', 'manual__2022-11-20T11:39:08.181248+00:00', '--job-id', '25', '--raw', '--subdir', 'DAGS_FOLDER/dag_preprocess.py', '--cfg-path', '/tmp/tmpzev1etgr', '--error-file', '/tmp/tmp8vxh_db1']
[2022-11-20 11:39:11,922] {standard_task_runner.py:80} INFO - Job 25: Subtask check_input_status
[2022-11-20 11:39:11,982] {task_command.py:369} INFO - Running <TaskInstance: etl_solar.check_input_status manual__2022-11-20T11:39:08.181248+00:00 [running]> on host 82103fd5e777
[2022-11-20 11:39:12,077] {taskinstance.py:1571} INFO - Exporting the following env vars:
AIRFLOW_CTX_DAG_OWNER=***
AIRFLOW_CTX_DAG_ID=etl_solar
AIRFLOW_CTX_TASK_ID=check_input_status
AIRFLOW_CTX_EXECUTION_DATE=2022-11-20T11:39:08.181248+00:00
AIRFLOW_CTX_TRY_NUMBER=1
AIRFLOW_CTX_DAG_RUN_ID=manual__2022-11-20T11:39:08.181248+00:00
[2022-11-20 11:39:12,078] {subprocess.py:62} INFO - Tmp dir root location: 
 /tmp
[2022-11-20 11:39:12,079] {subprocess.py:74} INFO - Running command: ['bash', '-c', "echo 'success'"]
[2022-11-20 11:39:12,090] {subprocess.py:85} INFO - Output:
[2022-11-20 11:39:12,092] {subprocess.py:92} INFO - success
[2022-11-20 11:39:12,092] {subprocess.py:96} INFO - Command exited with return code 0
[2022-11-20 11:39:12,137] {taskinstance.py:1400} INFO - Marking task as SUCCESS. dag_id=etl_solar, task_id=check_input_status, execution_date=20221120T113908, start_date=20221120T113911, end_date=20221120T113912
[2022-11-20 11:39:12,174] {local_task_job.py:156} INFO - Task exited with return code 0
[2022-11-20 11:39:12,241] {local_task_job.py:273} INFO - 1 downstream tasks scheduled from follow-on schedule check
