[2022-12-11T08:11:15.708+0000] {taskinstance.py:1165} INFO - Dependencies all met for <TaskInstance: etl_solar.convert_to_csv.extract_weather_info manual__2022-12-11T08:10:48.533274+00:00 [queued]>
[2022-12-11T08:11:15.760+0000] {taskinstance.py:1165} INFO - Dependencies all met for <TaskInstance: etl_solar.convert_to_csv.extract_weather_info manual__2022-12-11T08:10:48.533274+00:00 [queued]>
[2022-12-11T08:11:15.762+0000] {taskinstance.py:1362} INFO - 
--------------------------------------------------------------------------------
[2022-12-11T08:11:15.763+0000] {taskinstance.py:1363} INFO - Starting attempt 1 of 1
[2022-12-11T08:11:15.765+0000] {taskinstance.py:1364} INFO - 
--------------------------------------------------------------------------------
[2022-12-11T08:11:15.841+0000] {taskinstance.py:1383} INFO - Executing <Task(PythonOperator): convert_to_csv.extract_weather_info> on 2022-12-11 08:10:48.533274+00:00
[2022-12-11T08:11:15.856+0000] {standard_task_runner.py:55} INFO - Started process 165 to run task
[2022-12-11T08:11:15.868+0000] {standard_task_runner.py:82} INFO - Running: ['***', 'tasks', 'run', 'etl_solar', 'convert_to_csv.extract_weather_info', 'manual__2022-12-11T08:10:48.533274+00:00', '--job-id', '37', '--raw', '--subdir', 'DAGS_FOLDER/dag_preprocess.py', '--cfg-path', '/tmp/tmp19tue9xd']
[2022-12-11T08:11:15.876+0000] {standard_task_runner.py:83} INFO - Job 37: Subtask convert_to_csv.extract_weather_info
[2022-12-11T08:11:16.133+0000] {task_command.py:376} INFO - Running <TaskInstance: etl_solar.convert_to_csv.extract_weather_info manual__2022-12-11T08:10:48.533274+00:00 [running]> on host 01c108b234e9
[2022-12-11T08:11:16.481+0000] {taskinstance.py:1592} INFO - Exporting the following env vars:
AIRFLOW_CTX_DAG_OWNER=***
AIRFLOW_CTX_DAG_ID=etl_solar
AIRFLOW_CTX_TASK_ID=convert_to_csv.extract_weather_info
AIRFLOW_CTX_EXECUTION_DATE=2022-12-11T08:10:48.533274+00:00
AIRFLOW_CTX_TRY_NUMBER=1
AIRFLOW_CTX_DAG_RUN_ID=manual__2022-12-11T08:10:48.533274+00:00
[2022-12-11T08:11:16.519+0000] {base.py:71} INFO - Using connection ID 'mysql_solar' for task execution.
[2022-12-11T08:11:16.699+0000] {python.py:177} INFO - Done. Returned value was: None
[2022-12-11T08:11:16.743+0000] {taskinstance.py:1406} INFO - Marking task as SUCCESS. dag_id=etl_solar, task_id=convert_to_csv.extract_weather_info, execution_date=20221211T081048, start_date=20221211T081115, end_date=20221211T081116
[2022-12-11T08:11:16.844+0000] {local_task_job.py:164} INFO - Task exited with return code 0
[2022-12-11T08:11:17.276+0000] {local_task_job.py:273} INFO - 0 downstream tasks scheduled from follow-on schedule check
