[2022-11-22 04:02:26,414] {taskinstance.py:1159} INFO - Dependencies all met for <TaskInstance: etl_solar.load_files.extract_weather_info manual__2022-11-22T04:02:08.508127+00:00 [queued]>
[2022-11-22 04:02:26,470] {taskinstance.py:1159} INFO - Dependencies all met for <TaskInstance: etl_solar.load_files.extract_weather_info manual__2022-11-22T04:02:08.508127+00:00 [queued]>
[2022-11-22 04:02:26,472] {taskinstance.py:1356} INFO - 
--------------------------------------------------------------------------------
[2022-11-22 04:02:26,473] {taskinstance.py:1357} INFO - Starting attempt 1 of 1
[2022-11-22 04:02:26,474] {taskinstance.py:1358} INFO - 
--------------------------------------------------------------------------------
[2022-11-22 04:02:26,564] {taskinstance.py:1377} INFO - Executing <Task(PythonOperator): load_files.extract_weather_info> on 2022-11-22 04:02:08.508127+00:00
[2022-11-22 04:02:26,580] {standard_task_runner.py:52} INFO - Started process 129 to run task
[2022-11-22 04:02:26,596] {standard_task_runner.py:79} INFO - Running: ['***', 'tasks', 'run', 'etl_solar', 'load_files.extract_weather_info', 'manual__2022-11-22T04:02:08.508127+00:00', '--job-id', '139', '--raw', '--subdir', 'DAGS_FOLDER/dag_preprocess.py', '--cfg-path', '/tmp/tmpw5kk3x0p', '--error-file', '/tmp/tmp3rdzo1pv']
[2022-11-22 04:02:26,601] {standard_task_runner.py:80} INFO - Job 139: Subtask load_files.extract_weather_info
[2022-11-22 04:02:26,905] {task_command.py:369} INFO - Running <TaskInstance: etl_solar.load_files.extract_weather_info manual__2022-11-22T04:02:08.508127+00:00 [running]> on host 8a647070b091
[2022-11-22 04:02:27,366] {taskinstance.py:1571} INFO - Exporting the following env vars:
AIRFLOW_CTX_DAG_OWNER=***
AIRFLOW_CTX_DAG_ID=etl_solar
AIRFLOW_CTX_TASK_ID=load_files.extract_weather_info
AIRFLOW_CTX_EXECUTION_DATE=2022-11-22T04:02:08.508127+00:00
AIRFLOW_CTX_TRY_NUMBER=1
AIRFLOW_CTX_DAG_RUN_ID=manual__2022-11-22T04:02:08.508127+00:00
[2022-11-22 04:02:27,371] {taskinstance.py:1889} ERROR - Task failed with exception
Traceback (most recent call last):
  File "/home/airflow/.local/lib/python3.7/site-packages/airflow/operators/python.py", line 171, in execute
    return_value = self.execute_callable()
  File "/home/airflow/.local/lib/python3.7/site-packages/airflow/operators/python.py", line 189, in execute_callable
    return self.python_callable(*self.op_args, **self.op_kwargs)
  File "/opt/airflow/dags/preprocess/connection.py", line 12, in inner_function
    return function(**kwargs)
  File "/opt/airflow/dags/groups/group_loads.py", line 20, in save_data
    sql_data=context['mysqlServer'].get_pandas_df(sql=['params']['sql'])
TypeError: list indices must be integers or slices, not str
[2022-11-22 04:02:27,443] {taskinstance.py:1400} INFO - Marking task as FAILED. dag_id=etl_solar, task_id=load_files.extract_weather_info, execution_date=20221122T040208, start_date=20221122T040226, end_date=20221122T040227
[2022-11-22 04:02:27,502] {standard_task_runner.py:97} ERROR - Failed to execute job 139 for task load_files.extract_weather_info (list indices must be integers or slices, not str; 129)
[2022-11-22 04:02:27,542] {local_task_job.py:156} INFO - Task exited with return code 1
[2022-11-22 04:02:27,705] {local_task_job.py:273} INFO - 0 downstream tasks scheduled from follow-on schedule check
