[2022-12-11T08:17:43.371+0000] {taskinstance.py:1165} INFO - Dependencies all met for <TaskInstance: etl_solar.transform.preprocess_weather manual__2022-12-11T08:17:00.192133+00:00 [queued]>
[2022-12-11T08:17:43.438+0000] {taskinstance.py:1165} INFO - Dependencies all met for <TaskInstance: etl_solar.transform.preprocess_weather manual__2022-12-11T08:17:00.192133+00:00 [queued]>
[2022-12-11T08:17:43.440+0000] {taskinstance.py:1362} INFO - 
--------------------------------------------------------------------------------
[2022-12-11T08:17:43.441+0000] {taskinstance.py:1363} INFO - Starting attempt 1 of 1
[2022-12-11T08:17:43.442+0000] {taskinstance.py:1364} INFO - 
--------------------------------------------------------------------------------
[2022-12-11T08:17:43.538+0000] {taskinstance.py:1383} INFO - Executing <Task(PythonOperator): transform.preprocess_weather> on 2022-12-11 08:17:00.192133+00:00
[2022-12-11T08:17:43.556+0000] {standard_task_runner.py:55} INFO - Started process 249 to run task
[2022-12-11T08:17:43.577+0000] {standard_task_runner.py:82} INFO - Running: ['***', 'tasks', 'run', 'etl_solar', 'transform.preprocess_weather', 'manual__2022-12-11T08:17:00.192133+00:00', '--job-id', '60', '--raw', '--subdir', 'DAGS_FOLDER/dag_preprocess.py', '--cfg-path', '/tmp/tmp37ommd36']
[2022-12-11T08:17:43.585+0000] {standard_task_runner.py:83} INFO - Job 60: Subtask transform.preprocess_weather
[2022-12-11T08:17:43.929+0000] {task_command.py:376} INFO - Running <TaskInstance: etl_solar.transform.preprocess_weather manual__2022-12-11T08:17:00.192133+00:00 [running]> on host 01c108b234e9
[2022-12-11T08:17:44.270+0000] {taskinstance.py:1592} INFO - Exporting the following env vars:
AIRFLOW_CTX_DAG_OWNER=***
AIRFLOW_CTX_DAG_ID=etl_solar
AIRFLOW_CTX_TASK_ID=transform.preprocess_weather
AIRFLOW_CTX_EXECUTION_DATE=2022-12-11T08:17:00.192133+00:00
AIRFLOW_CTX_TRY_NUMBER=1
AIRFLOW_CTX_DAG_RUN_ID=manual__2022-12-11T08:17:00.192133+00:00
[2022-12-11T08:17:44.367+0000] {python.py:177} INFO - Done. Returned value was: None
[2022-12-11T08:17:44.411+0000] {taskinstance.py:1406} INFO - Marking task as SUCCESS. dag_id=etl_solar, task_id=transform.preprocess_weather, execution_date=20221211T081700, start_date=20221211T081743, end_date=20221211T081744
[2022-12-11T08:17:44.505+0000] {local_task_job.py:164} INFO - Task exited with return code 0
[2022-12-11T08:17:44.647+0000] {local_task_job.py:273} INFO - 0 downstream tasks scheduled from follow-on schedule check
