[2022-11-20 06:07:53,533] {taskinstance.py:877} INFO - Dependencies all met for <TaskInstance: etl_solar.checkfiles.check_energy_file_2 2022-11-20T06:07:47.701845+00:00 [queued]>
[2022-11-20 06:07:53,611] {taskinstance.py:877} INFO - Dependencies all met for <TaskInstance: etl_solar.checkfiles.check_energy_file_2 2022-11-20T06:07:47.701845+00:00 [queued]>
[2022-11-20 06:07:53,613] {taskinstance.py:1068} INFO - 
--------------------------------------------------------------------------------
[2022-11-20 06:07:53,614] {taskinstance.py:1069} INFO - Starting attempt 1 of 1
[2022-11-20 06:07:53,615] {taskinstance.py:1070} INFO - 
--------------------------------------------------------------------------------
[2022-11-20 06:07:53,681] {taskinstance.py:1089} INFO - Executing <Task(BashOperator): checkfiles.check_energy_file_2> on 2022-11-20T06:07:47.701845+00:00
[2022-11-20 06:07:53,700] {standard_task_runner.py:52} INFO - Started process 88 to run task
[2022-11-20 06:07:53,723] {standard_task_runner.py:76} INFO - Running: ['airflow', 'tasks', 'run', 'etl_solar', 'checkfiles.check_energy_file_2', '2022-11-20T06:07:47.701845+00:00', '--job-id', '29', '--pool', 'default_pool', '--raw', '--subdir', 'DAGS_FOLDER/dag_preprocess.py', '--cfg-path', '/tmp/tmpcwcla7er', '--error-file', '/tmp/tmpqfff6q7q']
[2022-11-20 06:07:53,725] {standard_task_runner.py:77} INFO - Job 29: Subtask checkfiles.check_energy_file_2
[2022-11-20 06:07:53,951] {logging_mixin.py:104} INFO - Running <TaskInstance: etl_solar.checkfiles.check_energy_file_2 2022-11-20T06:07:47.701845+00:00 [running]> on host cc7a6235a592
[2022-11-20 06:07:54,162] {taskinstance.py:1283} INFO - Exporting the following env vars:
AIRFLOW_CTX_DAG_OWNER=airflow
AIRFLOW_CTX_DAG_ID=etl_solar
AIRFLOW_CTX_TASK_ID=checkfiles.check_energy_file_2
AIRFLOW_CTX_EXECUTION_DATE=2022-11-20T06:07:47.701845+00:00
AIRFLOW_CTX_DAG_RUN_ID=manual__2022-11-20T06:07:47.701845+00:00
[2022-11-20 06:07:54,164] {bash.py:135} INFO - Tmp dir root location: 
 /tmp
[2022-11-20 06:07:54,170] {bash.py:158} INFO - Running command: /opt/airflow/bash_command/check_file.sh /opt/airflow/storage/airflow.csv
[2022-11-20 06:07:54,236] {bash.py:169} INFO - Output:
[2022-11-20 06:07:54,306] {bash.py:173} INFO - File /opt/airflow/storage/airflow.csv exists
[2022-11-20 06:07:54,311] {bash.py:177} INFO - Command exited with return code 0
[2022-11-20 06:07:54,533] {taskinstance.py:1192} INFO - Marking task as SUCCESS. dag_id=etl_solar, task_id=checkfiles.check_energy_file_2, execution_date=20221120T060747, start_date=20221120T060753, end_date=20221120T060754
[2022-11-20 06:07:54,831] {taskinstance.py:1246} INFO - 0 downstream tasks scheduled from follow-on schedule check
[2022-11-20 06:07:54,887] {local_task_job.py:146} INFO - Task exited with return code 0
