[2022-12-11T08:08:30.647+0000] {taskinstance.py:1165} INFO - Dependencies all met for <TaskInstance: etl_solar.checkfiles.check_energy_file_1 manual__2022-12-11T08:08:24.449700+00:00 [queued]>
[2022-12-11T08:08:30.710+0000] {taskinstance.py:1165} INFO - Dependencies all met for <TaskInstance: etl_solar.checkfiles.check_energy_file_1 manual__2022-12-11T08:08:24.449700+00:00 [queued]>
[2022-12-11T08:08:30.711+0000] {taskinstance.py:1362} INFO - 
--------------------------------------------------------------------------------
[2022-12-11T08:08:30.713+0000] {taskinstance.py:1363} INFO - Starting attempt 1 of 1
[2022-12-11T08:08:30.714+0000] {taskinstance.py:1364} INFO - 
--------------------------------------------------------------------------------
[2022-12-11T08:08:30.888+0000] {taskinstance.py:1383} INFO - Executing <Task(BashOperator): checkfiles.check_energy_file_1> on 2022-12-11 08:08:24.449700+00:00
[2022-12-11T08:08:30.902+0000] {standard_task_runner.py:55} INFO - Started process 121 to run task
[2022-12-11T08:08:30.919+0000] {standard_task_runner.py:82} INFO - Running: ['***', 'tasks', 'run', 'etl_solar', 'checkfiles.check_energy_file_1', 'manual__2022-12-11T08:08:24.449700+00:00', '--job-id', '23', '--raw', '--subdir', 'DAGS_FOLDER/dag_preprocess.py', '--cfg-path', '/tmp/tmpa6rs9xjk']
[2022-12-11T08:08:30.929+0000] {standard_task_runner.py:83} INFO - Job 23: Subtask checkfiles.check_energy_file_1
[2022-12-11T08:08:31.322+0000] {task_command.py:376} INFO - Running <TaskInstance: etl_solar.checkfiles.check_energy_file_1 manual__2022-12-11T08:08:24.449700+00:00 [running]> on host 01c108b234e9
[2022-12-11T08:08:32.396+0000] {taskinstance.py:1592} INFO - Exporting the following env vars:
AIRFLOW_CTX_DAG_OWNER=***
AIRFLOW_CTX_DAG_ID=etl_solar
AIRFLOW_CTX_TASK_ID=checkfiles.check_energy_file_1
AIRFLOW_CTX_EXECUTION_DATE=2022-12-11T08:08:24.449700+00:00
AIRFLOW_CTX_TRY_NUMBER=1
AIRFLOW_CTX_DAG_RUN_ID=manual__2022-12-11T08:08:24.449700+00:00
[2022-12-11T08:08:32.413+0000] {subprocess.py:63} INFO - Tmp dir root location: 
 /tmp
[2022-12-11T08:08:32.426+0000] {subprocess.py:75} INFO - Running command: ['/bin/bash', '-c', '/opt/***/utilities/check_file.sh /opt/***/utilities/storage/energy_1.csv']
[2022-12-11T08:08:32.521+0000] {subprocess.py:86} INFO - Output:
[2022-12-11T08:08:32.628+0000] {subprocess.py:93} INFO - File /opt/***/utilities/storage/energy_1.csv does not exist
[2022-12-11T08:08:32.665+0000] {subprocess.py:97} INFO - Command exited with return code 0
[2022-12-11T08:08:32.901+0000] {taskinstance.py:1406} INFO - Marking task as SUCCESS. dag_id=etl_solar, task_id=checkfiles.check_energy_file_1, execution_date=20221211T080824, start_date=20221211T080830, end_date=20221211T080832
[2022-12-11T08:08:33.017+0000] {local_task_job.py:164} INFO - Task exited with return code 0
[2022-12-11T08:08:33.587+0000] {local_task_job.py:273} INFO - 0 downstream tasks scheduled from follow-on schedule check
