[2022-11-22 04:51:09,385] {taskinstance.py:1159} INFO - Dependencies all met for <TaskInstance: etl_solar.load_files.extract_weather_info manual__2022-11-22T04:50:52.227175+00:00 [queued]>
[2022-11-22 04:51:09,440] {taskinstance.py:1159} INFO - Dependencies all met for <TaskInstance: etl_solar.load_files.extract_weather_info manual__2022-11-22T04:50:52.227175+00:00 [queued]>
[2022-11-22 04:51:09,441] {taskinstance.py:1356} INFO - 
--------------------------------------------------------------------------------
[2022-11-22 04:51:09,442] {taskinstance.py:1357} INFO - Starting attempt 1 of 1
[2022-11-22 04:51:09,444] {taskinstance.py:1358} INFO - 
--------------------------------------------------------------------------------
[2022-11-22 04:51:09,511] {taskinstance.py:1377} INFO - Executing <Task(PythonOperator): load_files.extract_weather_info> on 2022-11-22 04:50:52.227175+00:00
[2022-11-22 04:51:09,527] {standard_task_runner.py:52} INFO - Started process 282 to run task
[2022-11-22 04:51:09,550] {standard_task_runner.py:79} INFO - Running: ['***', 'tasks', 'run', 'etl_solar', 'load_files.extract_weather_info', 'manual__2022-11-22T04:50:52.227175+00:00', '--job-id', '182', '--raw', '--subdir', 'DAGS_FOLDER/dag_preprocess.py', '--cfg-path', '/tmp/tmpoh0e8vhl', '--error-file', '/tmp/tmpspfujpil']
[2022-11-22 04:51:09,555] {standard_task_runner.py:80} INFO - Job 182: Subtask load_files.extract_weather_info
[2022-11-22 04:51:09,867] {task_command.py:369} INFO - Running <TaskInstance: etl_solar.load_files.extract_weather_info manual__2022-11-22T04:50:52.227175+00:00 [running]> on host 8a647070b091
[2022-11-22 04:51:10,807] {taskinstance.py:1571} INFO - Exporting the following env vars:
AIRFLOW_CTX_DAG_OWNER=***
AIRFLOW_CTX_DAG_ID=etl_solar
AIRFLOW_CTX_TASK_ID=load_files.extract_weather_info
AIRFLOW_CTX_EXECUTION_DATE=2022-11-22T04:50:52.227175+00:00
AIRFLOW_CTX_TRY_NUMBER=1
AIRFLOW_CTX_DAG_RUN_ID=manual__2022-11-22T04:50:52.227175+00:00
[2022-11-22 04:51:10,891] {base.py:68} INFO - Using connection ID 'mysql_solar' for task execution.
[2022-11-22 04:51:11,052] {python.py:173} INFO - Done. Returned value was: None
[2022-11-22 04:51:11,145] {taskinstance.py:1400} INFO - Marking task as SUCCESS. dag_id=etl_solar, task_id=load_files.extract_weather_info, execution_date=20221122T045052, start_date=20221122T045109, end_date=20221122T045111
[2022-11-22 04:51:11,219] {local_task_job.py:156} INFO - Task exited with return code 0
[2022-11-22 04:51:11,868] {local_task_job.py:273} INFO - 0 downstream tasks scheduled from follow-on schedule check
