[2022-12-03 03:20:16,540] {taskinstance.py:1159} INFO - Dependencies all met for <TaskInstance: etl_solar.checkfiles.check_weather_table scheduled__2022-12-02T00:00:00+00:00 [queued]>
[2022-12-03 03:20:16,793] {taskinstance.py:1159} INFO - Dependencies all met for <TaskInstance: etl_solar.checkfiles.check_weather_table scheduled__2022-12-02T00:00:00+00:00 [queued]>
[2022-12-03 03:20:16,795] {taskinstance.py:1356} INFO - 
--------------------------------------------------------------------------------
[2022-12-03 03:20:16,801] {taskinstance.py:1357} INFO - Starting attempt 1 of 1
[2022-12-03 03:20:16,803] {taskinstance.py:1358} INFO - 
--------------------------------------------------------------------------------
[2022-12-03 03:20:17,025] {taskinstance.py:1377} INFO - Executing <Task(MySqlOperator): checkfiles.check_weather_table> on 2022-12-02 00:00:00+00:00
[2022-12-03 03:20:17,096] {standard_task_runner.py:52} INFO - Started process 69 to run task
[2022-12-03 03:20:17,137] {standard_task_runner.py:79} INFO - Running: ['***', 'tasks', 'run', 'etl_solar', 'checkfiles.check_weather_table', 'scheduled__2022-12-02T00:00:00+00:00', '--job-id', '284', '--raw', '--subdir', 'DAGS_FOLDER/dag_preprocess.py', '--cfg-path', '/tmp/tmpfbcxlu1n', '--error-file', '/tmp/tmpzukfy3l_']
[2022-12-03 03:20:17,153] {standard_task_runner.py:80} INFO - Job 284: Subtask checkfiles.check_weather_table
[2022-12-03 03:20:17,385] {warnings.py:110} WARNING - /home/***/.local/lib/python3.7/site-packages/***/configuration.py:470: DeprecationWarning: The sql_alchemy_conn option in [core] has been moved to the sql_alchemy_conn option in [database] - the old setting has been used, but please update your config.
  option = self._get_environment_variables(deprecated_key, deprecated_section, key, section)

[2022-12-03 03:20:18,370] {task_command.py:369} INFO - Running <TaskInstance: etl_solar.checkfiles.check_weather_table scheduled__2022-12-02T00:00:00+00:00 [running]> on host 8a647070b091
[2022-12-03 03:20:19,724] {taskinstance.py:1571} INFO - Exporting the following env vars:
AIRFLOW_CTX_DAG_OWNER=***
AIRFLOW_CTX_DAG_ID=etl_solar
AIRFLOW_CTX_TASK_ID=checkfiles.check_weather_table
AIRFLOW_CTX_EXECUTION_DATE=2022-12-02T00:00:00+00:00
AIRFLOW_CTX_TRY_NUMBER=1
AIRFLOW_CTX_DAG_RUN_ID=scheduled__2022-12-02T00:00:00+00:00
[2022-12-03 03:20:19,730] {mysql.py:82} INFO - Executing: CREATE TABLE IF NOT EXISTS weather_info(
                locdatetime VARCHAR(40),
                location VARCHAR(40),
                updated_date VARCHAR(13),
                temperature FLOAT,
                precipitation_form FLOAT,
                precipitation_prob FLOAT,
                humidity FLOAT,
                wind_speed FLOAT,
                wind_direction FLOAT,
                cloud FLOAT,
                primary key(locdatetime,location))
[2022-12-03 03:20:19,864] {base.py:68} INFO - Using connection ID 'mysql_solar' for task execution.
[2022-12-03 03:20:22,560] {taskinstance.py:1889} ERROR - Task failed with exception
Traceback (most recent call last):
  File "/home/airflow/.local/lib/python3.7/site-packages/airflow/providers/mysql/operators/mysql.py", line 84, in execute
    hook.run(self.sql, autocommit=self.autocommit, parameters=self.parameters)
  File "/home/airflow/.local/lib/python3.7/site-packages/airflow/hooks/dbapi.py", line 181, in run
    with closing(self.get_conn()) as conn:
  File "/home/airflow/.local/lib/python3.7/site-packages/airflow/providers/mysql/hooks/mysql.py", line 166, in get_conn
    return MySQLdb.connect(**conn_config)
  File "/home/airflow/.local/lib/python3.7/site-packages/MySQLdb/__init__.py", line 123, in Connect
    return Connection(*args, **kwargs)
  File "/home/airflow/.local/lib/python3.7/site-packages/MySQLdb/connections.py", line 185, in __init__
    super().__init__(*args, **kwargs2)
MySQLdb._exceptions.OperationalError: (2003, "Can't connect to MySQL server on 'host.docker.internal:3306' (111)")
[2022-12-03 03:20:22,798] {taskinstance.py:1400} INFO - Marking task as FAILED. dag_id=etl_solar, task_id=checkfiles.check_weather_table, execution_date=20221202T000000, start_date=20221203T032016, end_date=20221203T032022
[2022-12-03 03:20:23,404] {standard_task_runner.py:97} ERROR - Failed to execute job 284 for task checkfiles.check_weather_table ((2003, "Can't connect to MySQL server on 'host.docker.internal:3306' (111)"); 69)
[2022-12-03 03:20:23,606] {local_task_job.py:156} INFO - Task exited with return code 1
[2022-12-03 03:20:24,852] {local_task_job.py:273} INFO - 0 downstream tasks scheduled from follow-on schedule check
