[2022-12-11T08:22:39.072+0000] {taskinstance.py:1165} INFO - Dependencies all met for <TaskInstance: etl_solar.check_input_status manual__2022-12-11T08:22:24.302438+00:00 [queued]>
[2022-12-11T08:22:39.123+0000] {taskinstance.py:1165} INFO - Dependencies all met for <TaskInstance: etl_solar.check_input_status manual__2022-12-11T08:22:24.302438+00:00 [queued]>
[2022-12-11T08:22:39.125+0000] {taskinstance.py:1362} INFO - 
--------------------------------------------------------------------------------
[2022-12-11T08:22:39.127+0000] {taskinstance.py:1363} INFO - Starting attempt 1 of 1
[2022-12-11T08:22:39.128+0000] {taskinstance.py:1364} INFO - 
--------------------------------------------------------------------------------
[2022-12-11T08:22:39.204+0000] {taskinstance.py:1383} INFO - Executing <Task(BashOperator): check_input_status> on 2022-12-11 08:22:24.302438+00:00
[2022-12-11T08:22:39.219+0000] {standard_task_runner.py:55} INFO - Started process 352 to run task
[2022-12-11T08:22:39.233+0000] {standard_task_runner.py:82} INFO - Running: ['***', 'tasks', 'run', 'etl_solar', 'check_input_status', 'manual__2022-12-11T08:22:24.302438+00:00', '--job-id', '89', '--raw', '--subdir', 'DAGS_FOLDER/dag_preprocess.py', '--cfg-path', '/tmp/tmpaqokygz1']
[2022-12-11T08:22:39.242+0000] {standard_task_runner.py:83} INFO - Job 89: Subtask check_input_status
[2022-12-11T08:22:39.532+0000] {task_command.py:376} INFO - Running <TaskInstance: etl_solar.check_input_status manual__2022-12-11T08:22:24.302438+00:00 [running]> on host 01c108b234e9
[2022-12-11T08:22:39.970+0000] {taskinstance.py:1592} INFO - Exporting the following env vars:
AIRFLOW_CTX_DAG_OWNER=***
AIRFLOW_CTX_DAG_ID=etl_solar
AIRFLOW_CTX_TASK_ID=check_input_status
AIRFLOW_CTX_EXECUTION_DATE=2022-12-11T08:22:24.302438+00:00
AIRFLOW_CTX_TRY_NUMBER=1
AIRFLOW_CTX_DAG_RUN_ID=manual__2022-12-11T08:22:24.302438+00:00
[2022-12-11T08:22:39.978+0000] {subprocess.py:63} INFO - Tmp dir root location: 
 /tmp
[2022-12-11T08:22:39.982+0000] {subprocess.py:75} INFO - Running command: ['/bin/bash', '-c', "echo 'success'"]
[2022-12-11T08:22:40.059+0000] {subprocess.py:86} INFO - Output:
[2022-12-11T08:22:40.067+0000] {subprocess.py:93} INFO - success
[2022-12-11T08:22:40.070+0000] {subprocess.py:97} INFO - Command exited with return code 0
[2022-12-11T08:22:40.217+0000] {taskinstance.py:1406} INFO - Marking task as SUCCESS. dag_id=etl_solar, task_id=check_input_status, execution_date=20221211T082224, start_date=20221211T082239, end_date=20221211T082240
[2022-12-11T08:22:40.334+0000] {local_task_job.py:164} INFO - Task exited with return code 0
[2022-12-11T08:22:40.631+0000] {local_task_job.py:273} INFO - 1 downstream tasks scheduled from follow-on schedule check
