[2022-12-11T08:17:07.305+0000] {taskinstance.py:1165} INFO - Dependencies all met for <TaskInstance: etl_solar.checkfiles.check_weather_table manual__2022-12-11T08:17:00.192133+00:00 [queued]>
[2022-12-11T08:17:07.376+0000] {taskinstance.py:1165} INFO - Dependencies all met for <TaskInstance: etl_solar.checkfiles.check_weather_table manual__2022-12-11T08:17:00.192133+00:00 [queued]>
[2022-12-11T08:17:07.388+0000] {taskinstance.py:1362} INFO - 
--------------------------------------------------------------------------------
[2022-12-11T08:17:07.390+0000] {taskinstance.py:1363} INFO - Starting attempt 1 of 1
[2022-12-11T08:17:07.391+0000] {taskinstance.py:1364} INFO - 
--------------------------------------------------------------------------------
[2022-12-11T08:17:07.500+0000] {taskinstance.py:1383} INFO - Executing <Task(MySqlOperator): checkfiles.check_weather_table> on 2022-12-11 08:17:00.192133+00:00
[2022-12-11T08:17:07.521+0000] {standard_task_runner.py:55} INFO - Started process 213 to run task
[2022-12-11T08:17:07.539+0000] {standard_task_runner.py:82} INFO - Running: ['***', 'tasks', 'run', 'etl_solar', 'checkfiles.check_weather_table', 'manual__2022-12-11T08:17:00.192133+00:00', '--job-id', '50', '--raw', '--subdir', 'DAGS_FOLDER/dag_preprocess.py', '--cfg-path', '/tmp/tmp5x66tpnm']
[2022-12-11T08:17:07.550+0000] {standard_task_runner.py:83} INFO - Job 50: Subtask checkfiles.check_weather_table
[2022-12-11T08:17:07.966+0000] {task_command.py:376} INFO - Running <TaskInstance: etl_solar.checkfiles.check_weather_table manual__2022-12-11T08:17:00.192133+00:00 [running]> on host 01c108b234e9
[2022-12-11T08:17:08.446+0000] {taskinstance.py:1592} INFO - Exporting the following env vars:
AIRFLOW_CTX_DAG_OWNER=***
AIRFLOW_CTX_DAG_ID=etl_solar
AIRFLOW_CTX_TASK_ID=checkfiles.check_weather_table
AIRFLOW_CTX_EXECUTION_DATE=2022-12-11T08:17:00.192133+00:00
AIRFLOW_CTX_TRY_NUMBER=1
AIRFLOW_CTX_DAG_RUN_ID=manual__2022-12-11T08:17:00.192133+00:00
[2022-12-11T08:17:08.452+0000] {mysql.py:84} INFO - Executing: CREATE TABLE IF NOT EXISTS weather_info(
                locdatetime VARCHAR(40),
                location VARCHAR(40),
                updated_date VARCHAR(13),
                temperature FLOAT,
                precipitation_form FLOAT,
                precipitation_prob FLOAT,
                humidity FLOAT,
                wind_speed FLOAT,
                wind_direction FLOAT,
                cloud FLOAT,
                primary key(locdatetime,location))
[2022-12-11T08:17:08.508+0000] {base.py:71} INFO - Using connection ID 'mysql_solar' for task execution.
[2022-12-11T08:17:08.623+0000] {sql.py:315} INFO - Running statement: CREATE TABLE IF NOT EXISTS weather_info(
                locdatetime VARCHAR(40),
                location VARCHAR(40),
                updated_date VARCHAR(13),
                temperature FLOAT,
                precipitation_form FLOAT,
                precipitation_prob FLOAT,
                humidity FLOAT,
                wind_speed FLOAT,
                wind_direction FLOAT,
                cloud FLOAT,
                primary key(locdatetime,location)), parameters: None
[2022-12-11T08:17:08.640+0000] {sql.py:324} INFO - Rows affected: 0
[2022-12-11T08:17:08.713+0000] {taskinstance.py:1406} INFO - Marking task as SUCCESS. dag_id=etl_solar, task_id=checkfiles.check_weather_table, execution_date=20221211T081700, start_date=20221211T081707, end_date=20221211T081708
[2022-12-11T08:17:08.852+0000] {local_task_job.py:164} INFO - Task exited with return code 0
[2022-12-11T08:17:09.085+0000] {local_task_job.py:273} INFO - 1 downstream tasks scheduled from follow-on schedule check
