[2022-11-22 05:29:41,361] {taskinstance.py:1159} INFO - Dependencies all met for <TaskInstance: etl_solar.weather_transform.preprocess_geography manual__2022-11-22T05:29:06.698630+00:00 [queued]>
[2022-11-22 05:29:41,408] {taskinstance.py:1159} INFO - Dependencies all met for <TaskInstance: etl_solar.weather_transform.preprocess_geography manual__2022-11-22T05:29:06.698630+00:00 [queued]>
[2022-11-22 05:29:41,409] {taskinstance.py:1356} INFO - 
--------------------------------------------------------------------------------
[2022-11-22 05:29:41,411] {taskinstance.py:1357} INFO - Starting attempt 1 of 1
[2022-11-22 05:29:41,412] {taskinstance.py:1358} INFO - 
--------------------------------------------------------------------------------
[2022-11-22 05:29:41,508] {taskinstance.py:1377} INFO - Executing <Task(PythonOperator): weather_transform.preprocess_geography> on 2022-11-22 05:29:06.698630+00:00
[2022-11-22 05:29:41,527] {standard_task_runner.py:52} INFO - Started process 573 to run task
[2022-11-22 05:29:41,544] {standard_task_runner.py:79} INFO - Running: ['***', 'tasks', 'run', 'etl_solar', 'weather_transform.preprocess_geography', 'manual__2022-11-22T05:29:06.698630+00:00', '--job-id', '264', '--raw', '--subdir', 'DAGS_FOLDER/dag_preprocess.py', '--cfg-path', '/tmp/tmpjrndbi2r', '--error-file', '/tmp/tmpi4471jdt']
[2022-11-22 05:29:41,550] {standard_task_runner.py:80} INFO - Job 264: Subtask weather_transform.preprocess_geography
[2022-11-22 05:29:41,976] {task_command.py:369} INFO - Running <TaskInstance: etl_solar.weather_transform.preprocess_geography manual__2022-11-22T05:29:06.698630+00:00 [running]> on host 8a647070b091
[2022-11-22 05:29:42,430] {taskinstance.py:1571} INFO - Exporting the following env vars:
AIRFLOW_CTX_DAG_OWNER=***
AIRFLOW_CTX_DAG_ID=etl_solar
AIRFLOW_CTX_TASK_ID=weather_transform.preprocess_geography
AIRFLOW_CTX_EXECUTION_DATE=2022-11-22T05:29:06.698630+00:00
AIRFLOW_CTX_TRY_NUMBER=1
AIRFLOW_CTX_DAG_RUN_ID=manual__2022-11-22T05:29:06.698630+00:00
[2022-11-22 05:29:42,470] {logging_mixin.py:115} INFO - ['altitudeMeridian', 'altitude_09', 'altitude_12', 'altitude_15', 'altitude_18', 'azimuth_09', 'azimuth_12', 'azimuth_15', 'azimuth_18']
[2022-11-22 05:29:42,509] {python.py:173} INFO - Done. Returned value was: None
[2022-11-22 05:29:42,565] {taskinstance.py:1400} INFO - Marking task as SUCCESS. dag_id=etl_solar, task_id=weather_transform.preprocess_geography, execution_date=20221122T052906, start_date=20221122T052941, end_date=20221122T052942
[2022-11-22 05:29:42,649] {local_task_job.py:156} INFO - Task exited with return code 0
[2022-11-22 05:29:42,831] {local_task_job.py:273} INFO - 0 downstream tasks scheduled from follow-on schedule check
