[2022-11-22 04:46:04,151] {taskinstance.py:1159} INFO - Dependencies all met for <TaskInstance: etl_solar.load_files.check_input_folder manual__2022-11-22T04:45:50.614668+00:00 [queued]>
[2022-11-22 04:46:04,196] {taskinstance.py:1159} INFO - Dependencies all met for <TaskInstance: etl_solar.load_files.check_input_folder manual__2022-11-22T04:45:50.614668+00:00 [queued]>
[2022-11-22 04:46:04,197] {taskinstance.py:1356} INFO - 
--------------------------------------------------------------------------------
[2022-11-22 04:46:04,198] {taskinstance.py:1357} INFO - Starting attempt 1 of 1
[2022-11-22 04:46:04,200] {taskinstance.py:1358} INFO - 
--------------------------------------------------------------------------------
[2022-11-22 04:46:04,267] {taskinstance.py:1377} INFO - Executing <Task(BashOperator): load_files.check_input_folder> on 2022-11-22 04:45:50.614668+00:00
[2022-11-22 04:46:04,281] {standard_task_runner.py:52} INFO - Started process 252 to run task
[2022-11-22 04:46:04,297] {standard_task_runner.py:79} INFO - Running: ['***', 'tasks', 'run', 'etl_solar', 'load_files.check_input_folder', 'manual__2022-11-22T04:45:50.614668+00:00', '--job-id', '175', '--raw', '--subdir', 'DAGS_FOLDER/dag_preprocess.py', '--cfg-path', '/tmp/tmpfo_4r1bo', '--error-file', '/tmp/tmpgwlsdx2n']
[2022-11-22 04:46:04,303] {standard_task_runner.py:80} INFO - Job 175: Subtask load_files.check_input_folder
[2022-11-22 04:46:04,571] {task_command.py:369} INFO - Running <TaskInstance: etl_solar.load_files.check_input_folder manual__2022-11-22T04:45:50.614668+00:00 [running]> on host 8a647070b091
[2022-11-22 04:46:04,908] {taskinstance.py:1571} INFO - Exporting the following env vars:
AIRFLOW_CTX_DAG_OWNER=***
AIRFLOW_CTX_DAG_ID=etl_solar
AIRFLOW_CTX_TASK_ID=load_files.check_input_folder
AIRFLOW_CTX_EXECUTION_DATE=2022-11-22T04:45:50.614668+00:00
AIRFLOW_CTX_TRY_NUMBER=1
AIRFLOW_CTX_DAG_RUN_ID=manual__2022-11-22T04:45:50.614668+00:00
[2022-11-22 04:46:04,913] {subprocess.py:62} INFO - Tmp dir root location: 
 /tmp
[2022-11-22 04:46:04,915] {subprocess.py:74} INFO - Running command: ['bash', '-c', '/opt/***/utilities/make_folder.sh /opt/***/storage/input/2022-11-22']
[2022-11-22 04:46:04,949] {subprocess.py:85} INFO - Output:
[2022-11-22 04:46:04,994] {subprocess.py:92} INFO - mkdir: cannot create directory ‘/opt/***/storage/input/2022-11-22’: No such file or directory
[2022-11-22 04:46:04,998] {subprocess.py:96} INFO - Command exited with return code 1
[2022-11-22 04:46:05,065] {taskinstance.py:1889} ERROR - Task failed with exception
Traceback (most recent call last):
  File "/home/airflow/.local/lib/python3.7/site-packages/airflow/operators/bash.py", line 195, in execute
    f'Bash command failed. The command returned a non-zero exit code {result.exit_code}.'
airflow.exceptions.AirflowException: Bash command failed. The command returned a non-zero exit code 1.
[2022-11-22 04:46:05,080] {taskinstance.py:1400} INFO - Marking task as FAILED. dag_id=etl_solar, task_id=load_files.check_input_folder, execution_date=20221122T044550, start_date=20221122T044604, end_date=20221122T044605
[2022-11-22 04:46:05,136] {standard_task_runner.py:97} ERROR - Failed to execute job 175 for task load_files.check_input_folder (Bash command failed. The command returned a non-zero exit code 1.; 252)
[2022-11-22 04:46:05,195] {local_task_job.py:156} INFO - Task exited with return code 1
[2022-11-22 04:46:05,377] {local_task_job.py:273} INFO - 0 downstream tasks scheduled from follow-on schedule check
