[2022-12-04 06:10:19,383] {processor.py:153} INFO - Started process (PID=36) to work on /opt/airflow/dags/dag_preprocess.py
[2022-12-04 06:10:19,389] {processor.py:641} INFO - Processing file /opt/airflow/dags/dag_preprocess.py for tasks to queue
[2022-12-04 06:10:19,392] {logging_mixin.py:115} INFO - [2022-12-04 06:10:19,391] {dagbag.py:507} INFO - Filling up the DagBag from /opt/airflow/dags/dag_preprocess.py
[2022-12-04 06:10:23,426] {processor.py:651} INFO - DAG(s) dict_keys(['etl_solar']) retrieved from /opt/airflow/dags/dag_preprocess.py
[2022-12-04 06:10:23,974] {logging_mixin.py:115} INFO - [2022-12-04 06:10:23,973] {dag.py:2371} INFO - Sync 1 DAGs
[2022-12-04 06:10:24,258] {logging_mixin.py:115} INFO - [2022-12-04 06:10:24,257] {dag.py:2919} INFO - Setting next_dagrun for etl_solar to 2022-12-04T00:00:00+00:00, run_after=2022-12-05T00:00:00+00:00
[2022-12-04 06:10:24,399] {processor.py:161} INFO - Processing /opt/airflow/dags/dag_preprocess.py took 5.065 seconds
[2022-12-04 06:10:54,834] {processor.py:153} INFO - Started process (PID=50) to work on /opt/airflow/dags/dag_preprocess.py
[2022-12-04 06:10:54,839] {processor.py:641} INFO - Processing file /opt/airflow/dags/dag_preprocess.py for tasks to queue
[2022-12-04 06:10:54,845] {logging_mixin.py:115} INFO - [2022-12-04 06:10:54,843] {dagbag.py:507} INFO - Filling up the DagBag from /opt/airflow/dags/dag_preprocess.py
[2022-12-04 06:10:57,355] {processor.py:651} INFO - DAG(s) dict_keys(['etl_solar']) retrieved from /opt/airflow/dags/dag_preprocess.py
[2022-12-04 06:10:57,536] {logging_mixin.py:115} INFO - [2022-12-04 06:10:57,534] {dag.py:2371} INFO - Sync 1 DAGs
[2022-12-04 06:10:57,726] {logging_mixin.py:115} INFO - [2022-12-04 06:10:57,725] {dag.py:2919} INFO - Setting next_dagrun for etl_solar to 2022-12-04T00:00:00+00:00, run_after=2022-12-05T00:00:00+00:00
[2022-12-04 06:10:57,785] {processor.py:161} INFO - Processing /opt/airflow/dags/dag_preprocess.py took 2.979 seconds
[2022-12-04 06:11:28,107] {processor.py:153} INFO - Started process (PID=59) to work on /opt/airflow/dags/dag_preprocess.py
[2022-12-04 06:11:28,109] {processor.py:641} INFO - Processing file /opt/airflow/dags/dag_preprocess.py for tasks to queue
[2022-12-04 06:11:28,113] {logging_mixin.py:115} INFO - [2022-12-04 06:11:28,112] {dagbag.py:507} INFO - Filling up the DagBag from /opt/airflow/dags/dag_preprocess.py
[2022-12-04 06:11:30,126] {processor.py:651} INFO - DAG(s) dict_keys(['etl_solar']) retrieved from /opt/airflow/dags/dag_preprocess.py
[2022-12-04 06:11:30,240] {logging_mixin.py:115} INFO - [2022-12-04 06:11:30,239] {dag.py:2371} INFO - Sync 1 DAGs
[2022-12-04 06:11:30,341] {logging_mixin.py:115} INFO - [2022-12-04 06:11:30,340] {dag.py:2919} INFO - Setting next_dagrun for etl_solar to 2022-12-04T00:00:00+00:00, run_after=2022-12-05T00:00:00+00:00
[2022-12-04 06:11:30,407] {processor.py:161} INFO - Processing /opt/airflow/dags/dag_preprocess.py took 2.316 seconds
[2022-12-04 06:12:00,953] {processor.py:153} INFO - Started process (PID=66) to work on /opt/airflow/dags/dag_preprocess.py
[2022-12-04 06:12:00,956] {processor.py:641} INFO - Processing file /opt/airflow/dags/dag_preprocess.py for tasks to queue
[2022-12-04 06:12:00,962] {logging_mixin.py:115} INFO - [2022-12-04 06:12:00,961] {dagbag.py:507} INFO - Filling up the DagBag from /opt/airflow/dags/dag_preprocess.py
[2022-12-04 06:12:03,028] {processor.py:651} INFO - DAG(s) dict_keys(['etl_solar']) retrieved from /opt/airflow/dags/dag_preprocess.py
[2022-12-04 06:12:03,127] {logging_mixin.py:115} INFO - [2022-12-04 06:12:03,126] {dag.py:2371} INFO - Sync 1 DAGs
[2022-12-04 06:12:03,228] {logging_mixin.py:115} INFO - [2022-12-04 06:12:03,227] {dag.py:2919} INFO - Setting next_dagrun for etl_solar to 2022-12-04T00:00:00+00:00, run_after=2022-12-05T00:00:00+00:00
[2022-12-04 06:12:03,274] {processor.py:161} INFO - Processing /opt/airflow/dags/dag_preprocess.py took 2.337 seconds
[2022-12-04 06:12:33,636] {processor.py:153} INFO - Started process (PID=73) to work on /opt/airflow/dags/dag_preprocess.py
[2022-12-04 06:12:33,640] {processor.py:641} INFO - Processing file /opt/airflow/dags/dag_preprocess.py for tasks to queue
[2022-12-04 06:12:33,644] {logging_mixin.py:115} INFO - [2022-12-04 06:12:33,644] {dagbag.py:507} INFO - Filling up the DagBag from /opt/airflow/dags/dag_preprocess.py
[2022-12-04 06:12:35,675] {processor.py:651} INFO - DAG(s) dict_keys(['etl_solar']) retrieved from /opt/airflow/dags/dag_preprocess.py
[2022-12-04 06:12:35,774] {logging_mixin.py:115} INFO - [2022-12-04 06:12:35,773] {dag.py:2371} INFO - Sync 1 DAGs
[2022-12-04 06:12:35,888] {logging_mixin.py:115} INFO - [2022-12-04 06:12:35,888] {dag.py:2919} INFO - Setting next_dagrun for etl_solar to 2022-12-04T00:00:00+00:00, run_after=2022-12-05T00:00:00+00:00
[2022-12-04 06:12:35,934] {processor.py:161} INFO - Processing /opt/airflow/dags/dag_preprocess.py took 2.320 seconds
[2022-12-04 06:13:06,728] {processor.py:153} INFO - Started process (PID=80) to work on /opt/airflow/dags/dag_preprocess.py
[2022-12-04 06:13:06,734] {processor.py:641} INFO - Processing file /opt/airflow/dags/dag_preprocess.py for tasks to queue
[2022-12-04 06:13:06,739] {logging_mixin.py:115} INFO - [2022-12-04 06:13:06,739] {dagbag.py:507} INFO - Filling up the DagBag from /opt/airflow/dags/dag_preprocess.py
