[2022-12-09 10:41:03,528] {taskinstance.py:1159} INFO - Dependencies all met for <TaskInstance: etl_solar.convert_to_csv.check_input_folder manual__2022-12-09T10:40:49.230234+00:00 [queued]>
[2022-12-09 10:41:03,579] {taskinstance.py:1159} INFO - Dependencies all met for <TaskInstance: etl_solar.convert_to_csv.check_input_folder manual__2022-12-09T10:40:49.230234+00:00 [queued]>
[2022-12-09 10:41:03,580] {taskinstance.py:1356} INFO - 
--------------------------------------------------------------------------------
[2022-12-09 10:41:03,581] {taskinstance.py:1357} INFO - Starting attempt 1 of 1
[2022-12-09 10:41:03,583] {taskinstance.py:1358} INFO - 
--------------------------------------------------------------------------------
[2022-12-09 10:41:03,661] {taskinstance.py:1377} INFO - Executing <Task(BashOperator): convert_to_csv.check_input_folder> on 2022-12-09 10:40:49.230234+00:00
[2022-12-09 10:41:03,675] {standard_task_runner.py:52} INFO - Started process 119 to run task
[2022-12-09 10:41:03,688] {standard_task_runner.py:79} INFO - Running: ['***', 'tasks', 'run', 'etl_solar', 'convert_to_csv.check_input_folder', 'manual__2022-12-09T10:40:49.230234+00:00', '--job-id', '19', '--raw', '--subdir', 'DAGS_FOLDER/dag_preprocess.py', '--cfg-path', '/tmp/tmpblxp0qxo', '--error-file', '/tmp/tmpvcjedpad']
[2022-12-09 10:41:03,693] {standard_task_runner.py:80} INFO - Job 19: Subtask convert_to_csv.check_input_folder
[2022-12-09 10:41:03,935] {task_command.py:369} INFO - Running <TaskInstance: etl_solar.convert_to_csv.check_input_folder manual__2022-12-09T10:40:49.230234+00:00 [running]> on host 4d9af2ba34e6
[2022-12-09 10:41:04,274] {taskinstance.py:1571} INFO - Exporting the following env vars:
AIRFLOW_CTX_DAG_OWNER=***
AIRFLOW_CTX_DAG_ID=etl_solar
AIRFLOW_CTX_TASK_ID=convert_to_csv.check_input_folder
AIRFLOW_CTX_EXECUTION_DATE=2022-12-09T10:40:49.230234+00:00
AIRFLOW_CTX_TRY_NUMBER=1
AIRFLOW_CTX_DAG_RUN_ID=manual__2022-12-09T10:40:49.230234+00:00
[2022-12-09 10:41:04,278] {subprocess.py:62} INFO - Tmp dir root location: 
 /tmp
[2022-12-09 10:41:04,281] {subprocess.py:74} INFO - Running command: ['bash', '-c', '/opt/***/utilities/make_folder.sh /opt/***/storage/input/2022-12-09']
[2022-12-09 10:41:04,314] {subprocess.py:85} INFO - Output:
[2022-12-09 10:41:04,384] {subprocess.py:96} INFO - Command exited with return code 0
[2022-12-09 10:41:04,509] {taskinstance.py:1400} INFO - Marking task as SUCCESS. dag_id=etl_solar, task_id=convert_to_csv.check_input_folder, execution_date=20221209T104049, start_date=20221209T104103, end_date=20221209T104104
[2022-12-09 10:41:04,588] {local_task_job.py:156} INFO - Task exited with return code 0
[2022-12-09 10:41:04,798] {local_task_job.py:273} INFO - 2 downstream tasks scheduled from follow-on schedule check
