[2022-11-20 06:05:12,515] {taskinstance.py:877} INFO - Dependencies all met for <TaskInstance: etl_solar.check_table_status 2022-11-20T06:04:52.816288+00:00 [queued]>
[2022-11-20 06:05:12,557] {taskinstance.py:877} INFO - Dependencies all met for <TaskInstance: etl_solar.check_table_status 2022-11-20T06:04:52.816288+00:00 [queued]>
[2022-11-20 06:05:12,559] {taskinstance.py:1068} INFO - 
--------------------------------------------------------------------------------
[2022-11-20 06:05:12,560] {taskinstance.py:1069} INFO - Starting attempt 1 of 1
[2022-11-20 06:05:12,561] {taskinstance.py:1070} INFO - 
--------------------------------------------------------------------------------
[2022-11-20 06:05:12,608] {taskinstance.py:1089} INFO - Executing <Task(BashOperator): check_table_status> on 2022-11-20T06:04:52.816288+00:00
[2022-11-20 06:05:12,624] {standard_task_runner.py:52} INFO - Started process 76 to run task
[2022-11-20 06:05:12,637] {standard_task_runner.py:76} INFO - Running: ['airflow', 'tasks', 'run', 'etl_solar', 'check_table_status', '2022-11-20T06:04:52.816288+00:00', '--job-id', '24', '--pool', 'default_pool', '--raw', '--subdir', 'DAGS_FOLDER/dag_preprocess.py', '--cfg-path', '/tmp/tmpe34hlhhq', '--error-file', '/tmp/tmp3k3lyq0e']
[2022-11-20 06:05:12,639] {standard_task_runner.py:77} INFO - Job 24: Subtask check_table_status
[2022-11-20 06:05:12,786] {logging_mixin.py:104} INFO - Running <TaskInstance: etl_solar.check_table_status 2022-11-20T06:04:52.816288+00:00 [running]> on host cc7a6235a592
[2022-11-20 06:05:12,924] {taskinstance.py:1283} INFO - Exporting the following env vars:
AIRFLOW_CTX_DAG_OWNER=airflow
AIRFLOW_CTX_DAG_ID=etl_solar
AIRFLOW_CTX_TASK_ID=check_table_status
AIRFLOW_CTX_EXECUTION_DATE=2022-11-20T06:04:52.816288+00:00
AIRFLOW_CTX_DAG_RUN_ID=manual__2022-11-20T06:04:52.816288+00:00
[2022-11-20 06:05:12,926] {bash.py:135} INFO - Tmp dir root location: 
 /tmp
[2022-11-20 06:05:12,930] {bash.py:158} INFO - Running command: echo 'success'
[2022-11-20 06:05:12,954] {bash.py:169} INFO - Output:
[2022-11-20 06:05:12,958] {bash.py:173} INFO - success
[2022-11-20 06:05:12,960] {bash.py:177} INFO - Command exited with return code 0
[2022-11-20 06:05:13,051] {taskinstance.py:1192} INFO - Marking task as SUCCESS. dag_id=etl_solar, task_id=check_table_status, execution_date=20221120T060452, start_date=20221120T060512, end_date=20221120T060513
[2022-11-20 06:05:13,138] {taskinstance.py:1246} INFO - 0 downstream tasks scheduled from follow-on schedule check
[2022-11-20 06:05:13,168] {local_task_job.py:146} INFO - Task exited with return code 0
