[2022-12-11T08:28:01.618+0000] {taskinstance.py:1165} INFO - Dependencies all met for <TaskInstance: etl_solar.storage.save_geography_data manual__2022-12-11T08:26:43.312404+00:00 [queued]>
[2022-12-11T08:28:01.682+0000] {taskinstance.py:1165} INFO - Dependencies all met for <TaskInstance: etl_solar.storage.save_geography_data manual__2022-12-11T08:26:43.312404+00:00 [queued]>
[2022-12-11T08:28:01.685+0000] {taskinstance.py:1362} INFO - 
--------------------------------------------------------------------------------
[2022-12-11T08:28:01.695+0000] {taskinstance.py:1363} INFO - Starting attempt 1 of 1
[2022-12-11T08:28:01.696+0000] {taskinstance.py:1364} INFO - 
--------------------------------------------------------------------------------
[2022-12-11T08:28:01.832+0000] {taskinstance.py:1383} INFO - Executing <Task(PythonOperator): storage.save_geography_data> on 2022-12-11 08:26:43.312404+00:00
[2022-12-11T08:28:01.868+0000] {standard_task_runner.py:55} INFO - Started process 508 to run task
[2022-12-11T08:28:01.900+0000] {standard_task_runner.py:82} INFO - Running: ['***', 'tasks', 'run', 'etl_solar', 'storage.save_geography_data', 'manual__2022-12-11T08:26:43.312404+00:00', '--job-id', '128', '--raw', '--subdir', 'DAGS_FOLDER/dag_preprocess.py', '--cfg-path', '/tmp/tmp2imi9twj']
[2022-12-11T08:28:01.909+0000] {standard_task_runner.py:83} INFO - Job 128: Subtask storage.save_geography_data
[2022-12-11T08:28:02.361+0000] {task_command.py:376} INFO - Running <TaskInstance: etl_solar.storage.save_geography_data manual__2022-12-11T08:26:43.312404+00:00 [running]> on host 01c108b234e9
[2022-12-11T08:28:02.939+0000] {taskinstance.py:1592} INFO - Exporting the following env vars:
AIRFLOW_CTX_DAG_OWNER=***
AIRFLOW_CTX_DAG_ID=etl_solar
AIRFLOW_CTX_TASK_ID=storage.save_geography_data
AIRFLOW_CTX_EXECUTION_DATE=2022-12-11T08:26:43.312404+00:00
AIRFLOW_CTX_TRY_NUMBER=1
AIRFLOW_CTX_DAG_RUN_ID=manual__2022-12-11T08:26:43.312404+00:00
[2022-12-11T08:28:03.960+0000] {python.py:177} INFO - Done. Returned value was: None
[2022-12-11T08:28:04.017+0000] {taskinstance.py:1406} INFO - Marking task as SUCCESS. dag_id=etl_solar, task_id=storage.save_geography_data, execution_date=20221211T082643, start_date=20221211T082801, end_date=20221211T082804
[2022-12-11T08:28:04.136+0000] {local_task_job.py:164} INFO - Task exited with return code 0
[2022-12-11T08:28:04.309+0000] {local_task_job.py:273} INFO - 0 downstream tasks scheduled from follow-on schedule check
