[2022-12-09 11:20:12,237] {taskinstance.py:1159} INFO - Dependencies all met for <TaskInstance: etl_solar.checkfiles.check_energy_file_2 manual__2022-12-09T11:20:07.931997+00:00 [queued]>
[2022-12-09 11:20:12,309] {taskinstance.py:1159} INFO - Dependencies all met for <TaskInstance: etl_solar.checkfiles.check_energy_file_2 manual__2022-12-09T11:20:07.931997+00:00 [queued]>
[2022-12-09 11:20:12,311] {taskinstance.py:1356} INFO - 
--------------------------------------------------------------------------------
[2022-12-09 11:20:12,312] {taskinstance.py:1357} INFO - Starting attempt 1 of 1
[2022-12-09 11:20:12,313] {taskinstance.py:1358} INFO - 
--------------------------------------------------------------------------------
[2022-12-09 11:20:12,444] {taskinstance.py:1377} INFO - Executing <Task(BashOperator): checkfiles.check_energy_file_2> on 2022-12-09 11:20:07.931997+00:00
[2022-12-09 11:20:12,463] {standard_task_runner.py:52} INFO - Started process 190 to run task
[2022-12-09 11:20:12,483] {standard_task_runner.py:79} INFO - Running: ['***', 'tasks', 'run', 'etl_solar', 'checkfiles.check_energy_file_2', 'manual__2022-12-09T11:20:07.931997+00:00', '--job-id', '36', '--raw', '--subdir', 'DAGS_FOLDER/dag_preprocess.py', '--cfg-path', '/tmp/tmpndt14xlv', '--error-file', '/tmp/tmpq4_558g_']
[2022-12-09 11:20:12,492] {standard_task_runner.py:80} INFO - Job 36: Subtask checkfiles.check_energy_file_2
[2022-12-09 11:20:12,940] {task_command.py:369} INFO - Running <TaskInstance: etl_solar.checkfiles.check_energy_file_2 manual__2022-12-09T11:20:07.931997+00:00 [running]> on host 4d9af2ba34e6
[2022-12-09 11:20:13,457] {taskinstance.py:1571} INFO - Exporting the following env vars:
AIRFLOW_CTX_DAG_OWNER=***
AIRFLOW_CTX_DAG_ID=etl_solar
AIRFLOW_CTX_TASK_ID=checkfiles.check_energy_file_2
AIRFLOW_CTX_EXECUTION_DATE=2022-12-09T11:20:07.931997+00:00
AIRFLOW_CTX_TRY_NUMBER=1
AIRFLOW_CTX_DAG_RUN_ID=manual__2022-12-09T11:20:07.931997+00:00
[2022-12-09 11:20:13,462] {subprocess.py:62} INFO - Tmp dir root location: 
 /tmp
[2022-12-09 11:20:13,465] {subprocess.py:74} INFO - Running command: ['bash', '-c', '/opt/***/utilities/check_file.sh /opt/***/utilities/storage/energy_2.csv']
[2022-12-09 11:20:13,501] {subprocess.py:85} INFO - Output:
[2022-12-09 11:20:13,530] {subprocess.py:92} INFO - File /opt/***/utilities/storage/energy_2.csv does not exist
[2022-12-09 11:20:13,533] {subprocess.py:96} INFO - Command exited with return code 0
[2022-12-09 11:20:13,797] {taskinstance.py:1400} INFO - Marking task as SUCCESS. dag_id=etl_solar, task_id=checkfiles.check_energy_file_2, execution_date=20221209T112007, start_date=20221209T112012, end_date=20221209T112013
[2022-12-09 11:20:13,926] {local_task_job.py:156} INFO - Task exited with return code 0
[2022-12-09 11:20:14,202] {local_task_job.py:273} INFO - 0 downstream tasks scheduled from follow-on schedule check
