[2022-11-20 05:59:54,609] {taskinstance.py:877} INFO - Dependencies all met for <TaskInstance: etl_solar.checkfiles.check_energy_1 2022-11-19T00:00:00+00:00 [queued]>
[2022-11-20 05:59:54,749] {taskinstance.py:877} INFO - Dependencies all met for <TaskInstance: etl_solar.checkfiles.check_energy_1 2022-11-19T00:00:00+00:00 [queued]>
[2022-11-20 05:59:54,750] {taskinstance.py:1068} INFO - 
--------------------------------------------------------------------------------
[2022-11-20 05:59:54,752] {taskinstance.py:1069} INFO - Starting attempt 1 of 1
[2022-11-20 05:59:54,754] {taskinstance.py:1070} INFO - 
--------------------------------------------------------------------------------
[2022-11-20 05:59:54,929] {taskinstance.py:1089} INFO - Executing <Task(BashOperator): checkfiles.check_energy_1> on 2022-11-19T00:00:00+00:00
[2022-11-20 05:59:54,979] {standard_task_runner.py:76} INFO - Running: ['airflow', 'tasks', 'run', 'etl_solar', 'checkfiles.check_energy_1', '2022-11-19T00:00:00+00:00', '--job-id', '12', '--pool', 'default_pool', '--raw', '--subdir', 'DAGS_FOLDER/dag_preprocess.py', '--cfg-path', '/tmp/tmprz0jk0e5', '--error-file', '/tmp/tmplboxdvu6']
[2022-11-20 05:59:54,963] {standard_task_runner.py:52} INFO - Started process 53 to run task
[2022-11-20 05:59:54,982] {standard_task_runner.py:77} INFO - Job 12: Subtask checkfiles.check_energy_1
[2022-11-20 05:59:55,502] {logging_mixin.py:104} INFO - Running <TaskInstance: etl_solar.checkfiles.check_energy_1 2022-11-19T00:00:00+00:00 [running]> on host cc7a6235a592
[2022-11-20 05:59:55,845] {taskinstance.py:1283} INFO - Exporting the following env vars:
AIRFLOW_CTX_DAG_OWNER=airflow
AIRFLOW_CTX_DAG_ID=etl_solar
AIRFLOW_CTX_TASK_ID=checkfiles.check_energy_1
AIRFLOW_CTX_EXECUTION_DATE=2022-11-19T00:00:00+00:00
AIRFLOW_CTX_DAG_RUN_ID=scheduled__2022-11-19T00:00:00+00:00
[2022-11-20 05:59:55,858] {bash.py:135} INFO - Tmp dir root location: 
 /tmp
[2022-11-20 05:59:55,863] {bash.py:158} INFO - Running command: sleep 10
[2022-11-20 05:59:55,953] {bash.py:169} INFO - Output:
[2022-11-20 06:00:06,013] {bash.py:177} INFO - Command exited with return code 0
[2022-11-20 06:00:06,135] {taskinstance.py:1192} INFO - Marking task as SUCCESS. dag_id=etl_solar, task_id=checkfiles.check_energy_1, execution_date=20221119T000000, start_date=20221120T055954, end_date=20221120T060006
[2022-11-20 06:00:06,452] {taskinstance.py:1246} INFO - 0 downstream tasks scheduled from follow-on schedule check
[2022-11-20 06:00:06,483] {local_task_job.py:146} INFO - Task exited with return code 0
