[2022-12-11T08:28:01.692+0000] {taskinstance.py:1165} INFO - Dependencies all met for <TaskInstance: etl_solar.storage.save_energy manual__2022-12-11T08:26:43.312404+00:00 [queued]>
[2022-12-11T08:28:01.804+0000] {taskinstance.py:1165} INFO - Dependencies all met for <TaskInstance: etl_solar.storage.save_energy manual__2022-12-11T08:26:43.312404+00:00 [queued]>
[2022-12-11T08:28:01.805+0000] {taskinstance.py:1362} INFO - 
--------------------------------------------------------------------------------
[2022-12-11T08:28:01.807+0000] {taskinstance.py:1363} INFO - Starting attempt 1 of 1
[2022-12-11T08:28:01.808+0000] {taskinstance.py:1364} INFO - 
--------------------------------------------------------------------------------
[2022-12-11T08:28:01.919+0000] {taskinstance.py:1383} INFO - Executing <Task(BashOperator): storage.save_energy> on 2022-12-11 08:26:43.312404+00:00
[2022-12-11T08:28:01.935+0000] {standard_task_runner.py:55} INFO - Started process 509 to run task
[2022-12-11T08:28:01.959+0000] {standard_task_runner.py:82} INFO - Running: ['***', 'tasks', 'run', 'etl_solar', 'storage.save_energy', 'manual__2022-12-11T08:26:43.312404+00:00', '--job-id', '129', '--raw', '--subdir', 'DAGS_FOLDER/dag_preprocess.py', '--cfg-path', '/tmp/tmpmdtslyc9']
[2022-12-11T08:28:01.983+0000] {standard_task_runner.py:83} INFO - Job 129: Subtask storage.save_energy
[2022-12-11T08:28:02.524+0000] {task_command.py:376} INFO - Running <TaskInstance: etl_solar.storage.save_energy manual__2022-12-11T08:26:43.312404+00:00 [running]> on host 01c108b234e9
[2022-12-11T08:28:03.095+0000] {taskinstance.py:1592} INFO - Exporting the following env vars:
AIRFLOW_CTX_DAG_OWNER=***
AIRFLOW_CTX_DAG_ID=etl_solar
AIRFLOW_CTX_TASK_ID=storage.save_energy
AIRFLOW_CTX_EXECUTION_DATE=2022-12-11T08:26:43.312404+00:00
AIRFLOW_CTX_TRY_NUMBER=1
AIRFLOW_CTX_DAG_RUN_ID=manual__2022-12-11T08:26:43.312404+00:00
[2022-12-11T08:28:03.106+0000] {subprocess.py:63} INFO - Tmp dir root location: 
 /tmp
[2022-12-11T08:28:03.109+0000] {subprocess.py:75} INFO - Running command: ['/bin/bash', '-c', 'sleep 1 ']
[2022-12-11T08:28:03.152+0000] {subprocess.py:86} INFO - Output:
[2022-12-11T08:28:04.169+0000] {subprocess.py:97} INFO - Command exited with return code 0
[2022-12-11T08:28:04.327+0000] {taskinstance.py:1406} INFO - Marking task as SUCCESS. dag_id=etl_solar, task_id=storage.save_energy, execution_date=20221211T082643, start_date=20221211T082801, end_date=20221211T082804
[2022-12-11T08:28:04.490+0000] {local_task_job.py:164} INFO - Task exited with return code 0
[2022-12-11T08:28:04.672+0000] {local_task_job.py:273} INFO - 0 downstream tasks scheduled from follow-on schedule check
