[2022-11-20 06:04:58,457] {taskinstance.py:877} INFO - Dependencies all met for <TaskInstance: etl_solar.checkfiles.check_weather_table 2022-11-20T06:04:52.816288+00:00 [queued]>
[2022-11-20 06:04:58,527] {taskinstance.py:877} INFO - Dependencies all met for <TaskInstance: etl_solar.checkfiles.check_weather_table 2022-11-20T06:04:52.816288+00:00 [queued]>
[2022-11-20 06:04:58,528] {taskinstance.py:1068} INFO - 
--------------------------------------------------------------------------------
[2022-11-20 06:04:58,529] {taskinstance.py:1069} INFO - Starting attempt 1 of 1
[2022-11-20 06:04:58,535] {taskinstance.py:1070} INFO - 
--------------------------------------------------------------------------------
[2022-11-20 06:04:58,683] {taskinstance.py:1089} INFO - Executing <Task(MySqlOperator): checkfiles.check_weather_table> on 2022-11-20T06:04:52.816288+00:00
[2022-11-20 06:04:58,710] {standard_task_runner.py:52} INFO - Started process 70 to run task
[2022-11-20 06:04:58,753] {standard_task_runner.py:76} INFO - Running: ['airflow', 'tasks', 'run', 'etl_solar', 'checkfiles.check_weather_table', '2022-11-20T06:04:52.816288+00:00', '--job-id', '21', '--pool', 'default_pool', '--raw', '--subdir', 'DAGS_FOLDER/dag_preprocess.py', '--cfg-path', '/tmp/tmp9box78mq', '--error-file', '/tmp/tmpq1t5eiqg']
[2022-11-20 06:04:58,757] {standard_task_runner.py:77} INFO - Job 21: Subtask checkfiles.check_weather_table
[2022-11-20 06:04:58,947] {logging_mixin.py:104} INFO - Running <TaskInstance: etl_solar.checkfiles.check_weather_table 2022-11-20T06:04:52.816288+00:00 [running]> on host cc7a6235a592
[2022-11-20 06:04:59,172] {taskinstance.py:1283} INFO - Exporting the following env vars:
AIRFLOW_CTX_DAG_OWNER=airflow
AIRFLOW_CTX_DAG_ID=etl_solar
AIRFLOW_CTX_TASK_ID=checkfiles.check_weather_table
AIRFLOW_CTX_EXECUTION_DATE=2022-11-20T06:04:52.816288+00:00
AIRFLOW_CTX_DAG_RUN_ID=manual__2022-11-20T06:04:52.816288+00:00
[2022-11-20 06:04:59,176] {mysql.py:72} INFO - Executing: 
            CREATE TABLE IF NOT EXISTS weather_info(
                locdatetime VARCHAR(40),
                location VARCHAR(40),
                updated_date VARCHAR(13),
                temperature FLOAT,
                precipitation_form FLOAT,
                precipitation_prob FLOAT,
                humidity FLOAT,
                wind_speed FLOAT,
                wind_direction FLOAT,
                cloud FLOAT,
                primary key(locdatetime,location));
                
[2022-11-20 06:04:59,261] {base.py:78} INFO - Using connection to: id: mysql_solar. Host: host.docker.internal, Port: 3306, Schema: solardb, Login: david, Password: XXXXXXXX, extra: None
[2022-11-20 06:04:59,548] {dbapi.py:180} INFO - Running statement: 
            CREATE TABLE IF NOT EXISTS weather_info(
                locdatetime VARCHAR(40),
                location VARCHAR(40),
                updated_date VARCHAR(13),
                temperature FLOAT,
                precipitation_form FLOAT,
                precipitation_prob FLOAT,
                humidity FLOAT,
                wind_speed FLOAT,
                wind_direction FLOAT,
                cloud FLOAT,
                primary key(locdatetime,location));
                , parameters: None
[2022-11-20 06:04:59,632] {dbapi.py:186} INFO - Rows affected: 0
[2022-11-20 06:04:59,695] {taskinstance.py:1192} INFO - Marking task as SUCCESS. dag_id=etl_solar, task_id=checkfiles.check_weather_table, execution_date=20221120T060452, start_date=20221120T060458, end_date=20221120T060459
[2022-11-20 06:05:00,239] {taskinstance.py:1246} INFO - 0 downstream tasks scheduled from follow-on schedule check
[2022-11-20 06:05:00,398] {local_task_job.py:146} INFO - Task exited with return code 0
