[2022-12-09 10:41:04,871] {taskinstance.py:1159} INFO - Dependencies all met for <TaskInstance: etl_solar.check_input_status scheduled__2022-12-08T00:00:00+00:00 [queued]>
[2022-12-09 10:41:04,915] {taskinstance.py:1159} INFO - Dependencies all met for <TaskInstance: etl_solar.check_input_status scheduled__2022-12-08T00:00:00+00:00 [queued]>
[2022-12-09 10:41:04,916] {taskinstance.py:1356} INFO - 
--------------------------------------------------------------------------------
[2022-12-09 10:41:04,918] {taskinstance.py:1357} INFO - Starting attempt 1 of 1
[2022-12-09 10:41:04,919] {taskinstance.py:1358} INFO - 
--------------------------------------------------------------------------------
[2022-12-09 10:41:04,979] {taskinstance.py:1377} INFO - Executing <Task(BashOperator): check_input_status> on 2022-12-08 00:00:00+00:00
[2022-12-09 10:41:04,998] {standard_task_runner.py:52} INFO - Started process 122 to run task
[2022-12-09 10:41:05,010] {standard_task_runner.py:79} INFO - Running: ['***', 'tasks', 'run', 'etl_solar', 'check_input_status', 'scheduled__2022-12-08T00:00:00+00:00', '--job-id', '20', '--raw', '--subdir', 'DAGS_FOLDER/dag_preprocess.py', '--cfg-path', '/tmp/tmpn3dbd6o5', '--error-file', '/tmp/tmphng_gh0s']
[2022-12-09 10:41:05,020] {standard_task_runner.py:80} INFO - Job 20: Subtask check_input_status
[2022-12-09 10:41:05,075] {warnings.py:110} WARNING - /home/***/.local/lib/python3.7/site-packages/***/configuration.py:470: DeprecationWarning: The sql_alchemy_conn option in [core] has been moved to the sql_alchemy_conn option in [database] - the old setting has been used, but please update your config.
  option = self._get_environment_variables(deprecated_key, deprecated_section, key, section)

[2022-12-09 10:41:05,240] {task_command.py:369} INFO - Running <TaskInstance: etl_solar.check_input_status scheduled__2022-12-08T00:00:00+00:00 [running]> on host 4d9af2ba34e6
[2022-12-09 10:41:05,610] {taskinstance.py:1571} INFO - Exporting the following env vars:
AIRFLOW_CTX_DAG_OWNER=***
AIRFLOW_CTX_DAG_ID=etl_solar
AIRFLOW_CTX_TASK_ID=check_input_status
AIRFLOW_CTX_EXECUTION_DATE=2022-12-08T00:00:00+00:00
AIRFLOW_CTX_TRY_NUMBER=1
AIRFLOW_CTX_DAG_RUN_ID=scheduled__2022-12-08T00:00:00+00:00
[2022-12-09 10:41:05,617] {subprocess.py:62} INFO - Tmp dir root location: 
 /tmp
[2022-12-09 10:41:05,620] {subprocess.py:74} INFO - Running command: ['bash', '-c', "echo 'success'"]
[2022-12-09 10:41:05,673] {subprocess.py:85} INFO - Output:
[2022-12-09 10:41:05,677] {subprocess.py:92} INFO - success
[2022-12-09 10:41:05,679] {subprocess.py:96} INFO - Command exited with return code 0
[2022-12-09 10:41:05,863] {taskinstance.py:1400} INFO - Marking task as SUCCESS. dag_id=etl_solar, task_id=check_input_status, execution_date=20221208T000000, start_date=20221209T104104, end_date=20221209T104105
[2022-12-09 10:41:05,954] {local_task_job.py:156} INFO - Task exited with return code 0
[2022-12-09 10:41:06,284] {local_task_job.py:273} INFO - 0 downstream tasks scheduled from follow-on schedule check
[2022-12-09 11:20:34,715] {taskinstance.py:1159} INFO - Dependencies all met for <TaskInstance: etl_solar.check_input_status scheduled__2022-12-08T00:00:00+00:00 [queued]>
[2022-12-09 11:20:34,759] {taskinstance.py:1159} INFO - Dependencies all met for <TaskInstance: etl_solar.check_input_status scheduled__2022-12-08T00:00:00+00:00 [queued]>
[2022-12-09 11:20:34,761] {taskinstance.py:1356} INFO - 
--------------------------------------------------------------------------------
[2022-12-09 11:20:34,762] {taskinstance.py:1357} INFO - Starting attempt 1 of 1
[2022-12-09 11:20:34,763] {taskinstance.py:1358} INFO - 
--------------------------------------------------------------------------------
[2022-12-09 11:20:34,829] {taskinstance.py:1377} INFO - Executing <Task(BashOperator): check_input_status> on 2022-12-08 00:00:00+00:00
[2022-12-09 11:20:34,843] {standard_task_runner.py:52} INFO - Started process 231 to run task
[2022-12-09 11:20:34,857] {standard_task_runner.py:79} INFO - Running: ['***', 'tasks', 'run', 'etl_solar', 'check_input_status', 'scheduled__2022-12-08T00:00:00+00:00', '--job-id', '50', '--raw', '--subdir', 'DAGS_FOLDER/dag_preprocess.py', '--cfg-path', '/tmp/tmp1qpvsjvx', '--error-file', '/tmp/tmpey_x3687']
[2022-12-09 11:20:34,861] {standard_task_runner.py:80} INFO - Job 50: Subtask check_input_status
[2022-12-09 11:20:34,918] {warnings.py:110} WARNING - /home/***/.local/lib/python3.7/site-packages/***/configuration.py:470: DeprecationWarning: The sql_alchemy_conn option in [core] has been moved to the sql_alchemy_conn option in [database] - the old setting has been used, but please update your config.
  option = self._get_environment_variables(deprecated_key, deprecated_section, key, section)

[2022-12-09 11:20:35,089] {task_command.py:369} INFO - Running <TaskInstance: etl_solar.check_input_status scheduled__2022-12-08T00:00:00+00:00 [running]> on host 4d9af2ba34e6
[2022-12-09 11:20:35,429] {taskinstance.py:1571} INFO - Exporting the following env vars:
AIRFLOW_CTX_DAG_OWNER=***
AIRFLOW_CTX_DAG_ID=etl_solar
AIRFLOW_CTX_TASK_ID=check_input_status
AIRFLOW_CTX_EXECUTION_DATE=2022-12-08T00:00:00+00:00
AIRFLOW_CTX_TRY_NUMBER=1
AIRFLOW_CTX_DAG_RUN_ID=scheduled__2022-12-08T00:00:00+00:00
[2022-12-09 11:20:35,434] {subprocess.py:62} INFO - Tmp dir root location: 
 /tmp
[2022-12-09 11:20:35,436] {subprocess.py:74} INFO - Running command: ['bash', '-c', "echo 'success'"]
[2022-12-09 11:20:35,469] {subprocess.py:85} INFO - Output:
[2022-12-09 11:20:35,476] {subprocess.py:92} INFO - success
[2022-12-09 11:20:35,478] {subprocess.py:96} INFO - Command exited with return code 0
[2022-12-09 11:20:35,603] {taskinstance.py:1400} INFO - Marking task as SUCCESS. dag_id=etl_solar, task_id=check_input_status, execution_date=20221208T000000, start_date=20221209T112034, end_date=20221209T112035
[2022-12-09 11:20:35,674] {local_task_job.py:156} INFO - Task exited with return code 0
[2022-12-09 11:20:35,959] {local_task_job.py:273} INFO - 0 downstream tasks scheduled from follow-on schedule check
