[2022-12-11T08:20:52.267+0000] {taskinstance.py:1165} INFO - Dependencies all met for <TaskInstance: etl_solar.storage.check_input_files manual__2022-12-11T08:19:50.358392+00:00 [queued]>
[2022-12-11T08:20:52.322+0000] {taskinstance.py:1165} INFO - Dependencies all met for <TaskInstance: etl_solar.storage.check_input_files manual__2022-12-11T08:19:50.358392+00:00 [queued]>
[2022-12-11T08:20:52.323+0000] {taskinstance.py:1362} INFO - 
--------------------------------------------------------------------------------
[2022-12-11T08:20:52.325+0000] {taskinstance.py:1363} INFO - Starting attempt 1 of 1
[2022-12-11T08:20:52.326+0000] {taskinstance.py:1364} INFO - 
--------------------------------------------------------------------------------
[2022-12-11T08:20:52.404+0000] {taskinstance.py:1383} INFO - Executing <Task(BashOperator): storage.check_input_files> on 2022-12-11 08:19:50.358392+00:00
[2022-12-11T08:20:52.421+0000] {standard_task_runner.py:55} INFO - Started process 324 to run task
[2022-12-11T08:20:52.439+0000] {standard_task_runner.py:82} INFO - Running: ['***', 'tasks', 'run', 'etl_solar', 'storage.check_input_files', 'manual__2022-12-11T08:19:50.358392+00:00', '--job-id', '81', '--raw', '--subdir', 'DAGS_FOLDER/dag_preprocess.py', '--cfg-path', '/tmp/tmpcw8dsrox']
[2022-12-11T08:20:52.449+0000] {standard_task_runner.py:83} INFO - Job 81: Subtask storage.check_input_files
[2022-12-11T08:20:52.776+0000] {task_command.py:376} INFO - Running <TaskInstance: etl_solar.storage.check_input_files manual__2022-12-11T08:19:50.358392+00:00 [running]> on host 01c108b234e9
[2022-12-11T08:20:53.196+0000] {taskinstance.py:1592} INFO - Exporting the following env vars:
AIRFLOW_CTX_DAG_OWNER=***
AIRFLOW_CTX_DAG_ID=etl_solar
AIRFLOW_CTX_TASK_ID=storage.check_input_files
AIRFLOW_CTX_EXECUTION_DATE=2022-12-11T08:19:50.358392+00:00
AIRFLOW_CTX_TRY_NUMBER=1
AIRFLOW_CTX_DAG_RUN_ID=manual__2022-12-11T08:19:50.358392+00:00
[2022-12-11T08:20:53.201+0000] {subprocess.py:63} INFO - Tmp dir root location: 
 /tmp
[2022-12-11T08:20:53.204+0000] {subprocess.py:75} INFO - Running command: ['/bin/bash', '-c', '/opt/***/utilities/check_both_files.sh /opt/***/storage/output/2022-12-11/weather.csv /opt/***/storage/output/2022-12-11/geography.csv']
[2022-12-11T08:20:53.238+0000] {subprocess.py:86} INFO - Output:
[2022-12-11T08:20:53.282+0000] {subprocess.py:93} INFO - File /opt/***/storage/output/2022-12-11/weather.csv and /opt/***/storage/output/2022-12-11/geography.csv exists
[2022-12-11T08:20:53.285+0000] {subprocess.py:97} INFO - Command exited with return code 0
[2022-12-11T08:20:53.397+0000] {taskinstance.py:1406} INFO - Marking task as SUCCESS. dag_id=etl_solar, task_id=storage.check_input_files, execution_date=20221211T081950, start_date=20221211T082052, end_date=20221211T082053
[2022-12-11T08:20:53.495+0000] {local_task_job.py:164} INFO - Task exited with return code 0
[2022-12-11T08:20:53.643+0000] {local_task_job.py:273} INFO - 3 downstream tasks scheduled from follow-on schedule check
