[2022-12-11T08:27:17.368+0000] {taskinstance.py:1165} INFO - Dependencies all met for <TaskInstance: etl_solar.check_load_status manual__2022-12-11T08:26:43.312404+00:00 [queued]>
[2022-12-11T08:27:17.441+0000] {taskinstance.py:1165} INFO - Dependencies all met for <TaskInstance: etl_solar.check_load_status manual__2022-12-11T08:26:43.312404+00:00 [queued]>
[2022-12-11T08:27:17.443+0000] {taskinstance.py:1362} INFO - 
--------------------------------------------------------------------------------
[2022-12-11T08:27:17.444+0000] {taskinstance.py:1363} INFO - Starting attempt 1 of 1
[2022-12-11T08:27:17.452+0000] {taskinstance.py:1364} INFO - 
--------------------------------------------------------------------------------
[2022-12-11T08:27:17.571+0000] {taskinstance.py:1383} INFO - Executing <Task(BashOperator): check_load_status> on 2022-12-11 08:26:43.312404+00:00
[2022-12-11T08:27:17.591+0000] {standard_task_runner.py:55} INFO - Started process 441 to run task
[2022-12-11T08:27:17.607+0000] {standard_task_runner.py:82} INFO - Running: ['***', 'tasks', 'run', 'etl_solar', 'check_load_status', 'manual__2022-12-11T08:26:43.312404+00:00', '--job-id', '111', '--raw', '--subdir', 'DAGS_FOLDER/dag_preprocess.py', '--cfg-path', '/tmp/tmp27dqm4dx']
[2022-12-11T08:27:17.617+0000] {standard_task_runner.py:83} INFO - Job 111: Subtask check_load_status
[2022-12-11T08:27:18.000+0000] {task_command.py:376} INFO - Running <TaskInstance: etl_solar.check_load_status manual__2022-12-11T08:26:43.312404+00:00 [running]> on host 01c108b234e9
[2022-12-11T08:27:18.491+0000] {taskinstance.py:1592} INFO - Exporting the following env vars:
AIRFLOW_CTX_DAG_OWNER=***
AIRFLOW_CTX_DAG_ID=etl_solar
AIRFLOW_CTX_TASK_ID=check_load_status
AIRFLOW_CTX_EXECUTION_DATE=2022-12-11T08:26:43.312404+00:00
AIRFLOW_CTX_TRY_NUMBER=1
AIRFLOW_CTX_DAG_RUN_ID=manual__2022-12-11T08:26:43.312404+00:00
[2022-12-11T08:27:18.498+0000] {subprocess.py:63} INFO - Tmp dir root location: 
 /tmp
[2022-12-11T08:27:18.517+0000] {subprocess.py:75} INFO - Running command: ['/bin/bash', '-c', "echo 'success'"]
[2022-12-11T08:27:18.700+0000] {subprocess.py:86} INFO - Output:
[2022-12-11T08:27:18.706+0000] {subprocess.py:93} INFO - success
[2022-12-11T08:27:18.708+0000] {subprocess.py:97} INFO - Command exited with return code 0
[2022-12-11T08:27:19.048+0000] {taskinstance.py:1406} INFO - Marking task as SUCCESS. dag_id=etl_solar, task_id=check_load_status, execution_date=20221211T082643, start_date=20221211T082717, end_date=20221211T082719
[2022-12-11T08:27:19.158+0000] {local_task_job.py:164} INFO - Task exited with return code 0
[2022-12-11T08:27:19.353+0000] {local_task_job.py:273} INFO - 1 downstream tasks scheduled from follow-on schedule check
