[2022-12-11T08:11:46.336+0000] {taskinstance.py:1165} INFO - Dependencies all met for <TaskInstance: etl_solar.storage.check_input_files manual__2022-12-11T08:10:48.533274+00:00 [queued]>
[2022-12-11T08:11:46.385+0000] {taskinstance.py:1165} INFO - Dependencies all met for <TaskInstance: etl_solar.storage.check_input_files manual__2022-12-11T08:10:48.533274+00:00 [queued]>
[2022-12-11T08:11:46.387+0000] {taskinstance.py:1362} INFO - 
--------------------------------------------------------------------------------
[2022-12-11T08:11:46.388+0000] {taskinstance.py:1363} INFO - Starting attempt 1 of 1
[2022-12-11T08:11:46.390+0000] {taskinstance.py:1364} INFO - 
--------------------------------------------------------------------------------
[2022-12-11T08:11:46.462+0000] {taskinstance.py:1383} INFO - Executing <Task(BashOperator): storage.check_input_files> on 2022-12-11 08:10:48.533274+00:00
[2022-12-11T08:11:46.478+0000] {standard_task_runner.py:55} INFO - Started process 192 to run task
[2022-12-11T08:11:46.490+0000] {standard_task_runner.py:82} INFO - Running: ['***', 'tasks', 'run', 'etl_solar', 'storage.check_input_files', 'manual__2022-12-11T08:10:48.533274+00:00', '--job-id', '45', '--raw', '--subdir', 'DAGS_FOLDER/dag_preprocess.py', '--cfg-path', '/tmp/tmpxr8pvg8l']
[2022-12-11T08:11:46.498+0000] {standard_task_runner.py:83} INFO - Job 45: Subtask storage.check_input_files
[2022-12-11T08:11:46.770+0000] {task_command.py:376} INFO - Running <TaskInstance: etl_solar.storage.check_input_files manual__2022-12-11T08:10:48.533274+00:00 [running]> on host 01c108b234e9
[2022-12-11T08:11:47.187+0000] {taskinstance.py:1592} INFO - Exporting the following env vars:
AIRFLOW_CTX_DAG_OWNER=***
AIRFLOW_CTX_DAG_ID=etl_solar
AIRFLOW_CTX_TASK_ID=storage.check_input_files
AIRFLOW_CTX_EXECUTION_DATE=2022-12-11T08:10:48.533274+00:00
AIRFLOW_CTX_TRY_NUMBER=1
AIRFLOW_CTX_DAG_RUN_ID=manual__2022-12-11T08:10:48.533274+00:00
[2022-12-11T08:11:47.193+0000] {subprocess.py:63} INFO - Tmp dir root location: 
 /tmp
[2022-12-11T08:11:47.196+0000] {subprocess.py:75} INFO - Running command: ['/bin/bash', '-c', '/opt/***/utilities/check_both_files.sh /opt/***/storage/output/2022-12-11/weather.csv /opt/***/storage/output/2022-12-11/geography.csv']
[2022-12-11T08:11:47.233+0000] {subprocess.py:86} INFO - Output:
[2022-12-11T08:11:47.285+0000] {subprocess.py:93} INFO - File /opt/***/storage/output/2022-12-11/weather.csv and /opt/***/storage/output/2022-12-11/geography.csv exists
[2022-12-11T08:11:47.289+0000] {subprocess.py:97} INFO - Command exited with return code 0
[2022-12-11T08:11:47.416+0000] {taskinstance.py:1406} INFO - Marking task as SUCCESS. dag_id=etl_solar, task_id=storage.check_input_files, execution_date=20221211T081048, start_date=20221211T081146, end_date=20221211T081147
[2022-12-11T08:11:47.507+0000] {local_task_job.py:164} INFO - Task exited with return code 0
[2022-12-11T08:11:47.660+0000] {local_task_job.py:273} INFO - 3 downstream tasks scheduled from follow-on schedule check
