[2022-11-22 05:02:29,070] {taskinstance.py:1159} INFO - Dependencies all met for <TaskInstance: etl_solar.load_files.check_input_folder manual__2022-11-22T05:02:17.023684+00:00 [queued]>
[2022-11-22 05:02:29,117] {taskinstance.py:1159} INFO - Dependencies all met for <TaskInstance: etl_solar.load_files.check_input_folder manual__2022-11-22T05:02:17.023684+00:00 [queued]>
[2022-11-22 05:02:29,119] {taskinstance.py:1356} INFO - 
--------------------------------------------------------------------------------
[2022-11-22 05:02:29,120] {taskinstance.py:1357} INFO - Starting attempt 1 of 1
[2022-11-22 05:02:29,121] {taskinstance.py:1358} INFO - 
--------------------------------------------------------------------------------
[2022-11-22 05:02:29,192] {taskinstance.py:1377} INFO - Executing <Task(BashOperator): load_files.check_input_folder> on 2022-11-22 05:02:17.023684+00:00
[2022-11-22 05:02:29,206] {standard_task_runner.py:52} INFO - Started process 368 to run task
[2022-11-22 05:02:29,219] {standard_task_runner.py:79} INFO - Running: ['***', 'tasks', 'run', 'etl_solar', 'load_files.check_input_folder', 'manual__2022-11-22T05:02:17.023684+00:00', '--job-id', '207', '--raw', '--subdir', 'DAGS_FOLDER/dag_preprocess.py', '--cfg-path', '/tmp/tmpj3z6baw5', '--error-file', '/tmp/tmpw7cdhm07']
[2022-11-22 05:02:29,223] {standard_task_runner.py:80} INFO - Job 207: Subtask load_files.check_input_folder
[2022-11-22 05:02:29,481] {task_command.py:369} INFO - Running <TaskInstance: etl_solar.load_files.check_input_folder manual__2022-11-22T05:02:17.023684+00:00 [running]> on host 8a647070b091
[2022-11-22 05:02:29,824] {taskinstance.py:1571} INFO - Exporting the following env vars:
AIRFLOW_CTX_DAG_OWNER=***
AIRFLOW_CTX_DAG_ID=etl_solar
AIRFLOW_CTX_TASK_ID=load_files.check_input_folder
AIRFLOW_CTX_EXECUTION_DATE=2022-11-22T05:02:17.023684+00:00
AIRFLOW_CTX_TRY_NUMBER=1
AIRFLOW_CTX_DAG_RUN_ID=manual__2022-11-22T05:02:17.023684+00:00
[2022-11-22 05:02:29,828] {subprocess.py:62} INFO - Tmp dir root location: 
 /tmp
[2022-11-22 05:02:29,831] {subprocess.py:74} INFO - Running command: ['bash', '-c', '/opt/***/utilities/make_folder.sh /opt/***/storage/input/2022-11-22']
[2022-11-22 05:02:29,865] {subprocess.py:85} INFO - Output:
[2022-11-22 05:02:29,914] {subprocess.py:96} INFO - Command exited with return code 0
[2022-11-22 05:02:30,043] {taskinstance.py:1400} INFO - Marking task as SUCCESS. dag_id=etl_solar, task_id=load_files.check_input_folder, execution_date=20221122T050217, start_date=20221122T050229, end_date=20221122T050230
[2022-11-22 05:02:30,117] {local_task_job.py:156} INFO - Task exited with return code 0
[2022-11-22 05:02:30,314] {local_task_job.py:273} INFO - 2 downstream tasks scheduled from follow-on schedule check
