[2022-12-11T08:11:03.860+0000] {taskinstance.py:1165} INFO - Dependencies all met for <TaskInstance: etl_solar.check_input_status manual__2022-12-11T08:10:48.533274+00:00 [queued]>
[2022-12-11T08:11:03.913+0000] {taskinstance.py:1165} INFO - Dependencies all met for <TaskInstance: etl_solar.check_input_status manual__2022-12-11T08:10:48.533274+00:00 [queued]>
[2022-12-11T08:11:03.914+0000] {taskinstance.py:1362} INFO - 
--------------------------------------------------------------------------------
[2022-12-11T08:11:03.916+0000] {taskinstance.py:1363} INFO - Starting attempt 1 of 1
[2022-12-11T08:11:03.920+0000] {taskinstance.py:1364} INFO - 
--------------------------------------------------------------------------------
[2022-12-11T08:11:03.995+0000] {taskinstance.py:1383} INFO - Executing <Task(BashOperator): check_input_status> on 2022-12-11 08:10:48.533274+00:00
[2022-12-11T08:11:04.010+0000] {standard_task_runner.py:55} INFO - Started process 154 to run task
[2022-12-11T08:11:04.023+0000] {standard_task_runner.py:82} INFO - Running: ['***', 'tasks', 'run', 'etl_solar', 'check_input_status', 'manual__2022-12-11T08:10:48.533274+00:00', '--job-id', '35', '--raw', '--subdir', 'DAGS_FOLDER/dag_preprocess.py', '--cfg-path', '/tmp/tmpzkuc9wug']
[2022-12-11T08:11:04.032+0000] {standard_task_runner.py:83} INFO - Job 35: Subtask check_input_status
[2022-12-11T08:11:04.274+0000] {task_command.py:376} INFO - Running <TaskInstance: etl_solar.check_input_status manual__2022-12-11T08:10:48.533274+00:00 [running]> on host 01c108b234e9
[2022-12-11T08:11:04.587+0000] {taskinstance.py:1592} INFO - Exporting the following env vars:
AIRFLOW_CTX_DAG_OWNER=***
AIRFLOW_CTX_DAG_ID=etl_solar
AIRFLOW_CTX_TASK_ID=check_input_status
AIRFLOW_CTX_EXECUTION_DATE=2022-12-11T08:10:48.533274+00:00
AIRFLOW_CTX_TRY_NUMBER=1
AIRFLOW_CTX_DAG_RUN_ID=manual__2022-12-11T08:10:48.533274+00:00
[2022-12-11T08:11:04.591+0000] {subprocess.py:63} INFO - Tmp dir root location: 
 /tmp
[2022-12-11T08:11:04.594+0000] {subprocess.py:75} INFO - Running command: ['/bin/bash', '-c', "echo 'success'"]
[2022-12-11T08:11:04.627+0000] {subprocess.py:86} INFO - Output:
[2022-12-11T08:11:04.634+0000] {subprocess.py:93} INFO - success
[2022-12-11T08:11:04.637+0000] {subprocess.py:97} INFO - Command exited with return code 0
[2022-12-11T08:11:04.746+0000] {taskinstance.py:1406} INFO - Marking task as SUCCESS. dag_id=etl_solar, task_id=check_input_status, execution_date=20221211T081048, start_date=20221211T081103, end_date=20221211T081104
[2022-12-11T08:11:04.838+0000] {local_task_job.py:164} INFO - Task exited with return code 0
[2022-12-11T08:11:05.059+0000] {local_task_job.py:273} INFO - 1 downstream tasks scheduled from follow-on schedule check
