[2022-12-11T08:26:50.266+0000] {taskinstance.py:1165} INFO - Dependencies all met for <TaskInstance: etl_solar.checkfiles.check_energy_file_2 manual__2022-12-11T08:26:43.312404+00:00 [queued]>
[2022-12-11T08:26:50.396+0000] {taskinstance.py:1165} INFO - Dependencies all met for <TaskInstance: etl_solar.checkfiles.check_energy_file_2 manual__2022-12-11T08:26:43.312404+00:00 [queued]>
[2022-12-11T08:26:50.404+0000] {taskinstance.py:1362} INFO - 
--------------------------------------------------------------------------------
[2022-12-11T08:26:50.406+0000] {taskinstance.py:1363} INFO - Starting attempt 1 of 1
[2022-12-11T08:26:50.407+0000] {taskinstance.py:1364} INFO - 
--------------------------------------------------------------------------------
[2022-12-11T08:26:50.589+0000] {taskinstance.py:1383} INFO - Executing <Task(BashOperator): checkfiles.check_energy_file_2> on 2022-12-11 08:26:43.312404+00:00
[2022-12-11T08:26:50.644+0000] {standard_task_runner.py:55} INFO - Started process 411 to run task
[2022-12-11T08:26:50.670+0000] {standard_task_runner.py:82} INFO - Running: ['***', 'tasks', 'run', 'etl_solar', 'checkfiles.check_energy_file_2', 'manual__2022-12-11T08:26:43.312404+00:00', '--job-id', '104', '--raw', '--subdir', 'DAGS_FOLDER/dag_preprocess.py', '--cfg-path', '/tmp/tmpvmeleb7l']
[2022-12-11T08:26:50.690+0000] {standard_task_runner.py:83} INFO - Job 104: Subtask checkfiles.check_energy_file_2
[2022-12-11T08:26:51.264+0000] {task_command.py:376} INFO - Running <TaskInstance: etl_solar.checkfiles.check_energy_file_2 manual__2022-12-11T08:26:43.312404+00:00 [running]> on host 01c108b234e9
[2022-12-11T08:26:51.845+0000] {taskinstance.py:1592} INFO - Exporting the following env vars:
AIRFLOW_CTX_DAG_OWNER=***
AIRFLOW_CTX_DAG_ID=etl_solar
AIRFLOW_CTX_TASK_ID=checkfiles.check_energy_file_2
AIRFLOW_CTX_EXECUTION_DATE=2022-12-11T08:26:43.312404+00:00
AIRFLOW_CTX_TRY_NUMBER=1
AIRFLOW_CTX_DAG_RUN_ID=manual__2022-12-11T08:26:43.312404+00:00
[2022-12-11T08:26:51.852+0000] {subprocess.py:63} INFO - Tmp dir root location: 
 /tmp
[2022-12-11T08:26:51.855+0000] {subprocess.py:75} INFO - Running command: ['/bin/bash', '-c', '/opt/***/utilities/check_file.sh /opt/***/utilities/storage/energy_2.csv']
[2022-12-11T08:26:51.901+0000] {subprocess.py:86} INFO - Output:
[2022-12-11T08:26:51.967+0000] {subprocess.py:93} INFO - File /opt/***/utilities/storage/energy_2.csv does not exist
[2022-12-11T08:26:51.974+0000] {subprocess.py:97} INFO - Command exited with return code 0
[2022-12-11T08:26:52.275+0000] {taskinstance.py:1406} INFO - Marking task as SUCCESS. dag_id=etl_solar, task_id=checkfiles.check_energy_file_2, execution_date=20221211T082643, start_date=20221211T082650, end_date=20221211T082652
[2022-12-11T08:26:52.458+0000] {local_task_job.py:164} INFO - Task exited with return code 0
[2022-12-11T08:26:53.120+0000] {local_task_job.py:273} INFO - 0 downstream tasks scheduled from follow-on schedule check
