[2022-11-20 11:31:14,111] {taskinstance.py:1159} INFO - Dependencies all met for <TaskInstance: etl_solar.checkfiles.check_energy_file_2 scheduled__2022-11-19T00:00:00+00:00 [queued]>
[2022-11-20 11:31:14,227] {taskinstance.py:1159} INFO - Dependencies all met for <TaskInstance: etl_solar.checkfiles.check_energy_file_2 scheduled__2022-11-19T00:00:00+00:00 [queued]>
[2022-11-20 11:31:14,241] {taskinstance.py:1356} INFO - 
--------------------------------------------------------------------------------
[2022-11-20 11:31:14,242] {taskinstance.py:1357} INFO - Starting attempt 1 of 1
[2022-11-20 11:31:14,248] {taskinstance.py:1358} INFO - 
--------------------------------------------------------------------------------
[2022-11-20 11:31:14,377] {taskinstance.py:1377} INFO - Executing <Task(BashOperator): checkfiles.check_energy_file_2> on 2022-11-19 00:00:00+00:00
[2022-11-20 11:31:14,395] {standard_task_runner.py:52} INFO - Started process 72 to run task
[2022-11-20 11:31:14,454] {standard_task_runner.py:79} INFO - Running: ['***', 'tasks', 'run', 'etl_solar', 'checkfiles.check_energy_file_2', 'scheduled__2022-11-19T00:00:00+00:00', '--job-id', '3', '--raw', '--subdir', 'DAGS_FOLDER/dag_preprocess.py', '--cfg-path', '/tmp/tmp31urawdu', '--error-file', '/tmp/tmpi6jbsy4c']
[2022-11-20 11:31:14,476] {standard_task_runner.py:80} INFO - Job 3: Subtask checkfiles.check_energy_file_2
[2022-11-20 11:31:14,579] {warnings.py:110} WARNING - /home/***/.local/lib/python3.7/site-packages/***/configuration.py:470: DeprecationWarning: The sql_alchemy_conn option in [core] has been moved to the sql_alchemy_conn option in [database] - the old setting has been used, but please update your config.
  option = self._get_environment_variables(deprecated_key, deprecated_section, key, section)

[2022-11-20 11:31:14,912] {task_command.py:369} INFO - Running <TaskInstance: etl_solar.checkfiles.check_energy_file_2 scheduled__2022-11-19T00:00:00+00:00 [running]> on host 82103fd5e777
[2022-11-20 11:31:15,644] {taskinstance.py:1571} INFO - Exporting the following env vars:
AIRFLOW_CTX_DAG_OWNER=***
AIRFLOW_CTX_DAG_ID=etl_solar
AIRFLOW_CTX_TASK_ID=checkfiles.check_energy_file_2
AIRFLOW_CTX_EXECUTION_DATE=2022-11-19T00:00:00+00:00
AIRFLOW_CTX_TRY_NUMBER=1
AIRFLOW_CTX_DAG_RUN_ID=scheduled__2022-11-19T00:00:00+00:00
[2022-11-20 11:31:15,665] {subprocess.py:62} INFO - Tmp dir root location: 
 /tmp
[2022-11-20 11:31:15,669] {subprocess.py:74} INFO - Running command: ['bash', '-c', '/opt/***/bash_command/check_file.sh /opt/***/storage/***.csv']
[2022-11-20 11:31:15,777] {subprocess.py:85} INFO - Output:
[2022-11-20 11:31:15,917] {subprocess.py:92} INFO - File /opt/***/storage/***.csv exists
[2022-11-20 11:31:15,944] {subprocess.py:96} INFO - Command exited with return code 0
[2022-11-20 11:31:16,295] {taskinstance.py:1400} INFO - Marking task as SUCCESS. dag_id=etl_solar, task_id=checkfiles.check_energy_file_2, execution_date=20221119T000000, start_date=20221120T113114, end_date=20221120T113116
[2022-11-20 11:31:16,497] {local_task_job.py:156} INFO - Task exited with return code 0
[2022-11-20 11:31:17,360] {local_task_job.py:273} INFO - 0 downstream tasks scheduled from follow-on schedule check
[2022-11-20 11:39:06,166] {taskinstance.py:1159} INFO - Dependencies all met for <TaskInstance: etl_solar.checkfiles.check_energy_file_2 scheduled__2022-11-19T00:00:00+00:00 [queued]>
[2022-11-20 11:39:06,179] {taskinstance.py:1159} INFO - Dependencies all met for <TaskInstance: etl_solar.checkfiles.check_energy_file_2 scheduled__2022-11-19T00:00:00+00:00 [queued]>
[2022-11-20 11:39:06,180] {taskinstance.py:1356} INFO - 
--------------------------------------------------------------------------------
[2022-11-20 11:39:06,180] {taskinstance.py:1357} INFO - Starting attempt 1 of 1
[2022-11-20 11:39:06,180] {taskinstance.py:1358} INFO - 
--------------------------------------------------------------------------------
[2022-11-20 11:39:06,199] {taskinstance.py:1377} INFO - Executing <Task(BashOperator): checkfiles.check_energy_file_2> on 2022-11-19 00:00:00+00:00
[2022-11-20 11:39:06,204] {standard_task_runner.py:52} INFO - Started process 107 to run task
[2022-11-20 11:39:06,209] {standard_task_runner.py:79} INFO - Running: ['***', 'tasks', 'run', 'etl_solar', 'checkfiles.check_energy_file_2', 'scheduled__2022-11-19T00:00:00+00:00', '--job-id', '15', '--raw', '--subdir', 'DAGS_FOLDER/dag_preprocess.py', '--cfg-path', '/tmp/tmpe91f528f', '--error-file', '/tmp/tmp7apfq1_p']
[2022-11-20 11:39:06,211] {standard_task_runner.py:80} INFO - Job 15: Subtask checkfiles.check_energy_file_2
[2022-11-20 11:39:06,231] {warnings.py:110} WARNING - /home/***/.local/lib/python3.7/site-packages/***/configuration.py:470: DeprecationWarning: The sql_alchemy_conn option in [core] has been moved to the sql_alchemy_conn option in [database] - the old setting has been used, but please update your config.
  option = self._get_environment_variables(deprecated_key, deprecated_section, key, section)

[2022-11-20 11:39:06,292] {task_command.py:369} INFO - Running <TaskInstance: etl_solar.checkfiles.check_energy_file_2 scheduled__2022-11-19T00:00:00+00:00 [running]> on host 82103fd5e777
[2022-11-20 11:39:06,512] {taskinstance.py:1571} INFO - Exporting the following env vars:
AIRFLOW_CTX_DAG_OWNER=***
AIRFLOW_CTX_DAG_ID=etl_solar
AIRFLOW_CTX_TASK_ID=checkfiles.check_energy_file_2
AIRFLOW_CTX_EXECUTION_DATE=2022-11-19T00:00:00+00:00
AIRFLOW_CTX_TRY_NUMBER=1
AIRFLOW_CTX_DAG_RUN_ID=scheduled__2022-11-19T00:00:00+00:00
[2022-11-20 11:39:06,515] {subprocess.py:62} INFO - Tmp dir root location: 
 /tmp
[2022-11-20 11:39:06,516] {subprocess.py:74} INFO - Running command: ['bash', '-c', '/opt/***/bash_command/check_file.sh /opt/***/storage/***.csv']
[2022-11-20 11:39:06,529] {subprocess.py:85} INFO - Output:
[2022-11-20 11:39:06,537] {subprocess.py:92} INFO - File /opt/***/storage/***.csv exists
[2022-11-20 11:39:06,538] {subprocess.py:96} INFO - Command exited with return code 0
[2022-11-20 11:39:06,598] {taskinstance.py:1400} INFO - Marking task as SUCCESS. dag_id=etl_solar, task_id=checkfiles.check_energy_file_2, execution_date=20221119T000000, start_date=20221120T113906, end_date=20221120T113906
[2022-11-20 11:39:06,625] {local_task_job.py:156} INFO - Task exited with return code 0
[2022-11-20 11:39:06,681] {local_task_job.py:273} INFO - 0 downstream tasks scheduled from follow-on schedule check
[2022-11-20 11:44:43,506] {taskinstance.py:1159} INFO - Dependencies all met for <TaskInstance: etl_solar.checkfiles.check_energy_file_2 scheduled__2022-11-19T00:00:00+00:00 [queued]>
[2022-11-20 11:44:43,519] {taskinstance.py:1159} INFO - Dependencies all met for <TaskInstance: etl_solar.checkfiles.check_energy_file_2 scheduled__2022-11-19T00:00:00+00:00 [queued]>
[2022-11-20 11:44:43,520] {taskinstance.py:1356} INFO - 
--------------------------------------------------------------------------------
[2022-11-20 11:44:43,520] {taskinstance.py:1357} INFO - Starting attempt 1 of 1
[2022-11-20 11:44:43,520] {taskinstance.py:1358} INFO - 
--------------------------------------------------------------------------------
[2022-11-20 11:44:43,543] {taskinstance.py:1377} INFO - Executing <Task(BashOperator): checkfiles.check_energy_file_2> on 2022-11-19 00:00:00+00:00
[2022-11-20 11:44:43,549] {standard_task_runner.py:52} INFO - Started process 169 to run task
[2022-11-20 11:44:43,554] {standard_task_runner.py:79} INFO - Running: ['***', 'tasks', 'run', 'etl_solar', 'checkfiles.check_energy_file_2', 'scheduled__2022-11-19T00:00:00+00:00', '--job-id', '35', '--raw', '--subdir', 'DAGS_FOLDER/dag_preprocess.py', '--cfg-path', '/tmp/tmpk6i0jdjq', '--error-file', '/tmp/tmpqd53f4xu']
[2022-11-20 11:44:43,555] {standard_task_runner.py:80} INFO - Job 35: Subtask checkfiles.check_energy_file_2
[2022-11-20 11:44:43,578] {warnings.py:110} WARNING - /home/***/.local/lib/python3.7/site-packages/***/configuration.py:470: DeprecationWarning: The sql_alchemy_conn option in [core] has been moved to the sql_alchemy_conn option in [database] - the old setting has been used, but please update your config.
  option = self._get_environment_variables(deprecated_key, deprecated_section, key, section)

[2022-11-20 11:44:43,649] {task_command.py:369} INFO - Running <TaskInstance: etl_solar.checkfiles.check_energy_file_2 scheduled__2022-11-19T00:00:00+00:00 [running]> on host 82103fd5e777
[2022-11-20 11:44:43,774] {taskinstance.py:1571} INFO - Exporting the following env vars:
AIRFLOW_CTX_DAG_OWNER=***
AIRFLOW_CTX_DAG_ID=etl_solar
AIRFLOW_CTX_TASK_ID=checkfiles.check_energy_file_2
AIRFLOW_CTX_EXECUTION_DATE=2022-11-19T00:00:00+00:00
AIRFLOW_CTX_TRY_NUMBER=1
AIRFLOW_CTX_DAG_RUN_ID=scheduled__2022-11-19T00:00:00+00:00
[2022-11-20 11:44:43,776] {subprocess.py:62} INFO - Tmp dir root location: 
 /tmp
[2022-11-20 11:44:43,776] {subprocess.py:74} INFO - Running command: ['bash', '-c', '/opt/***/bash_command/check_file.sh /opt/***/storage/***.csv']
[2022-11-20 11:44:43,786] {subprocess.py:85} INFO - Output:
[2022-11-20 11:44:43,795] {subprocess.py:92} INFO - File /opt/***/storage/***.csv exists
[2022-11-20 11:44:43,796] {subprocess.py:96} INFO - Command exited with return code 0
[2022-11-20 11:44:43,870] {taskinstance.py:1400} INFO - Marking task as SUCCESS. dag_id=etl_solar, task_id=checkfiles.check_energy_file_2, execution_date=20221119T000000, start_date=20221120T114443, end_date=20221120T114443
[2022-11-20 11:44:43,929] {local_task_job.py:156} INFO - Task exited with return code 0
[2022-11-20 11:44:43,999] {local_task_job.py:273} INFO - 1 downstream tasks scheduled from follow-on schedule check
[2022-11-20 11:49:23,494] {taskinstance.py:1159} INFO - Dependencies all met for <TaskInstance: etl_solar.checkfiles.check_energy_file_2 scheduled__2022-11-19T00:00:00+00:00 [queued]>
[2022-11-20 11:49:23,505] {taskinstance.py:1159} INFO - Dependencies all met for <TaskInstance: etl_solar.checkfiles.check_energy_file_2 scheduled__2022-11-19T00:00:00+00:00 [queued]>
[2022-11-20 11:49:23,505] {taskinstance.py:1356} INFO - 
--------------------------------------------------------------------------------
[2022-11-20 11:49:23,505] {taskinstance.py:1357} INFO - Starting attempt 1 of 1
[2022-11-20 11:49:23,506] {taskinstance.py:1358} INFO - 
--------------------------------------------------------------------------------
[2022-11-20 11:49:23,523] {taskinstance.py:1377} INFO - Executing <Task(BashOperator): checkfiles.check_energy_file_2> on 2022-11-19 00:00:00+00:00
[2022-11-20 11:49:23,527] {standard_task_runner.py:52} INFO - Started process 209 to run task
[2022-11-20 11:49:23,532] {standard_task_runner.py:79} INFO - Running: ['***', 'tasks', 'run', 'etl_solar', 'checkfiles.check_energy_file_2', 'scheduled__2022-11-19T00:00:00+00:00', '--job-id', '45', '--raw', '--subdir', 'DAGS_FOLDER/dag_preprocess.py', '--cfg-path', '/tmp/tmpxfvfo9sd', '--error-file', '/tmp/tmppcq0wpij']
[2022-11-20 11:49:23,533] {standard_task_runner.py:80} INFO - Job 45: Subtask checkfiles.check_energy_file_2
[2022-11-20 11:49:23,552] {warnings.py:110} WARNING - /home/***/.local/lib/python3.7/site-packages/***/configuration.py:470: DeprecationWarning: The sql_alchemy_conn option in [core] has been moved to the sql_alchemy_conn option in [database] - the old setting has been used, but please update your config.
  option = self._get_environment_variables(deprecated_key, deprecated_section, key, section)

[2022-11-20 11:49:23,626] {task_command.py:369} INFO - Running <TaskInstance: etl_solar.checkfiles.check_energy_file_2 scheduled__2022-11-19T00:00:00+00:00 [running]> on host 82103fd5e777
[2022-11-20 11:49:23,765] {taskinstance.py:1571} INFO - Exporting the following env vars:
AIRFLOW_CTX_DAG_OWNER=***
AIRFLOW_CTX_DAG_ID=etl_solar
AIRFLOW_CTX_TASK_ID=checkfiles.check_energy_file_2
AIRFLOW_CTX_EXECUTION_DATE=2022-11-19T00:00:00+00:00
AIRFLOW_CTX_TRY_NUMBER=1
AIRFLOW_CTX_DAG_RUN_ID=scheduled__2022-11-19T00:00:00+00:00
[2022-11-20 11:49:23,766] {subprocess.py:62} INFO - Tmp dir root location: 
 /tmp
[2022-11-20 11:49:23,767] {subprocess.py:74} INFO - Running command: ['bash', '-c', '/opt/***/bash_command/check_file.sh /opt/***/storage/***.csv']
[2022-11-20 11:49:23,782] {subprocess.py:85} INFO - Output:
[2022-11-20 11:49:23,792] {subprocess.py:92} INFO - File /opt/***/storage/***.csv exists
[2022-11-20 11:49:23,794] {subprocess.py:96} INFO - Command exited with return code 0
[2022-11-20 11:49:23,852] {taskinstance.py:1400} INFO - Marking task as SUCCESS. dag_id=etl_solar, task_id=checkfiles.check_energy_file_2, execution_date=20221119T000000, start_date=20221120T114923, end_date=20221120T114923
[2022-11-20 11:49:23,906] {local_task_job.py:156} INFO - Task exited with return code 0
[2022-11-20 11:49:23,976] {local_task_job.py:273} INFO - 0 downstream tasks scheduled from follow-on schedule check
[2022-11-20 11:50:55,452] {taskinstance.py:1159} INFO - Dependencies all met for <TaskInstance: etl_solar.checkfiles.check_energy_file_2 scheduled__2022-11-19T00:00:00+00:00 [queued]>
[2022-11-20 11:50:55,465] {taskinstance.py:1159} INFO - Dependencies all met for <TaskInstance: etl_solar.checkfiles.check_energy_file_2 scheduled__2022-11-19T00:00:00+00:00 [queued]>
[2022-11-20 11:50:55,466] {taskinstance.py:1356} INFO - 
--------------------------------------------------------------------------------
[2022-11-20 11:50:55,467] {taskinstance.py:1357} INFO - Starting attempt 1 of 1
[2022-11-20 11:50:55,467] {taskinstance.py:1358} INFO - 
--------------------------------------------------------------------------------
[2022-11-20 11:50:55,485] {taskinstance.py:1377} INFO - Executing <Task(BashOperator): checkfiles.check_energy_file_2> on 2022-11-19 00:00:00+00:00
[2022-11-20 11:50:55,490] {standard_task_runner.py:52} INFO - Started process 254 to run task
[2022-11-20 11:50:55,495] {standard_task_runner.py:79} INFO - Running: ['***', 'tasks', 'run', 'etl_solar', 'checkfiles.check_energy_file_2', 'scheduled__2022-11-19T00:00:00+00:00', '--job-id', '60', '--raw', '--subdir', 'DAGS_FOLDER/dag_preprocess.py', '--cfg-path', '/tmp/tmpuudk5_ve', '--error-file', '/tmp/tmp16v3m7xb']
[2022-11-20 11:50:55,496] {standard_task_runner.py:80} INFO - Job 60: Subtask checkfiles.check_energy_file_2
[2022-11-20 11:50:55,516] {warnings.py:110} WARNING - /home/***/.local/lib/python3.7/site-packages/***/configuration.py:470: DeprecationWarning: The sql_alchemy_conn option in [core] has been moved to the sql_alchemy_conn option in [database] - the old setting has been used, but please update your config.
  option = self._get_environment_variables(deprecated_key, deprecated_section, key, section)

[2022-11-20 11:50:55,579] {task_command.py:369} INFO - Running <TaskInstance: etl_solar.checkfiles.check_energy_file_2 scheduled__2022-11-19T00:00:00+00:00 [running]> on host 82103fd5e777
[2022-11-20 11:50:55,722] {taskinstance.py:1571} INFO - Exporting the following env vars:
AIRFLOW_CTX_DAG_OWNER=***
AIRFLOW_CTX_DAG_ID=etl_solar
AIRFLOW_CTX_TASK_ID=checkfiles.check_energy_file_2
AIRFLOW_CTX_EXECUTION_DATE=2022-11-19T00:00:00+00:00
AIRFLOW_CTX_TRY_NUMBER=1
AIRFLOW_CTX_DAG_RUN_ID=scheduled__2022-11-19T00:00:00+00:00
[2022-11-20 11:50:55,724] {subprocess.py:62} INFO - Tmp dir root location: 
 /tmp
[2022-11-20 11:50:55,725] {subprocess.py:74} INFO - Running command: ['bash', '-c', '/opt/***/bash_command/check_file.sh /opt/***/storage/***.csv']
[2022-11-20 11:50:55,771] {subprocess.py:85} INFO - Output:
[2022-11-20 11:50:55,791] {subprocess.py:92} INFO - File /opt/***/storage/***.csv exists
[2022-11-20 11:50:55,793] {subprocess.py:96} INFO - Command exited with return code 0
[2022-11-20 11:50:55,868] {taskinstance.py:1400} INFO - Marking task as SUCCESS. dag_id=etl_solar, task_id=checkfiles.check_energy_file_2, execution_date=20221119T000000, start_date=20221120T115055, end_date=20221120T115055
[2022-11-20 11:50:55,908] {local_task_job.py:156} INFO - Task exited with return code 0
[2022-11-20 11:50:56,064] {local_task_job.py:273} INFO - 0 downstream tasks scheduled from follow-on schedule check
