[2022-11-20 06:07:47,431] {taskinstance.py:877} INFO - Dependencies all met for <TaskInstance: etl_solar.checkfiles.check_energy_file_2 2022-11-19T00:00:00+00:00 [queued]>
[2022-11-20 06:07:47,472] {taskinstance.py:877} INFO - Dependencies all met for <TaskInstance: etl_solar.checkfiles.check_energy_file_2 2022-11-19T00:00:00+00:00 [queued]>
[2022-11-20 06:07:47,474] {taskinstance.py:1068} INFO - 
--------------------------------------------------------------------------------
[2022-11-20 06:07:47,475] {taskinstance.py:1069} INFO - Starting attempt 1 of 1
[2022-11-20 06:07:47,476] {taskinstance.py:1070} INFO - 
--------------------------------------------------------------------------------
[2022-11-20 06:07:47,522] {taskinstance.py:1089} INFO - Executing <Task(BashOperator): checkfiles.check_energy_file_2> on 2022-11-19T00:00:00+00:00
[2022-11-20 06:07:47,534] {standard_task_runner.py:52} INFO - Started process 79 to run task
[2022-11-20 06:07:47,548] {standard_task_runner.py:76} INFO - Running: ['airflow', 'tasks', 'run', 'etl_solar', 'checkfiles.check_energy_file_2', '2022-11-19T00:00:00+00:00', '--job-id', '25', '--pool', 'default_pool', '--raw', '--subdir', 'DAGS_FOLDER/dag_preprocess.py', '--cfg-path', '/tmp/tmptl9lq1p_', '--error-file', '/tmp/tmpr_s32uxz']
[2022-11-20 06:07:47,550] {standard_task_runner.py:77} INFO - Job 25: Subtask checkfiles.check_energy_file_2
[2022-11-20 06:07:47,730] {logging_mixin.py:104} INFO - Running <TaskInstance: etl_solar.checkfiles.check_energy_file_2 2022-11-19T00:00:00+00:00 [running]> on host cc7a6235a592
[2022-11-20 06:07:47,919] {taskinstance.py:1283} INFO - Exporting the following env vars:
AIRFLOW_CTX_DAG_OWNER=airflow
AIRFLOW_CTX_DAG_ID=etl_solar
AIRFLOW_CTX_TASK_ID=checkfiles.check_energy_file_2
AIRFLOW_CTX_EXECUTION_DATE=2022-11-19T00:00:00+00:00
AIRFLOW_CTX_DAG_RUN_ID=scheduled__2022-11-19T00:00:00+00:00
[2022-11-20 06:07:47,922] {bash.py:135} INFO - Tmp dir root location: 
 /tmp
[2022-11-20 06:07:47,925] {bash.py:158} INFO - Running command: /opt/airflow/bash_command/check_file.sh /opt/airflow/storage/airflow.csv
[2022-11-20 06:07:47,950] {bash.py:169} INFO - Output:
[2022-11-20 06:07:47,972] {bash.py:173} INFO - File /opt/airflow/storage/airflow.csv exists
[2022-11-20 06:07:47,974] {bash.py:177} INFO - Command exited with return code 0
[2022-11-20 06:07:48,070] {taskinstance.py:1192} INFO - Marking task as SUCCESS. dag_id=etl_solar, task_id=checkfiles.check_energy_file_2, execution_date=20221119T000000, start_date=20221120T060747, end_date=20221120T060748
[2022-11-20 06:07:48,167] {dagrun.py:497} WARNING - Failed to get task '<TaskInstance: etl_solar.checkfiles.check_energy_1 2022-11-19 00:00:00+00:00 [removed]>' for dag 'etl_solar'. Marking it as removed.
[2022-11-20 06:07:48,174] {taskinstance.py:1246} INFO - 0 downstream tasks scheduled from follow-on schedule check
[2022-11-20 06:07:48,200] {local_task_job.py:146} INFO - Task exited with return code 0
