[2022-12-09 11:20:38,458] {taskinstance.py:1159} INFO - Dependencies all met for <TaskInstance: etl_solar.transform.preprocess_geography manual__2022-12-09T11:20:07.931997+00:00 [queued]>
[2022-12-09 11:20:38,507] {taskinstance.py:1159} INFO - Dependencies all met for <TaskInstance: etl_solar.transform.preprocess_geography manual__2022-12-09T11:20:07.931997+00:00 [queued]>
[2022-12-09 11:20:38,508] {taskinstance.py:1356} INFO - 
--------------------------------------------------------------------------------
[2022-12-09 11:20:38,509] {taskinstance.py:1357} INFO - Starting attempt 1 of 1
[2022-12-09 11:20:38,511] {taskinstance.py:1358} INFO - 
--------------------------------------------------------------------------------
[2022-12-09 11:20:38,586] {taskinstance.py:1377} INFO - Executing <Task(PythonOperator): transform.preprocess_geography> on 2022-12-09 11:20:07.931997+00:00
[2022-12-09 11:20:38,600] {standard_task_runner.py:52} INFO - Started process 244 to run task
[2022-12-09 11:20:38,613] {standard_task_runner.py:79} INFO - Running: ['***', 'tasks', 'run', 'etl_solar', 'transform.preprocess_geography', 'manual__2022-12-09T11:20:07.931997+00:00', '--job-id', '51', '--raw', '--subdir', 'DAGS_FOLDER/dag_preprocess.py', '--cfg-path', '/tmp/tmpmqf9xbdc', '--error-file', '/tmp/tmp4datsk01']
[2022-12-09 11:20:38,621] {standard_task_runner.py:80} INFO - Job 51: Subtask transform.preprocess_geography
[2022-12-09 11:20:38,867] {task_command.py:369} INFO - Running <TaskInstance: etl_solar.transform.preprocess_geography manual__2022-12-09T11:20:07.931997+00:00 [running]> on host 4d9af2ba34e6
[2022-12-09 11:20:39,284] {taskinstance.py:1571} INFO - Exporting the following env vars:
AIRFLOW_CTX_DAG_OWNER=***
AIRFLOW_CTX_DAG_ID=etl_solar
AIRFLOW_CTX_TASK_ID=transform.preprocess_geography
AIRFLOW_CTX_EXECUTION_DATE=2022-12-09T11:20:07.931997+00:00
AIRFLOW_CTX_TRY_NUMBER=1
AIRFLOW_CTX_DAG_RUN_ID=manual__2022-12-09T11:20:07.931997+00:00
[2022-12-09 11:20:39,332] {logging_mixin.py:115} INFO - ['altitudeMeridian', 'altitude_09', 'altitude_12', 'altitude_15', 'altitude_18', 'azimuth_09', 'azimuth_12', 'azimuth_15', 'azimuth_18']
[2022-12-09 11:20:39,388] {python.py:173} INFO - Done. Returned value was: None
[2022-12-09 11:20:39,451] {taskinstance.py:1400} INFO - Marking task as SUCCESS. dag_id=etl_solar, task_id=transform.preprocess_geography, execution_date=20221209T112007, start_date=20221209T112038, end_date=20221209T112039
[2022-12-09 11:20:39,552] {local_task_job.py:156} INFO - Task exited with return code 0
[2022-12-09 11:20:39,824] {local_task_job.py:273} INFO - 0 downstream tasks scheduled from follow-on schedule check
