[2022-12-09 10:40:53,467] {taskinstance.py:1159} INFO - Dependencies all met for <TaskInstance: etl_solar.checkfiles.check_energy_file_1 manual__2022-12-09T10:40:49.230234+00:00 [queued]>
[2022-12-09 10:40:53,528] {taskinstance.py:1159} INFO - Dependencies all met for <TaskInstance: etl_solar.checkfiles.check_energy_file_1 manual__2022-12-09T10:40:49.230234+00:00 [queued]>
[2022-12-09 10:40:53,529] {taskinstance.py:1356} INFO - 
--------------------------------------------------------------------------------
[2022-12-09 10:40:53,530] {taskinstance.py:1357} INFO - Starting attempt 1 of 1
[2022-12-09 10:40:53,531] {taskinstance.py:1358} INFO - 
--------------------------------------------------------------------------------
[2022-12-09 10:40:53,605] {taskinstance.py:1377} INFO - Executing <Task(BashOperator): checkfiles.check_energy_file_1> on 2022-12-09 10:40:49.230234+00:00
[2022-12-09 10:40:53,628] {standard_task_runner.py:52} INFO - Started process 94 to run task
[2022-12-09 10:40:53,647] {standard_task_runner.py:79} INFO - Running: ['***', 'tasks', 'run', 'etl_solar', 'checkfiles.check_energy_file_1', 'manual__2022-12-09T10:40:49.230234+00:00', '--job-id', '13', '--raw', '--subdir', 'DAGS_FOLDER/dag_preprocess.py', '--cfg-path', '/tmp/tmpz1gnfstr', '--error-file', '/tmp/tmplmhff2wj']
[2022-12-09 10:40:53,652] {standard_task_runner.py:80} INFO - Job 13: Subtask checkfiles.check_energy_file_1
[2022-12-09 10:40:54,004] {task_command.py:369} INFO - Running <TaskInstance: etl_solar.checkfiles.check_energy_file_1 manual__2022-12-09T10:40:49.230234+00:00 [running]> on host 4d9af2ba34e6
[2022-12-09 10:40:54,521] {taskinstance.py:1571} INFO - Exporting the following env vars:
AIRFLOW_CTX_DAG_OWNER=***
AIRFLOW_CTX_DAG_ID=etl_solar
AIRFLOW_CTX_TASK_ID=checkfiles.check_energy_file_1
AIRFLOW_CTX_EXECUTION_DATE=2022-12-09T10:40:49.230234+00:00
AIRFLOW_CTX_TRY_NUMBER=1
AIRFLOW_CTX_DAG_RUN_ID=manual__2022-12-09T10:40:49.230234+00:00
[2022-12-09 10:40:54,536] {subprocess.py:62} INFO - Tmp dir root location: 
 /tmp
[2022-12-09 10:40:54,545] {subprocess.py:74} INFO - Running command: ['bash', '-c', '/opt/***/utilities/check_file.sh /opt/***/utilities/storage/energy_1.csv']
[2022-12-09 10:40:54,589] {subprocess.py:85} INFO - Output:
[2022-12-09 10:40:54,615] {subprocess.py:92} INFO - File /opt/***/utilities/storage/energy_1.csv does not exist
[2022-12-09 10:40:54,618] {subprocess.py:96} INFO - Command exited with return code 0
[2022-12-09 10:40:54,771] {taskinstance.py:1400} INFO - Marking task as SUCCESS. dag_id=etl_solar, task_id=checkfiles.check_energy_file_1, execution_date=20221209T104049, start_date=20221209T104053, end_date=20221209T104054
[2022-12-09 10:40:54,879] {local_task_job.py:156} INFO - Task exited with return code 0
[2022-12-09 10:40:55,282] {local_task_job.py:273} INFO - 0 downstream tasks scheduled from follow-on schedule check
