[2022-12-09 10:41:25,416] {taskinstance.py:1159} INFO - Dependencies all met for <TaskInstance: etl_solar.transform.preprocess_energy scheduled__2022-12-08T00:00:00+00:00 [queued]>
[2022-12-09 10:41:25,463] {taskinstance.py:1159} INFO - Dependencies all met for <TaskInstance: etl_solar.transform.preprocess_energy scheduled__2022-12-08T00:00:00+00:00 [queued]>
[2022-12-09 10:41:25,465] {taskinstance.py:1356} INFO - 
--------------------------------------------------------------------------------
[2022-12-09 10:41:25,466] {taskinstance.py:1357} INFO - Starting attempt 1 of 1
[2022-12-09 10:41:25,468] {taskinstance.py:1358} INFO - 
--------------------------------------------------------------------------------
[2022-12-09 10:41:25,532] {taskinstance.py:1377} INFO - Executing <Task(BashOperator): transform.preprocess_energy> on 2022-12-08 00:00:00+00:00
[2022-12-09 10:41:25,551] {standard_task_runner.py:52} INFO - Started process 175 to run task
[2022-12-09 10:41:25,563] {standard_task_runner.py:79} INFO - Running: ['***', 'tasks', 'run', 'etl_solar', 'transform.preprocess_energy', 'scheduled__2022-12-08T00:00:00+00:00', '--job-id', '34', '--raw', '--subdir', 'DAGS_FOLDER/dag_preprocess.py', '--cfg-path', '/tmp/tmpi1bol85l', '--error-file', '/tmp/tmpvma6o1t5']
[2022-12-09 10:41:25,568] {standard_task_runner.py:80} INFO - Job 34: Subtask transform.preprocess_energy
[2022-12-09 10:41:25,622] {warnings.py:110} WARNING - /home/***/.local/lib/python3.7/site-packages/***/configuration.py:470: DeprecationWarning: The sql_alchemy_conn option in [core] has been moved to the sql_alchemy_conn option in [database] - the old setting has been used, but please update your config.
  option = self._get_environment_variables(deprecated_key, deprecated_section, key, section)

[2022-12-09 10:41:25,818] {task_command.py:369} INFO - Running <TaskInstance: etl_solar.transform.preprocess_energy scheduled__2022-12-08T00:00:00+00:00 [running]> on host 4d9af2ba34e6
[2022-12-09 10:41:26,237] {taskinstance.py:1571} INFO - Exporting the following env vars:
AIRFLOW_CTX_DAG_OWNER=***
AIRFLOW_CTX_DAG_ID=etl_solar
AIRFLOW_CTX_TASK_ID=transform.preprocess_energy
AIRFLOW_CTX_EXECUTION_DATE=2022-12-08T00:00:00+00:00
AIRFLOW_CTX_TRY_NUMBER=1
AIRFLOW_CTX_DAG_RUN_ID=scheduled__2022-12-08T00:00:00+00:00
[2022-12-09 10:41:26,241] {subprocess.py:62} INFO - Tmp dir root location: 
 /tmp
[2022-12-09 10:41:26,244] {subprocess.py:74} INFO - Running command: ['bash', '-c', 'sleep 1 ']
[2022-12-09 10:41:26,323] {subprocess.py:85} INFO - Output:
[2022-12-09 10:41:27,335] {subprocess.py:96} INFO - Command exited with return code 0
[2022-12-09 10:41:27,461] {taskinstance.py:1400} INFO - Marking task as SUCCESS. dag_id=etl_solar, task_id=transform.preprocess_energy, execution_date=20221208T000000, start_date=20221209T104125, end_date=20221209T104127
[2022-12-09 10:41:27,553] {local_task_job.py:156} INFO - Task exited with return code 0
[2022-12-09 10:41:27,697] {local_task_job.py:273} INFO - 0 downstream tasks scheduled from follow-on schedule check
[2022-12-09 11:20:55,796] {taskinstance.py:1159} INFO - Dependencies all met for <TaskInstance: etl_solar.transform.preprocess_energy scheduled__2022-12-08T00:00:00+00:00 [queued]>
[2022-12-09 11:20:55,848] {taskinstance.py:1159} INFO - Dependencies all met for <TaskInstance: etl_solar.transform.preprocess_energy scheduled__2022-12-08T00:00:00+00:00 [queued]>
[2022-12-09 11:20:55,849] {taskinstance.py:1356} INFO - 
--------------------------------------------------------------------------------
[2022-12-09 11:20:55,850] {taskinstance.py:1357} INFO - Starting attempt 1 of 1
[2022-12-09 11:20:55,851] {taskinstance.py:1358} INFO - 
--------------------------------------------------------------------------------
[2022-12-09 11:20:55,933] {taskinstance.py:1377} INFO - Executing <Task(BashOperator): transform.preprocess_energy> on 2022-12-08 00:00:00+00:00
[2022-12-09 11:20:55,951] {standard_task_runner.py:52} INFO - Started process 275 to run task
[2022-12-09 11:20:55,967] {standard_task_runner.py:79} INFO - Running: ['***', 'tasks', 'run', 'etl_solar', 'transform.preprocess_energy', 'scheduled__2022-12-08T00:00:00+00:00', '--job-id', '61', '--raw', '--subdir', 'DAGS_FOLDER/dag_preprocess.py', '--cfg-path', '/tmp/tmpynvrc4oo', '--error-file', '/tmp/tmpqgyz335x']
[2022-12-09 11:20:55,973] {standard_task_runner.py:80} INFO - Job 61: Subtask transform.preprocess_energy
[2022-12-09 11:20:56,037] {warnings.py:110} WARNING - /home/***/.local/lib/python3.7/site-packages/***/configuration.py:470: DeprecationWarning: The sql_alchemy_conn option in [core] has been moved to the sql_alchemy_conn option in [database] - the old setting has been used, but please update your config.
  option = self._get_environment_variables(deprecated_key, deprecated_section, key, section)

[2022-12-09 11:20:56,253] {task_command.py:369} INFO - Running <TaskInstance: etl_solar.transform.preprocess_energy scheduled__2022-12-08T00:00:00+00:00 [running]> on host 4d9af2ba34e6
[2022-12-09 11:20:56,696] {taskinstance.py:1571} INFO - Exporting the following env vars:
AIRFLOW_CTX_DAG_OWNER=***
AIRFLOW_CTX_DAG_ID=etl_solar
AIRFLOW_CTX_TASK_ID=transform.preprocess_energy
AIRFLOW_CTX_EXECUTION_DATE=2022-12-08T00:00:00+00:00
AIRFLOW_CTX_TRY_NUMBER=1
AIRFLOW_CTX_DAG_RUN_ID=scheduled__2022-12-08T00:00:00+00:00
[2022-12-09 11:20:56,701] {subprocess.py:62} INFO - Tmp dir root location: 
 /tmp
[2022-12-09 11:20:56,705] {subprocess.py:74} INFO - Running command: ['bash', '-c', 'sleep 1 ']
[2022-12-09 11:20:56,749] {subprocess.py:85} INFO - Output:
[2022-12-09 11:20:57,763] {subprocess.py:96} INFO - Command exited with return code 0
[2022-12-09 11:20:57,980] {taskinstance.py:1400} INFO - Marking task as SUCCESS. dag_id=etl_solar, task_id=transform.preprocess_energy, execution_date=20221208T000000, start_date=20221209T112055, end_date=20221209T112057
[2022-12-09 11:20:58,081] {local_task_job.py:156} INFO - Task exited with return code 0
[2022-12-09 11:20:58,278] {local_task_job.py:273} INFO - 1 downstream tasks scheduled from follow-on schedule check
