[2022-11-20 11:54:25,488] {taskinstance.py:1159} INFO - Dependencies all met for <TaskInstance: etl_solar.checkfiles.check_energy_file_1 manual__2022-11-20T11:54:23.782139+00:00 [queued]>
[2022-11-20 11:54:25,499] {taskinstance.py:1159} INFO - Dependencies all met for <TaskInstance: etl_solar.checkfiles.check_energy_file_1 manual__2022-11-20T11:54:23.782139+00:00 [queued]>
[2022-11-20 11:54:25,500] {taskinstance.py:1356} INFO - 
--------------------------------------------------------------------------------
[2022-11-20 11:54:25,500] {taskinstance.py:1357} INFO - Starting attempt 1 of 1
[2022-11-20 11:54:25,501] {taskinstance.py:1358} INFO - 
--------------------------------------------------------------------------------
[2022-11-20 11:54:25,520] {taskinstance.py:1377} INFO - Executing <Task(BashOperator): checkfiles.check_energy_file_1> on 2022-11-20 11:54:23.782139+00:00
[2022-11-20 11:54:25,525] {standard_task_runner.py:52} INFO - Started process 273 to run task
[2022-11-20 11:54:25,531] {standard_task_runner.py:79} INFO - Running: ['***', 'tasks', 'run', 'etl_solar', 'checkfiles.check_energy_file_1', 'manual__2022-11-20T11:54:23.782139+00:00', '--job-id', '64', '--raw', '--subdir', 'DAGS_FOLDER/dag_preprocess.py', '--cfg-path', '/tmp/tmp43n0l0md', '--error-file', '/tmp/tmp36quko6u']
[2022-11-20 11:54:25,532] {standard_task_runner.py:80} INFO - Job 64: Subtask checkfiles.check_energy_file_1
[2022-11-20 11:54:25,607] {task_command.py:369} INFO - Running <TaskInstance: etl_solar.checkfiles.check_energy_file_1 manual__2022-11-20T11:54:23.782139+00:00 [running]> on host 82103fd5e777
[2022-11-20 11:54:25,745] {taskinstance.py:1571} INFO - Exporting the following env vars:
AIRFLOW_CTX_DAG_OWNER=***
AIRFLOW_CTX_DAG_ID=etl_solar
AIRFLOW_CTX_TASK_ID=checkfiles.check_energy_file_1
AIRFLOW_CTX_EXECUTION_DATE=2022-11-20T11:54:23.782139+00:00
AIRFLOW_CTX_TRY_NUMBER=1
AIRFLOW_CTX_DAG_RUN_ID=manual__2022-11-20T11:54:23.782139+00:00
[2022-11-20 11:54:25,747] {subprocess.py:62} INFO - Tmp dir root location: 
 /tmp
[2022-11-20 11:54:25,748] {subprocess.py:74} INFO - Running command: ['bash', '-c', '/opt/***/bash_command/check_file.sh /opt/***/storage/***.csv']
[2022-11-20 11:54:25,764] {subprocess.py:85} INFO - Output:
[2022-11-20 11:54:25,773] {subprocess.py:92} INFO - File /opt/***/storage/***.csv exists
[2022-11-20 11:54:25,774] {subprocess.py:96} INFO - Command exited with return code 0
[2022-11-20 11:54:25,851] {taskinstance.py:1400} INFO - Marking task as SUCCESS. dag_id=etl_solar, task_id=checkfiles.check_energy_file_1, execution_date=20221120T115423, start_date=20221120T115425, end_date=20221120T115425
[2022-11-20 11:54:25,904] {local_task_job.py:156} INFO - Task exited with return code 0
[2022-11-20 11:54:25,959] {local_task_job.py:273} INFO - 0 downstream tasks scheduled from follow-on schedule check
