[2022-12-11T08:28:23.912+0000] {taskinstance.py:1165} INFO - Dependencies all met for <TaskInstance: etl_solar.storage.save_energy manual__2022-12-11T08:27:12.513573+00:00 [queued]>
[2022-12-11T08:28:23.965+0000] {taskinstance.py:1165} INFO - Dependencies all met for <TaskInstance: etl_solar.storage.save_energy manual__2022-12-11T08:27:12.513573+00:00 [queued]>
[2022-12-11T08:28:23.966+0000] {taskinstance.py:1362} INFO - 
--------------------------------------------------------------------------------
[2022-12-11T08:28:23.967+0000] {taskinstance.py:1363} INFO - Starting attempt 1 of 1
[2022-12-11T08:28:23.969+0000] {taskinstance.py:1364} INFO - 
--------------------------------------------------------------------------------
[2022-12-11T08:28:24.052+0000] {taskinstance.py:1383} INFO - Executing <Task(BashOperator): storage.save_energy> on 2022-12-11 08:27:12.513573+00:00
[2022-12-11T08:28:24.067+0000] {standard_task_runner.py:55} INFO - Started process 534 to run task
[2022-12-11T08:28:24.081+0000] {standard_task_runner.py:82} INFO - Running: ['***', 'tasks', 'run', 'etl_solar', 'storage.save_energy', 'manual__2022-12-11T08:27:12.513573+00:00', '--job-id', '137', '--raw', '--subdir', 'DAGS_FOLDER/dag_preprocess.py', '--cfg-path', '/tmp/tmpo7706jf2']
[2022-12-11T08:28:24.089+0000] {standard_task_runner.py:83} INFO - Job 137: Subtask storage.save_energy
[2022-12-11T08:28:24.427+0000] {task_command.py:376} INFO - Running <TaskInstance: etl_solar.storage.save_energy manual__2022-12-11T08:27:12.513573+00:00 [running]> on host 01c108b234e9
[2022-12-11T08:28:24.852+0000] {taskinstance.py:1592} INFO - Exporting the following env vars:
AIRFLOW_CTX_DAG_OWNER=***
AIRFLOW_CTX_DAG_ID=etl_solar
AIRFLOW_CTX_TASK_ID=storage.save_energy
AIRFLOW_CTX_EXECUTION_DATE=2022-12-11T08:27:12.513573+00:00
AIRFLOW_CTX_TRY_NUMBER=1
AIRFLOW_CTX_DAG_RUN_ID=manual__2022-12-11T08:27:12.513573+00:00
[2022-12-11T08:28:24.859+0000] {subprocess.py:63} INFO - Tmp dir root location: 
 /tmp
[2022-12-11T08:28:24.862+0000] {subprocess.py:75} INFO - Running command: ['/bin/bash', '-c', 'sleep 1 ']
[2022-12-11T08:28:24.905+0000] {subprocess.py:86} INFO - Output:
[2022-12-11T08:28:25.923+0000] {subprocess.py:97} INFO - Command exited with return code 0
[2022-12-11T08:28:26.039+0000] {taskinstance.py:1406} INFO - Marking task as SUCCESS. dag_id=etl_solar, task_id=storage.save_energy, execution_date=20221211T082712, start_date=20221211T082823, end_date=20221211T082826
[2022-12-11T08:28:26.111+0000] {local_task_job.py:164} INFO - Task exited with return code 0
[2022-12-11T08:28:26.255+0000] {local_task_job.py:273} INFO - 0 downstream tasks scheduled from follow-on schedule check
