[2022-11-20 11:39:12,944] {taskinstance.py:1159} INFO - Dependencies all met for <TaskInstance: etl_solar.load_files.extract_weather_info manual__2022-11-20T11:39:08.181248+00:00 [queued]>
[2022-11-20 11:39:12,968] {taskinstance.py:1159} INFO - Dependencies all met for <TaskInstance: etl_solar.load_files.extract_weather_info manual__2022-11-20T11:39:08.181248+00:00 [queued]>
[2022-11-20 11:39:12,969] {taskinstance.py:1356} INFO - 
--------------------------------------------------------------------------------
[2022-11-20 11:39:12,969] {taskinstance.py:1357} INFO - Starting attempt 1 of 1
[2022-11-20 11:39:12,970] {taskinstance.py:1358} INFO - 
--------------------------------------------------------------------------------
[2022-11-20 11:39:13,011] {taskinstance.py:1377} INFO - Executing <Task(PythonOperator): load_files.extract_weather_info> on 2022-11-20 11:39:08.181248+00:00
[2022-11-20 11:39:13,018] {standard_task_runner.py:52} INFO - Started process 137 to run task
[2022-11-20 11:39:13,022] {standard_task_runner.py:79} INFO - Running: ['***', 'tasks', 'run', 'etl_solar', 'load_files.extract_weather_info', 'manual__2022-11-20T11:39:08.181248+00:00', '--job-id', '26', '--raw', '--subdir', 'DAGS_FOLDER/dag_preprocess.py', '--cfg-path', '/tmp/tmps7o4xpxp', '--error-file', '/tmp/tmpdvj7kx7m']
[2022-11-20 11:39:13,024] {standard_task_runner.py:80} INFO - Job 26: Subtask load_files.extract_weather_info
[2022-11-20 11:39:13,090] {task_command.py:369} INFO - Running <TaskInstance: etl_solar.load_files.extract_weather_info manual__2022-11-20T11:39:08.181248+00:00 [running]> on host 82103fd5e777
[2022-11-20 11:39:13,191] {taskinstance.py:1571} INFO - Exporting the following env vars:
AIRFLOW_CTX_DAG_OWNER=***
AIRFLOW_CTX_DAG_ID=etl_solar
AIRFLOW_CTX_TASK_ID=load_files.extract_weather_info
AIRFLOW_CTX_EXECUTION_DATE=2022-11-20T11:39:08.181248+00:00
AIRFLOW_CTX_TRY_NUMBER=1
AIRFLOW_CTX_DAG_RUN_ID=manual__2022-11-20T11:39:08.181248+00:00
[2022-11-20 11:39:13,203] {base.py:68} INFO - Using connection ID 'mysql_solar' for task execution.
[2022-11-20 11:39:13,239] {taskinstance.py:1889} ERROR - Task failed with exception
Traceback (most recent call last):
  File "/home/airflow/.local/lib/python3.7/site-packages/airflow/operators/python.py", line 171, in execute
    return_value = self.execute_callable()
  File "/home/airflow/.local/lib/python3.7/site-packages/airflow/operators/python.py", line 189, in execute_callable
    return self.python_callable(*self.op_args, **self.op_kwargs)
  File "/opt/airflow/dags/preprocess/connection.py", line 13, in inner_function
    return function(conn,cursor,**kwargs)
TypeError: save_data() got an unexpected keyword argument 'conf'
[2022-11-20 11:39:13,256] {taskinstance.py:1400} INFO - Marking task as FAILED. dag_id=etl_solar, task_id=load_files.extract_weather_info, execution_date=20221120T113908, start_date=20221120T113912, end_date=20221120T113913
[2022-11-20 11:39:13,271] {standard_task_runner.py:97} ERROR - Failed to execute job 26 for task load_files.extract_weather_info (save_data() got an unexpected keyword argument 'conf'; 137)
[2022-11-20 11:39:13,316] {local_task_job.py:156} INFO - Task exited with return code 1
[2022-11-20 11:39:13,394] {local_task_job.py:273} INFO - 0 downstream tasks scheduled from follow-on schedule check
