[2022-12-03 03:20:00,328] {processor.py:153} INFO - Started process (PID=51) to work on /opt/airflow/dags/groups/group_check.py
[2022-12-03 03:20:00,336] {processor.py:641} INFO - Processing file /opt/airflow/dags/groups/group_check.py for tasks to queue
[2022-12-03 03:20:00,340] {logging_mixin.py:115} INFO - [2022-12-03 03:20:00,340] {dagbag.py:507} INFO - Filling up the DagBag from /opt/airflow/dags/groups/group_check.py
[2022-12-03 03:20:00,504] {processor.py:653} WARNING - No viable dags retrieved from /opt/airflow/dags/groups/group_check.py
[2022-12-03 03:20:00,619] {processor.py:161} INFO - Processing /opt/airflow/dags/groups/group_check.py took 0.315 seconds
[2022-12-03 03:20:32,237] {processor.py:153} INFO - Started process (PID=57) to work on /opt/airflow/dags/groups/group_check.py
[2022-12-03 03:20:32,246] {processor.py:641} INFO - Processing file /opt/airflow/dags/groups/group_check.py for tasks to queue
[2022-12-03 03:20:32,249] {logging_mixin.py:115} INFO - [2022-12-03 03:20:32,249] {dagbag.py:507} INFO - Filling up the DagBag from /opt/airflow/dags/groups/group_check.py
[2022-12-03 03:20:32,361] {processor.py:653} WARNING - No viable dags retrieved from /opt/airflow/dags/groups/group_check.py
[2022-12-03 03:20:32,462] {processor.py:161} INFO - Processing /opt/airflow/dags/groups/group_check.py took 0.239 seconds
[2022-12-03 03:21:03,262] {processor.py:153} INFO - Started process (PID=62) to work on /opt/airflow/dags/groups/group_check.py
[2022-12-03 03:21:03,264] {processor.py:641} INFO - Processing file /opt/airflow/dags/groups/group_check.py for tasks to queue
[2022-12-03 03:21:03,267] {logging_mixin.py:115} INFO - [2022-12-03 03:21:03,267] {dagbag.py:507} INFO - Filling up the DagBag from /opt/airflow/dags/groups/group_check.py
[2022-12-03 03:21:03,397] {processor.py:653} WARNING - No viable dags retrieved from /opt/airflow/dags/groups/group_check.py
[2022-12-03 03:21:03,446] {processor.py:161} INFO - Processing /opt/airflow/dags/groups/group_check.py took 0.196 seconds
[2022-12-03 03:21:34,087] {processor.py:153} INFO - Started process (PID=68) to work on /opt/airflow/dags/groups/group_check.py
[2022-12-03 03:21:34,090] {processor.py:641} INFO - Processing file /opt/airflow/dags/groups/group_check.py for tasks to queue
[2022-12-03 03:21:34,093] {logging_mixin.py:115} INFO - [2022-12-03 03:21:34,092] {dagbag.py:507} INFO - Filling up the DagBag from /opt/airflow/dags/groups/group_check.py
[2022-12-03 03:21:34,194] {processor.py:653} WARNING - No viable dags retrieved from /opt/airflow/dags/groups/group_check.py
[2022-12-03 03:21:34,244] {processor.py:161} INFO - Processing /opt/airflow/dags/groups/group_check.py took 0.167 seconds
[2022-12-03 03:22:04,627] {processor.py:153} INFO - Started process (PID=74) to work on /opt/airflow/dags/groups/group_check.py
[2022-12-03 03:22:04,631] {processor.py:641} INFO - Processing file /opt/airflow/dags/groups/group_check.py for tasks to queue
[2022-12-03 03:22:04,634] {logging_mixin.py:115} INFO - [2022-12-03 03:22:04,634] {dagbag.py:507} INFO - Filling up the DagBag from /opt/airflow/dags/groups/group_check.py
[2022-12-03 03:22:04,747] {processor.py:653} WARNING - No viable dags retrieved from /opt/airflow/dags/groups/group_check.py
[2022-12-03 03:22:04,795] {processor.py:161} INFO - Processing /opt/airflow/dags/groups/group_check.py took 0.184 seconds
[2022-12-03 03:22:34,986] {processor.py:153} INFO - Started process (PID=81) to work on /opt/airflow/dags/groups/group_check.py
[2022-12-03 03:22:34,988] {processor.py:641} INFO - Processing file /opt/airflow/dags/groups/group_check.py for tasks to queue
[2022-12-03 03:22:34,991] {logging_mixin.py:115} INFO - [2022-12-03 03:22:34,991] {dagbag.py:507} INFO - Filling up the DagBag from /opt/airflow/dags/groups/group_check.py
[2022-12-03 03:22:35,102] {processor.py:653} WARNING - No viable dags retrieved from /opt/airflow/dags/groups/group_check.py
[2022-12-03 03:22:35,151] {processor.py:161} INFO - Processing /opt/airflow/dags/groups/group_check.py took 0.176 seconds
[2022-12-03 03:23:05,498] {processor.py:153} INFO - Started process (PID=88) to work on /opt/airflow/dags/groups/group_check.py
[2022-12-03 03:23:05,502] {processor.py:641} INFO - Processing file /opt/airflow/dags/groups/group_check.py for tasks to queue
[2022-12-03 03:23:05,505] {logging_mixin.py:115} INFO - [2022-12-03 03:23:05,504] {dagbag.py:507} INFO - Filling up the DagBag from /opt/airflow/dags/groups/group_check.py
[2022-12-03 03:23:05,609] {processor.py:653} WARNING - No viable dags retrieved from /opt/airflow/dags/groups/group_check.py
[2022-12-03 03:23:05,659] {processor.py:161} INFO - Processing /opt/airflow/dags/groups/group_check.py took 0.171 seconds
[2022-12-03 03:23:36,220] {processor.py:153} INFO - Started process (PID=95) to work on /opt/airflow/dags/groups/group_check.py
[2022-12-03 03:23:36,222] {processor.py:641} INFO - Processing file /opt/airflow/dags/groups/group_check.py for tasks to queue
[2022-12-03 03:23:36,225] {logging_mixin.py:115} INFO - [2022-12-03 03:23:36,225] {dagbag.py:507} INFO - Filling up the DagBag from /opt/airflow/dags/groups/group_check.py
[2022-12-03 03:23:36,336] {processor.py:653} WARNING - No viable dags retrieved from /opt/airflow/dags/groups/group_check.py
[2022-12-03 03:23:36,386] {processor.py:161} INFO - Processing /opt/airflow/dags/groups/group_check.py took 0.177 seconds
[2022-12-03 03:24:06,642] {processor.py:153} INFO - Started process (PID=102) to work on /opt/airflow/dags/groups/group_check.py
[2022-12-03 03:24:06,644] {processor.py:641} INFO - Processing file /opt/airflow/dags/groups/group_check.py for tasks to queue
[2022-12-03 03:24:06,647] {logging_mixin.py:115} INFO - [2022-12-03 03:24:06,647] {dagbag.py:507} INFO - Filling up the DagBag from /opt/airflow/dags/groups/group_check.py
[2022-12-03 03:24:06,769] {processor.py:653} WARNING - No viable dags retrieved from /opt/airflow/dags/groups/group_check.py
[2022-12-03 03:24:06,825] {processor.py:161} INFO - Processing /opt/airflow/dags/groups/group_check.py took 0.194 seconds
[2022-12-03 03:24:37,143] {processor.py:153} INFO - Started process (PID=109) to work on /opt/airflow/dags/groups/group_check.py
[2022-12-03 03:24:37,145] {processor.py:641} INFO - Processing file /opt/airflow/dags/groups/group_check.py for tasks to queue
[2022-12-03 03:24:37,148] {logging_mixin.py:115} INFO - [2022-12-03 03:24:37,147] {dagbag.py:507} INFO - Filling up the DagBag from /opt/airflow/dags/groups/group_check.py
[2022-12-03 03:24:37,247] {processor.py:653} WARNING - No viable dags retrieved from /opt/airflow/dags/groups/group_check.py
[2022-12-03 03:24:37,298] {processor.py:161} INFO - Processing /opt/airflow/dags/groups/group_check.py took 0.167 seconds
[2022-12-03 03:25:08,115] {processor.py:153} INFO - Started process (PID=116) to work on /opt/airflow/dags/groups/group_check.py
[2022-12-03 03:25:08,118] {processor.py:641} INFO - Processing file /opt/airflow/dags/groups/group_check.py for tasks to queue
[2022-12-03 03:25:08,122] {logging_mixin.py:115} INFO - [2022-12-03 03:25:08,121] {dagbag.py:507} INFO - Filling up the DagBag from /opt/airflow/dags/groups/group_check.py
[2022-12-03 03:25:08,235] {processor.py:653} WARNING - No viable dags retrieved from /opt/airflow/dags/groups/group_check.py
[2022-12-03 03:25:08,283] {processor.py:161} INFO - Processing /opt/airflow/dags/groups/group_check.py took 0.183 seconds
[2022-12-03 03:25:38,475] {processor.py:153} INFO - Started process (PID=123) to work on /opt/airflow/dags/groups/group_check.py
[2022-12-03 03:25:38,478] {processor.py:641} INFO - Processing file /opt/airflow/dags/groups/group_check.py for tasks to queue
[2022-12-03 03:25:38,481] {logging_mixin.py:115} INFO - [2022-12-03 03:25:38,481] {dagbag.py:507} INFO - Filling up the DagBag from /opt/airflow/dags/groups/group_check.py
[2022-12-03 03:25:38,575] {processor.py:653} WARNING - No viable dags retrieved from /opt/airflow/dags/groups/group_check.py
[2022-12-03 03:25:38,624] {processor.py:161} INFO - Processing /opt/airflow/dags/groups/group_check.py took 0.167 seconds
[2022-12-03 03:26:09,002] {processor.py:153} INFO - Started process (PID=130) to work on /opt/airflow/dags/groups/group_check.py
[2022-12-03 03:26:09,005] {processor.py:641} INFO - Processing file /opt/airflow/dags/groups/group_check.py for tasks to queue
[2022-12-03 03:26:09,008] {logging_mixin.py:115} INFO - [2022-12-03 03:26:09,007] {dagbag.py:507} INFO - Filling up the DagBag from /opt/airflow/dags/groups/group_check.py
[2022-12-03 03:26:09,116] {processor.py:653} WARNING - No viable dags retrieved from /opt/airflow/dags/groups/group_check.py
[2022-12-03 03:26:09,163] {processor.py:161} INFO - Processing /opt/airflow/dags/groups/group_check.py took 0.172 seconds
[2022-12-03 03:26:39,363] {processor.py:153} INFO - Started process (PID=137) to work on /opt/airflow/dags/groups/group_check.py
[2022-12-03 03:26:39,366] {processor.py:641} INFO - Processing file /opt/airflow/dags/groups/group_check.py for tasks to queue
[2022-12-03 03:26:39,368] {logging_mixin.py:115} INFO - [2022-12-03 03:26:39,368] {dagbag.py:507} INFO - Filling up the DagBag from /opt/airflow/dags/groups/group_check.py
[2022-12-03 03:26:39,475] {processor.py:653} WARNING - No viable dags retrieved from /opt/airflow/dags/groups/group_check.py
[2022-12-03 03:26:39,526] {processor.py:161} INFO - Processing /opt/airflow/dags/groups/group_check.py took 0.173 seconds
[2022-12-03 03:27:09,784] {processor.py:153} INFO - Started process (PID=144) to work on /opt/airflow/dags/groups/group_check.py
[2022-12-03 03:27:09,787] {processor.py:641} INFO - Processing file /opt/airflow/dags/groups/group_check.py for tasks to queue
[2022-12-03 03:27:09,790] {logging_mixin.py:115} INFO - [2022-12-03 03:27:09,789] {dagbag.py:507} INFO - Filling up the DagBag from /opt/airflow/dags/groups/group_check.py
[2022-12-03 03:27:09,901] {processor.py:653} WARNING - No viable dags retrieved from /opt/airflow/dags/groups/group_check.py
[2022-12-03 03:27:09,951] {processor.py:161} INFO - Processing /opt/airflow/dags/groups/group_check.py took 0.178 seconds
[2022-12-03 03:27:40,273] {processor.py:153} INFO - Started process (PID=151) to work on /opt/airflow/dags/groups/group_check.py
[2022-12-03 03:27:40,276] {processor.py:641} INFO - Processing file /opt/airflow/dags/groups/group_check.py for tasks to queue
[2022-12-03 03:27:40,278] {logging_mixin.py:115} INFO - [2022-12-03 03:27:40,278] {dagbag.py:507} INFO - Filling up the DagBag from /opt/airflow/dags/groups/group_check.py
[2022-12-03 03:27:40,389] {processor.py:653} WARNING - No viable dags retrieved from /opt/airflow/dags/groups/group_check.py
[2022-12-03 03:27:40,446] {processor.py:161} INFO - Processing /opt/airflow/dags/groups/group_check.py took 0.184 seconds
[2022-12-03 03:28:10,744] {processor.py:153} INFO - Started process (PID=158) to work on /opt/airflow/dags/groups/group_check.py
[2022-12-03 03:28:10,747] {processor.py:641} INFO - Processing file /opt/airflow/dags/groups/group_check.py for tasks to queue
[2022-12-03 03:28:10,750] {logging_mixin.py:115} INFO - [2022-12-03 03:28:10,750] {dagbag.py:507} INFO - Filling up the DagBag from /opt/airflow/dags/groups/group_check.py
[2022-12-03 03:28:10,869] {processor.py:653} WARNING - No viable dags retrieved from /opt/airflow/dags/groups/group_check.py
[2022-12-03 03:28:10,918] {processor.py:161} INFO - Processing /opt/airflow/dags/groups/group_check.py took 0.185 seconds
[2022-12-03 03:28:41,711] {processor.py:153} INFO - Started process (PID=165) to work on /opt/airflow/dags/groups/group_check.py
[2022-12-03 03:28:41,714] {processor.py:641} INFO - Processing file /opt/airflow/dags/groups/group_check.py for tasks to queue
[2022-12-03 03:28:41,717] {logging_mixin.py:115} INFO - [2022-12-03 03:28:41,716] {dagbag.py:507} INFO - Filling up the DagBag from /opt/airflow/dags/groups/group_check.py
[2022-12-03 03:28:41,835] {processor.py:653} WARNING - No viable dags retrieved from /opt/airflow/dags/groups/group_check.py
[2022-12-03 03:28:41,891] {processor.py:161} INFO - Processing /opt/airflow/dags/groups/group_check.py took 0.194 seconds
[2022-12-03 03:29:12,451] {processor.py:153} INFO - Started process (PID=171) to work on /opt/airflow/dags/groups/group_check.py
[2022-12-03 03:29:12,454] {processor.py:641} INFO - Processing file /opt/airflow/dags/groups/group_check.py for tasks to queue
[2022-12-03 03:29:12,458] {logging_mixin.py:115} INFO - [2022-12-03 03:29:12,457] {dagbag.py:507} INFO - Filling up the DagBag from /opt/airflow/dags/groups/group_check.py
[2022-12-03 03:29:12,556] {processor.py:653} WARNING - No viable dags retrieved from /opt/airflow/dags/groups/group_check.py
[2022-12-03 03:29:12,612] {processor.py:161} INFO - Processing /opt/airflow/dags/groups/group_check.py took 0.173 seconds
[2022-12-03 03:29:43,235] {processor.py:153} INFO - Started process (PID=177) to work on /opt/airflow/dags/groups/group_check.py
[2022-12-03 03:29:43,238] {processor.py:641} INFO - Processing file /opt/airflow/dags/groups/group_check.py for tasks to queue
[2022-12-03 03:29:43,243] {logging_mixin.py:115} INFO - [2022-12-03 03:29:43,242] {dagbag.py:507} INFO - Filling up the DagBag from /opt/airflow/dags/groups/group_check.py
[2022-12-03 03:29:43,370] {processor.py:653} WARNING - No viable dags retrieved from /opt/airflow/dags/groups/group_check.py
[2022-12-03 03:29:43,446] {processor.py:161} INFO - Processing /opt/airflow/dags/groups/group_check.py took 0.225 seconds
[2022-12-03 03:30:13,979] {processor.py:153} INFO - Started process (PID=184) to work on /opt/airflow/dags/groups/group_check.py
[2022-12-03 03:30:13,982] {processor.py:641} INFO - Processing file /opt/airflow/dags/groups/group_check.py for tasks to queue
[2022-12-03 03:30:13,985] {logging_mixin.py:115} INFO - [2022-12-03 03:30:13,984] {dagbag.py:507} INFO - Filling up the DagBag from /opt/airflow/dags/groups/group_check.py
[2022-12-03 03:30:14,089] {processor.py:653} WARNING - No viable dags retrieved from /opt/airflow/dags/groups/group_check.py
[2022-12-03 03:30:14,141] {processor.py:161} INFO - Processing /opt/airflow/dags/groups/group_check.py took 0.174 seconds
[2022-12-03 03:30:44,953] {processor.py:153} INFO - Started process (PID=190) to work on /opt/airflow/dags/groups/group_check.py
[2022-12-03 03:30:44,955] {processor.py:641} INFO - Processing file /opt/airflow/dags/groups/group_check.py for tasks to queue
[2022-12-03 03:30:44,959] {logging_mixin.py:115} INFO - [2022-12-03 03:30:44,958] {dagbag.py:507} INFO - Filling up the DagBag from /opt/airflow/dags/groups/group_check.py
[2022-12-03 03:30:45,059] {processor.py:653} WARNING - No viable dags retrieved from /opt/airflow/dags/groups/group_check.py
[2022-12-03 03:30:45,113] {processor.py:161} INFO - Processing /opt/airflow/dags/groups/group_check.py took 0.172 seconds
[2022-12-03 03:31:15,452] {processor.py:153} INFO - Started process (PID=196) to work on /opt/airflow/dags/groups/group_check.py
[2022-12-03 03:31:15,455] {processor.py:641} INFO - Processing file /opt/airflow/dags/groups/group_check.py for tasks to queue
[2022-12-03 03:31:15,458] {logging_mixin.py:115} INFO - [2022-12-03 03:31:15,458] {dagbag.py:507} INFO - Filling up the DagBag from /opt/airflow/dags/groups/group_check.py
[2022-12-03 03:31:15,560] {processor.py:653} WARNING - No viable dags retrieved from /opt/airflow/dags/groups/group_check.py
[2022-12-03 03:31:15,614] {processor.py:161} INFO - Processing /opt/airflow/dags/groups/group_check.py took 0.180 seconds
[2022-12-03 03:31:46,425] {processor.py:153} INFO - Started process (PID=203) to work on /opt/airflow/dags/groups/group_check.py
[2022-12-03 03:31:46,427] {processor.py:641} INFO - Processing file /opt/airflow/dags/groups/group_check.py for tasks to queue
[2022-12-03 03:31:46,431] {logging_mixin.py:115} INFO - [2022-12-03 03:31:46,430] {dagbag.py:507} INFO - Filling up the DagBag from /opt/airflow/dags/groups/group_check.py
[2022-12-03 03:31:46,533] {processor.py:653} WARNING - No viable dags retrieved from /opt/airflow/dags/groups/group_check.py
[2022-12-03 03:31:46,589] {processor.py:161} INFO - Processing /opt/airflow/dags/groups/group_check.py took 0.180 seconds
[2022-12-03 03:32:17,151] {processor.py:153} INFO - Started process (PID=208) to work on /opt/airflow/dags/groups/group_check.py
[2022-12-03 03:32:17,154] {processor.py:641} INFO - Processing file /opt/airflow/dags/groups/group_check.py for tasks to queue
[2022-12-03 03:32:17,157] {logging_mixin.py:115} INFO - [2022-12-03 03:32:17,156] {dagbag.py:507} INFO - Filling up the DagBag from /opt/airflow/dags/groups/group_check.py
[2022-12-03 03:32:17,264] {processor.py:653} WARNING - No viable dags retrieved from /opt/airflow/dags/groups/group_check.py
[2022-12-03 03:32:17,362] {processor.py:161} INFO - Processing /opt/airflow/dags/groups/group_check.py took 0.222 seconds
[2022-12-03 03:32:47,822] {processor.py:153} INFO - Started process (PID=215) to work on /opt/airflow/dags/groups/group_check.py
[2022-12-03 03:32:47,824] {processor.py:641} INFO - Processing file /opt/airflow/dags/groups/group_check.py for tasks to queue
[2022-12-03 03:32:47,827] {logging_mixin.py:115} INFO - [2022-12-03 03:32:47,827] {dagbag.py:507} INFO - Filling up the DagBag from /opt/airflow/dags/groups/group_check.py
[2022-12-03 03:32:47,915] {processor.py:653} WARNING - No viable dags retrieved from /opt/airflow/dags/groups/group_check.py
[2022-12-03 03:32:47,966] {processor.py:161} INFO - Processing /opt/airflow/dags/groups/group_check.py took 0.154 seconds
[2022-12-03 03:33:18,293] {processor.py:153} INFO - Started process (PID=222) to work on /opt/airflow/dags/groups/group_check.py
[2022-12-03 03:33:18,295] {processor.py:641} INFO - Processing file /opt/airflow/dags/groups/group_check.py for tasks to queue
[2022-12-03 03:33:18,298] {logging_mixin.py:115} INFO - [2022-12-03 03:33:18,298] {dagbag.py:507} INFO - Filling up the DagBag from /opt/airflow/dags/groups/group_check.py
[2022-12-03 03:33:18,383] {processor.py:653} WARNING - No viable dags retrieved from /opt/airflow/dags/groups/group_check.py
[2022-12-03 03:33:18,437] {processor.py:161} INFO - Processing /opt/airflow/dags/groups/group_check.py took 0.157 seconds
[2022-12-03 03:33:48,865] {processor.py:153} INFO - Started process (PID=229) to work on /opt/airflow/dags/groups/group_check.py
[2022-12-03 03:33:48,868] {processor.py:641} INFO - Processing file /opt/airflow/dags/groups/group_check.py for tasks to queue
[2022-12-03 03:33:48,871] {logging_mixin.py:115} INFO - [2022-12-03 03:33:48,870] {dagbag.py:507} INFO - Filling up the DagBag from /opt/airflow/dags/groups/group_check.py
[2022-12-03 03:33:48,975] {processor.py:653} WARNING - No viable dags retrieved from /opt/airflow/dags/groups/group_check.py
[2022-12-03 03:33:49,030] {processor.py:161} INFO - Processing /opt/airflow/dags/groups/group_check.py took 0.177 seconds
[2022-12-03 03:34:19,252] {processor.py:153} INFO - Started process (PID=236) to work on /opt/airflow/dags/groups/group_check.py
[2022-12-03 03:34:19,255] {processor.py:641} INFO - Processing file /opt/airflow/dags/groups/group_check.py for tasks to queue
[2022-12-03 03:34:19,258] {logging_mixin.py:115} INFO - [2022-12-03 03:34:19,258] {dagbag.py:507} INFO - Filling up the DagBag from /opt/airflow/dags/groups/group_check.py
[2022-12-03 03:34:19,359] {processor.py:653} WARNING - No viable dags retrieved from /opt/airflow/dags/groups/group_check.py
[2022-12-03 03:34:19,410] {processor.py:161} INFO - Processing /opt/airflow/dags/groups/group_check.py took 0.173 seconds
[2022-12-03 03:34:50,216] {processor.py:153} INFO - Started process (PID=243) to work on /opt/airflow/dags/groups/group_check.py
[2022-12-03 03:34:50,219] {processor.py:641} INFO - Processing file /opt/airflow/dags/groups/group_check.py for tasks to queue
[2022-12-03 03:34:50,222] {logging_mixin.py:115} INFO - [2022-12-03 03:34:50,221] {dagbag.py:507} INFO - Filling up the DagBag from /opt/airflow/dags/groups/group_check.py
[2022-12-03 03:34:50,319] {processor.py:653} WARNING - No viable dags retrieved from /opt/airflow/dags/groups/group_check.py
[2022-12-03 03:34:50,390] {processor.py:161} INFO - Processing /opt/airflow/dags/groups/group_check.py took 0.187 seconds
[2022-12-03 03:35:20,660] {processor.py:153} INFO - Started process (PID=250) to work on /opt/airflow/dags/groups/group_check.py
[2022-12-03 03:35:20,662] {processor.py:641} INFO - Processing file /opt/airflow/dags/groups/group_check.py for tasks to queue
[2022-12-03 03:35:20,665] {logging_mixin.py:115} INFO - [2022-12-03 03:35:20,664] {dagbag.py:507} INFO - Filling up the DagBag from /opt/airflow/dags/groups/group_check.py
[2022-12-03 03:35:20,770] {processor.py:653} WARNING - No viable dags retrieved from /opt/airflow/dags/groups/group_check.py
[2022-12-03 03:35:20,829] {processor.py:161} INFO - Processing /opt/airflow/dags/groups/group_check.py took 0.182 seconds
[2022-12-03 03:35:51,393] {processor.py:153} INFO - Started process (PID=257) to work on /opt/airflow/dags/groups/group_check.py
[2022-12-03 03:35:51,396] {processor.py:641} INFO - Processing file /opt/airflow/dags/groups/group_check.py for tasks to queue
[2022-12-03 03:35:51,399] {logging_mixin.py:115} INFO - [2022-12-03 03:35:51,399] {dagbag.py:507} INFO - Filling up the DagBag from /opt/airflow/dags/groups/group_check.py
[2022-12-03 03:35:51,503] {processor.py:653} WARNING - No viable dags retrieved from /opt/airflow/dags/groups/group_check.py
[2022-12-03 03:35:51,559] {processor.py:161} INFO - Processing /opt/airflow/dags/groups/group_check.py took 0.178 seconds
[2022-12-03 03:36:22,201] {processor.py:153} INFO - Started process (PID=264) to work on /opt/airflow/dags/groups/group_check.py
[2022-12-03 03:36:22,204] {processor.py:641} INFO - Processing file /opt/airflow/dags/groups/group_check.py for tasks to queue
[2022-12-03 03:36:22,208] {logging_mixin.py:115} INFO - [2022-12-03 03:36:22,207] {dagbag.py:507} INFO - Filling up the DagBag from /opt/airflow/dags/groups/group_check.py
[2022-12-03 03:36:22,307] {processor.py:653} WARNING - No viable dags retrieved from /opt/airflow/dags/groups/group_check.py
[2022-12-03 03:36:22,364] {processor.py:161} INFO - Processing /opt/airflow/dags/groups/group_check.py took 0.178 seconds
[2022-12-03 03:36:52,799] {processor.py:153} INFO - Started process (PID=271) to work on /opt/airflow/dags/groups/group_check.py
[2022-12-03 03:36:52,802] {processor.py:641} INFO - Processing file /opt/airflow/dags/groups/group_check.py for tasks to queue
[2022-12-03 03:36:52,805] {logging_mixin.py:115} INFO - [2022-12-03 03:36:52,805] {dagbag.py:507} INFO - Filling up the DagBag from /opt/airflow/dags/groups/group_check.py
[2022-12-03 03:36:52,893] {processor.py:653} WARNING - No viable dags retrieved from /opt/airflow/dags/groups/group_check.py
[2022-12-03 03:36:52,949] {processor.py:161} INFO - Processing /opt/airflow/dags/groups/group_check.py took 0.162 seconds
[2022-12-03 03:37:23,386] {processor.py:153} INFO - Started process (PID=278) to work on /opt/airflow/dags/groups/group_check.py
[2022-12-03 03:37:23,389] {processor.py:641} INFO - Processing file /opt/airflow/dags/groups/group_check.py for tasks to queue
[2022-12-03 03:37:23,392] {logging_mixin.py:115} INFO - [2022-12-03 03:37:23,392] {dagbag.py:507} INFO - Filling up the DagBag from /opt/airflow/dags/groups/group_check.py
[2022-12-03 03:37:23,490] {processor.py:653} WARNING - No viable dags retrieved from /opt/airflow/dags/groups/group_check.py
[2022-12-03 03:37:23,544] {processor.py:161} INFO - Processing /opt/airflow/dags/groups/group_check.py took 0.172 seconds
