[2022-12-03 03:19:54,690] {processor.py:153} INFO - Started process (PID=35) to work on /opt/airflow/dags/groups/group_loads.py
[2022-12-03 03:19:54,693] {processor.py:641} INFO - Processing file /opt/airflow/dags/groups/group_loads.py for tasks to queue
[2022-12-03 03:19:54,696] {logging_mixin.py:115} INFO - [2022-12-03 03:19:54,696] {dagbag.py:507} INFO - Filling up the DagBag from /opt/airflow/dags/groups/group_loads.py
[2022-12-03 03:19:59,176] {processor.py:653} WARNING - No viable dags retrieved from /opt/airflow/dags/groups/group_loads.py
[2022-12-03 03:19:59,257] {processor.py:161} INFO - Processing /opt/airflow/dags/groups/group_loads.py took 4.586 seconds
[2022-12-03 03:20:29,531] {processor.py:153} INFO - Started process (PID=53) to work on /opt/airflow/dags/groups/group_loads.py
[2022-12-03 03:20:29,539] {processor.py:641} INFO - Processing file /opt/airflow/dags/groups/group_loads.py for tasks to queue
[2022-12-03 03:20:29,541] {logging_mixin.py:115} INFO - [2022-12-03 03:20:29,541] {dagbag.py:507} INFO - Filling up the DagBag from /opt/airflow/dags/groups/group_loads.py
[2022-12-03 03:20:32,066] {processor.py:653} WARNING - No viable dags retrieved from /opt/airflow/dags/groups/group_loads.py
[2022-12-03 03:20:32,121] {processor.py:161} INFO - Processing /opt/airflow/dags/groups/group_loads.py took 2.603 seconds
[2022-12-03 03:21:02,279] {processor.py:153} INFO - Started process (PID=60) to work on /opt/airflow/dags/groups/group_loads.py
[2022-12-03 03:21:02,281] {processor.py:641} INFO - Processing file /opt/airflow/dags/groups/group_loads.py for tasks to queue
[2022-12-03 03:21:02,284] {logging_mixin.py:115} INFO - [2022-12-03 03:21:02,284] {dagbag.py:507} INFO - Filling up the DagBag from /opt/airflow/dags/groups/group_loads.py
[2022-12-03 03:21:03,911] {processor.py:653} WARNING - No viable dags retrieved from /opt/airflow/dags/groups/group_loads.py
[2022-12-03 03:21:03,954] {processor.py:161} INFO - Processing /opt/airflow/dags/groups/group_loads.py took 1.686 seconds
[2022-12-03 03:21:34,087] {processor.py:153} INFO - Started process (PID=67) to work on /opt/airflow/dags/groups/group_loads.py
[2022-12-03 03:21:34,089] {processor.py:641} INFO - Processing file /opt/airflow/dags/groups/group_loads.py for tasks to queue
[2022-12-03 03:21:34,092] {logging_mixin.py:115} INFO - [2022-12-03 03:21:34,092] {dagbag.py:507} INFO - Filling up the DagBag from /opt/airflow/dags/groups/group_loads.py
[2022-12-03 03:21:35,859] {processor.py:653} WARNING - No viable dags retrieved from /opt/airflow/dags/groups/group_loads.py
[2022-12-03 03:21:35,916] {processor.py:161} INFO - Processing /opt/airflow/dags/groups/group_loads.py took 1.840 seconds
[2022-12-03 03:22:06,910] {processor.py:153} INFO - Started process (PID=75) to work on /opt/airflow/dags/groups/group_loads.py
[2022-12-03 03:22:06,912] {processor.py:641} INFO - Processing file /opt/airflow/dags/groups/group_loads.py for tasks to queue
[2022-12-03 03:22:06,916] {logging_mixin.py:115} INFO - [2022-12-03 03:22:06,915] {dagbag.py:507} INFO - Filling up the DagBag from /opt/airflow/dags/groups/group_loads.py
[2022-12-03 03:22:08,440] {processor.py:653} WARNING - No viable dags retrieved from /opt/airflow/dags/groups/group_loads.py
[2022-12-03 03:22:08,482] {processor.py:161} INFO - Processing /opt/airflow/dags/groups/group_loads.py took 1.583 seconds
[2022-12-03 03:22:39,098] {processor.py:153} INFO - Started process (PID=82) to work on /opt/airflow/dags/groups/group_loads.py
[2022-12-03 03:22:39,101] {processor.py:641} INFO - Processing file /opt/airflow/dags/groups/group_loads.py for tasks to queue
[2022-12-03 03:22:39,104] {logging_mixin.py:115} INFO - [2022-12-03 03:22:39,104] {dagbag.py:507} INFO - Filling up the DagBag from /opt/airflow/dags/groups/group_loads.py
[2022-12-03 03:22:40,677] {processor.py:653} WARNING - No viable dags retrieved from /opt/airflow/dags/groups/group_loads.py
[2022-12-03 03:22:40,719] {processor.py:161} INFO - Processing /opt/airflow/dags/groups/group_loads.py took 1.631 seconds
[2022-12-03 03:23:10,895] {processor.py:153} INFO - Started process (PID=89) to work on /opt/airflow/dags/groups/group_loads.py
[2022-12-03 03:23:10,898] {processor.py:641} INFO - Processing file /opt/airflow/dags/groups/group_loads.py for tasks to queue
[2022-12-03 03:23:10,901] {logging_mixin.py:115} INFO - [2022-12-03 03:23:10,900] {dagbag.py:507} INFO - Filling up the DagBag from /opt/airflow/dags/groups/group_loads.py
[2022-12-03 03:23:12,454] {processor.py:653} WARNING - No viable dags retrieved from /opt/airflow/dags/groups/group_loads.py
[2022-12-03 03:23:12,496] {processor.py:161} INFO - Processing /opt/airflow/dags/groups/group_loads.py took 1.611 seconds
[2022-12-03 03:23:42,651] {processor.py:153} INFO - Started process (PID=96) to work on /opt/airflow/dags/groups/group_loads.py
[2022-12-03 03:23:42,654] {processor.py:641} INFO - Processing file /opt/airflow/dags/groups/group_loads.py for tasks to queue
[2022-12-03 03:23:42,658] {logging_mixin.py:115} INFO - [2022-12-03 03:23:42,657] {dagbag.py:507} INFO - Filling up the DagBag from /opt/airflow/dags/groups/group_loads.py
[2022-12-03 03:23:44,173] {processor.py:653} WARNING - No viable dags retrieved from /opt/airflow/dags/groups/group_loads.py
[2022-12-03 03:23:44,214] {processor.py:161} INFO - Processing /opt/airflow/dags/groups/group_loads.py took 1.578 seconds
[2022-12-03 03:24:15,081] {processor.py:153} INFO - Started process (PID=103) to work on /opt/airflow/dags/groups/group_loads.py
[2022-12-03 03:24:15,084] {processor.py:641} INFO - Processing file /opt/airflow/dags/groups/group_loads.py for tasks to queue
[2022-12-03 03:24:15,086] {logging_mixin.py:115} INFO - [2022-12-03 03:24:15,086] {dagbag.py:507} INFO - Filling up the DagBag from /opt/airflow/dags/groups/group_loads.py
[2022-12-03 03:24:16,736] {processor.py:653} WARNING - No viable dags retrieved from /opt/airflow/dags/groups/group_loads.py
[2022-12-03 03:24:16,781] {processor.py:161} INFO - Processing /opt/airflow/dags/groups/group_loads.py took 1.713 seconds
[2022-12-03 03:24:47,396] {processor.py:153} INFO - Started process (PID=110) to work on /opt/airflow/dags/groups/group_loads.py
[2022-12-03 03:24:47,399] {processor.py:641} INFO - Processing file /opt/airflow/dags/groups/group_loads.py for tasks to queue
[2022-12-03 03:24:47,401] {logging_mixin.py:115} INFO - [2022-12-03 03:24:47,401] {dagbag.py:507} INFO - Filling up the DagBag from /opt/airflow/dags/groups/group_loads.py
[2022-12-03 03:24:48,916] {processor.py:653} WARNING - No viable dags retrieved from /opt/airflow/dags/groups/group_loads.py
[2022-12-03 03:24:48,958] {processor.py:161} INFO - Processing /opt/airflow/dags/groups/group_loads.py took 1.573 seconds
[2022-12-03 03:25:19,416] {processor.py:153} INFO - Started process (PID=117) to work on /opt/airflow/dags/groups/group_loads.py
[2022-12-03 03:25:19,419] {processor.py:641} INFO - Processing file /opt/airflow/dags/groups/group_loads.py for tasks to queue
[2022-12-03 03:25:19,423] {logging_mixin.py:115} INFO - [2022-12-03 03:25:19,422] {dagbag.py:507} INFO - Filling up the DagBag from /opt/airflow/dags/groups/group_loads.py
[2022-12-03 03:25:21,111] {processor.py:653} WARNING - No viable dags retrieved from /opt/airflow/dags/groups/group_loads.py
[2022-12-03 03:25:21,151] {processor.py:161} INFO - Processing /opt/airflow/dags/groups/group_loads.py took 1.746 seconds
[2022-12-03 03:25:51,787] {processor.py:153} INFO - Started process (PID=124) to work on /opt/airflow/dags/groups/group_loads.py
[2022-12-03 03:25:51,790] {processor.py:641} INFO - Processing file /opt/airflow/dags/groups/group_loads.py for tasks to queue
[2022-12-03 03:25:51,792] {logging_mixin.py:115} INFO - [2022-12-03 03:25:51,792] {dagbag.py:507} INFO - Filling up the DagBag from /opt/airflow/dags/groups/group_loads.py
[2022-12-03 03:25:53,397] {processor.py:653} WARNING - No viable dags retrieved from /opt/airflow/dags/groups/group_loads.py
[2022-12-03 03:25:53,440] {processor.py:161} INFO - Processing /opt/airflow/dags/groups/group_loads.py took 1.664 seconds
[2022-12-03 03:26:23,578] {processor.py:153} INFO - Started process (PID=131) to work on /opt/airflow/dags/groups/group_loads.py
[2022-12-03 03:26:23,580] {processor.py:641} INFO - Processing file /opt/airflow/dags/groups/group_loads.py for tasks to queue
[2022-12-03 03:26:23,583] {logging_mixin.py:115} INFO - [2022-12-03 03:26:23,583] {dagbag.py:507} INFO - Filling up the DagBag from /opt/airflow/dags/groups/group_loads.py
[2022-12-03 03:26:25,193] {processor.py:653} WARNING - No viable dags retrieved from /opt/airflow/dags/groups/group_loads.py
[2022-12-03 03:26:25,237] {processor.py:161} INFO - Processing /opt/airflow/dags/groups/group_loads.py took 1.670 seconds
[2022-12-03 03:26:55,761] {processor.py:153} INFO - Started process (PID=138) to work on /opt/airflow/dags/groups/group_loads.py
[2022-12-03 03:26:55,764] {processor.py:641} INFO - Processing file /opt/airflow/dags/groups/group_loads.py for tasks to queue
[2022-12-03 03:26:55,766] {logging_mixin.py:115} INFO - [2022-12-03 03:26:55,766] {dagbag.py:507} INFO - Filling up the DagBag from /opt/airflow/dags/groups/group_loads.py
[2022-12-03 03:26:57,394] {processor.py:653} WARNING - No viable dags retrieved from /opt/airflow/dags/groups/group_loads.py
[2022-12-03 03:26:57,435] {processor.py:161} INFO - Processing /opt/airflow/dags/groups/group_loads.py took 1.685 seconds
[2022-12-03 03:27:28,210] {processor.py:153} INFO - Started process (PID=145) to work on /opt/airflow/dags/groups/group_loads.py
[2022-12-03 03:27:28,213] {processor.py:641} INFO - Processing file /opt/airflow/dags/groups/group_loads.py for tasks to queue
[2022-12-03 03:27:28,216] {logging_mixin.py:115} INFO - [2022-12-03 03:27:28,215] {dagbag.py:507} INFO - Filling up the DagBag from /opt/airflow/dags/groups/group_loads.py
[2022-12-03 03:27:29,842] {processor.py:653} WARNING - No viable dags retrieved from /opt/airflow/dags/groups/group_loads.py
[2022-12-03 03:27:29,885] {processor.py:161} INFO - Processing /opt/airflow/dags/groups/group_loads.py took 1.685 seconds
[2022-12-03 03:28:00,024] {processor.py:153} INFO - Started process (PID=152) to work on /opt/airflow/dags/groups/group_loads.py
[2022-12-03 03:28:00,027] {processor.py:641} INFO - Processing file /opt/airflow/dags/groups/group_loads.py for tasks to queue
[2022-12-03 03:28:00,031] {logging_mixin.py:115} INFO - [2022-12-03 03:28:00,031] {dagbag.py:507} INFO - Filling up the DagBag from /opt/airflow/dags/groups/group_loads.py
[2022-12-03 03:28:01,635] {processor.py:653} WARNING - No viable dags retrieved from /opt/airflow/dags/groups/group_loads.py
[2022-12-03 03:28:01,678] {processor.py:161} INFO - Processing /opt/airflow/dags/groups/group_loads.py took 1.671 seconds
[2022-12-03 03:28:32,278] {processor.py:153} INFO - Started process (PID=159) to work on /opt/airflow/dags/groups/group_loads.py
[2022-12-03 03:28:32,281] {processor.py:641} INFO - Processing file /opt/airflow/dags/groups/group_loads.py for tasks to queue
[2022-12-03 03:28:32,285] {logging_mixin.py:115} INFO - [2022-12-03 03:28:32,284] {dagbag.py:507} INFO - Filling up the DagBag from /opt/airflow/dags/groups/group_loads.py
[2022-12-03 03:28:33,822] {processor.py:653} WARNING - No viable dags retrieved from /opt/airflow/dags/groups/group_loads.py
[2022-12-03 03:28:33,871] {processor.py:161} INFO - Processing /opt/airflow/dags/groups/group_loads.py took 1.607 seconds
[2022-12-03 03:29:04,627] {processor.py:153} INFO - Started process (PID=166) to work on /opt/airflow/dags/groups/group_loads.py
[2022-12-03 03:29:04,630] {processor.py:641} INFO - Processing file /opt/airflow/dags/groups/group_loads.py for tasks to queue
[2022-12-03 03:29:04,633] {logging_mixin.py:115} INFO - [2022-12-03 03:29:04,632] {dagbag.py:507} INFO - Filling up the DagBag from /opt/airflow/dags/groups/group_loads.py
[2022-12-03 03:29:06,358] {processor.py:653} WARNING - No viable dags retrieved from /opt/airflow/dags/groups/group_loads.py
[2022-12-03 03:29:06,404] {processor.py:161} INFO - Processing /opt/airflow/dags/groups/group_loads.py took 1.789 seconds
[2022-12-03 03:29:37,046] {processor.py:153} INFO - Started process (PID=173) to work on /opt/airflow/dags/groups/group_loads.py
[2022-12-03 03:29:37,048] {processor.py:641} INFO - Processing file /opt/airflow/dags/groups/group_loads.py for tasks to queue
[2022-12-03 03:29:37,051] {logging_mixin.py:115} INFO - [2022-12-03 03:29:37,050] {dagbag.py:507} INFO - Filling up the DagBag from /opt/airflow/dags/groups/group_loads.py
[2022-12-03 03:29:38,636] {processor.py:653} WARNING - No viable dags retrieved from /opt/airflow/dags/groups/group_loads.py
[2022-12-03 03:29:38,680] {processor.py:161} INFO - Processing /opt/airflow/dags/groups/group_loads.py took 1.646 seconds
[2022-12-03 03:30:09,062] {processor.py:153} INFO - Started process (PID=180) to work on /opt/airflow/dags/groups/group_loads.py
[2022-12-03 03:30:09,065] {processor.py:641} INFO - Processing file /opt/airflow/dags/groups/group_loads.py for tasks to queue
[2022-12-03 03:30:09,068] {logging_mixin.py:115} INFO - [2022-12-03 03:30:09,068] {dagbag.py:507} INFO - Filling up the DagBag from /opt/airflow/dags/groups/group_loads.py
[2022-12-03 03:30:10,729] {processor.py:653} WARNING - No viable dags retrieved from /opt/airflow/dags/groups/group_loads.py
[2022-12-03 03:30:10,773] {processor.py:161} INFO - Processing /opt/airflow/dags/groups/group_loads.py took 1.727 seconds
[2022-12-03 03:30:41,347] {processor.py:153} INFO - Started process (PID=187) to work on /opt/airflow/dags/groups/group_loads.py
[2022-12-03 03:30:41,350] {processor.py:641} INFO - Processing file /opt/airflow/dags/groups/group_loads.py for tasks to queue
[2022-12-03 03:30:41,352] {logging_mixin.py:115} INFO - [2022-12-03 03:30:41,352] {dagbag.py:507} INFO - Filling up the DagBag from /opt/airflow/dags/groups/group_loads.py
[2022-12-03 03:30:42,994] {processor.py:653} WARNING - No viable dags retrieved from /opt/airflow/dags/groups/group_loads.py
[2022-12-03 03:30:43,038] {processor.py:161} INFO - Processing /opt/airflow/dags/groups/group_loads.py took 1.703 seconds
[2022-12-03 03:31:13,347] {processor.py:153} INFO - Started process (PID=194) to work on /opt/airflow/dags/groups/group_loads.py
[2022-12-03 03:31:13,350] {processor.py:641} INFO - Processing file /opt/airflow/dags/groups/group_loads.py for tasks to queue
[2022-12-03 03:31:13,353] {logging_mixin.py:115} INFO - [2022-12-03 03:31:13,352] {dagbag.py:507} INFO - Filling up the DagBag from /opt/airflow/dags/groups/group_loads.py
[2022-12-03 03:31:14,973] {processor.py:653} WARNING - No viable dags retrieved from /opt/airflow/dags/groups/group_loads.py
[2022-12-03 03:31:15,041] {processor.py:161} INFO - Processing /opt/airflow/dags/groups/group_loads.py took 1.701 seconds
[2022-12-03 03:31:45,414] {processor.py:153} INFO - Started process (PID=201) to work on /opt/airflow/dags/groups/group_loads.py
[2022-12-03 03:31:45,416] {processor.py:641} INFO - Processing file /opt/airflow/dags/groups/group_loads.py for tasks to queue
[2022-12-03 03:31:45,419] {logging_mixin.py:115} INFO - [2022-12-03 03:31:45,419] {dagbag.py:507} INFO - Filling up the DagBag from /opt/airflow/dags/groups/group_loads.py
[2022-12-03 03:31:47,019] {processor.py:653} WARNING - No viable dags retrieved from /opt/airflow/dags/groups/group_loads.py
[2022-12-03 03:31:47,063] {processor.py:161} INFO - Processing /opt/airflow/dags/groups/group_loads.py took 1.661 seconds
[2022-12-03 03:32:17,213] {processor.py:153} INFO - Started process (PID=209) to work on /opt/airflow/dags/groups/group_loads.py
[2022-12-03 03:32:17,216] {processor.py:641} INFO - Processing file /opt/airflow/dags/groups/group_loads.py for tasks to queue
[2022-12-03 03:32:17,220] {logging_mixin.py:115} INFO - [2022-12-03 03:32:17,219] {dagbag.py:507} INFO - Filling up the DagBag from /opt/airflow/dags/groups/group_loads.py
[2022-12-03 03:32:18,968] {processor.py:653} WARNING - No viable dags retrieved from /opt/airflow/dags/groups/group_loads.py
[2022-12-03 03:32:19,012] {processor.py:161} INFO - Processing /opt/airflow/dags/groups/group_loads.py took 1.812 seconds
[2022-12-03 03:32:49,907] {processor.py:153} INFO - Started process (PID=216) to work on /opt/airflow/dags/groups/group_loads.py
[2022-12-03 03:32:49,910] {processor.py:641} INFO - Processing file /opt/airflow/dags/groups/group_loads.py for tasks to queue
[2022-12-03 03:32:49,913] {logging_mixin.py:115} INFO - [2022-12-03 03:32:49,912] {dagbag.py:507} INFO - Filling up the DagBag from /opt/airflow/dags/groups/group_loads.py
[2022-12-03 03:32:51,540] {processor.py:653} WARNING - No viable dags retrieved from /opt/airflow/dags/groups/group_loads.py
[2022-12-03 03:32:51,583] {processor.py:161} INFO - Processing /opt/airflow/dags/groups/group_loads.py took 1.687 seconds
[2022-12-03 03:33:22,391] {processor.py:153} INFO - Started process (PID=223) to work on /opt/airflow/dags/groups/group_loads.py
[2022-12-03 03:33:22,394] {processor.py:641} INFO - Processing file /opt/airflow/dags/groups/group_loads.py for tasks to queue
[2022-12-03 03:33:22,398] {logging_mixin.py:115} INFO - [2022-12-03 03:33:22,397] {dagbag.py:507} INFO - Filling up the DagBag from /opt/airflow/dags/groups/group_loads.py
[2022-12-03 03:33:24,143] {processor.py:653} WARNING - No viable dags retrieved from /opt/airflow/dags/groups/group_loads.py
[2022-12-03 03:33:24,188] {processor.py:161} INFO - Processing /opt/airflow/dags/groups/group_loads.py took 1.814 seconds
[2022-12-03 03:33:55,033] {processor.py:153} INFO - Started process (PID=230) to work on /opt/airflow/dags/groups/group_loads.py
[2022-12-03 03:33:55,036] {processor.py:641} INFO - Processing file /opt/airflow/dags/groups/group_loads.py for tasks to queue
[2022-12-03 03:33:55,040] {logging_mixin.py:115} INFO - [2022-12-03 03:33:55,039] {dagbag.py:507} INFO - Filling up the DagBag from /opt/airflow/dags/groups/group_loads.py
[2022-12-03 03:33:56,700] {processor.py:653} WARNING - No viable dags retrieved from /opt/airflow/dags/groups/group_loads.py
[2022-12-03 03:33:56,744] {processor.py:161} INFO - Processing /opt/airflow/dags/groups/group_loads.py took 1.726 seconds
[2022-12-03 03:34:27,484] {processor.py:153} INFO - Started process (PID=237) to work on /opt/airflow/dags/groups/group_loads.py
[2022-12-03 03:34:27,486] {processor.py:641} INFO - Processing file /opt/airflow/dags/groups/group_loads.py for tasks to queue
[2022-12-03 03:34:27,490] {logging_mixin.py:115} INFO - [2022-12-03 03:34:27,489] {dagbag.py:507} INFO - Filling up the DagBag from /opt/airflow/dags/groups/group_loads.py
[2022-12-03 03:34:28,981] {processor.py:653} WARNING - No viable dags retrieved from /opt/airflow/dags/groups/group_loads.py
[2022-12-03 03:34:29,025] {processor.py:161} INFO - Processing /opt/airflow/dags/groups/group_loads.py took 1.555 seconds
[2022-12-03 03:34:59,562] {processor.py:153} INFO - Started process (PID=244) to work on /opt/airflow/dags/groups/group_loads.py
[2022-12-03 03:34:59,564] {processor.py:641} INFO - Processing file /opt/airflow/dags/groups/group_loads.py for tasks to queue
[2022-12-03 03:34:59,567] {logging_mixin.py:115} INFO - [2022-12-03 03:34:59,567] {dagbag.py:507} INFO - Filling up the DagBag from /opt/airflow/dags/groups/group_loads.py
[2022-12-03 03:35:01,207] {processor.py:653} WARNING - No viable dags retrieved from /opt/airflow/dags/groups/group_loads.py
[2022-12-03 03:35:01,249] {processor.py:161} INFO - Processing /opt/airflow/dags/groups/group_loads.py took 1.699 seconds
[2022-12-03 03:35:32,207] {processor.py:153} INFO - Started process (PID=251) to work on /opt/airflow/dags/groups/group_loads.py
[2022-12-03 03:35:32,210] {processor.py:641} INFO - Processing file /opt/airflow/dags/groups/group_loads.py for tasks to queue
[2022-12-03 03:35:32,214] {logging_mixin.py:115} INFO - [2022-12-03 03:35:32,213] {dagbag.py:507} INFO - Filling up the DagBag from /opt/airflow/dags/groups/group_loads.py
[2022-12-03 03:35:34,067] {processor.py:653} WARNING - No viable dags retrieved from /opt/airflow/dags/groups/group_loads.py
[2022-12-03 03:35:34,116] {processor.py:161} INFO - Processing /opt/airflow/dags/groups/group_loads.py took 1.933 seconds
[2022-12-03 03:36:04,925] {processor.py:153} INFO - Started process (PID=258) to work on /opt/airflow/dags/groups/group_loads.py
[2022-12-03 03:36:04,927] {processor.py:641} INFO - Processing file /opt/airflow/dags/groups/group_loads.py for tasks to queue
[2022-12-03 03:36:04,931] {logging_mixin.py:115} INFO - [2022-12-03 03:36:04,931] {dagbag.py:507} INFO - Filling up the DagBag from /opt/airflow/dags/groups/group_loads.py
[2022-12-03 03:36:06,616] {processor.py:653} WARNING - No viable dags retrieved from /opt/airflow/dags/groups/group_loads.py
[2022-12-03 03:36:06,677] {processor.py:161} INFO - Processing /opt/airflow/dags/groups/group_loads.py took 1.764 seconds
[2022-12-03 03:36:37,680] {processor.py:153} INFO - Started process (PID=265) to work on /opt/airflow/dags/groups/group_loads.py
[2022-12-03 03:36:37,682] {processor.py:641} INFO - Processing file /opt/airflow/dags/groups/group_loads.py for tasks to queue
[2022-12-03 03:36:37,685] {logging_mixin.py:115} INFO - [2022-12-03 03:36:37,685] {dagbag.py:507} INFO - Filling up the DagBag from /opt/airflow/dags/groups/group_loads.py
[2022-12-03 03:36:39,356] {processor.py:653} WARNING - No viable dags retrieved from /opt/airflow/dags/groups/group_loads.py
[2022-12-03 03:36:39,407] {processor.py:161} INFO - Processing /opt/airflow/dags/groups/group_loads.py took 1.739 seconds
[2022-12-03 03:37:10,298] {processor.py:153} INFO - Started process (PID=272) to work on /opt/airflow/dags/groups/group_loads.py
[2022-12-03 03:37:10,300] {processor.py:641} INFO - Processing file /opt/airflow/dags/groups/group_loads.py for tasks to queue
[2022-12-03 03:37:10,303] {logging_mixin.py:115} INFO - [2022-12-03 03:37:10,303] {dagbag.py:507} INFO - Filling up the DagBag from /opt/airflow/dags/groups/group_loads.py
[2022-12-03 03:37:11,991] {processor.py:653} WARNING - No viable dags retrieved from /opt/airflow/dags/groups/group_loads.py
[2022-12-03 03:37:12,040] {processor.py:161} INFO - Processing /opt/airflow/dags/groups/group_loads.py took 1.754 seconds
[2022-12-03 03:37:42,911] {processor.py:153} INFO - Started process (PID=279) to work on /opt/airflow/dags/groups/group_loads.py
[2022-12-03 03:37:42,913] {processor.py:641} INFO - Processing file /opt/airflow/dags/groups/group_loads.py for tasks to queue
[2022-12-03 03:37:42,916] {logging_mixin.py:115} INFO - [2022-12-03 03:37:42,916] {dagbag.py:507} INFO - Filling up the DagBag from /opt/airflow/dags/groups/group_loads.py
[2022-12-03 03:37:44,811] {processor.py:653} WARNING - No viable dags retrieved from /opt/airflow/dags/groups/group_loads.py
