[2022-12-11T08:20:43.992+0000] {taskinstance.py:1165} INFO - Dependencies all met for <TaskInstance: etl_solar.check_transform_status manual__2022-12-11T08:19:50.358392+00:00 [queued]>
[2022-12-11T08:20:44.069+0000] {taskinstance.py:1165} INFO - Dependencies all met for <TaskInstance: etl_solar.check_transform_status manual__2022-12-11T08:19:50.358392+00:00 [queued]>
[2022-12-11T08:20:44.071+0000] {taskinstance.py:1362} INFO - 
--------------------------------------------------------------------------------
[2022-12-11T08:20:44.074+0000] {taskinstance.py:1363} INFO - Starting attempt 1 of 1
[2022-12-11T08:20:44.076+0000] {taskinstance.py:1364} INFO - 
--------------------------------------------------------------------------------
[2022-12-11T08:20:44.185+0000] {taskinstance.py:1383} INFO - Executing <Task(BashOperator): check_transform_status> on 2022-12-11 08:19:50.358392+00:00
[2022-12-11T08:20:44.218+0000] {standard_task_runner.py:55} INFO - Started process 320 to run task
[2022-12-11T08:20:44.236+0000] {standard_task_runner.py:82} INFO - Running: ['***', 'tasks', 'run', 'etl_solar', 'check_transform_status', 'manual__2022-12-11T08:19:50.358392+00:00', '--job-id', '80', '--raw', '--subdir', 'DAGS_FOLDER/dag_preprocess.py', '--cfg-path', '/tmp/tmpco8ec2jo']
[2022-12-11T08:20:44.255+0000] {standard_task_runner.py:83} INFO - Job 80: Subtask check_transform_status
[2022-12-11T08:20:44.587+0000] {task_command.py:376} INFO - Running <TaskInstance: etl_solar.check_transform_status manual__2022-12-11T08:19:50.358392+00:00 [running]> on host 01c108b234e9
[2022-12-11T08:20:44.948+0000] {taskinstance.py:1592} INFO - Exporting the following env vars:
AIRFLOW_CTX_DAG_OWNER=***
AIRFLOW_CTX_DAG_ID=etl_solar
AIRFLOW_CTX_TASK_ID=check_transform_status
AIRFLOW_CTX_EXECUTION_DATE=2022-12-11T08:19:50.358392+00:00
AIRFLOW_CTX_TRY_NUMBER=1
AIRFLOW_CTX_DAG_RUN_ID=manual__2022-12-11T08:19:50.358392+00:00
[2022-12-11T08:20:44.956+0000] {subprocess.py:63} INFO - Tmp dir root location: 
 /tmp
[2022-12-11T08:20:44.960+0000] {subprocess.py:75} INFO - Running command: ['/bin/bash', '-c', "echo 'success'"]
[2022-12-11T08:20:45.001+0000] {subprocess.py:86} INFO - Output:
[2022-12-11T08:20:45.009+0000] {subprocess.py:93} INFO - success
[2022-12-11T08:20:45.011+0000] {subprocess.py:97} INFO - Command exited with return code 0
[2022-12-11T08:20:45.173+0000] {taskinstance.py:1406} INFO - Marking task as SUCCESS. dag_id=etl_solar, task_id=check_transform_status, execution_date=20221211T081950, start_date=20221211T082043, end_date=20221211T082045
[2022-12-11T08:20:45.332+0000] {local_task_job.py:164} INFO - Task exited with return code 0
[2022-12-11T08:20:45.634+0000] {local_task_job.py:273} INFO - 1 downstream tasks scheduled from follow-on schedule check
