[2022-12-11T08:28:23.946+0000] {taskinstance.py:1165} INFO - Dependencies all met for <TaskInstance: etl_solar.storage.save_geography_data manual__2022-12-11T08:27:12.513573+00:00 [queued]>
[2022-12-11T08:28:23.999+0000] {taskinstance.py:1165} INFO - Dependencies all met for <TaskInstance: etl_solar.storage.save_geography_data manual__2022-12-11T08:27:12.513573+00:00 [queued]>
[2022-12-11T08:28:24.000+0000] {taskinstance.py:1362} INFO - 
--------------------------------------------------------------------------------
[2022-12-11T08:28:24.002+0000] {taskinstance.py:1363} INFO - Starting attempt 1 of 1
[2022-12-11T08:28:24.003+0000] {taskinstance.py:1364} INFO - 
--------------------------------------------------------------------------------
[2022-12-11T08:28:24.080+0000] {taskinstance.py:1383} INFO - Executing <Task(PythonOperator): storage.save_geography_data> on 2022-12-11 08:27:12.513573+00:00
[2022-12-11T08:28:24.095+0000] {standard_task_runner.py:55} INFO - Started process 535 to run task
[2022-12-11T08:28:24.112+0000] {standard_task_runner.py:82} INFO - Running: ['***', 'tasks', 'run', 'etl_solar', 'storage.save_geography_data', 'manual__2022-12-11T08:27:12.513573+00:00', '--job-id', '138', '--raw', '--subdir', 'DAGS_FOLDER/dag_preprocess.py', '--cfg-path', '/tmp/tmpwaesdom0']
[2022-12-11T08:28:24.122+0000] {standard_task_runner.py:83} INFO - Job 138: Subtask storage.save_geography_data
[2022-12-11T08:28:24.490+0000] {task_command.py:376} INFO - Running <TaskInstance: etl_solar.storage.save_geography_data manual__2022-12-11T08:27:12.513573+00:00 [running]> on host 01c108b234e9
[2022-12-11T08:28:24.923+0000] {taskinstance.py:1592} INFO - Exporting the following env vars:
AIRFLOW_CTX_DAG_OWNER=***
AIRFLOW_CTX_DAG_ID=etl_solar
AIRFLOW_CTX_TASK_ID=storage.save_geography_data
AIRFLOW_CTX_EXECUTION_DATE=2022-12-11T08:27:12.513573+00:00
AIRFLOW_CTX_TRY_NUMBER=1
AIRFLOW_CTX_DAG_RUN_ID=manual__2022-12-11T08:27:12.513573+00:00
[2022-12-11T08:28:26.019+0000] {python.py:177} INFO - Done. Returned value was: None
[2022-12-11T08:28:26.064+0000] {taskinstance.py:1406} INFO - Marking task as SUCCESS. dag_id=etl_solar, task_id=storage.save_geography_data, execution_date=20221211T082712, start_date=20221211T082823, end_date=20221211T082826
[2022-12-11T08:28:26.133+0000] {local_task_job.py:164} INFO - Task exited with return code 0
[2022-12-11T08:28:26.355+0000] {local_task_job.py:273} INFO - 0 downstream tasks scheduled from follow-on schedule check
