[2022-11-20 11:39:10,027] {taskinstance.py:1159} INFO - Dependencies all met for <TaskInstance: etl_solar.checkfiles.check_energy_file_1 manual__2022-11-20T11:39:08.181248+00:00 [queued]>
[2022-11-20 11:39:10,043] {taskinstance.py:1159} INFO - Dependencies all met for <TaskInstance: etl_solar.checkfiles.check_energy_file_1 manual__2022-11-20T11:39:08.181248+00:00 [queued]>
[2022-11-20 11:39:10,043] {taskinstance.py:1356} INFO - 
--------------------------------------------------------------------------------
[2022-11-20 11:39:10,044] {taskinstance.py:1357} INFO - Starting attempt 1 of 1
[2022-11-20 11:39:10,044] {taskinstance.py:1358} INFO - 
--------------------------------------------------------------------------------
[2022-11-20 11:39:10,066] {taskinstance.py:1377} INFO - Executing <Task(BashOperator): checkfiles.check_energy_file_1> on 2022-11-20 11:39:08.181248+00:00
[2022-11-20 11:39:10,070] {standard_task_runner.py:52} INFO - Started process 125 to run task
[2022-11-20 11:39:10,075] {standard_task_runner.py:79} INFO - Running: ['***', 'tasks', 'run', 'etl_solar', 'checkfiles.check_energy_file_1', 'manual__2022-11-20T11:39:08.181248+00:00', '--job-id', '21', '--raw', '--subdir', 'DAGS_FOLDER/dag_preprocess.py', '--cfg-path', '/tmp/tmpe939lkcb', '--error-file', '/tmp/tmptv80h992']
[2022-11-20 11:39:10,076] {standard_task_runner.py:80} INFO - Job 21: Subtask checkfiles.check_energy_file_1
[2022-11-20 11:39:10,147] {task_command.py:369} INFO - Running <TaskInstance: etl_solar.checkfiles.check_energy_file_1 manual__2022-11-20T11:39:08.181248+00:00 [running]> on host 82103fd5e777
[2022-11-20 11:39:10,250] {taskinstance.py:1571} INFO - Exporting the following env vars:
AIRFLOW_CTX_DAG_OWNER=***
AIRFLOW_CTX_DAG_ID=etl_solar
AIRFLOW_CTX_TASK_ID=checkfiles.check_energy_file_1
AIRFLOW_CTX_EXECUTION_DATE=2022-11-20T11:39:08.181248+00:00
AIRFLOW_CTX_TRY_NUMBER=1
AIRFLOW_CTX_DAG_RUN_ID=manual__2022-11-20T11:39:08.181248+00:00
[2022-11-20 11:39:10,252] {subprocess.py:62} INFO - Tmp dir root location: 
 /tmp
[2022-11-20 11:39:10,253] {subprocess.py:74} INFO - Running command: ['bash', '-c', '/opt/***/bash_command/check_file.sh /opt/***/storage/***.csv']
[2022-11-20 11:39:10,267] {subprocess.py:85} INFO - Output:
[2022-11-20 11:39:10,278] {subprocess.py:92} INFO - File /opt/***/storage/***.csv exists
[2022-11-20 11:39:10,278] {subprocess.py:96} INFO - Command exited with return code 0
[2022-11-20 11:39:10,323] {taskinstance.py:1400} INFO - Marking task as SUCCESS. dag_id=etl_solar, task_id=checkfiles.check_energy_file_1, execution_date=20221120T113908, start_date=20221120T113910, end_date=20221120T113910
[2022-11-20 11:39:10,367] {local_task_job.py:156} INFO - Task exited with return code 0
[2022-11-20 11:39:10,433] {local_task_job.py:273} INFO - 0 downstream tasks scheduled from follow-on schedule check
