[2022-11-22 03:09:08,228] {taskinstance.py:1159} INFO - Dependencies all met for <TaskInstance: etl_solar.checkfiles.check_weather_table manual__2022-11-22T03:09:05.840955+00:00 [queued]>
[2022-11-22 03:09:08,283] {taskinstance.py:1159} INFO - Dependencies all met for <TaskInstance: etl_solar.checkfiles.check_weather_table manual__2022-11-22T03:09:05.840955+00:00 [queued]>
[2022-11-22 03:09:08,285] {taskinstance.py:1356} INFO - 
--------------------------------------------------------------------------------
[2022-11-22 03:09:08,286] {taskinstance.py:1357} INFO - Starting attempt 1 of 1
[2022-11-22 03:09:08,287] {taskinstance.py:1358} INFO - 
--------------------------------------------------------------------------------
[2022-11-22 03:09:08,355] {taskinstance.py:1377} INFO - Executing <Task(MySqlOperator): checkfiles.check_weather_table> on 2022-11-22 03:09:05.840955+00:00
[2022-11-22 03:09:08,367] {standard_task_runner.py:52} INFO - Started process 133 to run task
[2022-11-22 03:09:08,378] {standard_task_runner.py:79} INFO - Running: ['***', 'tasks', 'run', 'etl_solar', 'checkfiles.check_weather_table', 'manual__2022-11-22T03:09:05.840955+00:00', '--job-id', '97', '--raw', '--subdir', 'DAGS_FOLDER/dag_preprocess.py', '--cfg-path', '/tmp/tmpqw7lrx1o', '--error-file', '/tmp/tmpok69l3ka']
[2022-11-22 03:09:08,380] {standard_task_runner.py:80} INFO - Job 97: Subtask checkfiles.check_weather_table
[2022-11-22 03:09:08,603] {task_command.py:369} INFO - Running <TaskInstance: etl_solar.checkfiles.check_weather_table manual__2022-11-22T03:09:05.840955+00:00 [running]> on host 42206527e50b
[2022-11-22 03:09:09,159] {taskinstance.py:1571} INFO - Exporting the following env vars:
AIRFLOW_CTX_DAG_OWNER=***
AIRFLOW_CTX_DAG_ID=etl_solar
AIRFLOW_CTX_TASK_ID=checkfiles.check_weather_table
AIRFLOW_CTX_EXECUTION_DATE=2022-11-22T03:09:05.840955+00:00
AIRFLOW_CTX_TRY_NUMBER=1
AIRFLOW_CTX_DAG_RUN_ID=manual__2022-11-22T03:09:05.840955+00:00
[2022-11-22 03:09:09,172] {mysql.py:82} INFO - Executing: CREATE TABLE IF NOT EXISTS weather_info(
                locdatetime VARCHAR(40),
                location VARCHAR(40),
                updated_date VARCHAR(13),
                temperature FLOAT,
                precipitation_form FLOAT,
                precipitation_prob FLOAT,
                humidity FLOAT,
                wind_speed FLOAT,
                wind_direction FLOAT,
                cloud FLOAT,
                primary key(locdatetime,location))
[2022-11-22 03:09:09,244] {base.py:68} INFO - Using connection ID 'mysql_solar' for task execution.
[2022-11-22 03:09:09,463] {dbapi.py:208} INFO - Running statement: CREATE TABLE IF NOT EXISTS weather_info(
                locdatetime VARCHAR(40),
                location VARCHAR(40),
                updated_date VARCHAR(13),
                temperature FLOAT,
                precipitation_form FLOAT,
                precipitation_prob FLOAT,
                humidity FLOAT,
                wind_speed FLOAT,
                wind_direction FLOAT,
                cloud FLOAT,
                primary key(locdatetime,location)), parameters: None
[2022-11-22 03:09:09,485] {dbapi.py:216} INFO - Rows affected: 0
[2022-11-22 03:09:09,623] {taskinstance.py:1400} INFO - Marking task as SUCCESS. dag_id=etl_solar, task_id=checkfiles.check_weather_table, execution_date=20221122T030905, start_date=20221122T030908, end_date=20221122T030909
[2022-11-22 03:09:09,770] {local_task_job.py:156} INFO - Task exited with return code 0
[2022-11-22 03:09:10,024] {local_task_job.py:273} INFO - 0 downstream tasks scheduled from follow-on schedule check
