[2022-12-11T08:27:40.228+0000] {taskinstance.py:1165} INFO - Dependencies all met for <TaskInstance: etl_solar.transform.preprocess_energy manual__2022-12-11T08:26:43.312404+00:00 [queued]>
[2022-12-11T08:27:40.289+0000] {taskinstance.py:1165} INFO - Dependencies all met for <TaskInstance: etl_solar.transform.preprocess_energy manual__2022-12-11T08:26:43.312404+00:00 [queued]>
[2022-12-11T08:27:40.291+0000] {taskinstance.py:1362} INFO - 
--------------------------------------------------------------------------------
[2022-12-11T08:27:40.293+0000] {taskinstance.py:1363} INFO - Starting attempt 1 of 1
[2022-12-11T08:27:40.295+0000] {taskinstance.py:1364} INFO - 
--------------------------------------------------------------------------------
[2022-12-11T08:27:40.418+0000] {taskinstance.py:1383} INFO - Executing <Task(BashOperator): transform.preprocess_energy> on 2022-12-11 08:26:43.312404+00:00
[2022-12-11T08:27:40.433+0000] {standard_task_runner.py:55} INFO - Started process 467 to run task
[2022-12-11T08:27:40.451+0000] {standard_task_runner.py:82} INFO - Running: ['***', 'tasks', 'run', 'etl_solar', 'transform.preprocess_energy', 'manual__2022-12-11T08:26:43.312404+00:00', '--job-id', '119', '--raw', '--subdir', 'DAGS_FOLDER/dag_preprocess.py', '--cfg-path', '/tmp/tmpilu8jnde']
[2022-12-11T08:27:40.459+0000] {standard_task_runner.py:83} INFO - Job 119: Subtask transform.preprocess_energy
[2022-12-11T08:27:40.784+0000] {task_command.py:376} INFO - Running <TaskInstance: etl_solar.transform.preprocess_energy manual__2022-12-11T08:26:43.312404+00:00 [running]> on host 01c108b234e9
[2022-12-11T08:27:41.200+0000] {taskinstance.py:1592} INFO - Exporting the following env vars:
AIRFLOW_CTX_DAG_OWNER=***
AIRFLOW_CTX_DAG_ID=etl_solar
AIRFLOW_CTX_TASK_ID=transform.preprocess_energy
AIRFLOW_CTX_EXECUTION_DATE=2022-12-11T08:26:43.312404+00:00
AIRFLOW_CTX_TRY_NUMBER=1
AIRFLOW_CTX_DAG_RUN_ID=manual__2022-12-11T08:26:43.312404+00:00
[2022-12-11T08:27:41.205+0000] {subprocess.py:63} INFO - Tmp dir root location: 
 /tmp
[2022-12-11T08:27:41.208+0000] {subprocess.py:75} INFO - Running command: ['/bin/bash', '-c', 'sleep 1 ']
[2022-12-11T08:27:41.254+0000] {subprocess.py:86} INFO - Output:
[2022-12-11T08:27:42.271+0000] {subprocess.py:97} INFO - Command exited with return code 0
[2022-12-11T08:27:42.431+0000] {taskinstance.py:1406} INFO - Marking task as SUCCESS. dag_id=etl_solar, task_id=transform.preprocess_energy, execution_date=20221211T082643, start_date=20221211T082740, end_date=20221211T082742
[2022-12-11T08:27:42.568+0000] {local_task_job.py:164} INFO - Task exited with return code 0
[2022-12-11T08:27:42.811+0000] {local_task_job.py:273} INFO - 1 downstream tasks scheduled from follow-on schedule check
