[2022-11-22 05:02:20,636] {taskinstance.py:1159} INFO - Dependencies all met for <TaskInstance: etl_solar.checkfiles.check_energy_file_1 manual__2022-11-22T05:02:17.023684+00:00 [queued]>
[2022-11-22 05:02:20,679] {taskinstance.py:1159} INFO - Dependencies all met for <TaskInstance: etl_solar.checkfiles.check_energy_file_1 manual__2022-11-22T05:02:17.023684+00:00 [queued]>
[2022-11-22 05:02:20,680] {taskinstance.py:1356} INFO - 
--------------------------------------------------------------------------------
[2022-11-22 05:02:20,682] {taskinstance.py:1357} INFO - Starting attempt 1 of 1
[2022-11-22 05:02:20,683] {taskinstance.py:1358} INFO - 
--------------------------------------------------------------------------------
[2022-11-22 05:02:20,753] {taskinstance.py:1377} INFO - Executing <Task(BashOperator): checkfiles.check_energy_file_1> on 2022-11-22 05:02:17.023684+00:00
[2022-11-22 05:02:20,767] {standard_task_runner.py:52} INFO - Started process 358 to run task
[2022-11-22 05:02:20,784] {standard_task_runner.py:79} INFO - Running: ['***', 'tasks', 'run', 'etl_solar', 'checkfiles.check_energy_file_1', 'manual__2022-11-22T05:02:17.023684+00:00', '--job-id', '204', '--raw', '--subdir', 'DAGS_FOLDER/dag_preprocess.py', '--cfg-path', '/tmp/tmpvdcg33qg', '--error-file', '/tmp/tmp5cv1ybl1']
[2022-11-22 05:02:20,791] {standard_task_runner.py:80} INFO - Job 204: Subtask checkfiles.check_energy_file_1
[2022-11-22 05:02:21,273] {task_command.py:369} INFO - Running <TaskInstance: etl_solar.checkfiles.check_energy_file_1 manual__2022-11-22T05:02:17.023684+00:00 [running]> on host 8a647070b091
[2022-11-22 05:02:21,886] {taskinstance.py:1571} INFO - Exporting the following env vars:
AIRFLOW_CTX_DAG_OWNER=***
AIRFLOW_CTX_DAG_ID=etl_solar
AIRFLOW_CTX_TASK_ID=checkfiles.check_energy_file_1
AIRFLOW_CTX_EXECUTION_DATE=2022-11-22T05:02:17.023684+00:00
AIRFLOW_CTX_TRY_NUMBER=1
AIRFLOW_CTX_DAG_RUN_ID=manual__2022-11-22T05:02:17.023684+00:00
[2022-11-22 05:02:21,890] {subprocess.py:62} INFO - Tmp dir root location: 
 /tmp
[2022-11-22 05:02:21,894] {subprocess.py:74} INFO - Running command: ['bash', '-c', '/opt/***/utilities/check_file.sh /opt/***/utilities/storage/energy_1.csv']
[2022-11-22 05:02:21,936] {subprocess.py:85} INFO - Output:
[2022-11-22 05:02:21,961] {subprocess.py:92} INFO - File /opt/***/utilities/storage/energy_1.csv does not exist
[2022-11-22 05:02:21,965] {subprocess.py:96} INFO - Command exited with return code 0
[2022-11-22 05:02:22,234] {taskinstance.py:1400} INFO - Marking task as SUCCESS. dag_id=etl_solar, task_id=checkfiles.check_energy_file_1, execution_date=20221122T050217, start_date=20221122T050220, end_date=20221122T050222
[2022-11-22 05:02:22,372] {local_task_job.py:156} INFO - Task exited with return code 0
[2022-11-22 05:02:22,611] {local_task_job.py:273} INFO - 1 downstream tasks scheduled from follow-on schedule check
