[2022-12-09 10:35:57,899] {taskinstance.py:1159} INFO - Dependencies all met for <TaskInstance: etl_solar.checkfiles.check_solar_table manual__2022-12-09T10:35:53.700875+00:00 [queued]>
[2022-12-09 10:35:57,945] {taskinstance.py:1159} INFO - Dependencies all met for <TaskInstance: etl_solar.checkfiles.check_solar_table manual__2022-12-09T10:35:53.700875+00:00 [queued]>
[2022-12-09 10:35:57,947] {taskinstance.py:1356} INFO - 
--------------------------------------------------------------------------------
[2022-12-09 10:35:57,948] {taskinstance.py:1357} INFO - Starting attempt 1 of 1
[2022-12-09 10:35:57,949] {taskinstance.py:1358} INFO - 
--------------------------------------------------------------------------------
[2022-12-09 10:35:58,022] {taskinstance.py:1377} INFO - Executing <Task(MySqlOperator): checkfiles.check_solar_table> on 2022-12-09 10:35:53.700875+00:00
[2022-12-09 10:35:58,036] {standard_task_runner.py:52} INFO - Started process 77 to run task
[2022-12-09 10:35:58,049] {standard_task_runner.py:79} INFO - Running: ['***', 'tasks', 'run', 'etl_solar', 'checkfiles.check_solar_table', 'manual__2022-12-09T10:35:53.700875+00:00', '--job-id', '6', '--raw', '--subdir', 'DAGS_FOLDER/dag_preprocess.py', '--cfg-path', '/tmp/tmp6f55w9hz', '--error-file', '/tmp/tmpgvsjmmnw']
[2022-12-09 10:35:58,054] {standard_task_runner.py:80} INFO - Job 6: Subtask checkfiles.check_solar_table
[2022-12-09 10:35:58,281] {task_command.py:369} INFO - Running <TaskInstance: etl_solar.checkfiles.check_solar_table manual__2022-12-09T10:35:53.700875+00:00 [running]> on host 4d9af2ba34e6
[2022-12-09 10:35:58,744] {taskinstance.py:1571} INFO - Exporting the following env vars:
AIRFLOW_CTX_DAG_OWNER=***
AIRFLOW_CTX_DAG_ID=etl_solar
AIRFLOW_CTX_TASK_ID=checkfiles.check_solar_table
AIRFLOW_CTX_EXECUTION_DATE=2022-12-09T10:35:53.700875+00:00
AIRFLOW_CTX_TRY_NUMBER=1
AIRFLOW_CTX_DAG_RUN_ID=manual__2022-12-09T10:35:53.700875+00:00
[2022-12-09 10:35:58,747] {mysql.py:82} INFO - Executing: 


CREATE TABLE IF NOT EXISTS geography(
                locdate VARCHAR(40),
                location VARCHAR(40),
                updated_date CHAR(10),
                altitudeMeridian VARCHAR(13),
                altitude_09 VARCHAR(20),
                altitude_12 VARCHAR(20),
                altitude_15 VARCHAR(20),
                altitude_18 VARCHAR(20),
                azimuth_09 VARCHAR(20),
                azimuth_12 VARCHAR(20),
                azimuth_15 VARCHAR(20),
                azimuth_18 VARCHAR(20),
                primary key(locdate,location))
[2022-12-09 10:35:58,857] {taskinstance.py:1889} ERROR - Task failed with exception
Traceback (most recent call last):
  File "/home/airflow/.local/lib/python3.7/site-packages/airflow/providers/mysql/operators/mysql.py", line 84, in execute
    hook.run(self.sql, autocommit=self.autocommit, parameters=self.parameters)
  File "/home/airflow/.local/lib/python3.7/site-packages/airflow/hooks/dbapi.py", line 181, in run
    with closing(self.get_conn()) as conn:
  File "/home/airflow/.local/lib/python3.7/site-packages/airflow/providers/mysql/hooks/mysql.py", line 158, in get_conn
    conn = self.connection or self.get_connection(getattr(self, self.conn_name_attr))
  File "/home/airflow/.local/lib/python3.7/site-packages/airflow/hooks/base.py", line 67, in get_connection
    conn = Connection.get_connection_from_secrets(conn_id)
  File "/home/airflow/.local/lib/python3.7/site-packages/airflow/models/connection.py", line 430, in get_connection_from_secrets
    raise AirflowNotFoundException(f"The conn_id `{conn_id}` isn't defined")
airflow.exceptions.AirflowNotFoundException: The conn_id `mysql_solar` isn't defined
[2022-12-09 10:35:58,875] {taskinstance.py:1400} INFO - Marking task as FAILED. dag_id=etl_solar, task_id=checkfiles.check_solar_table, execution_date=20221209T103553, start_date=20221209T103557, end_date=20221209T103558
[2022-12-09 10:35:58,924] {standard_task_runner.py:97} ERROR - Failed to execute job 6 for task checkfiles.check_solar_table (The conn_id `mysql_solar` isn't defined; 77)
[2022-12-09 10:35:58,972] {local_task_job.py:156} INFO - Task exited with return code 1
[2022-12-09 10:35:59,273] {local_task_job.py:273} INFO - 0 downstream tasks scheduled from follow-on schedule check
