[2022-12-09 10:41:20,010] {taskinstance.py:1159} INFO - Dependencies all met for <TaskInstance: etl_solar.transform.preprocess_energy manual__2022-12-09T10:40:49.230234+00:00 [queued]>
[2022-12-09 10:41:20,066] {taskinstance.py:1159} INFO - Dependencies all met for <TaskInstance: etl_solar.transform.preprocess_energy manual__2022-12-09T10:40:49.230234+00:00 [queued]>
[2022-12-09 10:41:20,068] {taskinstance.py:1356} INFO - 
--------------------------------------------------------------------------------
[2022-12-09 10:41:20,069] {taskinstance.py:1357} INFO - Starting attempt 1 of 1
[2022-12-09 10:41:20,070] {taskinstance.py:1358} INFO - 
--------------------------------------------------------------------------------
[2022-12-09 10:41:20,140] {taskinstance.py:1377} INFO - Executing <Task(BashOperator): transform.preprocess_energy> on 2022-12-09 10:40:49.230234+00:00
[2022-12-09 10:41:20,156] {standard_task_runner.py:52} INFO - Started process 162 to run task
[2022-12-09 10:41:20,170] {standard_task_runner.py:79} INFO - Running: ['***', 'tasks', 'run', 'etl_solar', 'transform.preprocess_energy', 'manual__2022-12-09T10:40:49.230234+00:00', '--job-id', '29', '--raw', '--subdir', 'DAGS_FOLDER/dag_preprocess.py', '--cfg-path', '/tmp/tmp6prn0vq9', '--error-file', '/tmp/tmpyv2yqpjk']
[2022-12-09 10:41:20,175] {standard_task_runner.py:80} INFO - Job 29: Subtask transform.preprocess_energy
[2022-12-09 10:41:20,428] {task_command.py:369} INFO - Running <TaskInstance: etl_solar.transform.preprocess_energy manual__2022-12-09T10:40:49.230234+00:00 [running]> on host 4d9af2ba34e6
[2022-12-09 10:41:20,781] {taskinstance.py:1571} INFO - Exporting the following env vars:
AIRFLOW_CTX_DAG_OWNER=***
AIRFLOW_CTX_DAG_ID=etl_solar
AIRFLOW_CTX_TASK_ID=transform.preprocess_energy
AIRFLOW_CTX_EXECUTION_DATE=2022-12-09T10:40:49.230234+00:00
AIRFLOW_CTX_TRY_NUMBER=1
AIRFLOW_CTX_DAG_RUN_ID=manual__2022-12-09T10:40:49.230234+00:00
[2022-12-09 10:41:20,786] {subprocess.py:62} INFO - Tmp dir root location: 
 /tmp
[2022-12-09 10:41:20,789] {subprocess.py:74} INFO - Running command: ['bash', '-c', 'sleep 1 ']
[2022-12-09 10:41:20,829] {subprocess.py:85} INFO - Output:
[2022-12-09 10:41:21,844] {subprocess.py:96} INFO - Command exited with return code 0
[2022-12-09 10:41:21,990] {taskinstance.py:1400} INFO - Marking task as SUCCESS. dag_id=etl_solar, task_id=transform.preprocess_energy, execution_date=20221209T104049, start_date=20221209T104120, end_date=20221209T104121
[2022-12-09 10:41:22,080] {local_task_job.py:156} INFO - Task exited with return code 0
[2022-12-09 10:41:22,236] {local_task_job.py:273} INFO - 0 downstream tasks scheduled from follow-on schedule check
