[2022-11-20 11:31:13,596] {taskinstance.py:1159} INFO - Dependencies all met for <TaskInstance: etl_solar.checkfiles.check_solar_table scheduled__2022-11-19T00:00:00+00:00 [queued]>
[2022-11-20 11:31:13,651] {taskinstance.py:1159} INFO - Dependencies all met for <TaskInstance: etl_solar.checkfiles.check_solar_table scheduled__2022-11-19T00:00:00+00:00 [queued]>
[2022-11-20 11:31:13,652] {taskinstance.py:1356} INFO - 
--------------------------------------------------------------------------------
[2022-11-20 11:31:13,653] {taskinstance.py:1357} INFO - Starting attempt 1 of 1
[2022-11-20 11:31:13,655] {taskinstance.py:1358} INFO - 
--------------------------------------------------------------------------------
[2022-11-20 11:31:13,773] {taskinstance.py:1377} INFO - Executing <Task(MySqlOperator): checkfiles.check_solar_table> on 2022-11-19 00:00:00+00:00
[2022-11-20 11:31:13,799] {standard_task_runner.py:52} INFO - Started process 70 to run task
[2022-11-20 11:31:13,827] {standard_task_runner.py:79} INFO - Running: ['***', 'tasks', 'run', 'etl_solar', 'checkfiles.check_solar_table', 'scheduled__2022-11-19T00:00:00+00:00', '--job-id', '6', '--raw', '--subdir', 'DAGS_FOLDER/dag_preprocess.py', '--cfg-path', '/tmp/tmp72e0k00l', '--error-file', '/tmp/tmpzur4rzcj']
[2022-11-20 11:31:13,834] {standard_task_runner.py:80} INFO - Job 6: Subtask checkfiles.check_solar_table
[2022-11-20 11:31:13,932] {warnings.py:110} WARNING - /home/***/.local/lib/python3.7/site-packages/***/configuration.py:470: DeprecationWarning: The sql_alchemy_conn option in [core] has been moved to the sql_alchemy_conn option in [database] - the old setting has been used, but please update your config.
  option = self._get_environment_variables(deprecated_key, deprecated_section, key, section)

[2022-11-20 11:31:14,315] {task_command.py:369} INFO - Running <TaskInstance: etl_solar.checkfiles.check_solar_table scheduled__2022-11-19T00:00:00+00:00 [running]> on host 82103fd5e777
[2022-11-20 11:31:15,091] {taskinstance.py:1571} INFO - Exporting the following env vars:
AIRFLOW_CTX_DAG_OWNER=***
AIRFLOW_CTX_DAG_ID=etl_solar
AIRFLOW_CTX_TASK_ID=checkfiles.check_solar_table
AIRFLOW_CTX_EXECUTION_DATE=2022-11-19T00:00:00+00:00
AIRFLOW_CTX_TRY_NUMBER=1
AIRFLOW_CTX_DAG_RUN_ID=scheduled__2022-11-19T00:00:00+00:00
[2022-11-20 11:31:15,098] {mysql.py:82} INFO - Executing: 
            CREATE TABLE IF NOT EXISTS geography(
                locdatetime VARCHAR(40),
                location VARCHAR(40),
                updated_date VARCHAR(13),
                temperature FLOAT,
                precipitation_form FLOAT,
                precipitation_prob FLOAT,
                humidity FLOAT,
                wind_speed FLOAT,
                wind_direction FLOAT,
                cloud FLOAT,
                primary key(locdatetime,location));
                
[2022-11-20 11:31:15,159] {base.py:68} INFO - Using connection ID 'mysql_solar' for task execution.
[2022-11-20 11:31:15,843] {dbapi.py:208} INFO - Running statement: 
            CREATE TABLE IF NOT EXISTS geography(
                locdatetime VARCHAR(40),
                location VARCHAR(40),
                updated_date VARCHAR(13),
                temperature FLOAT,
                precipitation_form FLOAT,
                precipitation_prob FLOAT,
                humidity FLOAT,
                wind_speed FLOAT,
                wind_direction FLOAT,
                cloud FLOAT,
                primary key(locdatetime,location));
                , parameters: None
[2022-11-20 11:31:15,964] {dbapi.py:216} INFO - Rows affected: 0
[2022-11-20 11:31:16,073] {taskinstance.py:1400} INFO - Marking task as SUCCESS. dag_id=etl_solar, task_id=checkfiles.check_solar_table, execution_date=20221119T000000, start_date=20221120T113113, end_date=20221120T113116
[2022-11-20 11:31:16,228] {local_task_job.py:156} INFO - Task exited with return code 0
[2022-11-20 11:31:16,669] {local_task_job.py:273} INFO - 0 downstream tasks scheduled from follow-on schedule check
[2022-11-20 11:39:06,036] {taskinstance.py:1159} INFO - Dependencies all met for <TaskInstance: etl_solar.checkfiles.check_solar_table scheduled__2022-11-19T00:00:00+00:00 [queued]>
[2022-11-20 11:39:06,046] {taskinstance.py:1159} INFO - Dependencies all met for <TaskInstance: etl_solar.checkfiles.check_solar_table scheduled__2022-11-19T00:00:00+00:00 [queued]>
[2022-11-20 11:39:06,047] {taskinstance.py:1356} INFO - 
--------------------------------------------------------------------------------
[2022-11-20 11:39:06,047] {taskinstance.py:1357} INFO - Starting attempt 1 of 1
[2022-11-20 11:39:06,048] {taskinstance.py:1358} INFO - 
--------------------------------------------------------------------------------
[2022-11-20 11:39:06,065] {taskinstance.py:1377} INFO - Executing <Task(MySqlOperator): checkfiles.check_solar_table> on 2022-11-19 00:00:00+00:00
[2022-11-20 11:39:06,070] {standard_task_runner.py:52} INFO - Started process 104 to run task
[2022-11-20 11:39:06,074] {standard_task_runner.py:79} INFO - Running: ['***', 'tasks', 'run', 'etl_solar', 'checkfiles.check_solar_table', 'scheduled__2022-11-19T00:00:00+00:00', '--job-id', '16', '--raw', '--subdir', 'DAGS_FOLDER/dag_preprocess.py', '--cfg-path', '/tmp/tmpkm6zhnrv', '--error-file', '/tmp/tmpe7tobw87']
[2022-11-20 11:39:06,075] {standard_task_runner.py:80} INFO - Job 16: Subtask checkfiles.check_solar_table
[2022-11-20 11:39:06,093] {warnings.py:110} WARNING - /home/***/.local/lib/python3.7/site-packages/***/configuration.py:470: DeprecationWarning: The sql_alchemy_conn option in [core] has been moved to the sql_alchemy_conn option in [database] - the old setting has been used, but please update your config.
  option = self._get_environment_variables(deprecated_key, deprecated_section, key, section)

[2022-11-20 11:39:06,149] {task_command.py:369} INFO - Running <TaskInstance: etl_solar.checkfiles.check_solar_table scheduled__2022-11-19T00:00:00+00:00 [running]> on host 82103fd5e777
[2022-11-20 11:39:06,245] {taskinstance.py:1571} INFO - Exporting the following env vars:
AIRFLOW_CTX_DAG_OWNER=***
AIRFLOW_CTX_DAG_ID=etl_solar
AIRFLOW_CTX_TASK_ID=checkfiles.check_solar_table
AIRFLOW_CTX_EXECUTION_DATE=2022-11-19T00:00:00+00:00
AIRFLOW_CTX_TRY_NUMBER=1
AIRFLOW_CTX_DAG_RUN_ID=scheduled__2022-11-19T00:00:00+00:00
[2022-11-20 11:39:06,246] {mysql.py:82} INFO - Executing: 
            CREATE TABLE IF NOT EXISTS geography(
                locdatetime VARCHAR(40),
                location VARCHAR(40),
                updated_date VARCHAR(13),
                temperature FLOAT,
                precipitation_form FLOAT,
                precipitation_prob FLOAT,
                humidity FLOAT,
                wind_speed FLOAT,
                wind_direction FLOAT,
                cloud FLOAT,
                primary key(locdatetime,location));
                
[2022-11-20 11:39:06,258] {base.py:68} INFO - Using connection ID 'mysql_solar' for task execution.
[2022-11-20 11:39:06,290] {dbapi.py:208} INFO - Running statement: 
            CREATE TABLE IF NOT EXISTS geography(
                locdatetime VARCHAR(40),
                location VARCHAR(40),
                updated_date VARCHAR(13),
                temperature FLOAT,
                precipitation_form FLOAT,
                precipitation_prob FLOAT,
                humidity FLOAT,
                wind_speed FLOAT,
                wind_direction FLOAT,
                cloud FLOAT,
                primary key(locdatetime,location));
                , parameters: None
[2022-11-20 11:39:06,299] {dbapi.py:216} INFO - Rows affected: 0
[2022-11-20 11:39:06,334] {taskinstance.py:1400} INFO - Marking task as SUCCESS. dag_id=etl_solar, task_id=checkfiles.check_solar_table, execution_date=20221119T000000, start_date=20221120T113906, end_date=20221120T113906
[2022-11-20 11:39:06,407] {local_task_job.py:156} INFO - Task exited with return code 0
[2022-11-20 11:39:06,502] {local_task_job.py:273} INFO - 0 downstream tasks scheduled from follow-on schedule check
[2022-11-20 11:44:43,417] {taskinstance.py:1159} INFO - Dependencies all met for <TaskInstance: etl_solar.checkfiles.check_solar_table scheduled__2022-11-19T00:00:00+00:00 [queued]>
[2022-11-20 11:44:43,427] {taskinstance.py:1159} INFO - Dependencies all met for <TaskInstance: etl_solar.checkfiles.check_solar_table scheduled__2022-11-19T00:00:00+00:00 [queued]>
[2022-11-20 11:44:43,428] {taskinstance.py:1356} INFO - 
--------------------------------------------------------------------------------
[2022-11-20 11:44:43,428] {taskinstance.py:1357} INFO - Starting attempt 1 of 1
[2022-11-20 11:44:43,429] {taskinstance.py:1358} INFO - 
--------------------------------------------------------------------------------
[2022-11-20 11:44:43,448] {taskinstance.py:1377} INFO - Executing <Task(MySqlOperator): checkfiles.check_solar_table> on 2022-11-19 00:00:00+00:00
[2022-11-20 11:44:43,452] {standard_task_runner.py:52} INFO - Started process 167 to run task
[2022-11-20 11:44:43,457] {standard_task_runner.py:79} INFO - Running: ['***', 'tasks', 'run', 'etl_solar', 'checkfiles.check_solar_table', 'scheduled__2022-11-19T00:00:00+00:00', '--job-id', '33', '--raw', '--subdir', 'DAGS_FOLDER/dag_preprocess.py', '--cfg-path', '/tmp/tmpmtytrczx', '--error-file', '/tmp/tmp8pokum9t']
[2022-11-20 11:44:43,458] {standard_task_runner.py:80} INFO - Job 33: Subtask checkfiles.check_solar_table
[2022-11-20 11:44:43,479] {warnings.py:110} WARNING - /home/***/.local/lib/python3.7/site-packages/***/configuration.py:470: DeprecationWarning: The sql_alchemy_conn option in [core] has been moved to the sql_alchemy_conn option in [database] - the old setting has been used, but please update your config.
  option = self._get_environment_variables(deprecated_key, deprecated_section, key, section)

[2022-11-20 11:44:43,538] {task_command.py:369} INFO - Running <TaskInstance: etl_solar.checkfiles.check_solar_table scheduled__2022-11-19T00:00:00+00:00 [running]> on host 82103fd5e777
[2022-11-20 11:44:43,656] {taskinstance.py:1571} INFO - Exporting the following env vars:
AIRFLOW_CTX_DAG_OWNER=***
AIRFLOW_CTX_DAG_ID=etl_solar
AIRFLOW_CTX_TASK_ID=checkfiles.check_solar_table
AIRFLOW_CTX_EXECUTION_DATE=2022-11-19T00:00:00+00:00
AIRFLOW_CTX_TRY_NUMBER=1
AIRFLOW_CTX_DAG_RUN_ID=scheduled__2022-11-19T00:00:00+00:00
[2022-11-20 11:44:43,657] {mysql.py:82} INFO - Executing: 
            CREATE TABLE IF NOT EXISTS geography(
                locdatetime VARCHAR(40),
                location VARCHAR(40),
                updated_date VARCHAR(13),
                temperature FLOAT,
                precipitation_form FLOAT,
                precipitation_prob FLOAT,
                humidity FLOAT,
                wind_speed FLOAT,
                wind_direction FLOAT,
                cloud FLOAT,
                primary key(locdatetime,location));
                
[2022-11-20 11:44:43,677] {base.py:68} INFO - Using connection ID 'mysql_solar' for task execution.
[2022-11-20 11:44:43,707] {dbapi.py:208} INFO - Running statement: 
            CREATE TABLE IF NOT EXISTS geography(
                locdatetime VARCHAR(40),
                location VARCHAR(40),
                updated_date VARCHAR(13),
                temperature FLOAT,
                precipitation_form FLOAT,
                precipitation_prob FLOAT,
                humidity FLOAT,
                wind_speed FLOAT,
                wind_direction FLOAT,
                cloud FLOAT,
                primary key(locdatetime,location));
                , parameters: None
[2022-11-20 11:44:43,712] {dbapi.py:216} INFO - Rows affected: 0
[2022-11-20 11:44:43,738] {taskinstance.py:1400} INFO - Marking task as SUCCESS. dag_id=etl_solar, task_id=checkfiles.check_solar_table, execution_date=20221119T000000, start_date=20221120T114443, end_date=20221120T114443
[2022-11-20 11:44:43,790] {local_task_job.py:156} INFO - Task exited with return code 0
[2022-11-20 11:44:43,842] {local_task_job.py:273} INFO - 0 downstream tasks scheduled from follow-on schedule check
[2022-11-20 11:49:23,579] {taskinstance.py:1159} INFO - Dependencies all met for <TaskInstance: etl_solar.checkfiles.check_solar_table scheduled__2022-11-19T00:00:00+00:00 [queued]>
[2022-11-20 11:49:23,595] {taskinstance.py:1159} INFO - Dependencies all met for <TaskInstance: etl_solar.checkfiles.check_solar_table scheduled__2022-11-19T00:00:00+00:00 [queued]>
[2022-11-20 11:49:23,596] {taskinstance.py:1356} INFO - 
--------------------------------------------------------------------------------
[2022-11-20 11:49:23,598] {taskinstance.py:1357} INFO - Starting attempt 1 of 1
[2022-11-20 11:49:23,598] {taskinstance.py:1358} INFO - 
--------------------------------------------------------------------------------
[2022-11-20 11:49:23,623] {taskinstance.py:1377} INFO - Executing <Task(MySqlOperator): checkfiles.check_solar_table> on 2022-11-19 00:00:00+00:00
[2022-11-20 11:49:23,630] {standard_task_runner.py:52} INFO - Started process 211 to run task
[2022-11-20 11:49:23,641] {standard_task_runner.py:79} INFO - Running: ['***', 'tasks', 'run', 'etl_solar', 'checkfiles.check_solar_table', 'scheduled__2022-11-19T00:00:00+00:00', '--job-id', '47', '--raw', '--subdir', 'DAGS_FOLDER/dag_preprocess.py', '--cfg-path', '/tmp/tmpchsv9_sm', '--error-file', '/tmp/tmpnex5cfad']
[2022-11-20 11:49:23,643] {standard_task_runner.py:80} INFO - Job 47: Subtask checkfiles.check_solar_table
[2022-11-20 11:49:23,671] {warnings.py:110} WARNING - /home/***/.local/lib/python3.7/site-packages/***/configuration.py:470: DeprecationWarning: The sql_alchemy_conn option in [core] has been moved to the sql_alchemy_conn option in [database] - the old setting has been used, but please update your config.
  option = self._get_environment_variables(deprecated_key, deprecated_section, key, section)

[2022-11-20 11:49:23,738] {task_command.py:369} INFO - Running <TaskInstance: etl_solar.checkfiles.check_solar_table scheduled__2022-11-19T00:00:00+00:00 [running]> on host 82103fd5e777
[2022-11-20 11:49:23,865] {taskinstance.py:1571} INFO - Exporting the following env vars:
AIRFLOW_CTX_DAG_OWNER=***
AIRFLOW_CTX_DAG_ID=etl_solar
AIRFLOW_CTX_TASK_ID=checkfiles.check_solar_table
AIRFLOW_CTX_EXECUTION_DATE=2022-11-19T00:00:00+00:00
AIRFLOW_CTX_TRY_NUMBER=1
AIRFLOW_CTX_DAG_RUN_ID=scheduled__2022-11-19T00:00:00+00:00
[2022-11-20 11:49:23,872] {mysql.py:82} INFO - Executing: 
            CREATE TABLE IF NOT EXISTS geography(
                locdatetime VARCHAR(40),
                location VARCHAR(40),
                updated_date VARCHAR(13),
                temperature FLOAT,
                precipitation_form FLOAT,
                precipitation_prob FLOAT,
                humidity FLOAT,
                wind_speed FLOAT,
                wind_direction FLOAT,
                cloud FLOAT,
                primary key(locdatetime,location));
                
[2022-11-20 11:49:23,888] {base.py:68} INFO - Using connection ID 'mysql_solar' for task execution.
[2022-11-20 11:49:23,918] {dbapi.py:208} INFO - Running statement: 
            CREATE TABLE IF NOT EXISTS geography(
                locdatetime VARCHAR(40),
                location VARCHAR(40),
                updated_date VARCHAR(13),
                temperature FLOAT,
                precipitation_form FLOAT,
                precipitation_prob FLOAT,
                humidity FLOAT,
                wind_speed FLOAT,
                wind_direction FLOAT,
                cloud FLOAT,
                primary key(locdatetime,location));
                , parameters: None
[2022-11-20 11:49:23,925] {dbapi.py:216} INFO - Rows affected: 0
[2022-11-20 11:49:23,978] {taskinstance.py:1400} INFO - Marking task as SUCCESS. dag_id=etl_solar, task_id=checkfiles.check_solar_table, execution_date=20221119T000000, start_date=20221120T114923, end_date=20221120T114923
[2022-11-20 11:49:24,011] {local_task_job.py:156} INFO - Task exited with return code 0
[2022-11-20 11:49:24,123] {local_task_job.py:273} INFO - 1 downstream tasks scheduled from follow-on schedule check
[2022-11-20 11:50:55,367] {taskinstance.py:1159} INFO - Dependencies all met for <TaskInstance: etl_solar.checkfiles.check_solar_table scheduled__2022-11-19T00:00:00+00:00 [queued]>
[2022-11-20 11:50:55,378] {taskinstance.py:1159} INFO - Dependencies all met for <TaskInstance: etl_solar.checkfiles.check_solar_table scheduled__2022-11-19T00:00:00+00:00 [queued]>
[2022-11-20 11:50:55,379] {taskinstance.py:1356} INFO - 
--------------------------------------------------------------------------------
[2022-11-20 11:50:55,379] {taskinstance.py:1357} INFO - Starting attempt 1 of 1
[2022-11-20 11:50:55,380] {taskinstance.py:1358} INFO - 
--------------------------------------------------------------------------------
[2022-11-20 11:50:55,398] {taskinstance.py:1377} INFO - Executing <Task(MySqlOperator): checkfiles.check_solar_table> on 2022-11-19 00:00:00+00:00
[2022-11-20 11:50:55,402] {standard_task_runner.py:52} INFO - Started process 252 to run task
[2022-11-20 11:50:55,407] {standard_task_runner.py:79} INFO - Running: ['***', 'tasks', 'run', 'etl_solar', 'checkfiles.check_solar_table', 'scheduled__2022-11-19T00:00:00+00:00', '--job-id', '58', '--raw', '--subdir', 'DAGS_FOLDER/dag_preprocess.py', '--cfg-path', '/tmp/tmpmh8wap2z', '--error-file', '/tmp/tmp2aevzi6n']
[2022-11-20 11:50:55,408] {standard_task_runner.py:80} INFO - Job 58: Subtask checkfiles.check_solar_table
[2022-11-20 11:50:55,426] {warnings.py:110} WARNING - /home/***/.local/lib/python3.7/site-packages/***/configuration.py:470: DeprecationWarning: The sql_alchemy_conn option in [core] has been moved to the sql_alchemy_conn option in [database] - the old setting has been used, but please update your config.
  option = self._get_environment_variables(deprecated_key, deprecated_section, key, section)

[2022-11-20 11:50:55,479] {task_command.py:369} INFO - Running <TaskInstance: etl_solar.checkfiles.check_solar_table scheduled__2022-11-19T00:00:00+00:00 [running]> on host 82103fd5e777
[2022-11-20 11:50:55,589] {taskinstance.py:1571} INFO - Exporting the following env vars:
AIRFLOW_CTX_DAG_OWNER=***
AIRFLOW_CTX_DAG_ID=etl_solar
AIRFLOW_CTX_TASK_ID=checkfiles.check_solar_table
AIRFLOW_CTX_EXECUTION_DATE=2022-11-19T00:00:00+00:00
AIRFLOW_CTX_TRY_NUMBER=1
AIRFLOW_CTX_DAG_RUN_ID=scheduled__2022-11-19T00:00:00+00:00
[2022-11-20 11:50:55,590] {mysql.py:82} INFO - Executing: 
            CREATE TABLE IF NOT EXISTS geography(
                locdatetime VARCHAR(40),
                location VARCHAR(40),
                updated_date VARCHAR(13),
                temperature FLOAT,
                precipitation_form FLOAT,
                precipitation_prob FLOAT,
                humidity FLOAT,
                wind_speed FLOAT,
                wind_direction FLOAT,
                cloud FLOAT,
                primary key(locdatetime,location));
                
[2022-11-20 11:50:55,605] {base.py:68} INFO - Using connection ID 'mysql_solar' for task execution.
[2022-11-20 11:50:55,639] {dbapi.py:208} INFO - Running statement: 
            CREATE TABLE IF NOT EXISTS geography(
                locdatetime VARCHAR(40),
                location VARCHAR(40),
                updated_date VARCHAR(13),
                temperature FLOAT,
                precipitation_form FLOAT,
                precipitation_prob FLOAT,
                humidity FLOAT,
                wind_speed FLOAT,
                wind_direction FLOAT,
                cloud FLOAT,
                primary key(locdatetime,location));
                , parameters: None
[2022-11-20 11:50:55,645] {dbapi.py:216} INFO - Rows affected: 0
[2022-11-20 11:50:55,668] {taskinstance.py:1400} INFO - Marking task as SUCCESS. dag_id=etl_solar, task_id=checkfiles.check_solar_table, execution_date=20221119T000000, start_date=20221120T115055, end_date=20221120T115055
[2022-11-20 11:50:55,700] {local_task_job.py:156} INFO - Task exited with return code 0
[2022-11-20 11:50:55,842] {local_task_job.py:273} INFO - 0 downstream tasks scheduled from follow-on schedule check
